[ 2017-06-08T09:55:53+08:00 ] 127.0.0.1 /index/addComic
INFO: [ app_begin ] --START--
INFO: ReadHtmlCache Behavior ::run [ RunTime:0.001000s ]
INFO: [ app_begin ] --END-- [ RunTime:0.001000s ]
NOTIC: 建议使用I方法替代_post
NOTIC: 建议使用I方法替代_post
NOTIC: [8192] mysql_connect(): The mysql extension is deprecated and will be removed in the future: use mysqli or PDO instead D:\xampp\htdocs\caiji\Lib\Driver\Db\DbMysql.class.php 第 55 行.
SQL: SHOW COLUMNS FROM `comics` [ RunTime:0.003001s ]
NOTIC: [8] Undefined offset: 3 D:\xampp\htdocs\caiji\Lib\Core\Model.class.php 第 907 行.
SQL: INSERT INTO `comics` (`name`,`url`,`is_del`) VALUES ('111','http://ac.qq.com/Comic/comicInfo/id/544150',1) [ RunTime:0.056003s ]

[ 2017-06-08T11:50:19+08:00 ] 127.0.0.1 /index/addComic
INFO: [ app_begin ] --START--
INFO: ReadHtmlCache Behavior ::run [ RunTime:0.000000s ]
INFO: [ app_begin ] --END-- [ RunTime:0.000000s ]
NOTIC: 建议使用I方法替代_post
NOTIC: 建议使用I方法替代_post
NOTIC: [8192] mysql_connect(): The mysql extension is deprecated and will be removed in the future: use mysqli or PDO instead D:\xampp\htdocs\caiji\Lib\Driver\Db\DbMysql.class.php 第 55 行.
SQL: SHOW COLUMNS FROM `comics` [ RunTime:0.010000s ]
NOTIC: [8] Undefined offset: 3 D:\xampp\htdocs\caiji\Lib\Core\Model.class.php 第 907 行.
SQL: INSERT INTO `comics` (`name`,`url`,`is_del`) VALUES ('111','http://ac.qq.com/Comic/comicInfo/id/544150',1) [ RunTime:0.080000s ]

[ 2017-06-08T11:50:37+08:00 ] 127.0.0.1 /index/addComic
INFO: [ app_begin ] --START--
INFO: ReadHtmlCache Behavior ::run [ RunTime:0.001000s ]
INFO: [ app_begin ] --END-- [ RunTime:0.001000s ]
NOTIC: 建议使用I方法替代_post
NOTIC: 建议使用I方法替代_post
NOTIC: [8192] mysql_connect(): The mysql extension is deprecated and will be removed in the future: use mysqli or PDO instead D:\xampp\htdocs\caiji\Lib\Driver\Db\DbMysql.class.php 第 55 行.
SQL: SHOW COLUMNS FROM `comics` [ RunTime:0.016000s ]
NOTIC: [8] Undefined offset: 3 D:\xampp\htdocs\caiji\Lib\Core\Model.class.php 第 907 行.
SQL: INSERT INTO `comics` (`name`,`url`,`is_del`) VALUES ('111','http://ac.qq.com/Comic/comicInfo/id/544150',1) [ RunTime:0.066004s ]

[ 2017-06-08T11:52:05+08:00 ] 127.0.0.1 /index/addComic
INFO: [ app_begin ] --START--
INFO: ReadHtmlCache Behavior ::run [ RunTime:0.000000s ]
INFO: [ app_begin ] --END-- [ RunTime:0.000000s ]
NOTIC: 建议使用I方法替代_post
NOTIC: 建议使用I方法替代_post
NOTIC: [8192] mysql_connect(): The mysql extension is deprecated and will be removed in the future: use mysqli or PDO instead D:\xampp\htdocs\caiji\Lib\Driver\Db\DbMysql.class.php 第 55 行.
SQL: SHOW COLUMNS FROM `comics` [ RunTime:0.003000s ]
NOTIC: [8] Undefined offset: 3 D:\xampp\htdocs\caiji\Lib\Core\Model.class.php 第 907 行.
SQL: INSERT INTO `comics` (`name`,`is_del`) VALUES ('111',1) [ RunTime:0.092005s ]

[ 2017-06-08T11:52:20+08:00 ] 127.0.0.1 /index/addComic
INFO: [ app_begin ] --START--
INFO: ReadHtmlCache Behavior ::run [ RunTime:0.002000s ]
INFO: [ app_begin ] --END-- [ RunTime:0.002000s ]
NOTIC: 建议使用I方法替代_post
NOTIC: 建议使用I方法替代_post
NOTIC: [8192] mysql_connect(): The mysql extension is deprecated and will be removed in the future: use mysqli or PDO instead D:\xampp\htdocs\caiji\Lib\Driver\Db\DbMysql.class.php 第 55 行.
SQL: SHOW COLUMNS FROM `comics` [ RunTime:0.004000s ]
NOTIC: [8] Undefined offset: 3 D:\xampp\htdocs\caiji\Lib\Core\Model.class.php 第 907 行.
SQL: INSERT INTO `comics` (`is_del`) VALUES (1) [ RunTime:0.093006s ]

[ 2017-06-08T11:52:29+08:00 ] 127.0.0.1 /index/addComic
INFO: [ app_begin ] --START--
INFO: ReadHtmlCache Behavior ::run [ RunTime:0.001000s ]
INFO: [ app_begin ] --END-- [ RunTime:0.001000s ]
NOTIC: 建议使用I方法替代_post
NOTIC: 建议使用I方法替代_post
NOTIC: [8192] mysql_connect(): The mysql extension is deprecated and will be removed in the future: use mysqli or PDO instead D:\xampp\htdocs\caiji\Lib\Driver\Db\DbMysql.class.php 第 55 行.
SQL: SHOW COLUMNS FROM `comics` [ RunTime:0.051003s ]
NOTIC: [8] Undefined offset: 3 D:\xampp\htdocs\caiji\Lib\Core\Model.class.php 第 907 行.
SQL: INSERT INTO `comics` (`is_del`) VALUES (1) [ RunTime:0.243014s ]

[ 2017-06-08T11:58:31+08:00 ] 127.0.0.1 /index/addComic
INFO: [ app_begin ] --START--
INFO: ReadHtmlCache Behavior ::run [ RunTime:0.001000s ]
INFO: [ app_begin ] --END-- [ RunTime:0.001000s ]
NOTIC: 建议使用I方法替代_post
NOTIC: 建议使用I方法替代_post
NOTIC: [8192] mysql_connect(): The mysql extension is deprecated and will be removed in the future: use mysqli or PDO instead D:\xampp\htdocs\caiji\Lib\Driver\Db\DbMysql.class.php 第 55 行.
SQL: SHOW COLUMNS FROM `comics` [ RunTime:0.031002s ]
NOTIC: [8] Undefined offset: 3 D:\xampp\htdocs\caiji\Lib\Core\Model.class.php 第 907 行.
SQL: INSERT INTO `comics` (`is_del`) VALUES (1) [ RunTime:0.091001s ]

[ 2017-06-08T11:59:56+08:00 ] 127.0.0.1 /index/addComic
INFO: [ app_begin ] --START--
INFO: ReadHtmlCache Behavior ::run [ RunTime:0.001000s ]
INFO: [ app_begin ] --END-- [ RunTime:0.001000s ]
NOTIC: 建议使用I方法替代_post
NOTIC: 建议使用I方法替代_post
NOTIC: [8192] mysql_connect(): The mysql extension is deprecated and will be removed in the future: use mysqli or PDO instead D:\xampp\htdocs\caiji\Lib\Driver\Db\DbMysql.class.php 第 55 行.
SQL: SHOW COLUMNS FROM `comics` [ RunTime:0.003000s ]

[ 2017-06-08T12:00:07+08:00 ] 127.0.0.1 /index/addComic
INFO: [ app_begin ] --START--
INFO: ReadHtmlCache Behavior ::run [ RunTime:0.000000s ]
INFO: [ app_begin ] --END-- [ RunTime:0.000000s ]
NOTIC: 建议使用I方法替代_post
NOTIC: 建议使用I方法替代_post
NOTIC: [8192] mysql_connect(): The mysql extension is deprecated and will be removed in the future: use mysqli or PDO instead D:\xampp\htdocs\caiji\Lib\Driver\Db\DbMysql.class.php 第 55 行.
SQL: SHOW COLUMNS FROM `comics` [ RunTime:0.003000s ]

[ 2017-06-08T12:02:30+08:00 ] 127.0.0.1 /index/addComic
INFO: [ app_begin ] --START--
INFO: ReadHtmlCache Behavior ::run [ RunTime:0.001000s ]
INFO: [ app_begin ] --END-- [ RunTime:0.001000s ]
NOTIC: 建议使用I方法替代_post
NOTIC: 建议使用I方法替代_post
NOTIC: [8192] mysql_connect(): The mysql extension is deprecated and will be removed in the future: use mysqli or PDO instead D:\xampp\htdocs\caiji\Lib\Driver\Db\DbMysql.class.php 第 55 行.
SQL: SHOW COLUMNS FROM `comics` [ RunTime:0.006000s ]
NOTIC: [8] Undefined variable: tmp D:\xampp\htdocs\caiji\Ads\Lib\Action\IndexAction.class.php 第 117 行.
SQL: INSERT INTO `comics` (`name`,`url`,`update_at`) VALUES ('222','333','2017-06-08 12:02:30') [ RunTime:0.184009s ]

[ 2017-06-08T12:02:43+08:00 ] 127.0.0.1 /index/addComic
INFO: [ app_begin ] --START--
INFO: ReadHtmlCache Behavior ::run [ RunTime:0.002001s ]
INFO: [ app_begin ] --END-- [ RunTime:0.002001s ]
NOTIC: 建议使用I方法替代_post
NOTIC: 建议使用I方法替代_post
NOTIC: [8192] mysql_connect(): The mysql extension is deprecated and will be removed in the future: use mysqli or PDO instead D:\xampp\htdocs\caiji\Lib\Driver\Db\DbMysql.class.php 第 55 行.
SQL: SHOW COLUMNS FROM `comics` [ RunTime:0.003000s ]
NOTIC: [8] Undefined variable: tmp D:\xampp\htdocs\caiji\Ads\Lib\Action\IndexAction.class.php 第 117 行.
NOTIC: [8] Undefined offset: 3 D:\xampp\htdocs\caiji\Lib\Core\Model.class.php 第 907 行.
SQL: INSERT INTO `comics` (`name`,`url`,`is_del`,`create_at`,`update_at`) VALUES ('222','333',1,'2017-06-08 12:02:43','2017-06-08 12:02:43') [ RunTime:0.108006s ]

[ 2017-06-08T12:03:16+08:00 ] 127.0.0.1 /index/addComic
INFO: [ app_begin ] --START--
INFO: ReadHtmlCache Behavior ::run [ RunTime:0.001000s ]
INFO: [ app_begin ] --END-- [ RunTime:0.001000s ]
NOTIC: 建议使用I方法替代_post
NOTIC: 建议使用I方法替代_post
NOTIC: [8192] mysql_connect(): The mysql extension is deprecated and will be removed in the future: use mysqli or PDO instead D:\xampp\htdocs\caiji\Lib\Driver\Db\DbMysql.class.php 第 55 行.
SQL: SHOW COLUMNS FROM `comics` [ RunTime:0.004000s ]
NOTIC: [8] Undefined offset: 3 D:\xampp\htdocs\caiji\Lib\Core\Model.class.php 第 907 行.
SQL: INSERT INTO `comics` (`name`,`url`,`is_del`,`create_at`,`update_at`) VALUES ('222','333',1,'2017-06-08 12:03:16','2017-06-08 12:03:16') [ RunTime:0.172010s ]

[ 2017-06-08T12:06:14+08:00 ] 127.0.0.1 /index/addComic
INFO: [ app_begin ] --START--
INFO: ReadHtmlCache Behavior ::run [ RunTime:0.001000s ]
INFO: [ app_begin ] --END-- [ RunTime:0.001000s ]
NOTIC: 建议使用I方法替代_post
NOTIC: 建议使用I方法替代_post
NOTIC: [8192] mysql_connect(): The mysql extension is deprecated and will be removed in the future: use mysqli or PDO instead D:\xampp\htdocs\caiji\Lib\Driver\Db\DbMysql.class.php 第 55 行.
SQL: SHOW COLUMNS FROM `comics` [ RunTime:0.003000s ]
NOTIC: [8] Undefined offset: 3 D:\xampp\htdocs\caiji\Lib\Core\Model.class.php 第 907 行.
SQL: INSERT INTO `comics` (`name`,`url`,`is_del`,`create_at`,`update_at`) VALUES ('你与我相遇','http://ac.qq.com/Comic/comicInfo/id/550389',1,'2017-06-08 12:06:14','2017-06-08 12:06:14') [ RunTime:0.201012s ]

[ 2017-06-08T12:06:22+08:00 ] 127.0.0.1 /index/addComic
INFO: [ app_begin ] --START--
INFO: ReadHtmlCache Behavior ::run [ RunTime:0.001000s ]
INFO: [ app_begin ] --END-- [ RunTime:0.001000s ]
NOTIC: 建议使用I方法替代_post
NOTIC: 建议使用I方法替代_post
NOTIC: [8192] mysql_connect(): The mysql extension is deprecated and will be removed in the future: use mysqli or PDO instead D:\xampp\htdocs\caiji\Lib\Driver\Db\DbMysql.class.php 第 55 行.
SQL: SHOW COLUMNS FROM `comics` [ RunTime:0.003000s ]
NOTIC: [8] Undefined offset: 3 D:\xampp\htdocs\caiji\Lib\Core\Model.class.php 第 907 行.
SQL: INSERT INTO `comics` (`name`,`url`,`is_del`,`create_at`,`update_at`) VALUES ('你与我相遇2','http://ac.qq.com/Comic/comicInfo/id/550389',1,'2017-06-08 12:06:22','2017-06-08 12:06:22') [ RunTime:0.081005s ]

[ 2017-06-08T12:06:40+08:00 ] 127.0.0.1 /index/addComic
INFO: [ app_begin ] --START--
INFO: ReadHtmlCache Behavior ::run [ RunTime:0.001000s ]
INFO: [ app_begin ] --END-- [ RunTime:0.001000s ]
NOTIC: 建议使用I方法替代_post
NOTIC: 建议使用I方法替代_post
NOTIC: [8192] mysql_connect(): The mysql extension is deprecated and will be removed in the future: use mysqli or PDO instead D:\xampp\htdocs\caiji\Lib\Driver\Db\DbMysql.class.php 第 55 行.
SQL: SHOW COLUMNS FROM `comics` [ RunTime:0.004000s ]
NOTIC: [8] Undefined offset: 3 D:\xampp\htdocs\caiji\Lib\Core\Model.class.php 第 907 行.
SQL: INSERT INTO `comics` (`name`,`url`,`is_del`,`create_at`,`update_at`) VALUES ('雨归云深处','http://ac.qq.com/Comic/comicInfo/id/544150',1,'2017-06-08 12:06:40','2017-06-08 12:06:40') [ RunTime:0.119007s ]

[ 2017-06-08T12:10:32+08:00 ] 127.0.0.1 /index/addComic
INFO: [ app_begin ] --START--
INFO: ReadHtmlCache Behavior ::run [ RunTime:0.001000s ]
INFO: [ app_begin ] --END-- [ RunTime:0.001000s ]
NOTIC: 建议使用I方法替代_post
NOTIC: 建议使用I方法替代_post
NOTIC: [8192] mysql_connect(): The mysql extension is deprecated and will be removed in the future: use mysqli or PDO instead D:\xampp\htdocs\caiji\Lib\Driver\Db\DbMysql.class.php 第 55 行.
SQL: SHOW COLUMNS FROM `comics` [ RunTime:0.017001s ]
NOTIC: [8] Undefined offset: 3 D:\xampp\htdocs\caiji\Lib\Core\Model.class.php 第 907 行.
SQL: INSERT INTO `comics` (`name`,`url`,`is_del`,`create_at`,`update_at`) VALUES ('雨归云深处','http://ac.qq.com/Comic/comicInfo/id/544150',1,'2017-06-08 12:10:32','2017-06-08 12:10:32') [ RunTime:0.078005s ]

[ 2017-06-08T14:42:57+08:00 ] 127.0.0.1 /index/addComic
INFO: [ app_begin ] --START--
INFO: ReadHtmlCache Behavior ::run [ RunTime:0.001000s ]
INFO: [ app_begin ] --END-- [ RunTime:0.001000s ]
NOTIC: 建议使用I方法替代_post
NOTIC: 建议使用I方法替代_post
NOTIC: 建议使用I方法替代_post
NOTIC: [8192] mysql_connect(): The mysql extension is deprecated and will be removed in the future: use mysqli or PDO instead D:\xampp\htdocs\caiji\Lib\Driver\Db\DbMysql.class.php 第 55 行.
SQL: SHOW COLUMNS FROM `comics` [ RunTime:0.004000s ]
NOTIC: [8] Undefined offset: 3 D:\xampp\htdocs\caiji\Lib\Core\Model.class.php 第 907 行.
SQL: INSERT INTO `comics` (`name`,`type`,`is_del`,`create_at`,`update_at`) VALUES ('雨归云深处',1,1,'2017-06-08 14:42:57','2017-06-08 14:42:57') [ RunTime:0.110006s ]

[ 2017-06-08T14:43:13+08:00 ] 127.0.0.1 /index/addComic
INFO: [ app_begin ] --START--
INFO: ReadHtmlCache Behavior ::run [ RunTime:0.001000s ]
INFO: [ app_begin ] --END-- [ RunTime:0.001000s ]
NOTIC: 建议使用I方法替代_post
NOTIC: 建议使用I方法替代_post
NOTIC: 建议使用I方法替代_post
NOTIC: [8192] mysql_connect(): The mysql extension is deprecated and will be removed in the future: use mysqli or PDO instead D:\xampp\htdocs\caiji\Lib\Driver\Db\DbMysql.class.php 第 55 行.
SQL: SHOW COLUMNS FROM `comics` [ RunTime:0.038003s ]
NOTIC: [8] Undefined offset: 3 D:\xampp\htdocs\caiji\Lib\Core\Model.class.php 第 907 行.
SQL: INSERT INTO `comics` (`name`,`type`,`is_del`,`create_at`,`update_at`) VALUES ('你与我相遇',1,1,'2017-06-08 14:43:13','2017-06-08 14:43:13') [ RunTime:0.170009s ]

[ 2017-06-08T14:52:56+08:00 ] 127.0.0.1 /index/addComic
INFO: [ app_begin ] --START--
INFO: ReadHtmlCache Behavior ::run [ RunTime:0.001000s ]
INFO: [ app_begin ] --END-- [ RunTime:0.001000s ]
NOTIC: 建议使用I方法替代_post
NOTIC: 建议使用I方法替代_post
NOTIC: 建议使用I方法替代_post
NOTIC: [8192] mysql_connect(): The mysql extension is deprecated and will be removed in the future: use mysqli or PDO instead D:\xampp\htdocs\caiji\Lib\Driver\Db\DbMysql.class.php 第 55 行.
SQL: SHOW COLUMNS FROM `comics` [ RunTime:0.044003s ]

[ 2017-06-08T14:57:07+08:00 ] 127.0.0.1 /index/addComic
INFO: [ app_begin ] --START--
INFO: ReadHtmlCache Behavior ::run [ RunTime:0.000000s ]
INFO: [ app_begin ] --END-- [ RunTime:0.000000s ]
NOTIC: 建议使用I方法替代_post
NOTIC: 建议使用I方法替代_post
NOTIC: 建议使用I方法替代_post
NOTIC: [8192] mysql_connect(): The mysql extension is deprecated and will be removed in the future: use mysqli or PDO instead D:\xampp\htdocs\caiji\Lib\Driver\Db\DbMysql.class.php 第 55 行.
SQL: SHOW COLUMNS FROM `comics` [ RunTime:0.010001s ]
NOTIC: [8] Undefined offset: 3 D:\xampp\htdocs\caiji\Lib\Core\Model.class.php 第 907 行.
SQL: INSERT INTO `comics` (`name`,`type`,`is_del`,`create_at`,`update_at`) VALUES ('111',1,1,'2017-06-08 14:57:06','2017-06-08 14:57:06') [ RunTime:0.113006s ]

[ 2017-06-08T15:00:31+08:00 ] 127.0.0.1 /index/addComic
INFO: [ app_begin ] --START--
INFO: ReadHtmlCache Behavior ::run [ RunTime:0.001000s ]
INFO: [ app_begin ] --END-- [ RunTime:0.001000s ]
NOTIC: 建议使用I方法替代_post
NOTIC: 建议使用I方法替代_post
NOTIC: 建议使用I方法替代_post
NOTIC: [8192] mysql_connect(): The mysql extension is deprecated and will be removed in the future: use mysqli or PDO instead D:\xampp\htdocs\caiji\Lib\Driver\Db\DbMysql.class.php 第 55 行.
SQL: SHOW COLUMNS FROM `comics` [ RunTime:0.003000s ]
NOTIC: [8] Undefined index: url D:\xampp\htdocs\caiji\Lib\Core\Model.class.php 第 1058 行.

[ 2017-06-08T15:08:55+08:00 ] 127.0.0.1 /index/addComic
INFO: [ app_begin ] --START--
INFO: ReadHtmlCache Behavior ::run [ RunTime:0.001000s ]
INFO: [ app_begin ] --END-- [ RunTime:0.001000s ]
NOTIC: 建议使用I方法替代_post
NOTIC: 建议使用I方法替代_post
NOTIC: 建议使用I方法替代_post
NOTIC: [8192] mysql_connect(): The mysql extension is deprecated and will be removed in the future: use mysqli or PDO instead D:\xampp\htdocs\caiji\Lib\Driver\Db\DbMysql.class.php 第 55 行.
SQL: SHOW COLUMNS FROM `comics` [ RunTime:0.004000s ]
NOTIC: [8] Undefined index: url D:\xampp\htdocs\caiji\Lib\Core\Model.class.php 第 1058 行.

[ 2017-06-08T15:09:05+08:00 ] 127.0.0.1 /index/addComic
INFO: [ app_begin ] --START--
INFO: ReadHtmlCache Behavior ::run [ RunTime:0.001000s ]
INFO: [ app_begin ] --END-- [ RunTime:0.001000s ]
NOTIC: 建议使用I方法替代_post
NOTIC: 建议使用I方法替代_post
NOTIC: 建议使用I方法替代_post
NOTIC: [8192] mysql_connect(): The mysql extension is deprecated and will be removed in the future: use mysqli or PDO instead D:\xampp\htdocs\caiji\Lib\Driver\Db\DbMysql.class.php 第 55 行.
SQL: SHOW COLUMNS FROM `comics` [ RunTime:0.004000s ]
NOTIC: [8] Undefined index: url D:\xampp\htdocs\caiji\Lib\Core\Model.class.php 第 1058 行.

[ 2017-06-08T15:09:37+08:00 ] 127.0.0.1 /index/addComic
INFO: [ app_begin ] --START--
INFO: ReadHtmlCache Behavior ::run [ RunTime:0.001000s ]
INFO: [ app_begin ] --END-- [ RunTime:0.001000s ]
NOTIC: 建议使用I方法替代_post
NOTIC: 建议使用I方法替代_post
NOTIC: 建议使用I方法替代_post
NOTIC: [8192] mysql_connect(): The mysql extension is deprecated and will be removed in the future: use mysqli or PDO instead D:\xampp\htdocs\caiji\Lib\Driver\Db\DbMysql.class.php 第 55 行.
SQL: SHOW COLUMNS FROM `comics` [ RunTime:0.003000s ]
NOTIC: [8] Undefined index: url D:\xampp\htdocs\caiji\Lib\Core\Model.class.php 第 1058 行.

[ 2017-06-08T15:09:59+08:00 ] 127.0.0.1 /index/addComic
INFO: [ app_begin ] --START--
INFO: ReadHtmlCache Behavior ::run [ RunTime:0.001000s ]
INFO: [ app_begin ] --END-- [ RunTime:0.001000s ]
NOTIC: 建议使用I方法替代_post
NOTIC: 建议使用I方法替代_post
NOTIC: 建议使用I方法替代_post
NOTIC: [8192] mysql_connect(): The mysql extension is deprecated and will be removed in the future: use mysqli or PDO instead D:\xampp\htdocs\caiji\Lib\Driver\Db\DbMysql.class.php 第 55 行.
SQL: SHOW COLUMNS FROM `comics` [ RunTime:0.003000s ]
NOTIC: [8] Undefined offset: 3 D:\xampp\htdocs\caiji\Lib\Core\Model.class.php 第 907 行.
SQL: INSERT INTO `comics` (`name`,`url`,`type`,`is_del`,`create_at`,`update_at`) VALUES ('111','http://ac.qq.com/Comic/comicInfo/id/550389',1,1,'2017-06-08 15:09:59','2017-06-08 15:09:59') [ RunTime:0.126007s ]

[ 2017-06-08T15:15:09+08:00 ] 127.0.0.1 /index/addComic
INFO: [ app_begin ] --START--
INFO: ReadHtmlCache Behavior ::run [ RunTime:0.002000s ]
INFO: [ app_begin ] --END-- [ RunTime:0.002000s ]
NOTIC: 建议使用I方法替代_post
NOTIC: 建议使用I方法替代_post
NOTIC: 建议使用I方法替代_post
NOTIC: [8192] mysql_connect(): The mysql extension is deprecated and will be removed in the future: use mysqli or PDO instead D:\xampp\htdocs\caiji\Lib\Driver\Db\DbMysql.class.php 第 55 行.
SQL: SHOW COLUMNS FROM `comics` [ RunTime:0.003001s ]
NOTIC: [8] Undefined offset: 3 D:\xampp\htdocs\caiji\Lib\Core\Model.class.php 第 907 行.
SQL: INSERT INTO `comics` (`name`,`url`,`type`,`is_del`,`create_at`,`update_at`) VALUES ('111','http://ac.qq.com/Comic/comicInfo/id/544150',1,1,'2017-06-08 15:15:08','2017-06-08 15:15:08') [ RunTime:0.159009s ]

[ 2017-06-08T16:30:34+08:00 ] 127.0.0.1 /index/delComic
INFO: [ app_begin ] --START--
INFO: ReadHtmlCache Behavior ::run [ RunTime:0.001000s ]
INFO: [ app_begin ] --END-- [ RunTime:0.001000s ]
NOTIC: 建议使用I方法替代_post
NOTIC: [8192] mysql_connect(): The mysql extension is deprecated and will be removed in the future: use mysqli or PDO instead D:\xampp\htdocs\caiji\Lib\Driver\Db\DbMysql.class.php 第 55 行.
SQL: SHOW COLUMNS FROM `comics` [ RunTime:0.018001s ]
SQL: UPDATE `comics` SET `is_del`=1 WHERE ( id=5 ) [ RunTime:0.140001s ]

[ 2017-06-08T16:32:54+08:00 ] 127.0.0.1 /index/delComic
INFO: [ app_begin ] --START--
INFO: ReadHtmlCache Behavior ::run [ RunTime:0.001000s ]
INFO: [ app_begin ] --END-- [ RunTime:0.001000s ]
NOTIC: 建议使用I方法替代_post
NOTIC: [8192] mysql_connect(): The mysql extension is deprecated and will be removed in the future: use mysqli or PDO instead D:\xampp\htdocs\caiji\Lib\Driver\Db\DbMysql.class.php 第 55 行.
SQL: SHOW COLUMNS FROM `comics` [ RunTime:0.082003s ]
SQL: UPDATE `comics` SET `is_del`=1 WHERE ( id=5 ) [ RunTime:0.090000s ]

[ 2017-06-08T16:33:19+08:00 ] 127.0.0.1 /index/delComic
INFO: [ app_begin ] --START--
INFO: ReadHtmlCache Behavior ::run [ RunTime:0.001000s ]
INFO: [ app_begin ] --END-- [ RunTime:0.001000s ]
NOTIC: 建议使用I方法替代_post

[ 2017-06-08T16:33:59+08:00 ] 127.0.0.1 /index/delComic
INFO: [ app_begin ] --START--
INFO: ReadHtmlCache Behavior ::run [ RunTime:0.001001s ]
INFO: [ app_begin ] --END-- [ RunTime:0.001001s ]
NOTIC: 建议使用I方法替代_post
NOTIC: [8192] mysql_connect(): The mysql extension is deprecated and will be removed in the future: use mysqli or PDO instead D:\xampp\htdocs\caiji\Lib\Driver\Db\DbMysql.class.php 第 55 行.
SQL: SHOW COLUMNS FROM `comics` [ RunTime:0.004000s ]
SQL: UPDATE `comics` SET `is_del`=1 WHERE ( id=6 ) [ RunTime:0.084004s ]

[ 2017-06-08T16:34:04+08:00 ] 127.0.0.1 /index/delComic
INFO: [ app_begin ] --START--
INFO: ReadHtmlCache Behavior ::run [ RunTime:0.001001s ]
INFO: [ app_begin ] --END-- [ RunTime:0.001001s ]
NOTIC: 建议使用I方法替代_post
NOTIC: [8192] mysql_connect(): The mysql extension is deprecated and will be removed in the future: use mysqli or PDO instead D:\xampp\htdocs\caiji\Lib\Driver\Db\DbMysql.class.php 第 55 行.
SQL: SHOW COLUMNS FROM `comics` [ RunTime:0.003000s ]
SQL: UPDATE `comics` SET `is_del`=1 WHERE ( id=7 ) [ RunTime:0.059001s ]

[ 2017-06-08T16:36:46+08:00 ] 127.0.0.1 /index/delComic
INFO: [ app_begin ] --START--
INFO: ReadHtmlCache Behavior ::run [ RunTime:0.001000s ]
INFO: [ app_begin ] --END-- [ RunTime:0.001000s ]
NOTIC: 建议使用I方法替代_post
NOTIC: [8192] mysql_connect(): The mysql extension is deprecated and will be removed in the future: use mysqli or PDO instead D:\xampp\htdocs\caiji\Lib\Driver\Db\DbMysql.class.php 第 55 行.
SQL: SHOW COLUMNS FROM `comics` [ RunTime:0.004000s ]
SQL: UPDATE `comics` SET `is_del`=1 WHERE ( id=4 ) [ RunTime:0.106002s ]

[ 2017-06-08T16:36:48+08:00 ] 127.0.0.1 /index/delComic
INFO: [ app_begin ] --START--
INFO: ReadHtmlCache Behavior ::run [ RunTime:0.001000s ]
INFO: [ app_begin ] --END-- [ RunTime:0.001000s ]
NOTIC: 建议使用I方法替代_post
NOTIC: [8192] mysql_connect(): The mysql extension is deprecated and will be removed in the future: use mysqli or PDO instead D:\xampp\htdocs\caiji\Lib\Driver\Db\DbMysql.class.php 第 55 行.
SQL: SHOW COLUMNS FROM `comics` [ RunTime:0.004000s ]
SQL: UPDATE `comics` SET `is_del`=1 WHERE ( id=3 ) [ RunTime:0.479008s ]

[ 2017-06-08T16:48:32+08:00 ] 127.0.0.1 /index/delComic
INFO: [ app_begin ] --START--
INFO: ReadHtmlCache Behavior ::run [ RunTime:0.001000s ]
INFO: [ app_begin ] --END-- [ RunTime:0.001000s ]
NOTIC: 建议使用I方法替代_post
NOTIC: [8192] mysql_connect(): The mysql extension is deprecated and will be removed in the future: use mysqli or PDO instead D:\xampp\htdocs\caiji\Lib\Driver\Db\DbMysql.class.php 第 55 行.
SQL: SHOW COLUMNS FROM `comics` [ RunTime:1.033059s ]
SQL: UPDATE `comics` SET `is_del`=1 WHERE ( id=2 ) [ RunTime:0.518029s ]

[ 2017-06-08T16:48:35+08:00 ] 127.0.0.1 /index/delComic
INFO: [ app_begin ] --START--
INFO: ReadHtmlCache Behavior ::run [ RunTime:0.000000s ]
INFO: [ app_begin ] --END-- [ RunTime:0.000000s ]
NOTIC: 建议使用I方法替代_post
NOTIC: [8192] mysql_connect(): The mysql extension is deprecated and will be removed in the future: use mysqli or PDO instead D:\xampp\htdocs\caiji\Lib\Driver\Db\DbMysql.class.php 第 55 行.
SQL: SHOW COLUMNS FROM `comics` [ RunTime:0.003000s ]
SQL: UPDATE `comics` SET `is_del`=1 WHERE ( id=1 ) [ RunTime:0.045003s ]

[ 2017-06-08T16:48:38+08:00 ] 127.0.0.1 /index/delComic
INFO: [ app_begin ] --START--
INFO: ReadHtmlCache Behavior ::run [ RunTime:0.001000s ]
INFO: [ app_begin ] --END-- [ RunTime:0.001000s ]
NOTIC: 建议使用I方法替代_post
NOTIC: [8192] mysql_connect(): The mysql extension is deprecated and will be removed in the future: use mysqli or PDO instead D:\xampp\htdocs\caiji\Lib\Driver\Db\DbMysql.class.php 第 55 行.
SQL: SHOW COLUMNS FROM `comics` [ RunTime:0.003000s ]
SQL: UPDATE `comics` SET `is_del`=1 WHERE ( id=9 ) [ RunTime:0.199010s ]

[ 2017-06-08T16:48:40+08:00 ] 127.0.0.1 /index/delComic
INFO: [ app_begin ] --START--
INFO: ReadHtmlCache Behavior ::run [ RunTime:0.001000s ]
INFO: [ app_begin ] --END-- [ RunTime:0.001000s ]
NOTIC: 建议使用I方法替代_post
NOTIC: [8192] mysql_connect(): The mysql extension is deprecated and will be removed in the future: use mysqli or PDO instead D:\xampp\htdocs\caiji\Lib\Driver\Db\DbMysql.class.php 第 55 行.
SQL: SHOW COLUMNS FROM `comics` [ RunTime:0.003000s ]
SQL: UPDATE `comics` SET `is_del`=1 WHERE ( id=8 ) [ RunTime:0.173003s ]

[ 2017-06-08T16:49:09+08:00 ] 127.0.0.1 /index/delComic
INFO: [ app_begin ] --START--
INFO: ReadHtmlCache Behavior ::run [ RunTime:0.001000s ]
INFO: [ app_begin ] --END-- [ RunTime:0.001000s ]
NOTIC: 建议使用I方法替代_post
NOTIC: [8192] mysql_connect(): The mysql extension is deprecated and will be removed in the future: use mysqli or PDO instead D:\xampp\htdocs\caiji\Lib\Driver\Db\DbMysql.class.php 第 55 行.
SQL: SHOW COLUMNS FROM `comics` [ RunTime:0.003000s ]
SQL: UPDATE `comics` SET `is_del`=1 WHERE ( id=5 ) [ RunTime:0.210003s ]

[ 2017-06-08T16:49:13+08:00 ] 127.0.0.1 /index/delComic
INFO: [ app_begin ] --START--
INFO: ReadHtmlCache Behavior ::run [ RunTime:0.002000s ]
INFO: [ app_begin ] --END-- [ RunTime:0.002000s ]
NOTIC: 建议使用I方法替代_post
NOTIC: [8192] mysql_connect(): The mysql extension is deprecated and will be removed in the future: use mysqli or PDO instead D:\xampp\htdocs\caiji\Lib\Driver\Db\DbMysql.class.php 第 55 行.
SQL: SHOW COLUMNS FROM `comics` [ RunTime:0.005000s ]
SQL: UPDATE `comics` SET `is_del`=1 WHERE ( id=6 ) [ RunTime:0.074001s ]

[ 2017-06-08T16:49:15+08:00 ] 127.0.0.1 /index/delComic
INFO: [ app_begin ] --START--
INFO: ReadHtmlCache Behavior ::run [ RunTime:0.001000s ]
INFO: [ app_begin ] --END-- [ RunTime:0.001000s ]
NOTIC: 建议使用I方法替代_post
NOTIC: [8192] mysql_connect(): The mysql extension is deprecated and will be removed in the future: use mysqli or PDO instead D:\xampp\htdocs\caiji\Lib\Driver\Db\DbMysql.class.php 第 55 行.
SQL: SHOW COLUMNS FROM `comics` [ RunTime:0.004001s ]
SQL: UPDATE `comics` SET `is_del`=1 WHERE ( id=7 ) [ RunTime:0.074001s ]

[ 2017-06-08T17:03:06+08:00 ] 127.0.0.1 /index/delMultiComic
INFO: [ app_begin ] --START--
INFO: ReadHtmlCache Behavior ::run [ RunTime:0.001000s ]
INFO: [ app_begin ] --END-- [ RunTime:0.001000s ]
NOTIC: 建议使用I方法替代_post

[ 2017-06-08T17:08:18+08:00 ] 127.0.0.1 /index/delMultiComic
INFO: [ app_begin ] --START--
INFO: ReadHtmlCache Behavior ::run [ RunTime:0.001000s ]
INFO: [ app_begin ] --END-- [ RunTime:0.001000s ]
NOTIC: 建议使用I方法替代_post
NOTIC: [8192] mysql_connect(): The mysql extension is deprecated and will be removed in the future: use mysqli or PDO instead D:\xampp\htdocs\caiji\Lib\Driver\Db\DbMysql.class.php 第 55 行.
SQL: SHOW COLUMNS FROM `comics` [ RunTime:0.003001s ]
SQL: UPDATE `comics` SET `is_del`=1 WHERE ( `id` IN ('3','4','8') ) [ RunTime:0.130007s ]

[ 2017-06-08T17:09:12+08:00 ] 127.0.0.1 /index/delMultiComic
INFO: [ app_begin ] --START--
INFO: ReadHtmlCache Behavior ::run [ RunTime:0.001000s ]
INFO: [ app_begin ] --END-- [ RunTime:0.001000s ]
NOTIC: 建议使用I方法替代_post
NOTIC: [8192] mysql_connect(): The mysql extension is deprecated and will be removed in the future: use mysqli or PDO instead D:\xampp\htdocs\caiji\Lib\Driver\Db\DbMysql.class.php 第 55 行.
SQL: SHOW COLUMNS FROM `comics` [ RunTime:0.003000s ]
SQL: UPDATE `comics` SET `is_del`=1 WHERE ( `id` IN ('1','2','9') ) [ RunTime:0.188008s ]

[ 2017-06-08T17:09:53+08:00 ] 127.0.0.1 /index/delMultiComic
INFO: [ app_begin ] --START--
INFO: ReadHtmlCache Behavior ::run [ RunTime:0.001001s ]
INFO: [ app_begin ] --END-- [ RunTime:0.001001s ]
NOTIC: 建议使用I方法替代_post
NOTIC: [8192] mysql_connect(): The mysql extension is deprecated and will be removed in the future: use mysqli or PDO instead D:\xampp\htdocs\caiji\Lib\Driver\Db\DbMysql.class.php 第 55 行.
SQL: SHOW COLUMNS FROM `comics` [ RunTime:0.003000s ]
SQL: UPDATE `comics` SET `is_del`=1 WHERE ( `id` IN ('5','6','7') ) [ RunTime:0.079004s ]

[ 2017-06-08T17:09:59+08:00 ] 127.0.0.1 /index/delMultiComic
INFO: [ app_begin ] --START--
INFO: ReadHtmlCache Behavior ::run [ RunTime:0.001000s ]
INFO: [ app_begin ] --END-- [ RunTime:0.001000s ]
NOTIC: 建议使用I方法替代_post
NOTIC: [8192] mysql_connect(): The mysql extension is deprecated and will be removed in the future: use mysqli or PDO instead D:\xampp\htdocs\caiji\Lib\Driver\Db\DbMysql.class.php 第 55 行.
SQL: SHOW COLUMNS FROM `comics` [ RunTime:0.002000s ]
SQL: UPDATE `comics` SET `is_del`=1 WHERE ( `id` IN ('3','4','8') ) [ RunTime:0.068004s ]

[ 2017-06-08T17:10:49+08:00 ] 127.0.0.1 /index/addComic
INFO: [ app_begin ] --START--
INFO: ReadHtmlCache Behavior ::run [ RunTime:0.001000s ]
INFO: [ app_begin ] --END-- [ RunTime:0.001000s ]
NOTIC: 建议使用I方法替代_post
NOTIC: 建议使用I方法替代_post
NOTIC: 建议使用I方法替代_post
NOTIC: [8192] mysql_connect(): The mysql extension is deprecated and will be removed in the future: use mysqli or PDO instead D:\xampp\htdocs\caiji\Lib\Driver\Db\DbMysql.class.php 第 55 行.
SQL: SHOW COLUMNS FROM `comics` [ RunTime:0.003000s ]
NOTIC: [8] Undefined offset: 3 D:\xampp\htdocs\caiji\Lib\Core\Model.class.php 第 907 行.
SQL: INSERT INTO `comics` (`name`,`url`,`type`,`is_del`,`create_at`,`update_at`) VALUES ('222','http://ac.qq.com/Comic/comicInfo/id/550389',1,1,'2017-06-08 17:10:49','2017-06-08 17:10:49') [ RunTime:0.138008s ]

[ 2017-06-08T17:10:59+08:00 ] 127.0.0.1 /index/delMultiComic
INFO: [ app_begin ] --START--
INFO: ReadHtmlCache Behavior ::run [ RunTime:0.000000s ]
INFO: [ app_begin ] --END-- [ RunTime:0.000000s ]
NOTIC: 建议使用I方法替代_post
NOTIC: [8192] mysql_connect(): The mysql extension is deprecated and will be removed in the future: use mysqli or PDO instead D:\xampp\htdocs\caiji\Lib\Driver\Db\DbMysql.class.php 第 55 行.
SQL: SHOW COLUMNS FROM `comics` [ RunTime:0.004000s ]
SQL: UPDATE `comics` SET `is_del`=1 WHERE ( `id` IN ('10','1') ) [ RunTime:0.104006s ]

[ 2017-06-08T17:11:12+08:00 ] 127.0.0.1 /index/addComic
INFO: [ app_begin ] --START--
INFO: ReadHtmlCache Behavior ::run [ RunTime:0.001000s ]
INFO: [ app_begin ] --END-- [ RunTime:0.001000s ]
NOTIC: 建议使用I方法替代_post
NOTIC: 建议使用I方法替代_post
NOTIC: 建议使用I方法替代_post
NOTIC: [8192] mysql_connect(): The mysql extension is deprecated and will be removed in the future: use mysqli or PDO instead D:\xampp\htdocs\caiji\Lib\Driver\Db\DbMysql.class.php 第 55 行.
SQL: SHOW COLUMNS FROM `comics` [ RunTime:0.003000s ]
NOTIC: [8] Undefined offset: 3 D:\xampp\htdocs\caiji\Lib\Core\Model.class.php 第 907 行.
SQL: INSERT INTO `comics` (`name`,`url`,`type`,`is_del`,`create_at`,`update_at`) VALUES ('33333','http://ac.qq.com/Comic/comicInfo/id/550389',1,1,'2017-06-08 17:11:12','2017-06-08 17:11:12') [ RunTime:0.190011s ]

[ 2017-06-08T17:11:14+08:00 ] 127.0.0.1 /index/delComic
INFO: [ app_begin ] --START--
INFO: ReadHtmlCache Behavior ::run [ RunTime:0.001000s ]
INFO: [ app_begin ] --END-- [ RunTime:0.001000s ]
NOTIC: 建议使用I方法替代_post
NOTIC: [8192] mysql_connect(): The mysql extension is deprecated and will be removed in the future: use mysqli or PDO instead D:\xampp\htdocs\caiji\Lib\Driver\Db\DbMysql.class.php 第 55 行.
SQL: SHOW COLUMNS FROM `comics` [ RunTime:0.003000s ]
SQL: UPDATE `comics` SET `is_del`=1 WHERE ( id=11 ) [ RunTime:0.068001s ]

[ 2017-06-08T17:12:35+08:00 ] 127.0.0.1 /index/addComic
INFO: [ app_begin ] --START--
INFO: ReadHtmlCache Behavior ::run [ RunTime:0.001000s ]
INFO: [ app_begin ] --END-- [ RunTime:0.001000s ]
NOTIC: 建议使用I方法替代_post
NOTIC: 建议使用I方法替代_post
NOTIC: 建议使用I方法替代_post
NOTIC: [8192] mysql_connect(): The mysql extension is deprecated and will be removed in the future: use mysqli or PDO instead D:\xampp\htdocs\caiji\Lib\Driver\Db\DbMysql.class.php 第 55 行.
SQL: SHOW COLUMNS FROM `comics` [ RunTime:0.003000s ]
NOTIC: [8] Undefined offset: 3 D:\xampp\htdocs\caiji\Lib\Core\Model.class.php 第 907 行.
SQL: INSERT INTO `comics` (`name`,`url`,`type`,`is_del`,`create_at`,`update_at`) VALUES ('4444','444',1,1,'2017-06-08 17:12:35','2017-06-08 17:12:35') [ RunTime:0.193011s ]

[ 2017-06-08T17:12:40+08:00 ] 127.0.0.1 /index/delComic
INFO: [ app_begin ] --START--
INFO: ReadHtmlCache Behavior ::run [ RunTime:0.001001s ]
INFO: [ app_begin ] --END-- [ RunTime:0.001001s ]
NOTIC: 建议使用I方法替代_post
NOTIC: [8192] mysql_connect(): The mysql extension is deprecated and will be removed in the future: use mysqli or PDO instead D:\xampp\htdocs\caiji\Lib\Driver\Db\DbMysql.class.php 第 55 行.
SQL: SHOW COLUMNS FROM `comics` [ RunTime:0.004000s ]
SQL: UPDATE `comics` SET `is_del`=1 WHERE ( id=12 ) [ RunTime:0.070001s ]

[ 2017-06-08T17:13:54+08:00 ] 127.0.0.1 /index/addComic
INFO: [ app_begin ] --START--
INFO: ReadHtmlCache Behavior ::run [ RunTime:0.001000s ]
INFO: [ app_begin ] --END-- [ RunTime:0.001000s ]
NOTIC: 建议使用I方法替代_post
NOTIC: 建议使用I方法替代_post
NOTIC: 建议使用I方法替代_post
NOTIC: [8192] mysql_connect(): The mysql extension is deprecated and will be removed in the future: use mysqli or PDO instead D:\xampp\htdocs\caiji\Lib\Driver\Db\DbMysql.class.php 第 55 行.
SQL: SHOW COLUMNS FROM `comics` [ RunTime:0.005001s ]
NOTIC: [8] Undefined offset: 3 D:\xampp\htdocs\caiji\Lib\Core\Model.class.php 第 907 行.
SQL: INSERT INTO `comics` (`name`,`url`,`type`,`is_del`,`create_at`,`update_at`) VALUES ('131','1313',1,1,'2017-06-08 17:13:54','2017-06-08 17:13:54') [ RunTime:0.120007s ]

[ 2017-06-08T17:14:00+08:00 ] 127.0.0.1 /index/delComic
INFO: [ app_begin ] --START--
INFO: ReadHtmlCache Behavior ::run [ RunTime:0.001000s ]
INFO: [ app_begin ] --END-- [ RunTime:0.001000s ]
NOTIC: 建议使用I方法替代_post
NOTIC: [8192] mysql_connect(): The mysql extension is deprecated and will be removed in the future: use mysqli or PDO instead D:\xampp\htdocs\caiji\Lib\Driver\Db\DbMysql.class.php 第 55 行.
SQL: SHOW COLUMNS FROM `comics` [ RunTime:0.002000s ]
SQL: UPDATE `comics` SET `is_del`=1 WHERE ( id=13 ) [ RunTime:0.083002s ]

[ 2017-06-08T17:15:24+08:00 ] 127.0.0.1 /index/delMultiComic
INFO: [ app_begin ] --START--
INFO: ReadHtmlCache Behavior ::run [ RunTime:0.001000s ]
INFO: [ app_begin ] --END-- [ RunTime:0.001000s ]
NOTIC: 建议使用I方法替代_post
NOTIC: [8192] mysql_connect(): The mysql extension is deprecated and will be removed in the future: use mysqli or PDO instead D:\xampp\htdocs\caiji\Lib\Driver\Db\DbMysql.class.php 第 55 行.
SQL: SHOW COLUMNS FROM `comics` [ RunTime:0.003000s ]
SQL: UPDATE `comics` SET `is_del`=1 WHERE ( `id` IN ('2','9') ) [ RunTime:0.077004s ]

[ 2017-06-08T17:16:26+08:00 ] 127.0.0.1 /index/addComic
INFO: [ app_begin ] --START--
INFO: ReadHtmlCache Behavior ::run [ RunTime:0.001000s ]
INFO: [ app_begin ] --END-- [ RunTime:0.001000s ]
NOTIC: 建议使用I方法替代_post
NOTIC: 建议使用I方法替代_post
NOTIC: 建议使用I方法替代_post
NOTIC: [8192] mysql_connect(): The mysql extension is deprecated and will be removed in the future: use mysqli or PDO instead D:\xampp\htdocs\caiji\Lib\Driver\Db\DbMysql.class.php 第 55 行.
SQL: SHOW COLUMNS FROM `comics` [ RunTime:0.002000s ]
NOTIC: [8] Undefined offset: 3 D:\xampp\htdocs\caiji\Lib\Core\Model.class.php 第 907 行.
SQL: INSERT INTO `comics` (`name`,`url`,`type`,`is_del`,`create_at`,`update_at`) VALUES ('1111','1111',1,1,'2017-06-08 17:16:26','2017-06-08 17:16:26') [ RunTime:0.158009s ]

[ 2017-06-08T17:16:30+08:00 ] 127.0.0.1 /index/addComic
INFO: [ app_begin ] --START--
INFO: ReadHtmlCache Behavior ::run [ RunTime:0.001000s ]
INFO: [ app_begin ] --END-- [ RunTime:0.001000s ]
NOTIC: 建议使用I方法替代_post
NOTIC: 建议使用I方法替代_post
NOTIC: 建议使用I方法替代_post
NOTIC: [8192] mysql_connect(): The mysql extension is deprecated and will be removed in the future: use mysqli or PDO instead D:\xampp\htdocs\caiji\Lib\Driver\Db\DbMysql.class.php 第 55 行.
SQL: SHOW COLUMNS FROM `comics` [ RunTime:0.003000s ]
NOTIC: [8] Undefined offset: 3 D:\xampp\htdocs\caiji\Lib\Core\Model.class.php 第 907 行.
SQL: INSERT INTO `comics` (`name`,`url`,`type`,`is_del`,`create_at`,`update_at`) VALUES ('2222','2222',1,1,'2017-06-08 17:16:30','2017-06-08 17:16:30') [ RunTime:0.185011s ]

[ 2017-06-08T17:16:34+08:00 ] 127.0.0.1 /index/addComic
INFO: [ app_begin ] --START--
INFO: ReadHtmlCache Behavior ::run [ RunTime:0.001000s ]
INFO: [ app_begin ] --END-- [ RunTime:0.001000s ]
NOTIC: 建议使用I方法替代_post
NOTIC: 建议使用I方法替代_post
NOTIC: 建议使用I方法替代_post
NOTIC: [8192] mysql_connect(): The mysql extension is deprecated and will be removed in the future: use mysqli or PDO instead D:\xampp\htdocs\caiji\Lib\Driver\Db\DbMysql.class.php 第 55 行.
SQL: SHOW COLUMNS FROM `comics` [ RunTime:0.003000s ]
NOTIC: [8] Undefined offset: 3 D:\xampp\htdocs\caiji\Lib\Core\Model.class.php 第 907 行.
SQL: INSERT INTO `comics` (`name`,`url`,`type`,`is_del`,`create_at`,`update_at`) VALUES ('3333','3333',1,1,'2017-06-08 17:16:34','2017-06-08 17:16:34') [ RunTime:0.135008s ]

[ 2017-06-08T17:16:37+08:00 ] 127.0.0.1 /index/addComic
INFO: [ app_begin ] --START--
INFO: ReadHtmlCache Behavior ::run [ RunTime:0.001001s ]
INFO: [ app_begin ] --END-- [ RunTime:0.001001s ]
NOTIC: 建议使用I方法替代_post
NOTIC: 建议使用I方法替代_post
NOTIC: 建议使用I方法替代_post
NOTIC: [8192] mysql_connect(): The mysql extension is deprecated and will be removed in the future: use mysqli or PDO instead D:\xampp\htdocs\caiji\Lib\Driver\Db\DbMysql.class.php 第 55 行.
SQL: SHOW COLUMNS FROM `comics` [ RunTime:0.003001s ]
NOTIC: [8] Undefined offset: 3 D:\xampp\htdocs\caiji\Lib\Core\Model.class.php 第 907 行.
SQL: INSERT INTO `comics` (`name`,`url`,`type`,`is_del`,`create_at`,`update_at`) VALUES ('4444','4444',1,1,'2017-06-08 17:16:37','2017-06-08 17:16:37') [ RunTime:0.065003s ]

[ 2017-06-08T17:16:47+08:00 ] 127.0.0.1 /index/delComic
INFO: [ app_begin ] --START--
INFO: ReadHtmlCache Behavior ::run [ RunTime:0.001000s ]
INFO: [ app_begin ] --END-- [ RunTime:0.001000s ]
NOTIC: 建议使用I方法替代_post
NOTIC: [8192] mysql_connect(): The mysql extension is deprecated and will be removed in the future: use mysqli or PDO instead D:\xampp\htdocs\caiji\Lib\Driver\Db\DbMysql.class.php 第 55 行.
SQL: SHOW COLUMNS FROM `comics` [ RunTime:0.003000s ]
SQL: UPDATE `comics` SET `is_del`=1 WHERE ( `id`='14' ) [ RunTime:0.080002s ]

[ 2017-06-08T17:16:51+08:00 ] 127.0.0.1 /index/delComic
INFO: [ app_begin ] --START--
INFO: ReadHtmlCache Behavior ::run [ RunTime:0.000000s ]
INFO: [ app_begin ] --END-- [ RunTime:0.000000s ]
NOTIC: 建议使用I方法替代_post
NOTIC: [8192] mysql_connect(): The mysql extension is deprecated and will be removed in the future: use mysqli or PDO instead D:\xampp\htdocs\caiji\Lib\Driver\Db\DbMysql.class.php 第 55 行.
SQL: SHOW COLUMNS FROM `comics` [ RunTime:0.003000s ]
SQL: UPDATE `comics` SET `is_del`=1 WHERE ( `id`='15' ) [ RunTime:0.069003s ]

[ 2017-06-08T17:17:27+08:00 ] 127.0.0.1 /index/delComic
INFO: [ app_begin ] --START--
INFO: ReadHtmlCache Behavior ::run [ RunTime:0.000000s ]
INFO: [ app_begin ] --END-- [ RunTime:0.000000s ]
NOTIC: 建议使用I方法替代_post
NOTIC: [8192] mysql_connect(): The mysql extension is deprecated and will be removed in the future: use mysqli or PDO instead D:\xampp\htdocs\caiji\Lib\Driver\Db\DbMysql.class.php 第 55 行.
SQL: SHOW COLUMNS FROM `comics` [ RunTime:0.003000s ]

[ 2017-06-08T17:17:47+08:00 ] 127.0.0.1 /index/addComic
INFO: [ app_begin ] --START--
INFO: ReadHtmlCache Behavior ::run [ RunTime:0.001000s ]
INFO: [ app_begin ] --END-- [ RunTime:0.002000s ]
NOTIC: 建议使用I方法替代_post
NOTIC: 建议使用I方法替代_post
NOTIC: 建议使用I方法替代_post
NOTIC: [8192] mysql_connect(): The mysql extension is deprecated and will be removed in the future: use mysqli or PDO instead D:\xampp\htdocs\caiji\Lib\Driver\Db\DbMysql.class.php 第 55 行.
SQL: SHOW COLUMNS FROM `comics` [ RunTime:0.003001s ]
NOTIC: [8] Undefined offset: 3 D:\xampp\htdocs\caiji\Lib\Core\Model.class.php 第 907 行.
SQL: INSERT INTO `comics` (`name`,`url`,`type`,`is_del`,`create_at`,`update_at`) VALUES ('111111','1111',1,1,'2017-06-08 17:17:47','2017-06-08 17:17:47') [ RunTime:0.193011s ]

[ 2017-06-08T17:17:51+08:00 ] 127.0.0.1 /index/addComic
INFO: [ app_begin ] --START--
INFO: ReadHtmlCache Behavior ::run [ RunTime:0.000000s ]
INFO: [ app_begin ] --END-- [ RunTime:0.000000s ]
NOTIC: 建议使用I方法替代_post
NOTIC: 建议使用I方法替代_post
NOTIC: 建议使用I方法替代_post
NOTIC: [8192] mysql_connect(): The mysql extension is deprecated and will be removed in the future: use mysqli or PDO instead D:\xampp\htdocs\caiji\Lib\Driver\Db\DbMysql.class.php 第 55 行.
SQL: SHOW COLUMNS FROM `comics` [ RunTime:0.002000s ]
NOTIC: [8] Undefined offset: 3 D:\xampp\htdocs\caiji\Lib\Core\Model.class.php 第 907 行.
SQL: INSERT INTO `comics` (`name`,`url`,`type`,`is_del`,`create_at`,`update_at`) VALUES ('2222','222',1,1,'2017-06-08 17:17:51','2017-06-08 17:17:51') [ RunTime:0.065004s ]

[ 2017-06-08T17:17:55+08:00 ] 127.0.0.1 /index/addComic
INFO: [ app_begin ] --START--
INFO: ReadHtmlCache Behavior ::run [ RunTime:0.001000s ]
INFO: [ app_begin ] --END-- [ RunTime:0.001000s ]
NOTIC: 建议使用I方法替代_post
NOTIC: 建议使用I方法替代_post
NOTIC: 建议使用I方法替代_post
NOTIC: [8192] mysql_connect(): The mysql extension is deprecated and will be removed in the future: use mysqli or PDO instead D:\xampp\htdocs\caiji\Lib\Driver\Db\DbMysql.class.php 第 55 行.
SQL: SHOW COLUMNS FROM `comics` [ RunTime:0.003001s ]
NOTIC: [8] Undefined offset: 3 D:\xampp\htdocs\caiji\Lib\Core\Model.class.php 第 907 行.
SQL: INSERT INTO `comics` (`name`,`url`,`type`,`is_del`,`create_at`,`update_at`) VALUES ('333','3333',1,1,'2017-06-08 17:17:54','2017-06-08 17:17:54') [ RunTime:0.086005s ]

[ 2017-06-08T17:18:54+08:00 ] 127.0.0.1 /index/delMultiComic
INFO: [ app_begin ] --START--
INFO: ReadHtmlCache Behavior ::run [ RunTime:0.001000s ]
INFO: [ app_begin ] --END-- [ RunTime:0.001000s ]
NOTIC: 建议使用I方法替代_post
NOTIC: [8192] mysql_connect(): The mysql extension is deprecated and will be removed in the future: use mysqli or PDO instead D:\xampp\htdocs\caiji\Lib\Driver\Db\DbMysql.class.php 第 55 行.
SQL: SHOW COLUMNS FROM `comics` [ RunTime:0.003001s ]
SQL: UPDATE `comics` SET `is_del`=1 WHERE ( `id` IN ('5','6','7') ) [ RunTime:0.068003s ]

[ 2017-06-08T17:19:00+08:00 ] 127.0.0.1 /index/delComic
INFO: [ app_begin ] --START--
INFO: ReadHtmlCache Behavior ::run [ RunTime:0.001000s ]
INFO: [ app_begin ] --END-- [ RunTime:0.002000s ]
NOTIC: 建议使用I方法替代_post
NOTIC: [8192] mysql_connect(): The mysql extension is deprecated and will be removed in the future: use mysqli or PDO instead D:\xampp\htdocs\caiji\Lib\Driver\Db\DbMysql.class.php 第 55 行.
SQL: SHOW COLUMNS FROM `comics` [ RunTime:0.004000s ]
SQL: UPDATE `comics` SET `is_del`=1 WHERE ( `id`='12' ) [ RunTime:0.182002s ]

[ 2017-06-08T17:19:27+08:00 ] 127.0.0.1 /index/delComic
INFO: [ app_begin ] --START--
INFO: ReadHtmlCache Behavior ::run [ RunTime:0.001000s ]
INFO: [ app_begin ] --END-- [ RunTime:0.001000s ]
NOTIC: 建议使用I方法替代_post
NOTIC: [8192] mysql_connect(): The mysql extension is deprecated and will be removed in the future: use mysqli or PDO instead D:\xampp\htdocs\caiji\Lib\Driver\Db\DbMysql.class.php 第 55 行.
SQL: SHOW COLUMNS FROM `comics` [ RunTime:0.003000s ]
SQL: UPDATE `comics` SET `is_del`=1 WHERE ( `id`='13' ) [ RunTime:0.087001s ]

[ 2017-06-08T17:19:30+08:00 ] 127.0.0.1 /index/delComic
INFO: [ app_begin ] --START--
INFO: ReadHtmlCache Behavior ::run [ RunTime:0.001000s ]
INFO: [ app_begin ] --END-- [ RunTime:0.001000s ]
NOTIC: 建议使用I方法替代_post
NOTIC: [8192] mysql_connect(): The mysql extension is deprecated and will be removed in the future: use mysqli or PDO instead D:\xampp\htdocs\caiji\Lib\Driver\Db\DbMysql.class.php 第 55 行.
SQL: SHOW COLUMNS FROM `comics` [ RunTime:0.003000s ]
SQL: UPDATE `comics` SET `is_del`=1 WHERE ( `id`='14' ) [ RunTime:0.048001s ]

[ 2017-06-08T17:19:32+08:00 ] 127.0.0.1 /index/delComic
INFO: [ app_begin ] --START--
INFO: ReadHtmlCache Behavior ::run [ RunTime:0.001000s ]
INFO: [ app_begin ] --END-- [ RunTime:0.001000s ]
NOTIC: 建议使用I方法替代_post
NOTIC: [8192] mysql_connect(): The mysql extension is deprecated and will be removed in the future: use mysqli or PDO instead D:\xampp\htdocs\caiji\Lib\Driver\Db\DbMysql.class.php 第 55 行.
SQL: SHOW COLUMNS FROM `comics` [ RunTime:0.003000s ]
SQL: UPDATE `comics` SET `is_del`=1 WHERE ( `id`='9' ) [ RunTime:0.050003s ]

[ 2017-06-08T17:19:34+08:00 ] 127.0.0.1 /index/delComic
INFO: [ app_begin ] --START--
INFO: ReadHtmlCache Behavior ::run [ RunTime:0.001000s ]
INFO: [ app_begin ] --END-- [ RunTime:0.001000s ]
NOTIC: 建议使用I方法替代_post
NOTIC: [8192] mysql_connect(): The mysql extension is deprecated and will be removed in the future: use mysqli or PDO instead D:\xampp\htdocs\caiji\Lib\Driver\Db\DbMysql.class.php 第 55 行.
SQL: SHOW COLUMNS FROM `comics` [ RunTime:0.002000s ]
SQL: UPDATE `comics` SET `is_del`=1 WHERE ( `id`='8' ) [ RunTime:0.079002s ]

[ 2017-06-08T17:19:35+08:00 ] 127.0.0.1 /index/delComic
INFO: [ app_begin ] --START--
INFO: ReadHtmlCache Behavior ::run [ RunTime:0.001000s ]
INFO: [ app_begin ] --END-- [ RunTime:0.001000s ]
NOTIC: 建议使用I方法替代_post
NOTIC: [8192] mysql_connect(): The mysql extension is deprecated and will be removed in the future: use mysqli or PDO instead D:\xampp\htdocs\caiji\Lib\Driver\Db\DbMysql.class.php 第 55 行.
SQL: SHOW COLUMNS FROM `comics` [ RunTime:0.004000s ]
SQL: UPDATE `comics` SET `is_del`=1 WHERE ( `id`='10' ) [ RunTime:0.073000s ]

[ 2017-06-08T17:19:36+08:00 ] 127.0.0.1 /index/delComic
INFO: [ app_begin ] --START--
INFO: ReadHtmlCache Behavior ::run [ RunTime:0.001000s ]
INFO: [ app_begin ] --END-- [ RunTime:0.001000s ]
NOTIC: 建议使用I方法替代_post
NOTIC: [8192] mysql_connect(): The mysql extension is deprecated and will be removed in the future: use mysqli or PDO instead D:\xampp\htdocs\caiji\Lib\Driver\Db\DbMysql.class.php 第 55 行.
SQL: SHOW COLUMNS FROM `comics` [ RunTime:0.004000s ]
SQL: UPDATE `comics` SET `is_del`=1 WHERE ( `id`='11' ) [ RunTime:0.091001s ]

[ 2017-06-08T17:19:37+08:00 ] 127.0.0.1 /index/delComic
INFO: [ app_begin ] --START--
INFO: ReadHtmlCache Behavior ::run [ RunTime:0.009000s ]
INFO: [ app_begin ] --END-- [ RunTime:0.009000s ]
NOTIC: 建议使用I方法替代_post
NOTIC: [8192] mysql_connect(): The mysql extension is deprecated and will be removed in the future: use mysqli or PDO instead D:\xampp\htdocs\caiji\Lib\Driver\Db\DbMysql.class.php 第 55 行.
SQL: SHOW COLUMNS FROM `comics` [ RunTime:0.010000s ]
SQL: UPDATE `comics` SET `is_del`=1 WHERE ( `id`='11' ) [ RunTime:0.065004s ]

[ 2017-06-08T17:19:40+08:00 ] 127.0.0.1 /index/delComic
INFO: [ app_begin ] --START--
INFO: ReadHtmlCache Behavior ::run [ RunTime:0.001001s ]
INFO: [ app_begin ] --END-- [ RunTime:0.001001s ]
NOTIC: 建议使用I方法替代_post
NOTIC: [8192] mysql_connect(): The mysql extension is deprecated and will be removed in the future: use mysqli or PDO instead D:\xampp\htdocs\caiji\Lib\Driver\Db\DbMysql.class.php 第 55 行.
SQL: SHOW COLUMNS FROM `comics` [ RunTime:0.004000s ]
SQL: UPDATE `comics` SET `is_del`=1 WHERE ( `id`='15' ) [ RunTime:0.218002s ]

[ 2017-06-08T17:19:42+08:00 ] 127.0.0.1 /index/delComic
INFO: [ app_begin ] --START--
INFO: ReadHtmlCache Behavior ::run [ RunTime:0.001000s ]
INFO: [ app_begin ] --END-- [ RunTime:0.001000s ]
NOTIC: 建议使用I方法替代_post
NOTIC: [8192] mysql_connect(): The mysql extension is deprecated and will be removed in the future: use mysqli or PDO instead D:\xampp\htdocs\caiji\Lib\Driver\Db\DbMysql.class.php 第 55 行.
SQL: SHOW COLUMNS FROM `comics` [ RunTime:0.003000s ]
SQL: UPDATE `comics` SET `is_del`=1 WHERE ( `id`='4' ) [ RunTime:0.072003s ]

[ 2017-06-08T17:19:44+08:00 ] 127.0.0.1 /index/delComic
INFO: [ app_begin ] --START--
INFO: ReadHtmlCache Behavior ::run [ RunTime:0.001000s ]
INFO: [ app_begin ] --END-- [ RunTime:0.001000s ]
NOTIC: 建议使用I方法替代_post
NOTIC: [8192] mysql_connect(): The mysql extension is deprecated and will be removed in the future: use mysqli or PDO instead D:\xampp\htdocs\caiji\Lib\Driver\Db\DbMysql.class.php 第 55 行.
SQL: SHOW COLUMNS FROM `comics` [ RunTime:0.003000s ]
SQL: UPDATE `comics` SET `is_del`=1 WHERE ( `id`='16' ) [ RunTime:0.073003s ]

[ 2017-06-08T17:19:46+08:00 ] 127.0.0.1 /index/delComic
INFO: [ app_begin ] --START--
INFO: ReadHtmlCache Behavior ::run [ RunTime:0.001000s ]
INFO: [ app_begin ] --END-- [ RunTime:0.001000s ]
NOTIC: 建议使用I方法替代_post
NOTIC: [8192] mysql_connect(): The mysql extension is deprecated and will be removed in the future: use mysqli or PDO instead D:\xampp\htdocs\caiji\Lib\Driver\Db\DbMysql.class.php 第 55 行.
SQL: SHOW COLUMNS FROM `comics` [ RunTime:0.005001s ]
SQL: UPDATE `comics` SET `is_del`=1 WHERE ( `id`='3' ) [ RunTime:0.077001s ]

[ 2017-06-08T17:20:13+08:00 ] 127.0.0.1 /index/delComic
INFO: [ app_begin ] --START--
INFO: ReadHtmlCache Behavior ::run [ RunTime:0.001000s ]
INFO: [ app_begin ] --END-- [ RunTime:0.001000s ]
NOTIC: 建议使用I方法替代_post
NOTIC: [8192] mysql_connect(): The mysql extension is deprecated and will be removed in the future: use mysqli or PDO instead D:\xampp\htdocs\caiji\Lib\Driver\Db\DbMysql.class.php 第 55 行.
SQL: SHOW COLUMNS FROM `comics` [ RunTime:0.004001s ]
SQL: UPDATE `comics` SET `is_del`=1 WHERE ( `id`='1' ) [ RunTime:0.082002s ]

[ 2017-06-08T17:20:15+08:00 ] 127.0.0.1 /index/delComic
INFO: [ app_begin ] --START--
INFO: ReadHtmlCache Behavior ::run [ RunTime:0.001001s ]
INFO: [ app_begin ] --END-- [ RunTime:0.001001s ]
NOTIC: 建议使用I方法替代_post
NOTIC: [8192] mysql_connect(): The mysql extension is deprecated and will be removed in the future: use mysqli or PDO instead D:\xampp\htdocs\caiji\Lib\Driver\Db\DbMysql.class.php 第 55 行.
SQL: SHOW COLUMNS FROM `comics` [ RunTime:0.004000s ]
SQL: UPDATE `comics` SET `is_del`=1 WHERE ( `id`='2' ) [ RunTime:0.056002s ]

[ 2017-06-08T17:20:16+08:00 ] 127.0.0.1 /index/delComic
INFO: [ app_begin ] --START--
INFO: ReadHtmlCache Behavior ::run [ RunTime:0.000000s ]
INFO: [ app_begin ] --END-- [ RunTime:0.000000s ]
NOTIC: 建议使用I方法替代_post
NOTIC: [8192] mysql_connect(): The mysql extension is deprecated and will be removed in the future: use mysqli or PDO instead D:\xampp\htdocs\caiji\Lib\Driver\Db\DbMysql.class.php 第 55 行.
SQL: SHOW COLUMNS FROM `comics` [ RunTime:0.003000s ]
SQL: UPDATE `comics` SET `is_del`=1 WHERE ( `id`='17' ) [ RunTime:0.111003s ]

[ 2017-06-08T17:20:17+08:00 ] 127.0.0.1 /index/delComic
INFO: [ app_begin ] --START--
INFO: ReadHtmlCache Behavior ::run [ RunTime:0.001000s ]
INFO: [ app_begin ] --END-- [ RunTime:0.001000s ]
NOTIC: 建议使用I方法替代_post
NOTIC: [8192] mysql_connect(): The mysql extension is deprecated and will be removed in the future: use mysqli or PDO instead D:\xampp\htdocs\caiji\Lib\Driver\Db\DbMysql.class.php 第 55 行.
SQL: SHOW COLUMNS FROM `comics` [ RunTime:0.005000s ]
SQL: UPDATE `comics` SET `is_del`=1 WHERE ( `id`='18' ) [ RunTime:0.068002s ]

[ 2017-06-08T17:20:18+08:00 ] 127.0.0.1 /index/delComic
INFO: [ app_begin ] --START--
INFO: ReadHtmlCache Behavior ::run [ RunTime:0.001000s ]
INFO: [ app_begin ] --END-- [ RunTime:0.001000s ]
NOTIC: 建议使用I方法替代_post
NOTIC: [8192] mysql_connect(): The mysql extension is deprecated and will be removed in the future: use mysqli or PDO instead D:\xampp\htdocs\caiji\Lib\Driver\Db\DbMysql.class.php 第 55 行.
SQL: SHOW COLUMNS FROM `comics` [ RunTime:0.005000s ]
SQL: UPDATE `comics` SET `is_del`=1 WHERE ( `id`='19' ) [ RunTime:0.080002s ]

[ 2017-06-08T17:20:19+08:00 ] 127.0.0.1 /index/delComic
INFO: [ app_begin ] --START--
INFO: ReadHtmlCache Behavior ::run [ RunTime:0.001000s ]
INFO: [ app_begin ] --END-- [ RunTime:0.001000s ]
NOTIC: 建议使用I方法替代_post
NOTIC: [8192] mysql_connect(): The mysql extension is deprecated and will be removed in the future: use mysqli or PDO instead D:\xampp\htdocs\caiji\Lib\Driver\Db\DbMysql.class.php 第 55 行.
SQL: SHOW COLUMNS FROM `comics` [ RunTime:0.004000s ]
SQL: UPDATE `comics` SET `is_del`=1 WHERE ( `id`='20' ) [ RunTime:0.064003s ]

[ 2017-06-08T17:20:36+08:00 ] 127.0.0.1 /index/delComic
INFO: [ app_begin ] --START--
INFO: ReadHtmlCache Behavior ::run [ RunTime:0.001000s ]
INFO: [ app_begin ] --END-- [ RunTime:0.001000s ]
NOTIC: 建议使用I方法替代_post
NOTIC: [8192] mysql_connect(): The mysql extension is deprecated and will be removed in the future: use mysqli or PDO instead D:\xampp\htdocs\caiji\Lib\Driver\Db\DbMysql.class.php 第 55 行.
SQL: SHOW COLUMNS FROM `comics` [ RunTime:0.009000s ]
SQL: UPDATE `comics` SET `is_del`=1 WHERE ( `id`='5' ) [ RunTime:0.063003s ]

[ 2017-06-08T17:20:38+08:00 ] 127.0.0.1 /index/delComic
INFO: [ app_begin ] --START--
INFO: ReadHtmlCache Behavior ::run [ RunTime:0.001000s ]
INFO: [ app_begin ] --END-- [ RunTime:0.001000s ]
NOTIC: 建议使用I方法替代_post
NOTIC: [8192] mysql_connect(): The mysql extension is deprecated and will be removed in the future: use mysqli or PDO instead D:\xampp\htdocs\caiji\Lib\Driver\Db\DbMysql.class.php 第 55 行.
SQL: SHOW COLUMNS FROM `comics` [ RunTime:0.003000s ]
SQL: UPDATE `comics` SET `is_del`=1 WHERE ( `id`='6' ) [ RunTime:0.178002s ]

[ 2017-06-08T17:20:40+08:00 ] 127.0.0.1 /index/delComic
INFO: [ app_begin ] --START--
INFO: ReadHtmlCache Behavior ::run [ RunTime:0.001000s ]
INFO: [ app_begin ] --END-- [ RunTime:0.001000s ]
NOTIC: 建议使用I方法替代_post
NOTIC: [8192] mysql_connect(): The mysql extension is deprecated and will be removed in the future: use mysqli or PDO instead D:\xampp\htdocs\caiji\Lib\Driver\Db\DbMysql.class.php 第 55 行.
SQL: SHOW COLUMNS FROM `comics` [ RunTime:0.005000s ]
SQL: UPDATE `comics` SET `is_del`=1 WHERE ( `id`='7' ) [ RunTime:0.088002s ]

[ 2017-06-08T17:20:41+08:00 ] 127.0.0.1 /index/delComic
INFO: [ app_begin ] --START--
INFO: ReadHtmlCache Behavior ::run [ RunTime:0.001001s ]
INFO: [ app_begin ] --END-- [ RunTime:0.001001s ]
NOTIC: 建议使用I方法替代_post
NOTIC: [8192] mysql_connect(): The mysql extension is deprecated and will be removed in the future: use mysqli or PDO instead D:\xampp\htdocs\caiji\Lib\Driver\Db\DbMysql.class.php 第 55 行.
SQL: SHOW COLUMNS FROM `comics` [ RunTime:0.003001s ]
SQL: UPDATE `comics` SET `is_del`=1 WHERE ( `id`='8' ) [ RunTime:0.085002s ]

[ 2017-06-08T17:20:42+08:00 ] 127.0.0.1 /index/delComic
INFO: [ app_begin ] --START--
INFO: ReadHtmlCache Behavior ::run [ RunTime:0.002000s ]
INFO: [ app_begin ] --END-- [ RunTime:0.002000s ]
NOTIC: 建议使用I方法替代_post
NOTIC: [8192] mysql_connect(): The mysql extension is deprecated and will be removed in the future: use mysqli or PDO instead D:\xampp\htdocs\caiji\Lib\Driver\Db\DbMysql.class.php 第 55 行.
SQL: SHOW COLUMNS FROM `comics` [ RunTime:0.004000s ]
SQL: UPDATE `comics` SET `is_del`=1 WHERE ( `id`='9' ) [ RunTime:0.068002s ]

[ 2017-06-08T17:20:43+08:00 ] 127.0.0.1 /index/delComic
INFO: [ app_begin ] --START--
INFO: ReadHtmlCache Behavior ::run [ RunTime:0.001001s ]
INFO: [ app_begin ] --END-- [ RunTime:0.001001s ]
NOTIC: 建议使用I方法替代_post
NOTIC: [8192] mysql_connect(): The mysql extension is deprecated and will be removed in the future: use mysqli or PDO instead D:\xampp\htdocs\caiji\Lib\Driver\Db\DbMysql.class.php 第 55 行.
SQL: SHOW COLUMNS FROM `comics` [ RunTime:0.003000s ]
SQL: UPDATE `comics` SET `is_del`=1 WHERE ( `id`='10' ) [ RunTime:0.186005s ]

[ 2017-06-08T17:20:44+08:00 ] 127.0.0.1 /index/delComic
INFO: [ app_begin ] --START--
INFO: ReadHtmlCache Behavior ::run [ RunTime:0.001001s ]
INFO: [ app_begin ] --END-- [ RunTime:0.001001s ]
NOTIC: 建议使用I方法替代_post
NOTIC: [8192] mysql_connect(): The mysql extension is deprecated and will be removed in the future: use mysqli or PDO instead D:\xampp\htdocs\caiji\Lib\Driver\Db\DbMysql.class.php 第 55 行.
SQL: SHOW COLUMNS FROM `comics` [ RunTime:0.002000s ]
SQL: UPDATE `comics` SET `is_del`=1 WHERE ( `id`='11' ) [ RunTime:0.082002s ]

[ 2017-06-08T17:20:47+08:00 ] 127.0.0.1 /index/delComic
INFO: [ app_begin ] --START--
INFO: ReadHtmlCache Behavior ::run [ RunTime:0.001000s ]
INFO: [ app_begin ] --END-- [ RunTime:0.001000s ]
NOTIC: 建议使用I方法替代_post
NOTIC: [8192] mysql_connect(): The mysql extension is deprecated and will be removed in the future: use mysqli or PDO instead D:\xampp\htdocs\caiji\Lib\Driver\Db\DbMysql.class.php 第 55 行.
SQL: SHOW COLUMNS FROM `comics` [ RunTime:0.003000s ]
SQL: UPDATE `comics` SET `is_del`=1 WHERE ( `id`='12' ) [ RunTime:0.078001s ]

[ 2017-06-08T17:20:49+08:00 ] 127.0.0.1 /index/delComic
INFO: [ app_begin ] --START--
INFO: ReadHtmlCache Behavior ::run [ RunTime:0.000000s ]
INFO: [ app_begin ] --END-- [ RunTime:0.000000s ]
NOTIC: 建议使用I方法替代_post
NOTIC: [8192] mysql_connect(): The mysql extension is deprecated and will be removed in the future: use mysqli or PDO instead D:\xampp\htdocs\caiji\Lib\Driver\Db\DbMysql.class.php 第 55 行.
SQL: SHOW COLUMNS FROM `comics` [ RunTime:0.004001s ]
SQL: UPDATE `comics` SET `is_del`=1 WHERE ( `id`='13' ) [ RunTime:0.123002s ]

[ 2017-06-08T17:20:50+08:00 ] 127.0.0.1 /index/delComic
INFO: [ app_begin ] --START--
INFO: ReadHtmlCache Behavior ::run [ RunTime:0.000000s ]
INFO: [ app_begin ] --END-- [ RunTime:0.000000s ]
NOTIC: 建议使用I方法替代_post
NOTIC: [8192] mysql_connect(): The mysql extension is deprecated and will be removed in the future: use mysqli or PDO instead D:\xampp\htdocs\caiji\Lib\Driver\Db\DbMysql.class.php 第 55 行.
SQL: SHOW COLUMNS FROM `comics` [ RunTime:0.003001s ]
SQL: UPDATE `comics` SET `is_del`=1 WHERE ( `id`='14' ) [ RunTime:0.057002s ]

[ 2017-06-08T17:20:51+08:00 ] 127.0.0.1 /index/delComic
INFO: [ app_begin ] --START--
INFO: ReadHtmlCache Behavior ::run [ RunTime:0.001000s ]
INFO: [ app_begin ] --END-- [ RunTime:0.001000s ]
NOTIC: 建议使用I方法替代_post
NOTIC: [8192] mysql_connect(): The mysql extension is deprecated and will be removed in the future: use mysqli or PDO instead D:\xampp\htdocs\caiji\Lib\Driver\Db\DbMysql.class.php 第 55 行.
SQL: SHOW COLUMNS FROM `comics` [ RunTime:0.002000s ]
SQL: UPDATE `comics` SET `is_del`=1 WHERE ( `id`='15' ) [ RunTime:0.050003s ]

[ 2017-06-08T17:20:52+08:00 ] 127.0.0.1 /index/delComic
INFO: [ app_begin ] --START--
INFO: ReadHtmlCache Behavior ::run [ RunTime:0.001000s ]
INFO: [ app_begin ] --END-- [ RunTime:0.001000s ]
NOTIC: 建议使用I方法替代_post
NOTIC: [8192] mysql_connect(): The mysql extension is deprecated and will be removed in the future: use mysqli or PDO instead D:\xampp\htdocs\caiji\Lib\Driver\Db\DbMysql.class.php 第 55 行.
SQL: SHOW COLUMNS FROM `comics` [ RunTime:0.003001s ]
SQL: UPDATE `comics` SET `is_del`=1 WHERE ( `id`='16' ) [ RunTime:0.077002s ]

[ 2017-06-08T17:20:53+08:00 ] 127.0.0.1 /index/delComic
INFO: [ app_begin ] --START--
INFO: ReadHtmlCache Behavior ::run [ RunTime:0.001000s ]
INFO: [ app_begin ] --END-- [ RunTime:0.001000s ]
NOTIC: 建议使用I方法替代_post
NOTIC: [8192] mysql_connect(): The mysql extension is deprecated and will be removed in the future: use mysqli or PDO instead D:\xampp\htdocs\caiji\Lib\Driver\Db\DbMysql.class.php 第 55 行.
SQL: SHOW COLUMNS FROM `comics` [ RunTime:0.015001s ]
SQL: UPDATE `comics` SET `is_del`=1 WHERE ( `id`='17' ) [ RunTime:0.070000s ]

[ 2017-06-08T17:20:54+08:00 ] 127.0.0.1 /index/delComic
INFO: [ app_begin ] --START--
INFO: ReadHtmlCache Behavior ::run [ RunTime:0.000000s ]
INFO: [ app_begin ] --END-- [ RunTime:0.000000s ]
NOTIC: 建议使用I方法替代_post
NOTIC: [8192] mysql_connect(): The mysql extension is deprecated and will be removed in the future: use mysqli or PDO instead D:\xampp\htdocs\caiji\Lib\Driver\Db\DbMysql.class.php 第 55 行.
SQL: SHOW COLUMNS FROM `comics` [ RunTime:0.005001s ]
SQL: UPDATE `comics` SET `is_del`=1 WHERE ( `id`='18' ) [ RunTime:0.084001s ]

[ 2017-06-08T17:20:55+08:00 ] 127.0.0.1 /index/delComic
INFO: [ app_begin ] --START--
INFO: ReadHtmlCache Behavior ::run [ RunTime:0.001001s ]
INFO: [ app_begin ] --END-- [ RunTime:0.001001s ]
NOTIC: 建议使用I方法替代_post
NOTIC: [8192] mysql_connect(): The mysql extension is deprecated and will be removed in the future: use mysqli or PDO instead D:\xampp\htdocs\caiji\Lib\Driver\Db\DbMysql.class.php 第 55 行.
SQL: SHOW COLUMNS FROM `comics` [ RunTime:0.004000s ]
SQL: UPDATE `comics` SET `is_del`=1 WHERE ( `id`='19' ) [ RunTime:0.062002s ]

[ 2017-06-08T17:20:57+08:00 ] 127.0.0.1 /index/delComic
INFO: [ app_begin ] --START--
INFO: ReadHtmlCache Behavior ::run [ RunTime:0.000000s ]
INFO: [ app_begin ] --END-- [ RunTime:0.000000s ]
NOTIC: 建议使用I方法替代_post
NOTIC: [8192] mysql_connect(): The mysql extension is deprecated and will be removed in the future: use mysqli or PDO instead D:\xampp\htdocs\caiji\Lib\Driver\Db\DbMysql.class.php 第 55 行.
SQL: SHOW COLUMNS FROM `comics` [ RunTime:0.004001s ]
SQL: UPDATE `comics` SET `is_del`=1 WHERE ( `id`='20' ) [ RunTime:0.130001s ]

[ 2017-06-08T21:34:00+08:00 ] 127.0.0.1 /
ERR: Access denied for user 'root'@'localhost' (using password: YES)

[ 2017-06-08T22:18:51+08:00 ] 127.0.0.1 /index/delMultiComic
INFO: [ app_begin ] --START--
INFO: ReadHtmlCache Behavior ::run [ RunTime:0.000744s ]
INFO: [ app_begin ] --END-- [ RunTime:0.000817s ]
NOTIC: 建议使用I方法替代_post
NOTIC: [8192] mysql_connect(): The mysql extension is deprecated and will be removed in the future: use mysqli or PDO instead D:\xampp\htdocs\caiji\Lib\Driver\Db\DbMysql.class.php 第 55 行.
SQL: SHOW COLUMNS FROM `comics` [ RunTime:0.002680s ]
SQL: UPDATE `comics` SET `is_del`=1 WHERE ( `id` IN ('2') ) [ RunTime:0.060000s ]

[ 2017-06-08T22:18:54+08:00 ] 127.0.0.1 /index/delComic
INFO: [ app_begin ] --START--
INFO: ReadHtmlCache Behavior ::run [ RunTime:0.000807s ]
INFO: [ app_begin ] --END-- [ RunTime:0.000887s ]
NOTIC: 建议使用I方法替代_post
NOTIC: [8192] mysql_connect(): The mysql extension is deprecated and will be removed in the future: use mysqli or PDO instead D:\xampp\htdocs\caiji\Lib\Driver\Db\DbMysql.class.php 第 55 行.
SQL: SHOW COLUMNS FROM `comics` [ RunTime:0.003569s ]
SQL: UPDATE `comics` SET `is_del`=1 WHERE ( `id`='1' ) [ RunTime:0.052840s ]

[ 2017-06-08T22:19:00+08:00 ] 127.0.0.1 /index/addComic
INFO: [ app_begin ] --START--
INFO: ReadHtmlCache Behavior ::run [ RunTime:0.000892s ]
INFO: [ app_begin ] --END-- [ RunTime:0.000969s ]
NOTIC: 建议使用I方法替代_post
NOTIC: 建议使用I方法替代_post
NOTIC: 建议使用I方法替代_post
NOTIC: [8192] mysql_connect(): The mysql extension is deprecated and will be removed in the future: use mysqli or PDO instead D:\xampp\htdocs\caiji\Lib\Driver\Db\DbMysql.class.php 第 55 行.
SQL: SHOW COLUMNS FROM `comics` [ RunTime:0.002704s ]
NOTIC: [8] Undefined offset: 3 D:\xampp\htdocs\caiji\Lib\Core\Model.class.php 第 907 行.
SQL: INSERT INTO `comics` (`name`,`url`,`type`,`is_del`,`create_at`,`update_at`) VALUES ('1111','3333',1,0,'2017-06-08 22:19:00','2017-06-08 22:19:00') [ RunTime:0.063339s ]

[ 2017-06-08T22:19:05+08:00 ] 127.0.0.1 /index/addComic
INFO: [ app_begin ] --START--
INFO: ReadHtmlCache Behavior ::run [ RunTime:0.000704s ]
INFO: [ app_begin ] --END-- [ RunTime:0.000767s ]
NOTIC: 建议使用I方法替代_post
NOTIC: 建议使用I方法替代_post
NOTIC: 建议使用I方法替代_post
NOTIC: [8192] mysql_connect(): The mysql extension is deprecated and will be removed in the future: use mysqli or PDO instead D:\xampp\htdocs\caiji\Lib\Driver\Db\DbMysql.class.php 第 55 行.
SQL: SHOW COLUMNS FROM `comics` [ RunTime:0.002823s ]
NOTIC: [8] Undefined offset: 3 D:\xampp\htdocs\caiji\Lib\Core\Model.class.php 第 907 行.
SQL: INSERT INTO `comics` (`name`,`url`,`type`,`is_del`,`create_at`,`update_at`) VALUES ('11111111','http://ac.qq.com/Comic/comicInfo/id/550389',1,0,'2017-06-08 22:19:05','2017-06-08 22:19:05') [ RunTime:0.049276s ]

[ 2017-06-08T22:19:10+08:00 ] 127.0.0.1 /index/addComic
INFO: [ app_begin ] --START--
INFO: ReadHtmlCache Behavior ::run [ RunTime:0.000732s ]
INFO: [ app_begin ] --END-- [ RunTime:0.000806s ]
NOTIC: 建议使用I方法替代_post
NOTIC: 建议使用I方法替代_post
NOTIC: 建议使用I方法替代_post
NOTIC: [8192] mysql_connect(): The mysql extension is deprecated and will be removed in the future: use mysqli or PDO instead D:\xampp\htdocs\caiji\Lib\Driver\Db\DbMysql.class.php 第 55 行.
SQL: SHOW COLUMNS FROM `comics` [ RunTime:0.002820s ]
NOTIC: [8] Undefined offset: 3 D:\xampp\htdocs\caiji\Lib\Core\Model.class.php 第 907 行.
SQL: INSERT INTO `comics` (`name`,`url`,`type`,`is_del`,`create_at`,`update_at`) VALUES ('雨归云深处','http://td-stat.sosobook.cn/mangainfo.php?mid=216842',1,0,'2017-06-08 22:19:10','2017-06-08 22:19:10') [ RunTime:0.036564s ]

