[ 2017-05-24T10:49:55+08:00 ] 127.0.0.1 /index/caiji
INFO: [ app_begin ] --START--
INFO: ReadHtmlCache Behavior ::run [ RunTime:0.001000s ]
INFO: [ app_begin ] --END-- [ RunTime:0.001000s ]
NOTIC: 建议使用I方法替代_post
NOTIC: 建议使用I方法替代_post
NOTIC: [2] unlink(D:\xampp\htdocs\caiji\Ads\Lib\Action/cookie_buka.txt): No such file or directory D:\xampp\htdocs\caiji\Ads\Lib\Action\IndexAction.class.php 第 66 行.

[ 2017-05-24T10:50:26+08:00 ] 127.0.0.1 /index/caiji
INFO: [ app_begin ] --START--
INFO: ReadHtmlCache Behavior ::run [ RunTime:0.001000s ]
INFO: [ app_begin ] --END-- [ RunTime:0.001000s ]
NOTIC: 建议使用I方法替代_post
NOTIC: 建议使用I方法替代_post
NOTIC: [2] unlink(D:\xampp\htdocs\caiji\Ads\Lib\Action/cookie_buka.txt): No such file or directory D:\xampp\htdocs\caiji\Ads\Lib\Action\IndexAction.class.php 第 66 行.

[ 2017-05-24T11:12:59+08:00 ] 127.0.0.1 /index/caiji
INFO: [ app_begin ] --START--
INFO: ReadHtmlCache Behavior ::run [ RunTime:0.000000s ]
INFO: [ app_begin ] --END-- [ RunTime:0.000000s ]
NOTIC: 建议使用I方法替代_post
NOTIC: 建议使用I方法替代_post
NOTIC: [2] unlink(D:\xampp\htdocs\caiji\Ads\Lib\Action/cookie_buka.txt): No such file or directory D:\xampp\htdocs\caiji\Ads\Lib\Action\IndexAction.class.php 第 66 行.
NOTIC: [2] preg_match_all(): Unknown modifier '&gt;' D:\xampp\htdocs\caiji\Ads\Lib\Action\IndexAction.class.php 第 75 行.

[ 2017-05-24T11:14:04+08:00 ] 127.0.0.1 /index/caiji
INFO: [ app_begin ] --START--
INFO: ReadHtmlCache Behavior ::run [ RunTime:0.001000s ]
INFO: [ app_begin ] --END-- [ RunTime:0.001000s ]
NOTIC: 建议使用I方法替代_post
NOTIC: 建议使用I方法替代_post
NOTIC: [2] unlink(D:\xampp\htdocs\caiji\Ads\Lib\Action/cookie_buka.txt): No such file or directory D:\xampp\htdocs\caiji\Ads\Lib\Action\IndexAction.class.php 第 66 行.
NOTIC: [2] preg_match_all(): Unknown modifier '&gt;' D:\xampp\htdocs\caiji\Ads\Lib\Action\IndexAction.class.php 第 75 行.

[ 2017-05-24T11:16:13+08:00 ] 127.0.0.1 /index/caiji
INFO: [ app_begin ] --START--
INFO: ReadHtmlCache Behavior ::run [ RunTime:0.000000s ]
INFO: [ app_begin ] --END-- [ RunTime:0.000000s ]
NOTIC: 建议使用I方法替代_post
NOTIC: 建议使用I方法替代_post
NOTIC: [2] unlink(D:\xampp\htdocs\caiji\Ads\Lib\Action/cookie_buka.txt): No such file or directory D:\xampp\htdocs\caiji\Ads\Lib\Action\IndexAction.class.php 第 66 行.
NOTIC: [2] preg_match_all(): Unknown modifier '&gt;' D:\xampp\htdocs\caiji\Ads\Lib\Action\IndexAction.class.php 第 75 行.

[ 2017-05-24T11:16:37+08:00 ] 127.0.0.1 /index/caiji
INFO: [ app_begin ] --START--
INFO: ReadHtmlCache Behavior ::run [ RunTime:0.000000s ]
INFO: [ app_begin ] --END-- [ RunTime:0.000000s ]
NOTIC: 建议使用I方法替代_post
NOTIC: 建议使用I方法替代_post
NOTIC: [2] unlink(D:\xampp\htdocs\caiji\Ads\Lib\Action/cookie_buka.txt): No such file or directory D:\xampp\htdocs\caiji\Ads\Lib\Action\IndexAction.class.php 第 66 行.
NOTIC: [2] preg_match_all(): Unknown modifier '&gt;' D:\xampp\htdocs\caiji\Ads\Lib\Action\IndexAction.class.php 第 75 行.

[ 2017-05-24T11:17:45+08:00 ] 127.0.0.1 /index/caiji
INFO: [ app_begin ] --START--
INFO: ReadHtmlCache Behavior ::run [ RunTime:0.001000s ]
INFO: [ app_begin ] --END-- [ RunTime:0.001000s ]
NOTIC: 建议使用I方法替代_post
NOTIC: 建议使用I方法替代_post
NOTIC: [2] unlink(D:\xampp\htdocs\caiji\Ads\Lib\Action/cookie_buka.txt): No such file or directory D:\xampp\htdocs\caiji\Ads\Lib\Action\IndexAction.class.php 第 66 行.
NOTIC: [2] preg_match_all(): Unknown modifier '&gt;' D:\xampp\htdocs\caiji\Ads\Lib\Action\IndexAction.class.php 第 75 行.

[ 2017-05-24T11:19:20+08:00 ] 127.0.0.1 /index/caiji
INFO: [ app_begin ] --START--
INFO: ReadHtmlCache Behavior ::run [ RunTime:0.002000s ]
INFO: [ app_begin ] --END-- [ RunTime:0.002000s ]
NOTIC: 建议使用I方法替代_post
NOTIC: 建议使用I方法替代_post
NOTIC: [2] unlink(D:\xampp\htdocs\caiji\Ads\Lib\Action/cookie_buka.txt): No such file or directory D:\xampp\htdocs\caiji\Ads\Lib\Action\IndexAction.class.php 第 66 行.
NOTIC: [2] preg_match_all(): Unknown modifier '&gt;' D:\xampp\htdocs\caiji\Ads\Lib\Action\IndexAction.class.php 第 75 行.

[ 2017-05-24T11:22:55+08:00 ] 127.0.0.1 /index/caiji
INFO: [ app_begin ] --START--
INFO: ReadHtmlCache Behavior ::run [ RunTime:0.000000s ]
INFO: [ app_begin ] --END-- [ RunTime:0.000000s ]
NOTIC: 建议使用I方法替代_post
NOTIC: 建议使用I方法替代_post
NOTIC: [2] unlink(D:\xampp\htdocs\caiji\Ads\Lib\Action/cookie_buka.txt): No such file or directory D:\xampp\htdocs\caiji\Ads\Lib\Action\IndexAction.class.php 第 66 行.
NOTIC: [2] preg_match_all(): Unknown modifier '&gt;' D:\xampp\htdocs\caiji\Ads\Lib\Action\IndexAction.class.php 第 75 行.

[ 2017-05-24T11:23:16+08:00 ] 127.0.0.1 /index/caiji
INFO: [ app_begin ] --START--
INFO: ReadHtmlCache Behavior ::run [ RunTime:0.001000s ]
INFO: [ app_begin ] --END-- [ RunTime:0.001000s ]
NOTIC: 建议使用I方法替代_post
NOTIC: 建议使用I方法替代_post
NOTIC: [2] unlink(D:\xampp\htdocs\caiji\Ads\Lib\Action/cookie_buka.txt): No such file or directory D:\xampp\htdocs\caiji\Ads\Lib\Action\IndexAction.class.php 第 66 行.

[ 2017-05-24T11:23:33+08:00 ] 127.0.0.1 /index/caiji
INFO: [ app_begin ] --START--
INFO: ReadHtmlCache Behavior ::run [ RunTime:0.001000s ]
INFO: [ app_begin ] --END-- [ RunTime:0.001000s ]
NOTIC: 建议使用I方法替代_post
NOTIC: 建议使用I方法替代_post
NOTIC: [2] unlink(D:\xampp\htdocs\caiji\Ads\Lib\Action/cookie_buka.txt): No such file or directory D:\xampp\htdocs\caiji\Ads\Lib\Action\IndexAction.class.php 第 66 行.
NOTIC: [2] preg_match_all(): Unknown modifier '&gt;' D:\xampp\htdocs\caiji\Ads\Lib\Action\IndexAction.class.php 第 75 行.

[ 2017-05-24T11:24:15+08:00 ] 127.0.0.1 /index/caiji
INFO: [ app_begin ] --START--
INFO: ReadHtmlCache Behavior ::run [ RunTime:0.001000s ]
INFO: [ app_begin ] --END-- [ RunTime:0.001000s ]
NOTIC: 建议使用I方法替代_post
NOTIC: 建议使用I方法替代_post
NOTIC: [2] unlink(D:\xampp\htdocs\caiji\Ads\Lib\Action/cookie_buka.txt): No such file or directory D:\xampp\htdocs\caiji\Ads\Lib\Action\IndexAction.class.php 第 66 行.

[ 2017-05-24T11:25:44+08:00 ] 127.0.0.1 /index/caiji
INFO: [ app_begin ] --START--
INFO: ReadHtmlCache Behavior ::run [ RunTime:0.001000s ]
INFO: [ app_begin ] --END-- [ RunTime:0.001000s ]
NOTIC: 建议使用I方法替代_post
NOTIC: 建议使用I方法替代_post
NOTIC: [2] unlink(D:\xampp\htdocs\caiji\Ads\Lib\Action/cookie_buka.txt): No such file or directory D:\xampp\htdocs\caiji\Ads\Lib\Action\IndexAction.class.php 第 66 行.

[ 2017-05-24T11:25:49+08:00 ] 127.0.0.1 /index/caiji
INFO: [ app_begin ] --START--
INFO: ReadHtmlCache Behavior ::run [ RunTime:0.001000s ]
INFO: [ app_begin ] --END-- [ RunTime:0.001000s ]
NOTIC: 建议使用I方法替代_post
NOTIC: 建议使用I方法替代_post
NOTIC: [2] unlink(D:\xampp\htdocs\caiji\Ads\Lib\Action/cookie_buka.txt): No such file or directory D:\xampp\htdocs\caiji\Ads\Lib\Action\IndexAction.class.php 第 66 行.

[ 2017-05-24T12:00:18+08:00 ] 127.0.0.1 /index/caiji
INFO: [ app_begin ] --START--
INFO: ReadHtmlCache Behavior ::run [ RunTime:0.001000s ]
INFO: [ app_begin ] --END-- [ RunTime:0.001000s ]
NOTIC: 建议使用I方法替代_post
NOTIC: 建议使用I方法替代_post
NOTIC: [2] unlink(D:\xampp\htdocs\caiji\Ads\Lib\Action/cookie_buka.txt): No such file or directory D:\xampp\htdocs\caiji\Ads\Lib\Action\IndexAction.class.php 第 66 行.

[ 2017-05-24T12:00:33+08:00 ] 127.0.0.1 /index/caiji
INFO: [ app_begin ] --START--
INFO: ReadHtmlCache Behavior ::run [ RunTime:0.001000s ]
INFO: [ app_begin ] --END-- [ RunTime:0.001000s ]
NOTIC: 建议使用I方法替代_post
NOTIC: 建议使用I方法替代_post
NOTIC: [2] unlink(D:\xampp\htdocs\caiji\Ads\Lib\Action/cookie_buka.txt): No such file or directory D:\xampp\htdocs\caiji\Ads\Lib\Action\IndexAction.class.php 第 66 行.

