[ 2017-06-11T22:31:06+08:00 ] 127.0.0.1 /index/checkProgress/0.1961652885127554
INFO: [ app_begin ] --START--
INFO: ReadHtmlCache Behavior ::run [ RunTime:0.000701s ]
INFO: [ app_begin ] --END-- [ RunTime:0.000763s ]
NOTIC: 建议使用I方法替代_post
NOTIC: [8192] mysql_connect(): The mysql extension is deprecated and will be removed in the future: use mysqli or PDO instead D:\xampp\htdocs\caiji\Lib\Driver\Db\DbMysql.class.php 第 55 行.
SQL: SHOW COLUMNS FROM `comics` [ RunTime:0.003536s ]
NOTIC: [8192] preg_replace(): The /e modifier is deprecated, use preg_replace_callback instead D:\xampp\htdocs\caiji\Lib\Core\Db.class.php 第 605 行.
SQL: SELECT count(*) as num FROM `comics` WHERE ( `is_del`='0' AND `type`='3' AND `status`='0'  ) LIMIT 1   [ RunTime:0.000512s ]
NOTIC: [8192] preg_replace(): The /e modifier is deprecated, use preg_replace_callback instead D:\xampp\htdocs\caiji\Lib\Core\Db.class.php 第 605 行.
SQL: SELECT count(*) as num FROM `comics` WHERE ( `is_del`='0' AND `type`='3' AND `status`='1'  ) LIMIT 1   [ RunTime:0.000497s ]
NOTIC: [8192] preg_replace(): The /e modifier is deprecated, use preg_replace_callback instead D:\xampp\htdocs\caiji\Lib\Core\Db.class.php 第 605 行.
SQL: SELECT count(*) as num FROM `comics` WHERE ( `is_del`='0' AND `type`='3' AND `status`='2'  ) LIMIT 1   [ RunTime:0.000503s ]

[ 2017-06-11T22:31:08+08:00 ] 127.0.0.1 /index/checkProgress/0.0710853581872366
INFO: [ app_begin ] --START--
INFO: ReadHtmlCache Behavior ::run [ RunTime:0.000765s ]
INFO: [ app_begin ] --END-- [ RunTime:0.000832s ]
NOTIC: 建议使用I方法替代_post
NOTIC: [8192] mysql_connect(): The mysql extension is deprecated and will be removed in the future: use mysqli or PDO instead D:\xampp\htdocs\caiji\Lib\Driver\Db\DbMysql.class.php 第 55 行.
SQL: SHOW COLUMNS FROM `comics` [ RunTime:0.003633s ]
NOTIC: [8192] preg_replace(): The /e modifier is deprecated, use preg_replace_callback instead D:\xampp\htdocs\caiji\Lib\Core\Db.class.php 第 605 行.
SQL: SELECT count(*) as num FROM `comics` WHERE ( `is_del`='0' AND `type`='3' AND `status`='0'  ) LIMIT 1   [ RunTime:0.000545s ]
NOTIC: [8192] preg_replace(): The /e modifier is deprecated, use preg_replace_callback instead D:\xampp\htdocs\caiji\Lib\Core\Db.class.php 第 605 行.
SQL: SELECT count(*) as num FROM `comics` WHERE ( `is_del`='0' AND `type`='3' AND `status`='1'  ) LIMIT 1   [ RunTime:0.000494s ]
NOTIC: [8192] preg_replace(): The /e modifier is deprecated, use preg_replace_callback instead D:\xampp\htdocs\caiji\Lib\Core\Db.class.php 第 605 行.
SQL: SELECT count(*) as num FROM `comics` WHERE ( `is_del`='0' AND `type`='3' AND `status`='2'  ) LIMIT 1   [ RunTime:0.000507s ]

[ 2017-06-11T22:31:10+08:00 ] 127.0.0.1 /index/checkProgress/0.232169198953039
INFO: [ app_begin ] --START--
INFO: ReadHtmlCache Behavior ::run [ RunTime:0.000666s ]
INFO: [ app_begin ] --END-- [ RunTime:0.000731s ]
NOTIC: 建议使用I方法替代_post
NOTIC: [8192] mysql_connect(): The mysql extension is deprecated and will be removed in the future: use mysqli or PDO instead D:\xampp\htdocs\caiji\Lib\Driver\Db\DbMysql.class.php 第 55 行.
SQL: SHOW COLUMNS FROM `comics` [ RunTime:0.004009s ]
NOTIC: [8192] preg_replace(): The /e modifier is deprecated, use preg_replace_callback instead D:\xampp\htdocs\caiji\Lib\Core\Db.class.php 第 605 行.
SQL: SELECT count(*) as num FROM `comics` WHERE ( `is_del`='0' AND `type`='3' AND `status`='0'  ) LIMIT 1   [ RunTime:0.000588s ]
NOTIC: [8192] preg_replace(): The /e modifier is deprecated, use preg_replace_callback instead D:\xampp\htdocs\caiji\Lib\Core\Db.class.php 第 605 行.
SQL: SELECT count(*) as num FROM `comics` WHERE ( `is_del`='0' AND `type`='3' AND `status`='1'  ) LIMIT 1   [ RunTime:0.000613s ]
NOTIC: [8192] preg_replace(): The /e modifier is deprecated, use preg_replace_callback instead D:\xampp\htdocs\caiji\Lib\Core\Db.class.php 第 605 行.
SQL: SELECT count(*) as num FROM `comics` WHERE ( `is_del`='0' AND `type`='3' AND `status`='2'  ) LIMIT 1   [ RunTime:0.000555s ]

[ 2017-06-11T22:31:12+08:00 ] 127.0.0.1 /index/checkProgress/0.43342712894919866
INFO: [ app_begin ] --START--
INFO: ReadHtmlCache Behavior ::run [ RunTime:0.000835s ]
INFO: [ app_begin ] --END-- [ RunTime:0.000919s ]
NOTIC: 建议使用I方法替代_post
NOTIC: [8192] mysql_connect(): The mysql extension is deprecated and will be removed in the future: use mysqli or PDO instead D:\xampp\htdocs\caiji\Lib\Driver\Db\DbMysql.class.php 第 55 行.
SQL: SHOW COLUMNS FROM `comics` [ RunTime:0.004171s ]
NOTIC: [8192] preg_replace(): The /e modifier is deprecated, use preg_replace_callback instead D:\xampp\htdocs\caiji\Lib\Core\Db.class.php 第 605 行.
SQL: SELECT count(*) as num FROM `comics` WHERE ( `is_del`='0' AND `type`='3' AND `status`='0'  ) LIMIT 1   [ RunTime:0.000787s ]
NOTIC: [8192] preg_replace(): The /e modifier is deprecated, use preg_replace_callback instead D:\xampp\htdocs\caiji\Lib\Core\Db.class.php 第 605 行.
SQL: SELECT count(*) as num FROM `comics` WHERE ( `is_del`='0' AND `type`='3' AND `status`='1'  ) LIMIT 1   [ RunTime:0.000692s ]
NOTIC: [8192] preg_replace(): The /e modifier is deprecated, use preg_replace_callback instead D:\xampp\htdocs\caiji\Lib\Core\Db.class.php 第 605 行.
SQL: SELECT count(*) as num FROM `comics` WHERE ( `is_del`='0' AND `type`='3' AND `status`='2'  ) LIMIT 1   [ RunTime:0.000768s ]

[ 2017-06-11T22:31:20+08:00 ] 127.0.0.1 /index/caijibuka
INFO: [ app_begin ] --START--
INFO: ReadHtmlCache Behavior ::run [ RunTime:0.000948s ]
INFO: [ app_begin ] --END-- [ RunTime:0.001044s ]
NOTIC: [8192] mysql_connect(): The mysql extension is deprecated and will be removed in the future: use mysqli or PDO instead D:\xampp\htdocs\caiji\Lib\Driver\Db\DbMysql.class.php 第 55 行.
SQL: SHOW COLUMNS FROM `comics` [ RunTime:0.004075s ]
NOTIC: [8192] preg_replace(): The /e modifier is deprecated, use preg_replace_callback instead D:\xampp\htdocs\caiji\Lib\Core\Db.class.php 第 605 行.
SQL: SELECT * FROM `comics` WHERE ( `is_del`='0' AND `type`='3'  ) ORDER BY `id` DESC  [ RunTime:0.000817s ]
SQL: UPDATE `comics` SET `status`=0 WHERE ( `is_del`='0' AND `type`='3'  ) [ RunTime:0.053520s ]
NOTIC: 建议使用I方法替代_post
SQL: SHOW COLUMNS FROM `caiji_record` [ RunTime:0.004229s ]
NOTIC: [8192] preg_replace(): The /e modifier is deprecated, use preg_replace_callback instead D:\xampp\htdocs\caiji\Lib\Core\Db.class.php 第 605 行.
SQL: SELECT * FROM `caiji_record` WHERE ( `comic_id` = 33 ) AND ( `caiji_date` = '2017-06-11' ) LIMIT 1   [ RunTime:0.000589s ]
SQL: UPDATE `caiji_record` SET `result`='{\"date\":\"2017-06-11\",\"time\":\"22:31:02\",\"name\":\"\\u7070\\u5e3d\\u5b50\\u8857\\u533a\",\"attension\":\"6675\",\"strenghth\":\"152.92\\u4e07\"}' WHERE ( `comic_id` = 33 ) AND ( `caiji_date` = '2017-06-11' ) [ RunTime:0.047332s ]
SQL: UPDATE `comics` SET `status`=1 WHERE ( `id` = 33 ) [ RunTime:0.021944s ]
NOTIC: [8192] preg_replace(): The /e modifier is deprecated, use preg_replace_callback instead D:\xampp\htdocs\caiji\Lib\Core\Db.class.php 第 605 行.
SQL: SELECT * FROM `caiji_record` WHERE ( `comic_id` = 29 ) AND ( `caiji_date` = '2017-06-11' ) LIMIT 1   [ RunTime:0.000729s ]
SQL: UPDATE `caiji_record` SET `result`='{\"date\":\"2017-06-11\",\"time\":\"22:31:02\",\"name\":\"\\u6708\\u9690\\u795e\",\"attension\":\"29.94\\u4e07\",\"strenghth\":\"1.58\\u4ebf\"}' WHERE ( `comic_id` = 29 ) AND ( `caiji_date` = '2017-06-11' ) [ RunTime:0.077597s ]
SQL: UPDATE `comics` SET `status`=1 WHERE ( `id` = 29 ) [ RunTime:0.083007s ]
NOTIC: [8192] preg_replace(): The /e modifier is deprecated, use preg_replace_callback instead D:\xampp\htdocs\caiji\Lib\Core\Db.class.php 第 605 行.
SQL: SELECT * FROM `caiji_record` WHERE ( `comic_id` = 28 ) AND ( `caiji_date` = '2017-06-11' ) LIMIT 1   [ RunTime:0.000693s ]
SQL: UPDATE `caiji_record` SET `result`='{\"date\":\"2017-06-11\",\"time\":\"22:31:02\",\"name\":\"\\u732b\\u8001\\u677f\",\"attension\":\"4.5\\u4e07\",\"strenghth\":\"1511.31\\u4e07\"}' WHERE ( `comic_id` = 28 ) AND ( `caiji_date` = '2017-06-11' ) [ RunTime:0.048528s ]
SQL: UPDATE `comics` SET `status`=1 WHERE ( `id` = 28 ) [ RunTime:0.021983s ]
NOTIC: [8192] preg_replace(): The /e modifier is deprecated, use preg_replace_callback instead D:\xampp\htdocs\caiji\Lib\Core\Db.class.php 第 605 行.
SQL: SELECT * FROM `caiji_record` WHERE ( `comic_id` = 27 ) AND ( `caiji_date` = '2017-06-11' ) LIMIT 1   [ RunTime:0.000578s ]
SQL: UPDATE `caiji_record` SET `result`='{\"date\":\"2017-06-11\",\"time\":\"22:31:02\",\"name\":\"404\\u533a\",\"attension\":\"3.84\\u4e07\",\"strenghth\":\"978.06\\u4e07\"}' WHERE ( `comic_id` = 27 ) AND ( `caiji_date` = '2017-06-11' ) [ RunTime:0.048377s ]
SQL: UPDATE `comics` SET `status`=1 WHERE ( `id` = 27 ) [ RunTime:0.021973s ]
NOTIC: [8192] preg_replace(): The /e modifier is deprecated, use preg_replace_callback instead D:\xampp\htdocs\caiji\Lib\Core\Db.class.php 第 605 行.
SQL: SELECT * FROM `caiji_record` WHERE ( `comic_id` = 26 ) AND ( `caiji_date` = '2017-06-11' ) LIMIT 1   [ RunTime:0.000586s ]
SQL: UPDATE `caiji_record` SET `result`='{\"date\":\"2017-06-11\",\"time\":\"22:31:02\",\"name\":\"\\u53ef\\u89e6\\u6478\\u7684\\u604b\\u4eba\",\"attension\":\"33.94\\u4e07\",\"strenghth\":\"2.67\\u4ebf\"}' WHERE ( `comic_id` = 26 ) AND ( `caiji_date` = '2017-06-11' ) [ RunTime:0.057370s ]
SQL: UPDATE `comics` SET `status`=1 WHERE ( `id` = 26 ) [ RunTime:0.035006s ]
NOTIC: [8192] preg_replace(): The /e modifier is deprecated, use preg_replace_callback instead D:\xampp\htdocs\caiji\Lib\Core\Db.class.php 第 605 行.
SQL: SELECT * FROM `caiji_record` WHERE ( `comic_id` = 25 ) AND ( `caiji_date` = '2017-06-11' ) LIMIT 1   [ RunTime:0.000554s ]
SQL: UPDATE `caiji_record` SET `result`='{\"date\":\"2017-06-11\",\"time\":\"22:31:02\",\"name\":\"TIMO\",\"attension\":\"3.56\\u4e07\",\"strenghth\":\"1081.42\\u4e07\"}' WHERE ( `comic_id` = 25 ) AND ( `caiji_date` = '2017-06-11' ) [ RunTime:0.026531s ]
SQL: UPDATE `comics` SET `status`=1 WHERE ( `id` = 25 ) [ RunTime:0.041457s ]
NOTIC: [8192] preg_replace(): The /e modifier is deprecated, use preg_replace_callback instead D:\xampp\htdocs\caiji\Lib\Core\Db.class.php 第 605 行.
SQL: SELECT * FROM `caiji_record` WHERE ( `comic_id` = 24 ) AND ( `caiji_date` = '2017-06-11' ) LIMIT 1   [ RunTime:0.000732s ]
SQL: UPDATE `caiji_record` SET `result`='{\"date\":\"2017-06-11\",\"time\":\"22:31:02\",\"name\":\"\\u5e73\\u86cb\\u7684\\u5a03\\u5a03\",\"attension\":\"34.88\\u4e07\",\"strenghth\":\"3.81\\u4ebf\"}' WHERE ( `comic_id` = 24 ) AND ( `caiji_date` = '2017-06-11' ) [ RunTime:0.090482s ]
SQL: UPDATE `comics` SET `status`=1 WHERE ( `id` = 24 ) [ RunTime:0.025199s ]
NOTIC: [8192] preg_replace(): The /e modifier is deprecated, use preg_replace_callback instead D:\xampp\htdocs\caiji\Lib\Core\Db.class.php 第 605 行.
SQL: SELECT * FROM `caiji_record` WHERE ( `comic_id` = 23 ) AND ( `caiji_date` = '2017-06-11' ) LIMIT 1   [ RunTime:0.000569s ]
SQL: UPDATE `caiji_record` SET `result`='{\"date\":\"2017-06-11\",\"time\":\"22:31:02\",\"name\":\"\\u6211\\u7684\\u670b\\u53cb\\u4e0d\\u662f\\u4eba\",\"attension\":\"23.87\\u4e07\",\"strenghth\":\"1.18\\u4ebf\"}' WHERE ( `comic_id` = 23 ) AND ( `caiji_date` = '2017-06-11' ) [ RunTime:0.030465s ]
SQL: UPDATE `comics` SET `status`=1 WHERE ( `id` = 23 ) [ RunTime:0.021990s ]
NOTIC: [8192] preg_replace(): The /e modifier is deprecated, use preg_replace_callback instead D:\xampp\htdocs\caiji\Lib\Core\Db.class.php 第 605 行.
SQL: SELECT * FROM `caiji_record` WHERE ( `comic_id` = 22 ) AND ( `caiji_date` = '2017-06-11' ) LIMIT 1   [ RunTime:0.000679s ]
SQL: UPDATE `caiji_record` SET `result`='{\"date\":\"2017-06-11\",\"time\":\"22:31:02\",\"name\":\"\\u5e7b\\u6e38\\u4ed9\\u4fa0\",\"attension\":\"6.89\\u4e07\",\"strenghth\":\"1637.14\\u4e07\"}' WHERE ( `comic_id` = 22 ) AND ( `caiji_date` = '2017-06-11' ) [ RunTime:0.107888s ]
SQL: UPDATE `comics` SET `status`=1 WHERE ( `id` = 22 ) [ RunTime:0.052526s ]
NOTIC: [8192] preg_replace(): The /e modifier is deprecated, use preg_replace_callback instead D:\xampp\htdocs\caiji\Lib\Core\Db.class.php 第 605 行.
SQL: SELECT * FROM `caiji_record` WHERE ( `comic_id` = 21 ) AND ( `caiji_date` = '2017-06-11' ) LIMIT 1   [ RunTime:0.000627s ]
SQL: UPDATE `caiji_record` SET `result`='{\"date\":\"2017-06-11\",\"time\":\"22:31:02\",\"name\":\"\\u91cd\\u75c7\\u9694\\u79bb\",\"attension\":\"12.47\\u4e07\",\"strenghth\":\"3324.51\\u4e07\"}' WHERE ( `comic_id` = 21 ) AND ( `caiji_date` = '2017-06-11' ) [ RunTime:0.058027s ]
SQL: UPDATE `comics` SET `status`=1 WHERE ( `id` = 21 ) [ RunTime:0.022049s ]
NOTIC: [8192] preg_replace(): The /e modifier is deprecated, use preg_replace_callback instead D:\xampp\htdocs\caiji\Lib\Core\Db.class.php 第 605 行.
SQL: SELECT * FROM `caiji_record` WHERE ( `comic_id` = 20 ) AND ( `caiji_date` = '2017-06-11' ) LIMIT 1   [ RunTime:0.000883s ]
SQL: UPDATE `caiji_record` SET `result`='{\"date\":\"2017-06-11\",\"time\":\"22:31:02\",\"name\":\"\\u5361\\u5c14\\u00b7\\u6000\\u7279\",\"attension\":\"18.35\\u4e07\",\"strenghth\":\"6866.39\\u4e07\"}' WHERE ( `comic_id` = 20 ) AND ( `caiji_date` = '2017-06-11' ) [ RunTime:0.055115s ]
SQL: UPDATE `comics` SET `status`=1 WHERE ( `id` = 20 ) [ RunTime:0.022069s ]
NOTIC: [2] unlink(./cookie.txt): No such file or directory D:\xampp\htdocs\caiji\Ads\Lib\Model\CaijiModel.class.php 第 107 行.

[ 2017-06-11T22:31:33+08:00 ] 127.0.0.1 /index/caijibukaimg
INFO: [ app_begin ] --START--
INFO: ReadHtmlCache Behavior ::run [ RunTime:0.000931s ]
INFO: [ app_begin ] --END-- [ RunTime:0.001013s ]

[ 2017-06-11T22:31:41+08:00 ] 127.0.0.1 /index/checkProgress/0.5707323206428438
INFO: [ app_begin ] --START--
INFO: ReadHtmlCache Behavior ::run [ RunTime:0.000667s ]
INFO: [ app_begin ] --END-- [ RunTime:0.000730s ]
NOTIC: 建议使用I方法替代_post
NOTIC: [8192] mysql_connect(): The mysql extension is deprecated and will be removed in the future: use mysqli or PDO instead D:\xampp\htdocs\caiji\Lib\Driver\Db\DbMysql.class.php 第 55 行.
SQL: SHOW COLUMNS FROM `comics` [ RunTime:0.003521s ]
NOTIC: [8192] preg_replace(): The /e modifier is deprecated, use preg_replace_callback instead D:\xampp\htdocs\caiji\Lib\Core\Db.class.php 第 605 行.
SQL: SELECT count(*) as num FROM `comics` WHERE ( `is_del`='0' AND `type`='3' AND `status`='0'  ) LIMIT 1   [ RunTime:0.000520s ]
NOTIC: [8192] preg_replace(): The /e modifier is deprecated, use preg_replace_callback instead D:\xampp\htdocs\caiji\Lib\Core\Db.class.php 第 605 行.
SQL: SELECT count(*) as num FROM `comics` WHERE ( `is_del`='0' AND `type`='3' AND `status`='1'  ) LIMIT 1   [ RunTime:0.000495s ]
NOTIC: [8192] preg_replace(): The /e modifier is deprecated, use preg_replace_callback instead D:\xampp\htdocs\caiji\Lib\Core\Db.class.php 第 605 行.
SQL: SELECT count(*) as num FROM `comics` WHERE ( `is_del`='0' AND `type`='3' AND `status`='2'  ) LIMIT 1   [ RunTime:0.000508s ]

[ 2017-06-11T22:31:43+08:00 ] 127.0.0.1 /index/checkProgress/0.317691858662817
INFO: [ app_begin ] --START--
INFO: ReadHtmlCache Behavior ::run [ RunTime:0.000664s ]
INFO: [ app_begin ] --END-- [ RunTime:0.000727s ]
NOTIC: 建议使用I方法替代_post
NOTIC: [8192] mysql_connect(): The mysql extension is deprecated and will be removed in the future: use mysqli or PDO instead D:\xampp\htdocs\caiji\Lib\Driver\Db\DbMysql.class.php 第 55 行.
SQL: SHOW COLUMNS FROM `comics` [ RunTime:0.003659s ]
NOTIC: [8192] preg_replace(): The /e modifier is deprecated, use preg_replace_callback instead D:\xampp\htdocs\caiji\Lib\Core\Db.class.php 第 605 行.
SQL: SELECT count(*) as num FROM `comics` WHERE ( `is_del`='0' AND `type`='3' AND `status`='0'  ) LIMIT 1   [ RunTime:0.000520s ]
NOTIC: [8192] preg_replace(): The /e modifier is deprecated, use preg_replace_callback instead D:\xampp\htdocs\caiji\Lib\Core\Db.class.php 第 605 行.
SQL: SELECT count(*) as num FROM `comics` WHERE ( `is_del`='0' AND `type`='3' AND `status`='1'  ) LIMIT 1   [ RunTime:0.000496s ]
NOTIC: [8192] preg_replace(): The /e modifier is deprecated, use preg_replace_callback instead D:\xampp\htdocs\caiji\Lib\Core\Db.class.php 第 605 行.
SQL: SELECT count(*) as num FROM `comics` WHERE ( `is_del`='0' AND `type`='3' AND `status`='2'  ) LIMIT 1   [ RunTime:0.000506s ]

[ 2017-06-11T22:31:45+08:00 ] 127.0.0.1 /index/checkProgress/0.9508972408637302
INFO: [ app_begin ] --START--
INFO: ReadHtmlCache Behavior ::run [ RunTime:0.000680s ]
INFO: [ app_begin ] --END-- [ RunTime:0.000747s ]
NOTIC: 建议使用I方法替代_post
NOTIC: [8192] mysql_connect(): The mysql extension is deprecated and will be removed in the future: use mysqli or PDO instead D:\xampp\htdocs\caiji\Lib\Driver\Db\DbMysql.class.php 第 55 行.
SQL: SHOW COLUMNS FROM `comics` [ RunTime:0.003662s ]
NOTIC: [8192] preg_replace(): The /e modifier is deprecated, use preg_replace_callback instead D:\xampp\htdocs\caiji\Lib\Core\Db.class.php 第 605 行.
SQL: SELECT count(*) as num FROM `comics` WHERE ( `is_del`='0' AND `type`='3' AND `status`='0'  ) LIMIT 1   [ RunTime:0.000553s ]
NOTIC: [8192] preg_replace(): The /e modifier is deprecated, use preg_replace_callback instead D:\xampp\htdocs\caiji\Lib\Core\Db.class.php 第 605 行.
SQL: SELECT count(*) as num FROM `comics` WHERE ( `is_del`='0' AND `type`='3' AND `status`='1'  ) LIMIT 1   [ RunTime:0.000543s ]
NOTIC: [8192] preg_replace(): The /e modifier is deprecated, use preg_replace_callback instead D:\xampp\htdocs\caiji\Lib\Core\Db.class.php 第 605 行.
SQL: SELECT count(*) as num FROM `comics` WHERE ( `is_del`='0' AND `type`='3' AND `status`='2'  ) LIMIT 1   [ RunTime:0.000507s ]

[ 2017-06-11T22:31:47+08:00 ] 127.0.0.1 /index/checkProgress/0.48514499274791967
INFO: [ app_begin ] --START--
INFO: ReadHtmlCache Behavior ::run [ RunTime:0.000776s ]
INFO: [ app_begin ] --END-- [ RunTime:0.000850s ]
NOTIC: 建议使用I方法替代_post
NOTIC: [8192] mysql_connect(): The mysql extension is deprecated and will be removed in the future: use mysqli or PDO instead D:\xampp\htdocs\caiji\Lib\Driver\Db\DbMysql.class.php 第 55 行.
SQL: SHOW COLUMNS FROM `comics` [ RunTime:0.003733s ]
NOTIC: [8192] preg_replace(): The /e modifier is deprecated, use preg_replace_callback instead D:\xampp\htdocs\caiji\Lib\Core\Db.class.php 第 605 行.
SQL: SELECT count(*) as num FROM `comics` WHERE ( `is_del`='0' AND `type`='3' AND `status`='0'  ) LIMIT 1   [ RunTime:0.000563s ]
NOTIC: [8192] preg_replace(): The /e modifier is deprecated, use preg_replace_callback instead D:\xampp\htdocs\caiji\Lib\Core\Db.class.php 第 605 行.
SQL: SELECT count(*) as num FROM `comics` WHERE ( `is_del`='0' AND `type`='3' AND `status`='1'  ) LIMIT 1   [ RunTime:0.000569s ]
NOTIC: [8192] preg_replace(): The /e modifier is deprecated, use preg_replace_callback instead D:\xampp\htdocs\caiji\Lib\Core\Db.class.php 第 605 行.
SQL: SELECT count(*) as num FROM `comics` WHERE ( `is_del`='0' AND `type`='3' AND `status`='2'  ) LIMIT 1   [ RunTime:0.000525s ]

[ 2017-06-11T22:31:49+08:00 ] 127.0.0.1 /index/checkProgress/0.5466573261094214
INFO: [ app_begin ] --START--
INFO: ReadHtmlCache Behavior ::run [ RunTime:0.000699s ]
INFO: [ app_begin ] --END-- [ RunTime:0.000769s ]
NOTIC: 建议使用I方法替代_post
NOTIC: [8192] mysql_connect(): The mysql extension is deprecated and will be removed in the future: use mysqli or PDO instead D:\xampp\htdocs\caiji\Lib\Driver\Db\DbMysql.class.php 第 55 行.
SQL: SHOW COLUMNS FROM `comics` [ RunTime:0.003808s ]
NOTIC: [8192] preg_replace(): The /e modifier is deprecated, use preg_replace_callback instead D:\xampp\htdocs\caiji\Lib\Core\Db.class.php 第 605 行.
SQL: SELECT count(*) as num FROM `comics` WHERE ( `is_del`='0' AND `type`='3' AND `status`='0'  ) LIMIT 1   [ RunTime:0.000538s ]
NOTIC: [8192] preg_replace(): The /e modifier is deprecated, use preg_replace_callback instead D:\xampp\htdocs\caiji\Lib\Core\Db.class.php 第 605 行.
SQL: SELECT count(*) as num FROM `comics` WHERE ( `is_del`='0' AND `type`='3' AND `status`='1'  ) LIMIT 1   [ RunTime:0.000519s ]
NOTIC: [8192] preg_replace(): The /e modifier is deprecated, use preg_replace_callback instead D:\xampp\htdocs\caiji\Lib\Core\Db.class.php 第 605 行.
SQL: SELECT count(*) as num FROM `comics` WHERE ( `is_del`='0' AND `type`='3' AND `status`='2'  ) LIMIT 1   [ RunTime:0.000504s ]

[ 2017-06-11T22:31:51+08:00 ] 127.0.0.1 /index/checkProgress/0.12332806870525048
INFO: [ app_begin ] --START--
INFO: ReadHtmlCache Behavior ::run [ RunTime:0.000675s ]
INFO: [ app_begin ] --END-- [ RunTime:0.000742s ]
NOTIC: 建议使用I方法替代_post
NOTIC: [8192] mysql_connect(): The mysql extension is deprecated and will be removed in the future: use mysqli or PDO instead D:\xampp\htdocs\caiji\Lib\Driver\Db\DbMysql.class.php 第 55 行.
SQL: SHOW COLUMNS FROM `comics` [ RunTime:0.003831s ]
NOTIC: [8192] preg_replace(): The /e modifier is deprecated, use preg_replace_callback instead D:\xampp\htdocs\caiji\Lib\Core\Db.class.php 第 605 行.
SQL: SELECT count(*) as num FROM `comics` WHERE ( `is_del`='0' AND `type`='3' AND `status`='0'  ) LIMIT 1   [ RunTime:0.000752s ]
NOTIC: [8192] preg_replace(): The /e modifier is deprecated, use preg_replace_callback instead D:\xampp\htdocs\caiji\Lib\Core\Db.class.php 第 605 行.
SQL: SELECT count(*) as num FROM `comics` WHERE ( `is_del`='0' AND `type`='3' AND `status`='1'  ) LIMIT 1   [ RunTime:0.000568s ]
NOTIC: [8192] preg_replace(): The /e modifier is deprecated, use preg_replace_callback instead D:\xampp\htdocs\caiji\Lib\Core\Db.class.php 第 605 行.
SQL: SELECT count(*) as num FROM `comics` WHERE ( `is_del`='0' AND `type`='3' AND `status`='2'  ) LIMIT 1   [ RunTime:0.000522s ]

[ 2017-06-11T22:31:53+08:00 ] 127.0.0.1 /index/checkProgress/0.889210604737708
INFO: [ app_begin ] --START--
INFO: ReadHtmlCache Behavior ::run [ RunTime:0.000667s ]
INFO: [ app_begin ] --END-- [ RunTime:0.000731s ]
NOTIC: 建议使用I方法替代_post
NOTIC: [8192] mysql_connect(): The mysql extension is deprecated and will be removed in the future: use mysqli or PDO instead D:\xampp\htdocs\caiji\Lib\Driver\Db\DbMysql.class.php 第 55 行.
SQL: SHOW COLUMNS FROM `comics` [ RunTime:0.003651s ]
NOTIC: [8192] preg_replace(): The /e modifier is deprecated, use preg_replace_callback instead D:\xampp\htdocs\caiji\Lib\Core\Db.class.php 第 605 行.
SQL: SELECT count(*) as num FROM `comics` WHERE ( `is_del`='0' AND `type`='3' AND `status`='0'  ) LIMIT 1   [ RunTime:0.000517s ]
NOTIC: [8192] preg_replace(): The /e modifier is deprecated, use preg_replace_callback instead D:\xampp\htdocs\caiji\Lib\Core\Db.class.php 第 605 行.
SQL: SELECT count(*) as num FROM `comics` WHERE ( `is_del`='0' AND `type`='3' AND `status`='1'  ) LIMIT 1   [ RunTime:0.000597s ]
NOTIC: [8192] preg_replace(): The /e modifier is deprecated, use preg_replace_callback instead D:\xampp\htdocs\caiji\Lib\Core\Db.class.php 第 605 行.
SQL: SELECT count(*) as num FROM `comics` WHERE ( `is_del`='0' AND `type`='3' AND `status`='2'  ) LIMIT 1   [ RunTime:0.000620s ]

[ 2017-06-11T22:31:55+08:00 ] 127.0.0.1 /index/checkProgress/0.838758341902047
INFO: [ app_begin ] --START--
INFO: ReadHtmlCache Behavior ::run [ RunTime:0.000710s ]
INFO: [ app_begin ] --END-- [ RunTime:0.000774s ]
NOTIC: 建议使用I方法替代_post
NOTIC: [8192] mysql_connect(): The mysql extension is deprecated and will be removed in the future: use mysqli or PDO instead D:\xampp\htdocs\caiji\Lib\Driver\Db\DbMysql.class.php 第 55 行.
SQL: SHOW COLUMNS FROM `comics` [ RunTime:0.003671s ]
NOTIC: [8192] preg_replace(): The /e modifier is deprecated, use preg_replace_callback instead D:\xampp\htdocs\caiji\Lib\Core\Db.class.php 第 605 行.
SQL: SELECT count(*) as num FROM `comics` WHERE ( `is_del`='0' AND `type`='3' AND `status`='0'  ) LIMIT 1   [ RunTime:0.000542s ]
NOTIC: [8192] preg_replace(): The /e modifier is deprecated, use preg_replace_callback instead D:\xampp\htdocs\caiji\Lib\Core\Db.class.php 第 605 行.
SQL: SELECT count(*) as num FROM `comics` WHERE ( `is_del`='0' AND `type`='3' AND `status`='1'  ) LIMIT 1   [ RunTime:0.000501s ]
NOTIC: [8192] preg_replace(): The /e modifier is deprecated, use preg_replace_callback instead D:\xampp\htdocs\caiji\Lib\Core\Db.class.php 第 605 行.
SQL: SELECT count(*) as num FROM `comics` WHERE ( `is_del`='0' AND `type`='3' AND `status`='2'  ) LIMIT 1   [ RunTime:0.000528s ]

[ 2017-06-11T22:31:56+08:00 ] 127.0.0.1 /index/caijibuka
INFO: [ app_begin ] --START--
INFO: ReadHtmlCache Behavior ::run [ RunTime:0.000947s ]
INFO: [ app_begin ] --END-- [ RunTime:0.001042s ]
NOTIC: [8192] mysql_connect(): The mysql extension is deprecated and will be removed in the future: use mysqli or PDO instead D:\xampp\htdocs\caiji\Lib\Driver\Db\DbMysql.class.php 第 55 行.
SQL: SHOW COLUMNS FROM `comics` [ RunTime:0.004132s ]
NOTIC: [8192] preg_replace(): The /e modifier is deprecated, use preg_replace_callback instead D:\xampp\htdocs\caiji\Lib\Core\Db.class.php 第 605 行.
SQL: SELECT * FROM `comics` WHERE ( `is_del`='0' AND `type`='3'  ) ORDER BY `id` DESC  [ RunTime:0.000743s ]
SQL: UPDATE `comics` SET `status`=0 WHERE ( `is_del`='0' AND `type`='3'  ) [ RunTime:0.068027s ]
NOTIC: 建议使用I方法替代_post
SQL: SHOW COLUMNS FROM `caiji_record` [ RunTime:0.003451s ]
NOTIC: [8192] preg_replace(): The /e modifier is deprecated, use preg_replace_callback instead D:\xampp\htdocs\caiji\Lib\Core\Db.class.php 第 605 行.
SQL: SELECT * FROM `caiji_record` WHERE ( `comic_id` = 33 ) AND ( `caiji_date` = '2017-06-11' ) LIMIT 1   [ RunTime:0.000546s ]
SQL: UPDATE `caiji_record` SET `result`='{\"date\":\"2017-06-11\",\"time\":\"22:31:39\",\"name\":\"\\u7070\\u5e3d\\u5b50\\u8857\\u533a\",\"attension\":\"6675\",\"strenghth\":\"152.92\\u4e07\"}' WHERE ( `comic_id` = 33 ) AND ( `caiji_date` = '2017-06-11' ) [ RunTime:0.041673s ]
SQL: UPDATE `comics` SET `status`=1 WHERE ( `id` = 33 ) [ RunTime:0.022024s ]
NOTIC: [8192] preg_replace(): The /e modifier is deprecated, use preg_replace_callback instead D:\xampp\htdocs\caiji\Lib\Core\Db.class.php 第 605 行.
SQL: SELECT * FROM `caiji_record` WHERE ( `comic_id` = 29 ) AND ( `caiji_date` = '2017-06-11' ) LIMIT 1   [ RunTime:0.000560s ]
SQL: UPDATE `caiji_record` SET `result`='{\"date\":\"2017-06-11\",\"time\":\"22:31:39\",\"name\":\"\\u6708\\u9690\\u795e\",\"attension\":\"29.94\\u4e07\",\"strenghth\":\"1.58\\u4ebf\"}' WHERE ( `comic_id` = 29 ) AND ( `caiji_date` = '2017-06-11' ) [ RunTime:0.040041s ]
SQL: UPDATE `comics` SET `status`=1 WHERE ( `id` = 29 ) [ RunTime:0.022008s ]
NOTIC: [8192] preg_replace(): The /e modifier is deprecated, use preg_replace_callback instead D:\xampp\htdocs\caiji\Lib\Core\Db.class.php 第 605 行.
SQL: SELECT * FROM `caiji_record` WHERE ( `comic_id` = 28 ) AND ( `caiji_date` = '2017-06-11' ) LIMIT 1   [ RunTime:0.000558s ]
SQL: UPDATE `caiji_record` SET `result`='{\"date\":\"2017-06-11\",\"time\":\"22:31:39\",\"name\":\"\\u732b\\u8001\\u677f\",\"attension\":\"4.5\\u4e07\",\"strenghth\":\"1511.31\\u4e07\"}' WHERE ( `comic_id` = 28 ) AND ( `caiji_date` = '2017-06-11' ) [ RunTime:0.026807s ]
SQL: UPDATE `comics` SET `status`=1 WHERE ( `id` = 28 ) [ RunTime:0.022017s ]
NOTIC: [8192] preg_replace(): The /e modifier is deprecated, use preg_replace_callback instead D:\xampp\htdocs\caiji\Lib\Core\Db.class.php 第 605 行.
SQL: SELECT * FROM `caiji_record` WHERE ( `comic_id` = 27 ) AND ( `caiji_date` = '2017-06-11' ) LIMIT 1   [ RunTime:0.000560s ]
SQL: UPDATE `caiji_record` SET `result`='{\"date\":\"2017-06-11\",\"time\":\"22:31:39\",\"name\":\"404\\u533a\",\"attension\":\"3.84\\u4e07\",\"strenghth\":\"978.06\\u4e07\"}' WHERE ( `comic_id` = 27 ) AND ( `caiji_date` = '2017-06-11' ) [ RunTime:0.126659s ]
SQL: UPDATE `comics` SET `status`=1 WHERE ( `id` = 27 ) [ RunTime:0.024486s ]
NOTIC: [8192] preg_replace(): The /e modifier is deprecated, use preg_replace_callback instead D:\xampp\htdocs\caiji\Lib\Core\Db.class.php 第 605 行.
SQL: SELECT * FROM `caiji_record` WHERE ( `comic_id` = 26 ) AND ( `caiji_date` = '2017-06-11' ) LIMIT 1   [ RunTime:0.001477s ]
SQL: UPDATE `caiji_record` SET `result`='{\"date\":\"2017-06-11\",\"time\":\"22:31:39\",\"name\":\"\\u53ef\\u89e6\\u6478\\u7684\\u604b\\u4eba\",\"attension\":\"33.94\\u4e07\",\"strenghth\":\"2.67\\u4ebf\"}' WHERE ( `comic_id` = 26 ) AND ( `caiji_date` = '2017-06-11' ) [ RunTime:0.071411s ]
SQL: UPDATE `comics` SET `status`=1 WHERE ( `id` = 26 ) [ RunTime:0.038656s ]
NOTIC: [8192] preg_replace(): The /e modifier is deprecated, use preg_replace_callback instead D:\xampp\htdocs\caiji\Lib\Core\Db.class.php 第 605 行.
SQL: SELECT * FROM `caiji_record` WHERE ( `comic_id` = 25 ) AND ( `caiji_date` = '2017-06-11' ) LIMIT 1   [ RunTime:0.000835s ]
SQL: UPDATE `caiji_record` SET `result`='{\"date\":\"2017-06-11\",\"time\":\"22:31:39\",\"name\":\"TIMO\",\"attension\":\"3.56\\u4e07\",\"strenghth\":\"1081.42\\u4e07\"}' WHERE ( `comic_id` = 25 ) AND ( `caiji_date` = '2017-06-11' ) [ RunTime:0.033311s ]
SQL: UPDATE `comics` SET `status`=1 WHERE ( `id` = 25 ) [ RunTime:0.021912s ]
NOTIC: [8192] preg_replace(): The /e modifier is deprecated, use preg_replace_callback instead D:\xampp\htdocs\caiji\Lib\Core\Db.class.php 第 605 行.
SQL: SELECT * FROM `caiji_record` WHERE ( `comic_id` = 24 ) AND ( `caiji_date` = '2017-06-11' ) LIMIT 1   [ RunTime:0.000579s ]
SQL: UPDATE `caiji_record` SET `result`='{\"date\":\"2017-06-11\",\"time\":\"22:31:39\",\"name\":\"\\u5e73\\u86cb\\u7684\\u5a03\\u5a03\",\"attension\":\"34.88\\u4e07\",\"strenghth\":\"3.81\\u4ebf\"}' WHERE ( `comic_id` = 24 ) AND ( `caiji_date` = '2017-06-11' ) [ RunTime:0.038080s ]
SQL: UPDATE `comics` SET `status`=1 WHERE ( `id` = 24 ) [ RunTime:0.021984s ]
NOTIC: [8192] preg_replace(): The /e modifier is deprecated, use preg_replace_callback instead D:\xampp\htdocs\caiji\Lib\Core\Db.class.php 第 605 行.
SQL: SELECT * FROM `caiji_record` WHERE ( `comic_id` = 23 ) AND ( `caiji_date` = '2017-06-11' ) LIMIT 1   [ RunTime:0.000616s ]
SQL: UPDATE `caiji_record` SET `result`='{\"date\":\"2017-06-11\",\"time\":\"22:31:39\",\"name\":\"\\u6211\\u7684\\u670b\\u53cb\\u4e0d\\u662f\\u4eba\",\"attension\":\"23.87\\u4e07\",\"strenghth\":\"1.18\\u4ebf\"}' WHERE ( `comic_id` = 23 ) AND ( `caiji_date` = '2017-06-11' ) [ RunTime:0.030478s ]
SQL: UPDATE `comics` SET `status`=1 WHERE ( `id` = 23 ) [ RunTime:0.022024s ]
NOTIC: [8192] preg_replace(): The /e modifier is deprecated, use preg_replace_callback instead D:\xampp\htdocs\caiji\Lib\Core\Db.class.php 第 605 行.
SQL: SELECT * FROM `caiji_record` WHERE ( `comic_id` = 22 ) AND ( `caiji_date` = '2017-06-11' ) LIMIT 1   [ RunTime:0.000642s ]
SQL: UPDATE `caiji_record` SET `result`='{\"date\":\"2017-06-11\",\"time\":\"22:31:39\",\"name\":\"\\u5e7b\\u6e38\\u4ed9\\u4fa0\",\"attension\":\"6.89\\u4e07\",\"strenghth\":\"1637.14\\u4e07\"}' WHERE ( `comic_id` = 22 ) AND ( `caiji_date` = '2017-06-11' ) [ RunTime:0.050740s ]
SQL: UPDATE `comics` SET `status`=1 WHERE ( `id` = 22 ) [ RunTime:0.019166s ]
NOTIC: [8192] preg_replace(): The /e modifier is deprecated, use preg_replace_callback instead D:\xampp\htdocs\caiji\Lib\Core\Db.class.php 第 605 行.
SQL: SELECT * FROM `caiji_record` WHERE ( `comic_id` = 21 ) AND ( `caiji_date` = '2017-06-11' ) LIMIT 1   [ RunTime:0.000651s ]
SQL: UPDATE `caiji_record` SET `result`='{\"date\":\"2017-06-11\",\"time\":\"22:31:39\",\"name\":\"\\u91cd\\u75c7\\u9694\\u79bb\",\"attension\":\"12.47\\u4e07\",\"strenghth\":\"3324.51\\u4e07\"}' WHERE ( `comic_id` = 21 ) AND ( `caiji_date` = '2017-06-11' ) [ RunTime:0.030578s ]
SQL: UPDATE `comics` SET `status`=1 WHERE ( `id` = 21 ) [ RunTime:0.019082s ]
NOTIC: [8192] preg_replace(): The /e modifier is deprecated, use preg_replace_callback instead D:\xampp\htdocs\caiji\Lib\Core\Db.class.php 第 605 行.
SQL: SELECT * FROM `caiji_record` WHERE ( `comic_id` = 20 ) AND ( `caiji_date` = '2017-06-11' ) LIMIT 1   [ RunTime:0.000623s ]
SQL: UPDATE `caiji_record` SET `result`='{\"date\":\"2017-06-11\",\"time\":\"22:31:39\",\"name\":\"\\u5361\\u5c14\\u00b7\\u6000\\u7279\",\"attension\":\"18.35\\u4e07\",\"strenghth\":\"6866.39\\u4e07\"}' WHERE ( `comic_id` = 20 ) AND ( `caiji_date` = '2017-06-11' ) [ RunTime:0.025217s ]
SQL: UPDATE `comics` SET `status`=1 WHERE ( `id` = 20 ) [ RunTime:0.022012s ]
NOTIC: [2] unlink(./cookie.txt): No such file or directory D:\xampp\htdocs\caiji\Ads\Lib\Model\CaijiModel.class.php 第 107 行.

[ 2017-06-11T22:31:57+08:00 ] 127.0.0.1 /index/checkProgress/0.9350525129128828
INFO: [ app_begin ] --START--
INFO: ReadHtmlCache Behavior ::run [ RunTime:0.000853s ]
INFO: [ app_begin ] --END-- [ RunTime:0.000921s ]
NOTIC: 建议使用I方法替代_post
NOTIC: [8192] mysql_connect(): The mysql extension is deprecated and will be removed in the future: use mysqli or PDO instead D:\xampp\htdocs\caiji\Lib\Driver\Db\DbMysql.class.php 第 55 行.
SQL: SHOW COLUMNS FROM `comics` [ RunTime:0.003709s ]
NOTIC: [8192] preg_replace(): The /e modifier is deprecated, use preg_replace_callback instead D:\xampp\htdocs\caiji\Lib\Core\Db.class.php 第 605 行.
SQL: SELECT count(*) as num FROM `comics` WHERE ( `is_del`='0' AND `type`='3' AND `status`='0'  ) LIMIT 1   [ RunTime:0.000530s ]
NOTIC: [8192] preg_replace(): The /e modifier is deprecated, use preg_replace_callback instead D:\xampp\htdocs\caiji\Lib\Core\Db.class.php 第 605 行.
SQL: SELECT count(*) as num FROM `comics` WHERE ( `is_del`='0' AND `type`='3' AND `status`='1'  ) LIMIT 1   [ RunTime:0.000496s ]
NOTIC: [8192] preg_replace(): The /e modifier is deprecated, use preg_replace_callback instead D:\xampp\htdocs\caiji\Lib\Core\Db.class.php 第 605 行.
SQL: SELECT count(*) as num FROM `comics` WHERE ( `is_del`='0' AND `type`='3' AND `status`='2'  ) LIMIT 1   [ RunTime:0.000534s ]

[ 2017-06-11T22:32:37+08:00 ] 127.0.0.1 /index/export
NOTIC: 建议使用I方法替代_post
NOTIC: 建议使用I方法替代_post
NOTIC: 建议使用I方法替代_post
NOTIC: 建议使用I方法替代_post
NOTIC: 建议使用I方法替代_post
NOTIC: 建议使用I方法替代_post
NOTIC: 建议使用I方法替代_post

