[ 2017-06-07T15:14:24+08:00 ] 127.0.0.1 /
ERR: Access denied for user 'root'@'localhost' (using password: NO)

[ 2017-06-07T16:38:04+08:00 ] 127.0.0.1 /index/addComic
INFO: [ app_begin ] --START--
INFO: ReadHtmlCache Behavior ::run [ RunTime:0.000000s ]
INFO: [ app_begin ] --END-- [ RunTime:0.000000s ]
NOTIC: 建议使用I方法替代_post
NOTIC: 建议使用I方法替代_post
NOTIC: [8192] mysql_connect(): The mysql extension is deprecated and will be removed in the future: use mysqli or PDO instead D:\xampp\htdocs\caiji\Lib\Driver\Db\DbMysql.class.php 第 55 行.
SQL: SHOW COLUMNS FROM `comics` [ RunTime:0.003000s ]
SQL: INSERT INTO `comics` (`name`,`url`) VALUES ('1111',null) [ RunTime:0.199011s ]

[ 2017-06-07T16:38:22+08:00 ] 127.0.0.1 /index/addComic
INFO: [ app_begin ] --START--
INFO: ReadHtmlCache Behavior ::run [ RunTime:0.001000s ]
INFO: [ app_begin ] --END-- [ RunTime:0.001000s ]
NOTIC: 建议使用I方法替代_post
NOTIC: 建议使用I方法替代_post
NOTIC: [8192] mysql_connect(): The mysql extension is deprecated and will be removed in the future: use mysqli or PDO instead D:\xampp\htdocs\caiji\Lib\Driver\Db\DbMysql.class.php 第 55 行.
SQL: SHOW COLUMNS FROM `comics` [ RunTime:0.004000s ]
SQL: INSERT INTO `comics` (`name`,`url`) VALUES ('1111',null) [ RunTime:0.064004s ]

[ 2017-06-07T16:39:07+08:00 ] 127.0.0.1 /index/add-comic
INFO: [ app_begin ] --START--
INFO: ReadHtmlCache Behavior ::run [ RunTime:0.000000s ]
INFO: [ app_begin ] --END-- [ RunTime:0.001000s ]
ERR: 非法操作:add-comic

[ 2017-06-07T16:39:21+08:00 ] 127.0.0.1 /index/add-comic
INFO: [ app_begin ] --START--
INFO: ReadHtmlCache Behavior ::run [ RunTime:0.001000s ]
INFO: [ app_begin ] --END-- [ RunTime:0.001000s ]
ERR: 非法操作:add-comic

[ 2017-06-07T16:40:34+08:00 ] 127.0.0.1 /index/addComic
INFO: [ app_begin ] --START--
INFO: ReadHtmlCache Behavior ::run [ RunTime:0.001000s ]
INFO: [ app_begin ] --END-- [ RunTime:0.001000s ]
NOTIC: 建议使用I方法替代_post
NOTIC: 建议使用I方法替代_post
NOTIC: [8192] mysql_connect(): The mysql extension is deprecated and will be removed in the future: use mysqli or PDO instead D:\xampp\htdocs\caiji\Lib\Driver\Db\DbMysql.class.php 第 55 行.
SQL: SHOW COLUMNS FROM `comics` [ RunTime:0.016000s ]
SQL: INSERT INTO `comics` (`name`,`url`) VALUES ('4444','http://ac.qq.com/Comic/comicInfo/id/550389') [ RunTime:0.180011s ]

[ 2017-06-07T16:46:51+08:00 ] 127.0.0.1 /index/addComic
INFO: [ app_begin ] --START--
INFO: ReadHtmlCache Behavior ::run [ RunTime:0.000000s ]
INFO: [ app_begin ] --END-- [ RunTime:0.000000s ]
NOTIC: 建议使用I方法替代_post
NOTIC: 建议使用I方法替代_post
NOTIC: [8192] mysql_connect(): The mysql extension is deprecated and will be removed in the future: use mysqli or PDO instead D:\xampp\htdocs\caiji\Lib\Driver\Db\DbMysql.class.php 第 55 行.
SQL: SHOW COLUMNS FROM `comics` [ RunTime:0.003000s ]
SQL: INSERT INTO `comics` (`name`,`url`) VALUES ('你与我相遇','http://ac.qq.com/Comic/comicInfo/id/550389') [ RunTime:0.307017s ]

[ 2017-06-07T17:11:11+08:00 ] 127.0.0.1 /index/addComic
INFO: [ app_begin ] --START--
INFO: ReadHtmlCache Behavior ::run [ RunTime:0.001000s ]
INFO: [ app_begin ] --END-- [ RunTime:0.001000s ]
NOTIC: 建议使用I方法替代_post
NOTIC: 建议使用I方法替代_post
NOTIC: [8192] mysql_connect(): The mysql extension is deprecated and will be removed in the future: use mysqli or PDO instead D:\xampp\htdocs\caiji\Lib\Driver\Db\DbMysql.class.php 第 55 行.
SQL: SHOW COLUMNS FROM `comics` [ RunTime:0.003000s ]
SQL: INSERT INTO `comics` (`name`,`url`) VALUES ('你与我相遇','http://ac.qq.com/Comic/comicInfo/id/550389') [ RunTime:0.108005s ]

[ 2017-06-07T17:11:26+08:00 ] 127.0.0.1 /index/addComic
INFO: [ app_begin ] --START--
INFO: ReadHtmlCache Behavior ::run [ RunTime:0.002000s ]
INFO: [ app_begin ] --END-- [ RunTime:0.002000s ]
NOTIC: 建议使用I方法替代_post
NOTIC: 建议使用I方法替代_post
NOTIC: [8192] mysql_connect(): The mysql extension is deprecated and will be removed in the future: use mysqli or PDO instead D:\xampp\htdocs\caiji\Lib\Driver\Db\DbMysql.class.php 第 55 行.
SQL: SHOW COLUMNS FROM `comics` [ RunTime:0.003000s ]
SQL: INSERT INTO `comics` (`name`,`url`) VALUES ('你与我相遇','http://ac.qq.com/Comic/comicInfo/id/550389') [ RunTime:0.063004s ]

[ 2017-06-07T17:12:03+08:00 ] 127.0.0.1 /index/addComic
INFO: [ app_begin ] --START--
INFO: ReadHtmlCache Behavior ::run [ RunTime:0.001000s ]
INFO: [ app_begin ] --END-- [ RunTime:0.001000s ]
NOTIC: 建议使用I方法替代_post
NOTIC: 建议使用I方法替代_post
NOTIC: [8192] mysql_connect(): The mysql extension is deprecated and will be removed in the future: use mysqli or PDO instead D:\xampp\htdocs\caiji\Lib\Driver\Db\DbMysql.class.php 第 55 行.
SQL: SHOW COLUMNS FROM `comics` [ RunTime:0.004000s ]
SQL: INSERT INTO `comics` (`name`,`url`) VALUES ('你与我相遇','http://ac.qq.com/Comic/comicInfo/id/550389') [ RunTime:0.070004s ]

[ 2017-06-07T17:22:10+08:00 ] 127.0.0.1 /index/addComic
INFO: [ app_begin ] --START--
INFO: ReadHtmlCache Behavior ::run [ RunTime:0.001000s ]
INFO: [ app_begin ] --END-- [ RunTime:0.001000s ]
NOTIC: 建议使用I方法替代_post
NOTIC: 建议使用I方法替代_post
NOTIC: [8192] mysql_connect(): The mysql extension is deprecated and will be removed in the future: use mysqli or PDO instead D:\xampp\htdocs\caiji\Lib\Driver\Db\DbMysql.class.php 第 55 行.
SQL: SHOW COLUMNS FROM `comics` [ RunTime:0.002001s ]
SQL: INSERT INTO `comics` (`name`) VALUES ('你与我相遇') [ RunTime:0.097005s ]

[ 2017-06-07T17:22:25+08:00 ] 127.0.0.1 /index/addComic
INFO: [ app_begin ] --START--
INFO: ReadHtmlCache Behavior ::run [ RunTime:0.002000s ]
INFO: [ app_begin ] --END-- [ RunTime:0.002000s ]
NOTIC: 建议使用I方法替代_post
NOTIC: 建议使用I方法替代_post
NOTIC: [8192] mysql_connect(): The mysql extension is deprecated and will be removed in the future: use mysqli or PDO instead D:\xampp\htdocs\caiji\Lib\Driver\Db\DbMysql.class.php 第 55 行.
SQL: SHOW COLUMNS FROM `comics` [ RunTime:0.003000s ]

[ 2017-06-07T17:26:08+08:00 ] 127.0.0.1 /index/addComic
INFO: [ app_begin ] --START--
INFO: ReadHtmlCache Behavior ::run [ RunTime:0.001000s ]
INFO: [ app_begin ] --END-- [ RunTime:0.001000s ]
NOTIC: 建议使用I方法替代_post
NOTIC: 建议使用I方法替代_post
NOTIC: [8192] mysql_connect(): The mysql extension is deprecated and will be removed in the future: use mysqli or PDO instead D:\xampp\htdocs\caiji\Lib\Driver\Db\DbMysql.class.php 第 55 行.
SQL: SHOW COLUMNS FROM `comics` [ RunTime:0.003000s ]

[ 2017-06-07T17:26:20+08:00 ] 127.0.0.1 /index/addComic
INFO: [ app_begin ] --START--
INFO: ReadHtmlCache Behavior ::run [ RunTime:0.000000s ]
INFO: [ app_begin ] --END-- [ RunTime:0.000000s ]
NOTIC: 建议使用I方法替代_post
NOTIC: 建议使用I方法替代_post
NOTIC: [8192] mysql_connect(): The mysql extension is deprecated and will be removed in the future: use mysqli or PDO instead D:\xampp\htdocs\caiji\Lib\Driver\Db\DbMysql.class.php 第 55 行.
SQL: SHOW COLUMNS FROM `comics` [ RunTime:0.003000s ]

[ 2017-06-07T17:27:17+08:00 ] 127.0.0.1 /index/addComic
INFO: [ app_begin ] --START--
INFO: ReadHtmlCache Behavior ::run [ RunTime:0.000000s ]
INFO: [ app_begin ] --END-- [ RunTime:0.000000s ]
NOTIC: 建议使用I方法替代_post
NOTIC: 建议使用I方法替代_post
NOTIC: [8192] mysql_connect(): The mysql extension is deprecated and will be removed in the future: use mysqli or PDO instead D:\xampp\htdocs\caiji\Lib\Driver\Db\DbMysql.class.php 第 55 行.
SQL: SHOW COLUMNS FROM `comics` [ RunTime:0.002000s ]
SQL: INSERT INTO `comics` (`name`,`url`) VALUES ('111','http://ac.qq.com/Comic/comicInfo/id/544150') [ RunTime:0.069004s ]

[ 2017-06-07T17:27:46+08:00 ] 127.0.0.1 /index/addComic
INFO: [ app_begin ] --START--
INFO: ReadHtmlCache Behavior ::run [ RunTime:0.000000s ]
INFO: [ app_begin ] --END-- [ RunTime:0.000000s ]
NOTIC: 建议使用I方法替代_post
NOTIC: 建议使用I方法替代_post
NOTIC: [8192] mysql_connect(): The mysql extension is deprecated and will be removed in the future: use mysqli or PDO instead D:\xampp\htdocs\caiji\Lib\Driver\Db\DbMysql.class.php 第 55 行.
SQL: SHOW COLUMNS FROM `comics` [ RunTime:0.003000s ]
SQL: INSERT INTO `comics` (`name`,`url`) VALUES ('333','http://ac.qq.com/Comic/comicInfo/id/544150') [ RunTime:0.083005s ]

[ 2017-06-07T17:28:42+08:00 ] 127.0.0.1 /index/addComic
INFO: [ app_begin ] --START--
INFO: ReadHtmlCache Behavior ::run [ RunTime:0.002000s ]
INFO: [ app_begin ] --END-- [ RunTime:0.002000s ]
NOTIC: 建议使用I方法替代_post
NOTIC: 建议使用I方法替代_post
NOTIC: [8192] mysql_connect(): The mysql extension is deprecated and will be removed in the future: use mysqli or PDO instead D:\xampp\htdocs\caiji\Lib\Driver\Db\DbMysql.class.php 第 55 行.
SQL: SHOW COLUMNS FROM `comics` [ RunTime:0.003001s ]
SQL: INSERT INTO `comics` (`name`,`url`) VALUES ('333','http://ac.qq.com/Comic/comicInfo/id/544150') [ RunTime:0.237008s ]

[ 2017-06-07T17:29:20+08:00 ] 127.0.0.1 /index/addComic
INFO: [ app_begin ] --START--
INFO: ReadHtmlCache Behavior ::run [ RunTime:0.001000s ]
INFO: [ app_begin ] --END-- [ RunTime:0.001000s ]
NOTIC: 建议使用I方法替代_post
NOTIC: 建议使用I方法替代_post
NOTIC: [8192] mysql_connect(): The mysql extension is deprecated and will be removed in the future: use mysqli or PDO instead D:\xampp\htdocs\caiji\Lib\Driver\Db\DbMysql.class.php 第 55 行.
SQL: SHOW COLUMNS FROM `comics` [ RunTime:0.003000s ]
SQL: INSERT INTO `comics` (`name`,`url`) VALUES ('444','http://ac.qq.com/Comic/comicInfo/id/544150') [ RunTime:0.081005s ]

[ 2017-06-07T17:32:02+08:00 ] 127.0.0.1 /index/addComic
INFO: [ app_begin ] --START--
INFO: ReadHtmlCache Behavior ::run [ RunTime:0.001000s ]
INFO: [ app_begin ] --END-- [ RunTime:0.001000s ]
NOTIC: 建议使用I方法替代_post
NOTIC: 建议使用I方法替代_post
NOTIC: [8192] mysql_connect(): The mysql extension is deprecated and will be removed in the future: use mysqli or PDO instead D:\xampp\htdocs\caiji\Lib\Driver\Db\DbMysql.class.php 第 55 行.
SQL: SHOW COLUMNS FROM `comics` [ RunTime:0.003000s ]
SQL: INSERT INTO `comics` (`name`,`url`) VALUES ('444','http://ac.qq.com/Comic/comicInfo/id/544150') [ RunTime:0.057004s ]

[ 2017-06-07T17:32:25+08:00 ] 127.0.0.1 /index/addComic
INFO: [ app_begin ] --START--
INFO: ReadHtmlCache Behavior ::run [ RunTime:0.000000s ]
INFO: [ app_begin ] --END-- [ RunTime:0.001000s ]
NOTIC: 建议使用I方法替代_post
NOTIC: 建议使用I方法替代_post
NOTIC: [8192] mysql_connect(): The mysql extension is deprecated and will be removed in the future: use mysqli or PDO instead D:\xampp\htdocs\caiji\Lib\Driver\Db\DbMysql.class.php 第 55 行.
SQL: SHOW COLUMNS FROM `comics` [ RunTime:0.003000s ]

[ 2017-06-07T17:36:03+08:00 ] 127.0.0.1 /index/addComic
INFO: [ app_begin ] --START--
INFO: ReadHtmlCache Behavior ::run [ RunTime:0.001000s ]
INFO: [ app_begin ] --END-- [ RunTime:0.001000s ]
NOTIC: 建议使用I方法替代_post
NOTIC: 建议使用I方法替代_post
NOTIC: [8192] mysql_connect(): The mysql extension is deprecated and will be removed in the future: use mysqli or PDO instead D:\xampp\htdocs\caiji\Lib\Driver\Db\DbMysql.class.php 第 55 行.
SQL: SHOW COLUMNS FROM `comics` [ RunTime:0.003000s ]

[ 2017-06-07T17:37:21+08:00 ] 127.0.0.1 /index/addComic
INFO: [ app_begin ] --START--
INFO: ReadHtmlCache Behavior ::run [ RunTime:0.001000s ]
INFO: [ app_begin ] --END-- [ RunTime:0.001000s ]
NOTIC: 建议使用I方法替代_post
NOTIC: 建议使用I方法替代_post
NOTIC: [8192] mysql_connect(): The mysql extension is deprecated and will be removed in the future: use mysqli or PDO instead D:\xampp\htdocs\caiji\Lib\Driver\Db\DbMysql.class.php 第 55 行.
SQL: SHOW COLUMNS FROM `comics` [ RunTime:0.003000s ]
SQL: INSERT INTO `comics` (`name`,`url`) VALUES ('666','http://ac.qq.com/Comic/comicInfo/id/544150') [ RunTime:0.061004s ]

[ 2017-06-07T17:37:53+08:00 ] 127.0.0.1 /index/addComic
INFO: [ app_begin ] --START--
INFO: ReadHtmlCache Behavior ::run [ RunTime:0.001000s ]
INFO: [ app_begin ] --END-- [ RunTime:0.001000s ]
NOTIC: 建议使用I方法替代_post
NOTIC: 建议使用I方法替代_post
NOTIC: [8192] mysql_connect(): The mysql extension is deprecated and will be removed in the future: use mysqli or PDO instead D:\xampp\htdocs\caiji\Lib\Driver\Db\DbMysql.class.php 第 55 行.
SQL: SHOW COLUMNS FROM `comics` [ RunTime:0.003000s ]
SQL: INSERT INTO `comics` (`name`,`url`) VALUES ('777','http://ac.qq.com/Comic/comicInfo/id/544150') [ RunTime:0.126007s ]

[ 2017-06-07T17:38:52+08:00 ] 127.0.0.1 /index/addComic
INFO: [ app_begin ] --START--
INFO: ReadHtmlCache Behavior ::run [ RunTime:0.002000s ]
INFO: [ app_begin ] --END-- [ RunTime:0.002000s ]
NOTIC: 建议使用I方法替代_post
NOTIC: 建议使用I方法替代_post
NOTIC: [8192] mysql_connect(): The mysql extension is deprecated and will be removed in the future: use mysqli or PDO instead D:\xampp\htdocs\caiji\Lib\Driver\Db\DbMysql.class.php 第 55 行.
SQL: SHOW COLUMNS FROM `comics` [ RunTime:0.003000s ]
SQL: INSERT INTO `comics` (`name`,`url`) VALUES ('777','http://ac.qq.com/Comic/comicInfo/id/544150') [ RunTime:0.052003s ]

[ 2017-06-07T17:39:14+08:00 ] 127.0.0.1 /index/addComic
INFO: [ app_begin ] --START--
INFO: ReadHtmlCache Behavior ::run [ RunTime:0.001000s ]
INFO: [ app_begin ] --END-- [ RunTime:0.001000s ]
NOTIC: 建议使用I方法替代_post
NOTIC: 建议使用I方法替代_post
NOTIC: [8192] mysql_connect(): The mysql extension is deprecated and will be removed in the future: use mysqli or PDO instead D:\xampp\htdocs\caiji\Lib\Driver\Db\DbMysql.class.php 第 55 行.
SQL: SHOW COLUMNS FROM `comics` [ RunTime:0.002000s ]
SQL: INSERT INTO `comics` (`name`,`url`) VALUES ('777','http://ac.qq.com/Comic/comicInfo/id/544150') [ RunTime:0.131008s ]

[ 2017-06-07T17:42:58+08:00 ] 127.0.0.1 /index/addComic
INFO: [ app_begin ] --START--
INFO: ReadHtmlCache Behavior ::run [ RunTime:0.001000s ]
INFO: [ app_begin ] --END-- [ RunTime:0.001000s ]
NOTIC: 建议使用I方法替代_post
NOTIC: 建议使用I方法替代_post
NOTIC: [8192] mysql_connect(): The mysql extension is deprecated and will be removed in the future: use mysqli or PDO instead D:\xampp\htdocs\caiji\Lib\Driver\Db\DbMysql.class.php 第 55 行.
SQL: SHOW COLUMNS FROM `comics` [ RunTime:0.003000s ]
SQL: INSERT INTO `comics` (`name`,`url`) VALUES ('777','http://ac.qq.com/Comic/comicInfo/id/544150') [ RunTime:0.068004s ]

[ 2017-06-07T17:46:30+08:00 ] 127.0.0.1 /index/addComic
INFO: [ app_begin ] --START--
INFO: ReadHtmlCache Behavior ::run [ RunTime:0.001000s ]
INFO: [ app_begin ] --END-- [ RunTime:0.001000s ]
NOTIC: 建议使用I方法替代_post
NOTIC: 建议使用I方法替代_post
NOTIC: [8192] mysql_connect(): The mysql extension is deprecated and will be removed in the future: use mysqli or PDO instead D:\xampp\htdocs\caiji\Lib\Driver\Db\DbMysql.class.php 第 55 行.
SQL: SHOW COLUMNS FROM `comics` [ RunTime:0.003000s ]
SQL: INSERT INTO `comics` (`name`,`url`) VALUES ('777','http://ac.qq.com/Comic/comicInfo/id/544150') [ RunTime:0.115007s ]

[ 2017-06-07T17:46:58+08:00 ] 127.0.0.1 /index/addComic
INFO: [ app_begin ] --START--
INFO: ReadHtmlCache Behavior ::run [ RunTime:0.001000s ]
INFO: [ app_begin ] --END-- [ RunTime:0.001000s ]
NOTIC: 建议使用I方法替代_post
NOTIC: 建议使用I方法替代_post
NOTIC: [8192] mysql_connect(): The mysql extension is deprecated and will be removed in the future: use mysqli or PDO instead D:\xampp\htdocs\caiji\Lib\Driver\Db\DbMysql.class.php 第 55 行.
SQL: SHOW COLUMNS FROM `comics` [ RunTime:0.003000s ]
SQL: INSERT INTO `comics` (`name`,`url`) VALUES ('777','http://ac.qq.com/Comic/comicInfo/id/544150') [ RunTime:0.095006s ]

[ 2017-06-07T17:48:45+08:00 ] 127.0.0.1 /index/addComic
INFO: [ app_begin ] --START--
INFO: ReadHtmlCache Behavior ::run [ RunTime:0.001000s ]
INFO: [ app_begin ] --END-- [ RunTime:0.001000s ]
NOTIC: 建议使用I方法替代_post
NOTIC: 建议使用I方法替代_post
NOTIC: [8192] mysql_connect(): The mysql extension is deprecated and will be removed in the future: use mysqli or PDO instead D:\xampp\htdocs\caiji\Lib\Driver\Db\DbMysql.class.php 第 55 行.
SQL: SHOW COLUMNS FROM `comics` [ RunTime:0.004000s ]
NOTIC: [8] Undefined offset: 3 D:\xampp\htdocs\caiji\Lib\Core\Model.class.php 第 907 行.
SQL: INSERT INTO `comics` (`name`,`url`,`is_del`) VALUES ('777','http://ac.qq.com/Comic/comicInfo/id/544150',1) [ RunTime:0.089005s ]

[ 2017-06-07T17:50:02+08:00 ] 127.0.0.1 /index/addComic
INFO: [ app_begin ] --START--
INFO: ReadHtmlCache Behavior ::run [ RunTime:0.001000s ]
INFO: [ app_begin ] --END-- [ RunTime:0.001000s ]
NOTIC: 建议使用I方法替代_post
NOTIC: 建议使用I方法替代_post
NOTIC: [8192] mysql_connect(): The mysql extension is deprecated and will be removed in the future: use mysqli or PDO instead D:\xampp\htdocs\caiji\Lib\Driver\Db\DbMysql.class.php 第 55 行.
SQL: SHOW COLUMNS FROM `comics` [ RunTime:0.003001s ]
SQL: INSERT INTO `comics` (`name`,`url`) VALUES ('777','http://ac.qq.com/Comic/comicInfo/id/544150') [ RunTime:0.073004s ]

[ 2017-06-07T17:50:09+08:00 ] 127.0.0.1 /index/addComic
INFO: [ app_begin ] --START--
INFO: ReadHtmlCache Behavior ::run [ RunTime:0.001001s ]
INFO: [ app_begin ] --END-- [ RunTime:0.001001s ]
NOTIC: 建议使用I方法替代_post
NOTIC: 建议使用I方法替代_post
NOTIC: [8192] mysql_connect(): The mysql extension is deprecated and will be removed in the future: use mysqli or PDO instead D:\xampp\htdocs\caiji\Lib\Driver\Db\DbMysql.class.php 第 55 行.
SQL: SHOW COLUMNS FROM `comics` [ RunTime:0.003000s ]
SQL: INSERT INTO `comics` (`name`,`url`) VALUES ('777','http://ac.qq.com/Comic/comicInfo/id/544150') [ RunTime:0.088005s ]

[ 2017-06-07T17:50:16+08:00 ] 127.0.0.1 /index/addComic
INFO: [ app_begin ] --START--
INFO: ReadHtmlCache Behavior ::run [ RunTime:0.000000s ]
INFO: [ app_begin ] --END-- [ RunTime:0.000000s ]
NOTIC: 建议使用I方法替代_post
NOTIC: 建议使用I方法替代_post
NOTIC: [8192] mysql_connect(): The mysql extension is deprecated and will be removed in the future: use mysqli or PDO instead D:\xampp\htdocs\caiji\Lib\Driver\Db\DbMysql.class.php 第 55 行.
SQL: SHOW COLUMNS FROM `comics` [ RunTime:0.003000s ]
SQL: INSERT INTO `comics` (`name`,`url`) VALUES ('777','http://ac.qq.com/Comic/comicInfo/id/544150') [ RunTime:0.056003s ]

[ 2017-06-07T17:50:23+08:00 ] 127.0.0.1 /index/addComic
INFO: [ app_begin ] --START--
INFO: ReadHtmlCache Behavior ::run [ RunTime:0.000000s ]
INFO: [ app_begin ] --END-- [ RunTime:0.000000s ]
NOTIC: 建议使用I方法替代_post
NOTIC: 建议使用I方法替代_post
NOTIC: [8192] mysql_connect(): The mysql extension is deprecated and will be removed in the future: use mysqli or PDO instead D:\xampp\htdocs\caiji\Lib\Driver\Db\DbMysql.class.php 第 55 行.
SQL: SHOW COLUMNS FROM `comics` [ RunTime:0.003001s ]
SQL: INSERT INTO `comics` (`name`,`url`) VALUES ('777','http://ac.qq.com/Comic/comicInfo/id/544150') [ RunTime:0.069004s ]

[ 2017-06-07T17:50:49+08:00 ] 127.0.0.1 /index/addComic
INFO: [ app_begin ] --START--
INFO: ReadHtmlCache Behavior ::run [ RunTime:0.001000s ]
INFO: [ app_begin ] --END-- [ RunTime:0.001000s ]
NOTIC: 建议使用I方法替代_post
NOTIC: 建议使用I方法替代_post
NOTIC: [8192] mysql_connect(): The mysql extension is deprecated and will be removed in the future: use mysqli or PDO instead D:\xampp\htdocs\caiji\Lib\Driver\Db\DbMysql.class.php 第 55 行.
SQL: SHOW COLUMNS FROM `comics` [ RunTime:0.002000s ]
SQL: INSERT INTO `comics` (`name`,`url`) VALUES ('777','http://ac.qq.com/Comic/comicInfo/id/544150') [ RunTime:0.175010s ]

[ 2017-06-07T17:51:05+08:00 ] 127.0.0.1 /index/addComic
INFO: [ app_begin ] --START--
INFO: ReadHtmlCache Behavior ::run [ RunTime:0.000000s ]
INFO: [ app_begin ] --END-- [ RunTime:0.000000s ]
NOTIC: 建议使用I方法替代_post
NOTIC: 建议使用I方法替代_post
NOTIC: [2] in_array() expects parameter 2 to be array, boolean given D:\xampp\htdocs\caiji\Lib\Core\Model.class.php 第 821 行.
NOTIC: [2] in_array() expects parameter 2 to be array, boolean given D:\xampp\htdocs\caiji\Lib\Core\Model.class.php 第 821 行.
NOTIC: [8] Undefined offset: 3 D:\xampp\htdocs\caiji\Lib\Core\Model.class.php 第 907 行.

[ 2017-06-07T17:54:57+08:00 ] 127.0.0.1 /index/addComic
INFO: [ app_begin ] --START--
INFO: ReadHtmlCache Behavior ::run [ RunTime:0.000000s ]
INFO: [ app_begin ] --END-- [ RunTime:0.000000s ]
NOTIC: 建议使用I方法替代_post
NOTIC: 建议使用I方法替代_post
NOTIC: [8192] mysql_connect(): The mysql extension is deprecated and will be removed in the future: use mysqli or PDO instead D:\xampp\htdocs\caiji\Lib\Driver\Db\DbMysql.class.php 第 55 行.
SQL: SHOW COLUMNS FROM `comics` [ RunTime:0.003000s ]
SQL: INSERT INTO `comics` (`name`,`url`) VALUES ('111','http://ac.qq.com/Comic/comicInfo/id/544150') [ RunTime:0.127007s ]

[ 2017-06-07T17:55:16+08:00 ] 127.0.0.1 /index/addComic
INFO: [ app_begin ] --START--
INFO: ReadHtmlCache Behavior ::run [ RunTime:0.000000s ]
INFO: [ app_begin ] --END-- [ RunTime:0.001000s ]
NOTIC: 建议使用I方法替代_post
NOTIC: 建议使用I方法替代_post
NOTIC: [8192] mysql_connect(): The mysql extension is deprecated and will be removed in the future: use mysqli or PDO instead D:\xampp\htdocs\caiji\Lib\Driver\Db\DbMysql.class.php 第 55 行.
SQL: SHOW COLUMNS FROM `comics` [ RunTime:0.003000s ]
SQL: INSERT INTO `comics` (`name`,`url`) VALUES ('111','http://ac.qq.com/Comic/comicInfo/id/544150') [ RunTime:0.067004s ]

[ 2017-06-07T17:55:53+08:00 ] 127.0.0.1 /index/addComic
INFO: [ app_begin ] --START--
INFO: ReadHtmlCache Behavior ::run [ RunTime:0.001001s ]
INFO: [ app_begin ] --END-- [ RunTime:0.001001s ]
NOTIC: 建议使用I方法替代_post
NOTIC: 建议使用I方法替代_post
NOTIC: [8192] mysql_connect(): The mysql extension is deprecated and will be removed in the future: use mysqli or PDO instead D:\xampp\htdocs\caiji\Lib\Driver\Db\DbMysql.class.php 第 55 行.
SQL: SHOW COLUMNS FROM `comics` [ RunTime:0.003001s ]

[ 2017-06-07T17:55:56+08:00 ] 127.0.0.1 /index/addComic
INFO: [ app_begin ] --START--
INFO: ReadHtmlCache Behavior ::run [ RunTime:0.001000s ]
INFO: [ app_begin ] --END-- [ RunTime:0.001000s ]
NOTIC: 建议使用I方法替代_post
NOTIC: 建议使用I方法替代_post
NOTIC: [8192] mysql_connect(): The mysql extension is deprecated and will be removed in the future: use mysqli or PDO instead D:\xampp\htdocs\caiji\Lib\Driver\Db\DbMysql.class.php 第 55 行.
SQL: SHOW COLUMNS FROM `comics` [ RunTime:0.003000s ]

[ 2017-06-07T17:56:07+08:00 ] 127.0.0.1 /index/addComic
INFO: [ app_begin ] --START--
INFO: ReadHtmlCache Behavior ::run [ RunTime:0.000000s ]
INFO: [ app_begin ] --END-- [ RunTime:0.000000s ]
NOTIC: 建议使用I方法替代_post
NOTIC: 建议使用I方法替代_post
NOTIC: [8192] mysql_connect(): The mysql extension is deprecated and will be removed in the future: use mysqli or PDO instead D:\xampp\htdocs\caiji\Lib\Driver\Db\DbMysql.class.php 第 55 行.
SQL: SHOW COLUMNS FROM `comics` [ RunTime:0.002000s ]

[ 2017-06-07T18:02:24+08:00 ] 127.0.0.1 /index/addComic
INFO: [ app_begin ] --START--
INFO: ReadHtmlCache Behavior ::run [ RunTime:0.000000s ]
INFO: [ app_begin ] --END-- [ RunTime:0.000000s ]
NOTIC: 建议使用I方法替代_post
NOTIC: 建议使用I方法替代_post
NOTIC: [8192] mysql_connect(): The mysql extension is deprecated and will be removed in the future: use mysqli or PDO instead D:\xampp\htdocs\caiji\Lib\Driver\Db\DbMysql.class.php 第 55 行.
SQL: SHOW COLUMNS FROM `comics` [ RunTime:0.003000s ]

[ 2017-06-07T18:02:49+08:00 ] 127.0.0.1 /index/addComic
INFO: [ app_begin ] --START--
INFO: ReadHtmlCache Behavior ::run [ RunTime:0.001000s ]
INFO: [ app_begin ] --END-- [ RunTime:0.001000s ]
NOTIC: 建议使用I方法替代_post
NOTIC: 建议使用I方法替代_post
NOTIC: [8192] mysql_connect(): The mysql extension is deprecated and will be removed in the future: use mysqli or PDO instead D:\xampp\htdocs\caiji\Lib\Driver\Db\DbMysql.class.php 第 55 行.
SQL: SHOW COLUMNS FROM `comics` [ RunTime:0.003000s ]
SQL: INSERT INTO `comics` (`name`,`url`) VALUES ('111','http://ac.qq.com/Comic/comicInfo/id/544150') [ RunTime:0.089005s ]

