[ 2017-06-28T17:18:00+08:00 ] 171.212.222.102 /index/login
NOTIC: 建议使用I方法替代_post
NOTIC: 建议使用I方法替代_post

[ 2017-06-28T17:18:06+08:00 ] 171.212.222.102 /index/checkProgress/0.4772531005762386
INFO: [ app_begin ] --START--
INFO: ReadHtmlCache Behavior ::run [ RunTime:0.000254s ]
INFO: [ app_begin ] --END-- [ RunTime:0.000289s ]
NOTIC: 建议使用I方法替代_post
NOTIC: [8192] mysql_connect(): The mysql extension is deprecated and will be removed in the future: use mysqli or PDO instead /www/web/dt_pxtar_com/public_html/caiji/Lib/Driver/Db/DbMysql.class.php 第 55 行.
SQL: SHOW COLUMNS FROM `comics` [ RunTime:0.000693s ]
NOTIC: [8192] preg_replace(): The /e modifier is deprecated, use preg_replace_callback instead /www/web/dt_pxtar_com/public_html/caiji/Lib/Core/Db.class.php 第 605 行.
SQL: SELECT count(*) as num FROM `comics` WHERE ( `is_del`='0' AND `type`='1' AND `status`='0'  ) LIMIT 1   [ RunTime:0.000360s ]
NOTIC: [8192] preg_replace(): The /e modifier is deprecated, use preg_replace_callback instead /www/web/dt_pxtar_com/public_html/caiji/Lib/Core/Db.class.php 第 605 行.
SQL: SELECT count(*) as num FROM `comics` WHERE ( `is_del`='0' AND `type`='1' AND `status`='1'  ) LIMIT 1   [ RunTime:0.000364s ]
NOTIC: [8192] preg_replace(): The /e modifier is deprecated, use preg_replace_callback instead /www/web/dt_pxtar_com/public_html/caiji/Lib/Core/Db.class.php 第 605 行.
SQL: SELECT count(*) as num FROM `comics` WHERE ( `is_del`='0' AND `type`='1' AND `status`='2'  ) LIMIT 1   [ RunTime:0.000339s ]

[ 2017-06-28T17:18:08+08:00 ] 171.212.222.102 /index/checkProgress/0.3588470376097779
INFO: [ app_begin ] --START--
INFO: ReadHtmlCache Behavior ::run [ RunTime:0.000386s ]
INFO: [ app_begin ] --END-- [ RunTime:0.000443s ]
NOTIC: 建议使用I方法替代_post
NOTIC: [8192] mysql_connect(): The mysql extension is deprecated and will be removed in the future: use mysqli or PDO instead /www/web/dt_pxtar_com/public_html/caiji/Lib/Driver/Db/DbMysql.class.php 第 55 行.
SQL: SHOW COLUMNS FROM `comics` [ RunTime:0.000696s ]
NOTIC: [8192] preg_replace(): The /e modifier is deprecated, use preg_replace_callback instead /www/web/dt_pxtar_com/public_html/caiji/Lib/Core/Db.class.php 第 605 行.
SQL: SELECT count(*) as num FROM `comics` WHERE ( `is_del`='0' AND `type`='1' AND `status`='0'  ) LIMIT 1   [ RunTime:0.000418s ]
NOTIC: [8192] preg_replace(): The /e modifier is deprecated, use preg_replace_callback instead /www/web/dt_pxtar_com/public_html/caiji/Lib/Core/Db.class.php 第 605 行.
SQL: SELECT count(*) as num FROM `comics` WHERE ( `is_del`='0' AND `type`='1' AND `status`='1'  ) LIMIT 1   [ RunTime:0.000340s ]
NOTIC: [8192] preg_replace(): The /e modifier is deprecated, use preg_replace_callback instead /www/web/dt_pxtar_com/public_html/caiji/Lib/Core/Db.class.php 第 605 行.
SQL: SELECT count(*) as num FROM `comics` WHERE ( `is_del`='0' AND `type`='1' AND `status`='2'  ) LIMIT 1   [ RunTime:0.000335s ]

[ 2017-06-28T17:18:10+08:00 ] 171.212.222.102 /index/checkProgress/0.03353307089754276
INFO: [ app_begin ] --START--
INFO: ReadHtmlCache Behavior ::run [ RunTime:0.000286s ]
INFO: [ app_begin ] --END-- [ RunTime:0.000323s ]
NOTIC: 建议使用I方法替代_post
NOTIC: [8192] mysql_connect(): The mysql extension is deprecated and will be removed in the future: use mysqli or PDO instead /www/web/dt_pxtar_com/public_html/caiji/Lib/Driver/Db/DbMysql.class.php 第 55 行.
SQL: SHOW COLUMNS FROM `comics` [ RunTime:0.000672s ]
NOTIC: [8192] preg_replace(): The /e modifier is deprecated, use preg_replace_callback instead /www/web/dt_pxtar_com/public_html/caiji/Lib/Core/Db.class.php 第 605 行.
SQL: SELECT count(*) as num FROM `comics` WHERE ( `is_del`='0' AND `type`='1' AND `status`='0'  ) LIMIT 1   [ RunTime:0.000317s ]
NOTIC: [8192] preg_replace(): The /e modifier is deprecated, use preg_replace_callback instead /www/web/dt_pxtar_com/public_html/caiji/Lib/Core/Db.class.php 第 605 行.
SQL: SELECT count(*) as num FROM `comics` WHERE ( `is_del`='0' AND `type`='1' AND `status`='1'  ) LIMIT 1   [ RunTime:0.000343s ]
NOTIC: [8192] preg_replace(): The /e modifier is deprecated, use preg_replace_callback instead /www/web/dt_pxtar_com/public_html/caiji/Lib/Core/Db.class.php 第 605 行.
SQL: SELECT count(*) as num FROM `comics` WHERE ( `is_del`='0' AND `type`='1' AND `status`='2'  ) LIMIT 1   [ RunTime:0.000285s ]

[ 2017-06-28T17:18:12+08:00 ] 171.212.222.102 /index/checkProgress/0.6634943455295879
INFO: [ app_begin ] --START--
INFO: ReadHtmlCache Behavior ::run [ RunTime:0.000298s ]
INFO: [ app_begin ] --END-- [ RunTime:0.000347s ]
NOTIC: 建议使用I方法替代_post
NOTIC: [8192] mysql_connect(): The mysql extension is deprecated and will be removed in the future: use mysqli or PDO instead /www/web/dt_pxtar_com/public_html/caiji/Lib/Driver/Db/DbMysql.class.php 第 55 行.
SQL: SHOW COLUMNS FROM `comics` [ RunTime:0.000633s ]
NOTIC: [8192] preg_replace(): The /e modifier is deprecated, use preg_replace_callback instead /www/web/dt_pxtar_com/public_html/caiji/Lib/Core/Db.class.php 第 605 行.
SQL: SELECT count(*) as num FROM `comics` WHERE ( `is_del`='0' AND `type`='1' AND `status`='0'  ) LIMIT 1   [ RunTime:0.000376s ]
NOTIC: [8192] preg_replace(): The /e modifier is deprecated, use preg_replace_callback instead /www/web/dt_pxtar_com/public_html/caiji/Lib/Core/Db.class.php 第 605 行.
SQL: SELECT count(*) as num FROM `comics` WHERE ( `is_del`='0' AND `type`='1' AND `status`='1'  ) LIMIT 1   [ RunTime:0.000363s ]
NOTIC: [8192] preg_replace(): The /e modifier is deprecated, use preg_replace_callback instead /www/web/dt_pxtar_com/public_html/caiji/Lib/Core/Db.class.php 第 605 行.
SQL: SELECT count(*) as num FROM `comics` WHERE ( `is_del`='0' AND `type`='1' AND `status`='2'  ) LIMIT 1   [ RunTime:0.000322s ]

[ 2017-06-28T17:18:14+08:00 ] 171.212.222.102 /index/checkProgress/0.5175160318032803
INFO: [ app_begin ] --START--
INFO: ReadHtmlCache Behavior ::run [ RunTime:0.000299s ]
INFO: [ app_begin ] --END-- [ RunTime:0.000340s ]
NOTIC: 建议使用I方法替代_post
NOTIC: [8192] mysql_connect(): The mysql extension is deprecated and will be removed in the future: use mysqli or PDO instead /www/web/dt_pxtar_com/public_html/caiji/Lib/Driver/Db/DbMysql.class.php 第 55 行.
SQL: SHOW COLUMNS FROM `comics` [ RunTime:0.000682s ]
NOTIC: [8192] preg_replace(): The /e modifier is deprecated, use preg_replace_callback instead /www/web/dt_pxtar_com/public_html/caiji/Lib/Core/Db.class.php 第 605 行.
SQL: SELECT count(*) as num FROM `comics` WHERE ( `is_del`='0' AND `type`='1' AND `status`='0'  ) LIMIT 1   [ RunTime:0.000354s ]
NOTIC: [8192] preg_replace(): The /e modifier is deprecated, use preg_replace_callback instead /www/web/dt_pxtar_com/public_html/caiji/Lib/Core/Db.class.php 第 605 行.
SQL: SELECT count(*) as num FROM `comics` WHERE ( `is_del`='0' AND `type`='1' AND `status`='1'  ) LIMIT 1   [ RunTime:0.000337s ]
NOTIC: [8192] preg_replace(): The /e modifier is deprecated, use preg_replace_callback instead /www/web/dt_pxtar_com/public_html/caiji/Lib/Core/Db.class.php 第 605 行.
SQL: SELECT count(*) as num FROM `comics` WHERE ( `is_del`='0' AND `type`='1' AND `status`='2'  ) LIMIT 1   [ RunTime:0.000363s ]

[ 2017-06-28T17:18:16+08:00 ] 171.212.222.102 /index/checkProgress/0.7879812785463416
INFO: [ app_begin ] --START--
INFO: ReadHtmlCache Behavior ::run [ RunTime:0.000262s ]
INFO: [ app_begin ] --END-- [ RunTime:0.000302s ]
NOTIC: 建议使用I方法替代_post
NOTIC: [8192] mysql_connect(): The mysql extension is deprecated and will be removed in the future: use mysqli or PDO instead /www/web/dt_pxtar_com/public_html/caiji/Lib/Driver/Db/DbMysql.class.php 第 55 行.
SQL: SHOW COLUMNS FROM `comics` [ RunTime:0.000754s ]
NOTIC: [8192] preg_replace(): The /e modifier is deprecated, use preg_replace_callback instead /www/web/dt_pxtar_com/public_html/caiji/Lib/Core/Db.class.php 第 605 行.
SQL: SELECT count(*) as num FROM `comics` WHERE ( `is_del`='0' AND `type`='1' AND `status`='0'  ) LIMIT 1   [ RunTime:0.000351s ]
NOTIC: [8192] preg_replace(): The /e modifier is deprecated, use preg_replace_callback instead /www/web/dt_pxtar_com/public_html/caiji/Lib/Core/Db.class.php 第 605 行.
SQL: SELECT count(*) as num FROM `comics` WHERE ( `is_del`='0' AND `type`='1' AND `status`='1'  ) LIMIT 1   [ RunTime:0.000333s ]
NOTIC: [8192] preg_replace(): The /e modifier is deprecated, use preg_replace_callback instead /www/web/dt_pxtar_com/public_html/caiji/Lib/Core/Db.class.php 第 605 行.
SQL: SELECT count(*) as num FROM `comics` WHERE ( `is_del`='0' AND `type`='1' AND `status`='2'  ) LIMIT 1   [ RunTime:0.000381s ]

[ 2017-06-28T17:18:17+08:00 ] 171.212.222.102 /index/caijiqq
INFO: [ app_begin ] --START--
INFO: ReadHtmlCache Behavior ::run [ RunTime:0.000281s ]
INFO: [ app_begin ] --END-- [ RunTime:0.000321s ]
NOTIC: [8192] mysql_connect(): The mysql extension is deprecated and will be removed in the future: use mysqli or PDO instead /www/web/dt_pxtar_com/public_html/caiji/Lib/Driver/Db/DbMysql.class.php 第 55 行.
SQL: SHOW COLUMNS FROM `comics` [ RunTime:0.000710s ]
NOTIC: [8192] preg_replace(): The /e modifier is deprecated, use preg_replace_callback instead /www/web/dt_pxtar_com/public_html/caiji/Lib/Core/Db.class.php 第 605 行.
SQL: SELECT * FROM `comics` WHERE ( `is_del`='0' AND `type`='1'  ) ORDER BY `id` DESC  [ RunTime:0.000433s ]
SQL: UPDATE `comics` SET `status`=0 WHERE ( `is_del`='0' AND `type`='1'  ) [ RunTime:0.009467s ]
SQL: SHOW COLUMNS FROM `caiji_record` [ RunTime:0.000856s ]
NOTIC: [8192] preg_replace(): The /e modifier is deprecated, use preg_replace_callback instead /www/web/dt_pxtar_com/public_html/caiji/Lib/Core/Db.class.php 第 605 行.
SQL: SELECT * FROM `caiji_record` WHERE ( `comic_id` = 65 ) AND ( `caiji_date` = '2017-06-28' ) LIMIT 1   [ RunTime:0.000520s ]
SQL: INSERT INTO `caiji_record` (`comic_id`,`result`,`caiji_date`,`c_type`) VALUES (65,'{\"date\":\"2017-06-28\",\"time\":\"17:18:04\",\"name\":\"\\u672a\\u6210\\u5e74\",\"attension\":\"115431\",\"popularity\":\"6565.7\\u4e07\",\"monthTicketTotal\":\"484\",\"topic\":\"2532\"}','2017-06-28',1) [ RunTime:0.000540s ]
SQL: UPDATE `comics` SET `status`=1 WHERE ( `id` = 65 ) [ RunTime:0.000477s ]
NOTIC: [8192] preg_replace(): The /e modifier is deprecated, use preg_replace_callback instead /www/web/dt_pxtar_com/public_html/caiji/Lib/Core/Db.class.php 第 605 行.
SQL: SELECT * FROM `caiji_record` WHERE ( `comic_id` = 64 ) AND ( `caiji_date` = '2017-06-28' ) LIMIT 1   [ RunTime:0.000658s ]
SQL: INSERT INTO `caiji_record` (`comic_id`,`result`,`caiji_date`,`c_type`) VALUES (64,'{\"date\":\"2017-06-28\",\"time\":\"17:18:04\",\"name\":\"\\u9a97\\u5c40\",\"attension\":\"487969\",\"popularity\":\"12.1\\u4ebf\",\"monthTicketTotal\":\"385\",\"topic\":\"16393\"}','2017-06-28',1) [ RunTime:0.000493s ]
SQL: UPDATE `comics` SET `status`=1 WHERE ( `id` = 64 ) [ RunTime:0.000434s ]
NOTIC: [8192] preg_replace(): The /e modifier is deprecated, use preg_replace_callback instead /www/web/dt_pxtar_com/public_html/caiji/Lib/Core/Db.class.php 第 605 行.
SQL: SELECT * FROM `caiji_record` WHERE ( `comic_id` = 63 ) AND ( `caiji_date` = '2017-06-28' ) LIMIT 1   [ RunTime:0.000570s ]
SQL: INSERT INTO `caiji_record` (`comic_id`,`result`,`caiji_date`,`c_type`) VALUES (63,'{\"date\":\"2017-06-28\",\"time\":\"17:18:04\",\"name\":\"\\u4e1e\\u76f8\",\"attension\":\"453678\",\"popularity\":\"5.7\\u4ebf\",\"monthTicketTotal\":\"641\",\"topic\":\"14688\"}','2017-06-28',1) [ RunTime:0.000532s ]
SQL: UPDATE `comics` SET `status`=1 WHERE ( `id` = 63 ) [ RunTime:0.000472s ]
NOTIC: [8192] preg_replace(): The /e modifier is deprecated, use preg_replace_callback instead /www/web/dt_pxtar_com/public_html/caiji/Lib/Core/Db.class.php 第 605 行.
SQL: SELECT * FROM `caiji_record` WHERE ( `comic_id` = 62 ) AND ( `caiji_date` = '2017-06-28' ) LIMIT 1   [ RunTime:0.000629s ]
SQL: INSERT INTO `caiji_record` (`comic_id`,`result`,`caiji_date`,`c_type`) VALUES (62,'{\"date\":\"2017-06-28\",\"time\":\"17:18:04\",\"name\":\"\\u5973\\u738b\\u5927\\u4eba\",\"attension\":\"532966\",\"popularity\":\"9.1\\u4ebf\",\"monthTicketTotal\":\"114\",\"topic\":\"14796\"}','2017-06-28',1) [ RunTime:0.000519s ]
SQL: UPDATE `comics` SET `status`=1 WHERE ( `id` = 62 ) [ RunTime:0.000435s ]
NOTIC: [8192] preg_replace(): The /e modifier is deprecated, use preg_replace_callback instead /www/web/dt_pxtar_com/public_html/caiji/Lib/Core/Db.class.php 第 605 行.
SQL: SELECT * FROM `caiji_record` WHERE ( `comic_id` = 61 ) AND ( `caiji_date` = '2017-06-28' ) LIMIT 1   [ RunTime:0.000564s ]
SQL: INSERT INTO `caiji_record` (`comic_id`,`result`,`caiji_date`,`c_type`) VALUES (61,'{\"date\":\"2017-06-28\",\"time\":\"17:18:04\",\"name\":\"\\u9b54\\u738b\\u604b\\u7231\",\"attension\":\"556284\",\"popularity\":\"11.3\\u4ebf\",\"monthTicketTotal\":\"578\",\"topic\":\"26899\"}','2017-06-28',1) [ RunTime:0.000732s ]
SQL: UPDATE `comics` SET `status`=1 WHERE ( `id` = 61 ) [ RunTime:0.000441s ]
NOTIC: [8192] preg_replace(): The /e modifier is deprecated, use preg_replace_callback instead /www/web/dt_pxtar_com/public_html/caiji/Lib/Core/Db.class.php 第 605 行.
SQL: SELECT * FROM `caiji_record` WHERE ( `comic_id` = 60 ) AND ( `caiji_date` = '2017-06-28' ) LIMIT 1   [ RunTime:0.000596s ]
SQL: INSERT INTO `caiji_record` (`comic_id`,`result`,`caiji_date`,`c_type`) VALUES (60,'{\"date\":\"2017-06-28\",\"time\":\"17:18:04\",\"name\":\"\\u732b\\u5996\",\"attension\":\"1343678\",\"popularity\":\"28.4\\u4ebf\",\"monthTicketTotal\":\"3792\",\"topic\":\"79661\"}','2017-06-28',1) [ RunTime:0.000499s ]
SQL: UPDATE `comics` SET `status`=1 WHERE ( `id` = 60 ) [ RunTime:0.000455s ]
NOTIC: [8192] preg_replace(): The /e modifier is deprecated, use preg_replace_callback instead /www/web/dt_pxtar_com/public_html/caiji/Lib/Core/Db.class.php 第 605 行.
SQL: SELECT * FROM `caiji_record` WHERE ( `comic_id` = 59 ) AND ( `caiji_date` = '2017-06-28' ) LIMIT 1   [ RunTime:0.000612s ]
SQL: INSERT INTO `caiji_record` (`comic_id`,`result`,`caiji_date`,`c_type`) VALUES (59,'{\"date\":\"2017-06-28\",\"time\":\"17:18:04\",\"name\":\"\\u4e11\\u516b\\u602a\",\"attension\":\"55616\",\"popularity\":\"1.1\\u4ebf\",\"monthTicketTotal\":\"30\",\"topic\":\"2202\"}','2017-06-28',1) [ RunTime:0.000532s ]
SQL: UPDATE `comics` SET `status`=1 WHERE ( `id` = 59 ) [ RunTime:0.000459s ]
NOTIC: [8192] preg_replace(): The /e modifier is deprecated, use preg_replace_callback instead /www/web/dt_pxtar_com/public_html/caiji/Lib/Core/Db.class.php 第 605 行.
SQL: SELECT * FROM `caiji_record` WHERE ( `comic_id` = 58 ) AND ( `caiji_date` = '2017-06-28' ) LIMIT 1   [ RunTime:0.000582s ]
SQL: INSERT INTO `caiji_record` (`comic_id`,`result`,`caiji_date`,`c_type`) VALUES (58,'{\"date\":\"2017-06-28\",\"time\":\"17:18:04\",\"name\":\"\\u91cd\\u751f\",\"attension\":\"705123\",\"popularity\":\"17.1\\u4ebf\",\"monthTicketTotal\":\"787\",\"topic\":\"13694\"}','2017-06-28',1) [ RunTime:0.000527s ]
SQL: UPDATE `comics` SET `status`=1 WHERE ( `id` = 58 ) [ RunTime:0.000438s ]
NOTIC: [8192] preg_replace(): The /e modifier is deprecated, use preg_replace_callback instead /www/web/dt_pxtar_com/public_html/caiji/Lib/Core/Db.class.php 第 605 行.
SQL: SELECT * FROM `caiji_record` WHERE ( `comic_id` = 57 ) AND ( `caiji_date` = '2017-06-28' ) LIMIT 1   [ RunTime:0.000647s ]
SQL: INSERT INTO `caiji_record` (`comic_id`,`result`,`caiji_date`,`c_type`) VALUES (57,'{\"date\":\"2017-06-28\",\"time\":\"17:18:04\",\"name\":\"\\u957f\\u751f\\u6bbf\",\"attension\":\"293762\",\"popularity\":\"3.8\\u4ebf\",\"monthTicketTotal\":\"306\",\"topic\":\"7399\"}','2017-06-28',1) [ RunTime:0.000601s ]
SQL: UPDATE `comics` SET `status`=1 WHERE ( `id` = 57 ) [ RunTime:0.000442s ]
NOTIC: [8192] preg_replace(): The /e modifier is deprecated, use preg_replace_callback instead /www/web/dt_pxtar_com/public_html/caiji/Lib/Core/Db.class.php 第 605 行.
SQL: SELECT * FROM `caiji_record` WHERE ( `comic_id` = 56 ) AND ( `caiji_date` = '2017-06-28' ) LIMIT 1   [ RunTime:0.000635s ]
SQL: INSERT INTO `caiji_record` (`comic_id`,`result`,`caiji_date`,`c_type`) VALUES (56,'{\"date\":\"2017-06-28\",\"time\":\"17:18:04\",\"name\":\"\\u5fc3\\u6cb3\",\"attension\":\"74887\",\"popularity\":\"1.6\\u4ebf\",\"monthTicketTotal\":\"53\",\"topic\":\"1928\"}','2017-06-28',1) [ RunTime:0.001127s ]
SQL: UPDATE `comics` SET `status`=1 WHERE ( `id` = 56 ) [ RunTime:0.000489s ]
NOTIC: [8192] preg_replace(): The /e modifier is deprecated, use preg_replace_callback instead /www/web/dt_pxtar_com/public_html/caiji/Lib/Core/Db.class.php 第 605 行.
SQL: SELECT * FROM `caiji_record` WHERE ( `comic_id` = 55 ) AND ( `caiji_date` = '2017-06-28' ) LIMIT 1   [ RunTime:0.000547s ]
SQL: INSERT INTO `caiji_record` (`comic_id`,`result`,`caiji_date`,`c_type`) VALUES (55,'{\"date\":\"2017-06-28\",\"time\":\"17:18:04\",\"name\":\"\\u96e8\\u5f52\",\"attension\":\"98829\",\"popularity\":\"1.4\\u4ebf\",\"monthTicketTotal\":\"62\",\"topic\":\"3011\"}','2017-06-28',1) [ RunTime:0.000560s ]
SQL: UPDATE `comics` SET `status`=1 WHERE ( `id` = 55 ) [ RunTime:0.000503s ]
NOTIC: [2] unlink(/www/web/dt_pxtar_com/public_html/caiji/Ads/ck.txt): No such file or directory /www/web/dt_pxtar_com/public_html/caiji/Ads/Lib/Model/CaijiModel.class.php 第 111 行.

[ 2017-06-28T17:18:18+08:00 ] 171.212.222.102 /index/checkProgress/0.06473739706313797
INFO: [ app_begin ] --START--
INFO: ReadHtmlCache Behavior ::run [ RunTime:0.000285s ]
INFO: [ app_begin ] --END-- [ RunTime:0.000331s ]
NOTIC: 建议使用I方法替代_post
NOTIC: [8192] mysql_connect(): The mysql extension is deprecated and will be removed in the future: use mysqli or PDO instead /www/web/dt_pxtar_com/public_html/caiji/Lib/Driver/Db/DbMysql.class.php 第 55 行.
SQL: SHOW COLUMNS FROM `comics` [ RunTime:0.000813s ]
NOTIC: [8192] preg_replace(): The /e modifier is deprecated, use preg_replace_callback instead /www/web/dt_pxtar_com/public_html/caiji/Lib/Core/Db.class.php 第 605 行.
SQL: SELECT count(*) as num FROM `comics` WHERE ( `is_del`='0' AND `type`='1' AND `status`='0'  ) LIMIT 1   [ RunTime:0.000373s ]
NOTIC: [8192] preg_replace(): The /e modifier is deprecated, use preg_replace_callback instead /www/web/dt_pxtar_com/public_html/caiji/Lib/Core/Db.class.php 第 605 行.
SQL: SELECT count(*) as num FROM `comics` WHERE ( `is_del`='0' AND `type`='1' AND `status`='1'  ) LIMIT 1   [ RunTime:0.000384s ]
NOTIC: [8192] preg_replace(): The /e modifier is deprecated, use preg_replace_callback instead /www/web/dt_pxtar_com/public_html/caiji/Lib/Core/Db.class.php 第 605 行.
SQL: SELECT count(*) as num FROM `comics` WHERE ( `is_del`='0' AND `type`='1' AND `status`='2'  ) LIMIT 1   [ RunTime:0.000404s ]

[ 2017-06-28T17:18:26+08:00 ] 171.212.222.102 /index/caijibukaimg
INFO: [ app_begin ] --START--
INFO: ReadHtmlCache Behavior ::run [ RunTime:0.000348s ]
INFO: [ app_begin ] --END-- [ RunTime:0.000405s ]

[ 2017-06-28T17:18:36+08:00 ] 171.212.222.102 /index/checkProgress/0.08002924795602517
INFO: [ app_begin ] --START--
INFO: ReadHtmlCache Behavior ::run [ RunTime:0.000269s ]
INFO: [ app_begin ] --END-- [ RunTime:0.000307s ]
NOTIC: 建议使用I方法替代_post
NOTIC: [8192] mysql_connect(): The mysql extension is deprecated and will be removed in the future: use mysqli or PDO instead /www/web/dt_pxtar_com/public_html/caiji/Lib/Driver/Db/DbMysql.class.php 第 55 行.
SQL: SHOW COLUMNS FROM `comics` [ RunTime:0.000647s ]
NOTIC: [8192] preg_replace(): The /e modifier is deprecated, use preg_replace_callback instead /www/web/dt_pxtar_com/public_html/caiji/Lib/Core/Db.class.php 第 605 行.
SQL: SELECT count(*) as num FROM `comics` WHERE ( `is_del`='0' AND `type`='3' AND `status`='0'  ) LIMIT 1   [ RunTime:0.000389s ]
NOTIC: [8192] preg_replace(): The /e modifier is deprecated, use preg_replace_callback instead /www/web/dt_pxtar_com/public_html/caiji/Lib/Core/Db.class.php 第 605 行.
SQL: SELECT count(*) as num FROM `comics` WHERE ( `is_del`='0' AND `type`='3' AND `status`='1'  ) LIMIT 1   [ RunTime:0.000363s ]
NOTIC: [8192] preg_replace(): The /e modifier is deprecated, use preg_replace_callback instead /www/web/dt_pxtar_com/public_html/caiji/Lib/Core/Db.class.php 第 605 行.
SQL: SELECT count(*) as num FROM `comics` WHERE ( `is_del`='0' AND `type`='3' AND `status`='2'  ) LIMIT 1   [ RunTime:0.000365s ]

[ 2017-06-28T17:18:38+08:00 ] 171.212.222.102 /index/checkProgress/0.11532692494714802
INFO: [ app_begin ] --START--
INFO: ReadHtmlCache Behavior ::run [ RunTime:0.000315s ]
INFO: [ app_begin ] --END-- [ RunTime:0.000399s ]
NOTIC: 建议使用I方法替代_post
NOTIC: [8192] mysql_connect(): The mysql extension is deprecated and will be removed in the future: use mysqli or PDO instead /www/web/dt_pxtar_com/public_html/caiji/Lib/Driver/Db/DbMysql.class.php 第 55 行.
SQL: SHOW COLUMNS FROM `comics` [ RunTime:0.000693s ]
NOTIC: [8192] preg_replace(): The /e modifier is deprecated, use preg_replace_callback instead /www/web/dt_pxtar_com/public_html/caiji/Lib/Core/Db.class.php 第 605 行.
SQL: SELECT count(*) as num FROM `comics` WHERE ( `is_del`='0' AND `type`='3' AND `status`='0'  ) LIMIT 1   [ RunTime:0.000452s ]
NOTIC: [8192] preg_replace(): The /e modifier is deprecated, use preg_replace_callback instead /www/web/dt_pxtar_com/public_html/caiji/Lib/Core/Db.class.php 第 605 行.
SQL: SELECT count(*) as num FROM `comics` WHERE ( `is_del`='0' AND `type`='3' AND `status`='1'  ) LIMIT 1   [ RunTime:0.000366s ]
NOTIC: [8192] preg_replace(): The /e modifier is deprecated, use preg_replace_callback instead /www/web/dt_pxtar_com/public_html/caiji/Lib/Core/Db.class.php 第 605 行.
SQL: SELECT count(*) as num FROM `comics` WHERE ( `is_del`='0' AND `type`='3' AND `status`='2'  ) LIMIT 1   [ RunTime:0.000441s ]

[ 2017-06-28T17:18:40+08:00 ] 171.212.222.102 /index/checkProgress/0.7548625141266536
INFO: [ app_begin ] --START--
INFO: ReadHtmlCache Behavior ::run [ RunTime:0.000348s ]
INFO: [ app_begin ] --END-- [ RunTime:0.000391s ]
NOTIC: 建议使用I方法替代_post
NOTIC: [8192] mysql_connect(): The mysql extension is deprecated and will be removed in the future: use mysqli or PDO instead /www/web/dt_pxtar_com/public_html/caiji/Lib/Driver/Db/DbMysql.class.php 第 55 行.
SQL: SHOW COLUMNS FROM `comics` [ RunTime:0.000671s ]
NOTIC: [8192] preg_replace(): The /e modifier is deprecated, use preg_replace_callback instead /www/web/dt_pxtar_com/public_html/caiji/Lib/Core/Db.class.php 第 605 行.
SQL: SELECT count(*) as num FROM `comics` WHERE ( `is_del`='0' AND `type`='3' AND `status`='0'  ) LIMIT 1   [ RunTime:0.000365s ]
NOTIC: [8192] preg_replace(): The /e modifier is deprecated, use preg_replace_callback instead /www/web/dt_pxtar_com/public_html/caiji/Lib/Core/Db.class.php 第 605 行.
SQL: SELECT count(*) as num FROM `comics` WHERE ( `is_del`='0' AND `type`='3' AND `status`='1'  ) LIMIT 1   [ RunTime:0.000325s ]
NOTIC: [8192] preg_replace(): The /e modifier is deprecated, use preg_replace_callback instead /www/web/dt_pxtar_com/public_html/caiji/Lib/Core/Db.class.php 第 605 行.
SQL: SELECT count(*) as num FROM `comics` WHERE ( `is_del`='0' AND `type`='3' AND `status`='2'  ) LIMIT 1   [ RunTime:0.000278s ]

[ 2017-06-28T17:18:42+08:00 ] 171.212.222.102 /index/checkProgress/0.5200489910429271
INFO: [ app_begin ] --START--
INFO: ReadHtmlCache Behavior ::run [ RunTime:0.000424s ]
INFO: [ app_begin ] --END-- [ RunTime:0.000480s ]
NOTIC: 建议使用I方法替代_post
NOTIC: [8192] mysql_connect(): The mysql extension is deprecated and will be removed in the future: use mysqli or PDO instead /www/web/dt_pxtar_com/public_html/caiji/Lib/Driver/Db/DbMysql.class.php 第 55 行.
SQL: SHOW COLUMNS FROM `comics` [ RunTime:0.000679s ]
NOTIC: [8192] preg_replace(): The /e modifier is deprecated, use preg_replace_callback instead /www/web/dt_pxtar_com/public_html/caiji/Lib/Core/Db.class.php 第 605 行.
SQL: SELECT count(*) as num FROM `comics` WHERE ( `is_del`='0' AND `type`='3' AND `status`='0'  ) LIMIT 1   [ RunTime:0.000363s ]
NOTIC: [8192] preg_replace(): The /e modifier is deprecated, use preg_replace_callback instead /www/web/dt_pxtar_com/public_html/caiji/Lib/Core/Db.class.php 第 605 行.
SQL: SELECT count(*) as num FROM `comics` WHERE ( `is_del`='0' AND `type`='3' AND `status`='1'  ) LIMIT 1   [ RunTime:0.000367s ]
NOTIC: [8192] preg_replace(): The /e modifier is deprecated, use preg_replace_callback instead /www/web/dt_pxtar_com/public_html/caiji/Lib/Core/Db.class.php 第 605 行.
SQL: SELECT count(*) as num FROM `comics` WHERE ( `is_del`='0' AND `type`='3' AND `status`='2'  ) LIMIT 1   [ RunTime:0.000349s ]

[ 2017-06-28T17:18:45+08:00 ] 171.212.222.102 /index/caijibuka?0.3404081648603896
INFO: [ app_begin ] --START--
INFO: ReadHtmlCache Behavior ::run [ RunTime:0.000269s ]
INFO: [ app_begin ] --END-- [ RunTime:0.000304s ]
NOTIC: [8192] mysql_connect(): The mysql extension is deprecated and will be removed in the future: use mysqli or PDO instead /www/web/dt_pxtar_com/public_html/caiji/Lib/Driver/Db/DbMysql.class.php 第 55 行.
SQL: SHOW COLUMNS FROM `comics` [ RunTime:0.000770s ]
NOTIC: [8192] preg_replace(): The /e modifier is deprecated, use preg_replace_callback instead /www/web/dt_pxtar_com/public_html/caiji/Lib/Core/Db.class.php 第 605 行.
SQL: SELECT * FROM `comics` WHERE ( `is_del`='0' AND `type`='3'  ) ORDER BY `id` DESC  [ RunTime:0.000468s ]
SQL: UPDATE `comics` SET `status`=0 WHERE ( `is_del`='0' AND `type`='3'  ) [ RunTime:0.000550s ]
NOTIC: 建议使用I方法替代_post
SQL: SHOW COLUMNS FROM `caiji_record` [ RunTime:0.000888s ]
NOTIC: [8192] preg_replace(): The /e modifier is deprecated, use preg_replace_callback instead /www/web/dt_pxtar_com/public_html/caiji/Lib/Core/Db.class.php 第 605 行.
SQL: SELECT * FROM `caiji_record` WHERE ( `comic_id` = 43 ) AND ( `caiji_date` = '2017-06-28' ) LIMIT 1   [ RunTime:0.000597s ]
SQL: INSERT INTO `caiji_record` (`comic_id`,`result`,`caiji_date`,`c_type`) VALUES (43,'{\"date\":\"2017-06-28\",\"time\":\"17:18:34\",\"name\":\"\\u5927\\u9f84\\u5973\",\"attension\":\"23.22\\u4e07\",\"strenghth\":\"2.07\\u4ebf\"}','2017-06-28',3) [ RunTime:0.000839s ]
SQL: UPDATE `comics` SET `status`=1 WHERE ( `id` = 43 ) [ RunTime:0.000541s ]
NOTIC: [8192] preg_replace(): The /e modifier is deprecated, use preg_replace_callback instead /www/web/dt_pxtar_com/public_html/caiji/Lib/Core/Db.class.php 第 605 行.
SQL: SELECT * FROM `caiji_record` WHERE ( `comic_id` = 40 ) AND ( `caiji_date` = '2017-06-28' ) LIMIT 1   [ RunTime:0.000610s ]
SQL: INSERT INTO `caiji_record` (`comic_id`,`result`,`caiji_date`,`c_type`) VALUES (40,'{\"date\":\"2017-06-28\",\"time\":\"17:18:34\",\"name\":\"\\u7956\\u5148\",\"attension\":\"13.95\\u4e07\",\"strenghth\":\"9920.34\\u4e07\"}','2017-06-28',3) [ RunTime:0.000494s ]
SQL: UPDATE `comics` SET `status`=1 WHERE ( `id` = 40 ) [ RunTime:0.000493s ]
NOTIC: [8192] preg_replace(): The /e modifier is deprecated, use preg_replace_callback instead /www/web/dt_pxtar_com/public_html/caiji/Lib/Core/Db.class.php 第 605 行.
SQL: SELECT * FROM `caiji_record` WHERE ( `comic_id` = 39 ) AND ( `caiji_date` = '2017-06-28' ) LIMIT 1   [ RunTime:0.000575s ]
SQL: INSERT INTO `caiji_record` (`comic_id`,`result`,`caiji_date`,`c_type`) VALUES (39,'{\"date\":\"2017-06-28\",\"time\":\"17:18:34\",\"name\":\"\\u5e73\\u86cb\",\"attension\":\"35.86\\u4e07\",\"strenghth\":\"3.92\\u4ebf\"}','2017-06-28',3) [ RunTime:0.000779s ]
SQL: UPDATE `comics` SET `status`=1 WHERE ( `id` = 39 ) [ RunTime:0.000447s ]

[ 2017-06-28T17:18:46+08:00 ] 171.212.222.102 /index/checkProgress/0.07320306101165852
INFO: [ app_begin ] --START--
INFO: ReadHtmlCache Behavior ::run [ RunTime:0.000297s ]
INFO: [ app_begin ] --END-- [ RunTime:0.000346s ]
NOTIC: 建议使用I方法替代_post
NOTIC: [8192] mysql_connect(): The mysql extension is deprecated and will be removed in the future: use mysqli or PDO instead /www/web/dt_pxtar_com/public_html/caiji/Lib/Driver/Db/DbMysql.class.php 第 55 行.
SQL: SHOW COLUMNS FROM `comics` [ RunTime:0.000695s ]
NOTIC: [8192] preg_replace(): The /e modifier is deprecated, use preg_replace_callback instead /www/web/dt_pxtar_com/public_html/caiji/Lib/Core/Db.class.php 第 605 行.
SQL: SELECT count(*) as num FROM `comics` WHERE ( `is_del`='0' AND `type`='3' AND `status`='0'  ) LIMIT 1   [ RunTime:0.000370s ]
NOTIC: [8192] preg_replace(): The /e modifier is deprecated, use preg_replace_callback instead /www/web/dt_pxtar_com/public_html/caiji/Lib/Core/Db.class.php 第 605 行.
SQL: SELECT count(*) as num FROM `comics` WHERE ( `is_del`='0' AND `type`='3' AND `status`='1'  ) LIMIT 1   [ RunTime:0.000318s ]
NOTIC: [8192] preg_replace(): The /e modifier is deprecated, use preg_replace_callback instead /www/web/dt_pxtar_com/public_html/caiji/Lib/Core/Db.class.php 第 605 行.
SQL: SELECT count(*) as num FROM `comics` WHERE ( `is_del`='0' AND `type`='3' AND `status`='2'  ) LIMIT 1   [ RunTime:0.000358s ]

[ 2017-06-28T17:18:46+08:00 ] 171.212.222.102 /index/checkProgress/0.24225776673100619
INFO: [ app_begin ] --START--
INFO: ReadHtmlCache Behavior ::run [ RunTime:0.000268s ]
INFO: [ app_begin ] --END-- [ RunTime:0.000321s ]
NOTIC: 建议使用I方法替代_post
NOTIC: [8192] mysql_connect(): The mysql extension is deprecated and will be removed in the future: use mysqli or PDO instead /www/web/dt_pxtar_com/public_html/caiji/Lib/Driver/Db/DbMysql.class.php 第 55 行.
SQL: SHOW COLUMNS FROM `comics` [ RunTime:0.000684s ]
NOTIC: [8192] preg_replace(): The /e modifier is deprecated, use preg_replace_callback instead /www/web/dt_pxtar_com/public_html/caiji/Lib/Core/Db.class.php 第 605 行.
SQL: SELECT count(*) as num FROM `comics` WHERE ( `is_del`='0' AND `type`='3' AND `status`='0'  ) LIMIT 1   [ RunTime:0.000392s ]
NOTIC: [8192] preg_replace(): The /e modifier is deprecated, use preg_replace_callback instead /www/web/dt_pxtar_com/public_html/caiji/Lib/Core/Db.class.php 第 605 行.
SQL: SELECT count(*) as num FROM `comics` WHERE ( `is_del`='0' AND `type`='3' AND `status`='1'  ) LIMIT 1   [ RunTime:0.000298s ]
NOTIC: [8192] preg_replace(): The /e modifier is deprecated, use preg_replace_callback instead /www/web/dt_pxtar_com/public_html/caiji/Lib/Core/Db.class.php 第 605 行.
SQL: SELECT count(*) as num FROM `comics` WHERE ( `is_del`='0' AND `type`='3' AND `status`='2'  ) LIMIT 1   [ RunTime:0.000346s ]

[ 2017-06-28T17:20:04+08:00 ] 171.212.222.102 /index/export
NOTIC: 建议使用I方法替代_post
NOTIC: 建议使用I方法替代_post
NOTIC: 建议使用I方法替代_post
NOTIC: 建议使用I方法替代_post
NOTIC: 建议使用I方法替代_post
NOTIC: 建议使用I方法替代_post
NOTIC: 建议使用I方法替代_post
NOTIC: 建议使用I方法替代_post

[ 2017-06-28T17:20:28+08:00 ] 171.212.222.102 /index/export
NOTIC: 建议使用I方法替代_post
NOTIC: 建议使用I方法替代_post
NOTIC: 建议使用I方法替代_post
NOTIC: 建议使用I方法替代_post
NOTIC: 建议使用I方法替代_post
NOTIC: 建议使用I方法替代_post
NOTIC: 建议使用I方法替代_post
NOTIC: 建议使用I方法替代_post

