[ 2017-06-14T10:28:05+08:00 ] 140.205.225.201 /wp-json/wp/v2/posts
ERR: 无法加载模块:Wp-json

[ 2017-06-14T10:28:23+08:00 ] 140.205.225.201 /fworkbxhqajm
ERR: 无法加载模块:Fworkbxhqajm

[ 2017-06-14T10:28:23+08:00 ] 140.205.225.201 /jobs/
ERR: 无法加载模块:Jobs

[ 2017-06-14T10:33:19+08:00 ] 140.205.225.201 /hwi/
ERR: 无法加载模块:Hwi

[ 2017-06-14T10:35:16+08:00 ] 140.205.225.201 /clusters.jsf
ERR: 无法加载模块:Clusters.jsf

[ 2017-06-14T10:38:23+08:00 ] 140.205.225.201 /rs-status
ERR: 无法加载模块:Rs-status

[ 2017-06-14T10:39:15+08:00 ] 140.205.225.201 /master-status
ERR: 无法加载模块:Master-status

[ 2017-06-14T10:39:50+08:00 ] 140.205.225.201 /dfshealth.html
ERR: 无法加载模块:Dfshealth

[ 2017-06-14T10:40:22+08:00 ] 140.205.225.201 /about/
ERR: 无法加载模块:About

[ 2017-06-14T10:41:03+08:00 ] 140.205.225.201 /warning
ERR: 无法加载模块:Warning

[ 2017-06-14T10:41:51+08:00 ] 140.205.225.201 /pleasereadthis
ERR: 无法加载模块:Pleasereadthis

[ 2017-06-14T10:42:40+08:00 ] 140.205.225.201 /please_read/_search
ERR: 无法加载模块:PleaseRead

[ 2017-06-14T10:44:20+08:00 ] 140.205.225.201 /jenkins/
ERR: 无法加载模块:Jenkins

[ 2017-06-14T10:44:34+08:00 ] 140.205.225.201 /zabbix/
ERR: 无法加载模块:Zabbix

[ 2017-06-14T10:44:59+08:00 ] 140.205.225.201 /solr/
ERR: 无法加载模块:Solr

[ 2017-06-14T10:45:09+08:00 ] 140.205.225.201 /info
ERR: 无法加载模块:Info

[ 2017-06-14T10:45:38+08:00 ] 140.205.225.201 /dfshealth.jsp
ERR: 无法加载模块:Dfshealth.jsp

[ 2017-06-14T10:45:44+08:00 ] 140.205.225.201 /hadoop/dfshealth.jsp
ERR: 无法加载模块:Hadoop

[ 2017-06-14T14:37:49+08:00 ] 140.205.225.192 /wp-json/wp/v2/posts
ERR: 无法加载模块:Wp-json

[ 2017-06-14T14:45:45+08:00 ] 140.205.225.192 /jzmvqtdyoplx
ERR: 无法加载模块:Jzmvqtdyoplx

[ 2017-06-14T14:45:45+08:00 ] 140.205.225.192 /jobs/
ERR: 无法加载模块:Jobs

[ 2017-06-14T14:54:43+08:00 ] 140.205.225.192 /hwi/
ERR: 无法加载模块:Hwi

[ 2017-06-14T15:06:17+08:00 ] 140.205.225.192 /clusters.jsf
ERR: 无法加载模块:Clusters.jsf

[ 2017-06-14T15:10:50+08:00 ] 140.205.225.192 /rs-status
ERR: 无法加载模块:Rs-status

[ 2017-06-14T15:13:16+08:00 ] 140.205.225.192 /master-status
ERR: 无法加载模块:Master-status

[ 2017-06-14T15:15:45+08:00 ] 140.205.225.192 /dfshealth.html
ERR: 无法加载模块:Dfshealth

[ 2017-06-14T15:16:47+08:00 ] 140.205.225.192 /about/
ERR: 无法加载模块:About

[ 2017-06-14T15:17:05+08:00 ] 140.205.225.192 /warning
ERR: 无法加载模块:Warning

[ 2017-06-14T15:17:24+08:00 ] 140.205.225.192 /pleasereadthis
ERR: 无法加载模块:Pleasereadthis

[ 2017-06-14T15:17:33+08:00 ] 140.205.225.192 /please_read/_search
ERR: 无法加载模块:PleaseRead

[ 2017-06-14T15:17:41+08:00 ] 140.205.225.192 /jenkins/
ERR: 无法加载模块:Jenkins

[ 2017-06-14T15:17:44+08:00 ] 140.205.225.192 /zabbix/
ERR: 无法加载模块:Zabbix

[ 2017-06-14T15:17:47+08:00 ] 140.205.225.192 /solr/
ERR: 无法加载模块:Solr

[ 2017-06-14T15:17:51+08:00 ] 140.205.225.192 /info
ERR: 无法加载模块:Info

[ 2017-06-14T15:17:56+08:00 ] 140.205.225.192 /dfshealth.jsp
ERR: 无法加载模块:Dfshealth.jsp

[ 2017-06-14T15:17:57+08:00 ] 140.205.225.192 /hadoop/dfshealth.jsp
ERR: 无法加载模块:Hadoop

[ 2017-06-14T17:08:23+08:00 ] 171.212.222.132 /index/caijibukaimg
INFO: [ app_begin ] --START--
INFO: ReadHtmlCache Behavior ::run [ RunTime:0.000046s ]
INFO: [ app_begin ] --END-- [ RunTime:0.000071s ]

[ 2017-06-14T17:08:28+08:00 ] 171.212.222.132 /index/caijibuka?0.4948154936706608
INFO: [ app_begin ] --START--
INFO: ReadHtmlCache Behavior ::run [ RunTime:0.000061s ]
INFO: [ app_begin ] --END-- [ RunTime:0.000095s ]
NOTIC: [8192] mysql_connect(): The mysql extension is deprecated and will be removed in the future: use mysqli or PDO instead /data/sites/caiji/Lib/Driver/Db/DbMysql.class.php 第 55 行.
SQL: SHOW COLUMNS FROM `comics` [ RunTime:0.000486s ]
NOTIC: [8192] preg_replace(): The /e modifier is deprecated, use preg_replace_callback instead /data/sites/caiji/Lib/Core/Db.class.php 第 605 行.
SQL: SELECT * FROM `comics` WHERE ( `is_del`='0' AND `type`='3'  ) ORDER BY `id` DESC  [ RunTime:0.000276s ]
SQL: UPDATE `comics` SET `status`=0 WHERE ( `is_del`='0' AND `type`='3'  ) [ RunTime:0.003304s ]
NOTIC: 建议使用I方法替代_post

[ 2017-06-14T17:08:31+08:00 ] 171.212.222.132 /index/caijibukaimg
INFO: [ app_begin ] --START--
INFO: ReadHtmlCache Behavior ::run [ RunTime:0.000045s ]
INFO: [ app_begin ] --END-- [ RunTime:0.000072s ]

[ 2017-06-14T17:08:38+08:00 ] 171.212.222.132 /index/checkProgress/0.6944377436550873
INFO: [ app_begin ] --START--
INFO: ReadHtmlCache Behavior ::run [ RunTime:0.000042s ]
INFO: [ app_begin ] --END-- [ RunTime:0.000068s ]
NOTIC: 建议使用I方法替代_post
NOTIC: [8192] mysql_connect(): The mysql extension is deprecated and will be removed in the future: use mysqli or PDO instead /data/sites/caiji/Lib/Driver/Db/DbMysql.class.php 第 55 行.
SQL: SHOW COLUMNS FROM `comics` [ RunTime:0.000482s ]
NOTIC: [8192] preg_replace(): The /e modifier is deprecated, use preg_replace_callback instead /data/sites/caiji/Lib/Core/Db.class.php 第 605 行.
SQL: SELECT count(*) as num FROM `comics` WHERE ( `is_del`='0' AND `type`='3' AND `status`='0'  ) LIMIT 1   [ RunTime:0.000238s ]
NOTIC: [8192] preg_replace(): The /e modifier is deprecated, use preg_replace_callback instead /data/sites/caiji/Lib/Core/Db.class.php 第 605 行.
SQL: SELECT count(*) as num FROM `comics` WHERE ( `is_del`='0' AND `type`='3' AND `status`='1'  ) LIMIT 1   [ RunTime:0.000217s ]
NOTIC: [8192] preg_replace(): The /e modifier is deprecated, use preg_replace_callback instead /data/sites/caiji/Lib/Core/Db.class.php 第 605 行.
SQL: SELECT count(*) as num FROM `comics` WHERE ( `is_del`='0' AND `type`='3' AND `status`='2'  ) LIMIT 1   [ RunTime:0.000166s ]

[ 2017-06-14T17:08:40+08:00 ] 171.212.222.132 /index/checkProgress/0.05985479677305894
INFO: [ app_begin ] --START--
INFO: ReadHtmlCache Behavior ::run [ RunTime:0.000047s ]
INFO: [ app_begin ] --END-- [ RunTime:0.000074s ]
NOTIC: 建议使用I方法替代_post
NOTIC: [8192] mysql_connect(): The mysql extension is deprecated and will be removed in the future: use mysqli or PDO instead /data/sites/caiji/Lib/Driver/Db/DbMysql.class.php 第 55 行.
SQL: SHOW COLUMNS FROM `comics` [ RunTime:0.000498s ]
NOTIC: [8192] preg_replace(): The /e modifier is deprecated, use preg_replace_callback instead /data/sites/caiji/Lib/Core/Db.class.php 第 605 行.
SQL: SELECT count(*) as num FROM `comics` WHERE ( `is_del`='0' AND `type`='3' AND `status`='0'  ) LIMIT 1   [ RunTime:0.000237s ]
NOTIC: [8192] preg_replace(): The /e modifier is deprecated, use preg_replace_callback instead /data/sites/caiji/Lib/Core/Db.class.php 第 605 行.
SQL: SELECT count(*) as num FROM `comics` WHERE ( `is_del`='0' AND `type`='3' AND `status`='1'  ) LIMIT 1   [ RunTime:0.000182s ]
NOTIC: [8192] preg_replace(): The /e modifier is deprecated, use preg_replace_callback instead /data/sites/caiji/Lib/Core/Db.class.php 第 605 行.
SQL: SELECT count(*) as num FROM `comics` WHERE ( `is_del`='0' AND `type`='3' AND `status`='2'  ) LIMIT 1   [ RunTime:0.000166s ]

[ 2017-06-14T17:08:42+08:00 ] 171.212.222.132 /index/checkProgress/0.3123370861844781
INFO: [ app_begin ] --START--
INFO: ReadHtmlCache Behavior ::run [ RunTime:0.000043s ]
INFO: [ app_begin ] --END-- [ RunTime:0.000069s ]
NOTIC: 建议使用I方法替代_post
NOTIC: [8192] mysql_connect(): The mysql extension is deprecated and will be removed in the future: use mysqli or PDO instead /data/sites/caiji/Lib/Driver/Db/DbMysql.class.php 第 55 行.
SQL: SHOW COLUMNS FROM `comics` [ RunTime:0.000483s ]
NOTIC: [8192] preg_replace(): The /e modifier is deprecated, use preg_replace_callback instead /data/sites/caiji/Lib/Core/Db.class.php 第 605 行.
SQL: SELECT count(*) as num FROM `comics` WHERE ( `is_del`='0' AND `type`='3' AND `status`='0'  ) LIMIT 1   [ RunTime:0.000232s ]
NOTIC: [8192] preg_replace(): The /e modifier is deprecated, use preg_replace_callback instead /data/sites/caiji/Lib/Core/Db.class.php 第 605 行.
SQL: SELECT count(*) as num FROM `comics` WHERE ( `is_del`='0' AND `type`='3' AND `status`='1'  ) LIMIT 1   [ RunTime:0.000178s ]
NOTIC: [8192] preg_replace(): The /e modifier is deprecated, use preg_replace_callback instead /data/sites/caiji/Lib/Core/Db.class.php 第 605 行.
SQL: SELECT count(*) as num FROM `comics` WHERE ( `is_del`='0' AND `type`='3' AND `status`='2'  ) LIMIT 1   [ RunTime:0.000166s ]

[ 2017-06-14T17:08:44+08:00 ] 171.212.222.132 /index/checkProgress/0.4106563249409534
INFO: [ app_begin ] --START--
INFO: ReadHtmlCache Behavior ::run [ RunTime:0.000043s ]
INFO: [ app_begin ] --END-- [ RunTime:0.000069s ]
NOTIC: 建议使用I方法替代_post
NOTIC: [8192] mysql_connect(): The mysql extension is deprecated and will be removed in the future: use mysqli or PDO instead /data/sites/caiji/Lib/Driver/Db/DbMysql.class.php 第 55 行.
SQL: SHOW COLUMNS FROM `comics` [ RunTime:0.000464s ]
NOTIC: [8192] preg_replace(): The /e modifier is deprecated, use preg_replace_callback instead /data/sites/caiji/Lib/Core/Db.class.php 第 605 行.
SQL: SELECT count(*) as num FROM `comics` WHERE ( `is_del`='0' AND `type`='3' AND `status`='0'  ) LIMIT 1   [ RunTime:0.000231s ]
NOTIC: [8192] preg_replace(): The /e modifier is deprecated, use preg_replace_callback instead /data/sites/caiji/Lib/Core/Db.class.php 第 605 行.
SQL: SELECT count(*) as num FROM `comics` WHERE ( `is_del`='0' AND `type`='3' AND `status`='1'  ) LIMIT 1   [ RunTime:0.000188s ]
NOTIC: [8192] preg_replace(): The /e modifier is deprecated, use preg_replace_callback instead /data/sites/caiji/Lib/Core/Db.class.php 第 605 行.
SQL: SELECT count(*) as num FROM `comics` WHERE ( `is_del`='0' AND `type`='3' AND `status`='2'  ) LIMIT 1   [ RunTime:0.000171s ]

[ 2017-06-14T17:08:46+08:00 ] 171.212.222.132 /index/checkProgress/0.9724090058526071
INFO: [ app_begin ] --START--
INFO: ReadHtmlCache Behavior ::run [ RunTime:0.000054s ]
INFO: [ app_begin ] --END-- [ RunTime:0.000080s ]
NOTIC: 建议使用I方法替代_post
NOTIC: [8192] mysql_connect(): The mysql extension is deprecated and will be removed in the future: use mysqli or PDO instead /data/sites/caiji/Lib/Driver/Db/DbMysql.class.php 第 55 行.
SQL: SHOW COLUMNS FROM `comics` [ RunTime:0.000392s ]
NOTIC: [8192] preg_replace(): The /e modifier is deprecated, use preg_replace_callback instead /data/sites/caiji/Lib/Core/Db.class.php 第 605 行.
SQL: SELECT count(*) as num FROM `comics` WHERE ( `is_del`='0' AND `type`='3' AND `status`='0'  ) LIMIT 1   [ RunTime:0.000209s ]
NOTIC: [8192] preg_replace(): The /e modifier is deprecated, use preg_replace_callback instead /data/sites/caiji/Lib/Core/Db.class.php 第 605 行.
SQL: SELECT count(*) as num FROM `comics` WHERE ( `is_del`='0' AND `type`='3' AND `status`='1'  ) LIMIT 1   [ RunTime:0.000164s ]
NOTIC: [8192] preg_replace(): The /e modifier is deprecated, use preg_replace_callback instead /data/sites/caiji/Lib/Core/Db.class.php 第 605 行.
SQL: SELECT count(*) as num FROM `comics` WHERE ( `is_del`='0' AND `type`='3' AND `status`='2'  ) LIMIT 1   [ RunTime:0.000160s ]

[ 2017-06-14T17:08:46+08:00 ] 171.212.222.132 /index/caijibuka?0.14328879136923733
INFO: [ app_begin ] --START--
INFO: ReadHtmlCache Behavior ::run [ RunTime:0.000047s ]
INFO: [ app_begin ] --END-- [ RunTime:0.000073s ]
NOTIC: [8192] mysql_connect(): The mysql extension is deprecated and will be removed in the future: use mysqli or PDO instead /data/sites/caiji/Lib/Driver/Db/DbMysql.class.php 第 55 行.
SQL: SHOW COLUMNS FROM `comics` [ RunTime:0.000469s ]
NOTIC: [8192] preg_replace(): The /e modifier is deprecated, use preg_replace_callback instead /data/sites/caiji/Lib/Core/Db.class.php 第 605 行.
SQL: SELECT * FROM `comics` WHERE ( `is_del`='0' AND `type`='3'  ) ORDER BY `id` DESC  [ RunTime:0.000291s ]
SQL: UPDATE `comics` SET `status`=0 WHERE ( `is_del`='0' AND `type`='3'  ) [ RunTime:0.003453s ]
NOTIC: 建议使用I方法替代_post
SQL: SHOW COLUMNS FROM `caiji_record` [ RunTime:0.000574s ]
NOTIC: [8192] preg_replace(): The /e modifier is deprecated, use preg_replace_callback instead /data/sites/caiji/Lib/Core/Db.class.php 第 605 行.
SQL: SELECT * FROM `caiji_record` WHERE ( `comic_id` = 43 ) AND ( `caiji_date` = '2017-06-14' ) LIMIT 1   [ RunTime:0.000261s ]
SQL: INSERT INTO `caiji_record` (`comic_id`,`result`,`caiji_date`,`c_type`) VALUES (43,'{\"date\":\"2017-06-14\",\"time\":\"17:08:37\",\"name\":\"\\u5927\\u9f84\\u5973\",\"attension\":\"22.75\\u4e07\",\"strenghth\":\"2.01\\u4ebf\"}','2017-06-14',3) [ RunTime:0.004055s ]
SQL: UPDATE `comics` SET `status`=1 WHERE ( `id` = 43 ) [ RunTime:0.004277s ]
NOTIC: [8192] preg_replace(): The /e modifier is deprecated, use preg_replace_callback instead /data/sites/caiji/Lib/Core/Db.class.php 第 605 行.
SQL: SELECT * FROM `caiji_record` WHERE ( `comic_id` = 40 ) AND ( `caiji_date` = '2017-06-14' ) LIMIT 1   [ RunTime:0.000409s ]
SQL: INSERT INTO `caiji_record` (`comic_id`,`result`,`caiji_date`,`c_type`) VALUES (40,'{\"date\":\"2017-06-14\",\"time\":\"17:08:37\",\"name\":\"\\u7956\\u5148\",\"attension\":\"13.45\\u4e07\",\"strenghth\":\"9536.89\\u4e07\"}','2017-06-14',3) [ RunTime:0.003061s ]
SQL: UPDATE `comics` SET `status`=1 WHERE ( `id` = 40 ) [ RunTime:0.002869s ]
NOTIC: [8192] preg_replace(): The /e modifier is deprecated, use preg_replace_callback instead /data/sites/caiji/Lib/Core/Db.class.php 第 605 行.
SQL: SELECT * FROM `caiji_record` WHERE ( `comic_id` = 39 ) AND ( `caiji_date` = '2017-06-14' ) LIMIT 1   [ RunTime:0.002236s ]
SQL: INSERT INTO `caiji_record` (`comic_id`,`result`,`caiji_date`,`c_type`) VALUES (39,'{\"date\":\"2017-06-14\",\"time\":\"17:08:37\",\"name\":\"\\u5e73\\u86cb\",\"attension\":\"35.08\\u4e07\",\"strenghth\":\"3.83\\u4ebf\"}','2017-06-14',3) [ RunTime:0.003133s ]
SQL: UPDATE `comics` SET `status`=1 WHERE ( `id` = 39 ) [ RunTime:0.002948s ]

[ 2017-06-14T17:08:48+08:00 ] 171.212.222.132 /index/checkProgress/0.6085915994984423
INFO: [ app_begin ] --START--
INFO: ReadHtmlCache Behavior ::run [ RunTime:0.000043s ]
INFO: [ app_begin ] --END-- [ RunTime:0.000069s ]
NOTIC: 建议使用I方法替代_post
NOTIC: [8192] mysql_connect(): The mysql extension is deprecated and will be removed in the future: use mysqli or PDO instead /data/sites/caiji/Lib/Driver/Db/DbMysql.class.php 第 55 行.
SQL: SHOW COLUMNS FROM `comics` [ RunTime:0.000493s ]
NOTIC: [8192] preg_replace(): The /e modifier is deprecated, use preg_replace_callback instead /data/sites/caiji/Lib/Core/Db.class.php 第 605 行.
SQL: SELECT count(*) as num FROM `comics` WHERE ( `is_del`='0' AND `type`='3' AND `status`='0'  ) LIMIT 1   [ RunTime:0.000237s ]
NOTIC: [8192] preg_replace(): The /e modifier is deprecated, use preg_replace_callback instead /data/sites/caiji/Lib/Core/Db.class.php 第 605 行.
SQL: SELECT count(*) as num FROM `comics` WHERE ( `is_del`='0' AND `type`='3' AND `status`='1'  ) LIMIT 1   [ RunTime:0.000170s ]
NOTIC: [8192] preg_replace(): The /e modifier is deprecated, use preg_replace_callback instead /data/sites/caiji/Lib/Core/Db.class.php 第 605 行.
SQL: SELECT count(*) as num FROM `comics` WHERE ( `is_del`='0' AND `type`='3' AND `status`='2'  ) LIMIT 1   [ RunTime:0.000177s ]

[ 2017-06-14T17:09:01+08:00 ] 171.212.222.132 /index/export
NOTIC: 建议使用I方法替代_post
NOTIC: 建议使用I方法替代_post
NOTIC: 建议使用I方法替代_post
NOTIC: 建议使用I方法替代_post
NOTIC: 建议使用I方法替代_post
NOTIC: 建议使用I方法替代_post
NOTIC: 建议使用I方法替代_post
NOTIC: 建议使用I方法替代_post

[ 2017-06-14T17:09:20+08:00 ] 171.212.222.132 /index/caijiwangyi
INFO: [ app_begin ] --START--
INFO: ReadHtmlCache Behavior ::run [ RunTime:0.000048s ]
INFO: [ app_begin ] --END-- [ RunTime:0.000074s ]
NOTIC: [8192] mysql_connect(): The mysql extension is deprecated and will be removed in the future: use mysqli or PDO instead /data/sites/caiji/Lib/Driver/Db/DbMysql.class.php 第 55 行.
SQL: SHOW COLUMNS FROM `comics` [ RunTime:0.000482s ]
NOTIC: [8192] preg_replace(): The /e modifier is deprecated, use preg_replace_callback instead /data/sites/caiji/Lib/Core/Db.class.php 第 605 行.
SQL: SELECT * FROM `comics` WHERE ( `is_del`='0' AND `type`='2'  ) ORDER BY `id` DESC  [ RunTime:0.000279s ]
SQL: UPDATE `comics` SET `status`=0 WHERE ( `is_del`='0' AND `type`='2'  ) [ RunTime:0.003609s ]
SQL: SHOW COLUMNS FROM `caiji_record` [ RunTime:0.000570s ]
NOTIC: [8192] preg_replace(): The /e modifier is deprecated, use preg_replace_callback instead /data/sites/caiji/Lib/Core/Db.class.php 第 605 行.
SQL: SELECT * FROM `caiji_record` WHERE ( `comic_id` = 42 ) AND ( `caiji_date` = '2017-06-14' ) LIMIT 1   [ RunTime:0.000253s ]
SQL: INSERT INTO `caiji_record` (`comic_id`,`result`,`caiji_date`,`c_type`) VALUES (42,'{\"date\":\"2017-06-14\",\"time\":\"17:09:20\",\"name\":\"\\u5384\\u8fd0\\u4e4b\\u738b\",\"populary\":\"6913.2\\u4e07\",\"grumble\":\"1\\u4e07\",\"commentCount\":1872}','2017-06-14',2) [ RunTime:0.003372s ]
SQL: UPDATE `comics` SET `status`=1 WHERE ( `id` = 42 ) [ RunTime:0.002407s ]

[ 2017-06-14T17:09:22+08:00 ] 171.212.222.132 /index/checkProgress/0.03183870128825195
INFO: [ app_begin ] --START--
INFO: ReadHtmlCache Behavior ::run [ RunTime:0.000043s ]
INFO: [ app_begin ] --END-- [ RunTime:0.000069s ]
NOTIC: 建议使用I方法替代_post
NOTIC: [8192] mysql_connect(): The mysql extension is deprecated and will be removed in the future: use mysqli or PDO instead /data/sites/caiji/Lib/Driver/Db/DbMysql.class.php 第 55 行.
SQL: SHOW COLUMNS FROM `comics` [ RunTime:0.000498s ]
NOTIC: [8192] preg_replace(): The /e modifier is deprecated, use preg_replace_callback instead /data/sites/caiji/Lib/Core/Db.class.php 第 605 行.
SQL: SELECT count(*) as num FROM `comics` WHERE ( `is_del`='0' AND `type`='2' AND `status`='0'  ) LIMIT 1   [ RunTime:0.000232s ]
NOTIC: [8192] preg_replace(): The /e modifier is deprecated, use preg_replace_callback instead /data/sites/caiji/Lib/Core/Db.class.php 第 605 行.
SQL: SELECT count(*) as num FROM `comics` WHERE ( `is_del`='0' AND `type`='2' AND `status`='1'  ) LIMIT 1   [ RunTime:0.000168s ]
NOTIC: [8192] preg_replace(): The /e modifier is deprecated, use preg_replace_callback instead /data/sites/caiji/Lib/Core/Db.class.php 第 605 行.
SQL: SELECT count(*) as num FROM `comics` WHERE ( `is_del`='0' AND `type`='2' AND `status`='2'  ) LIMIT 1   [ RunTime:0.000166s ]

[ 2017-06-14T17:09:34+08:00 ] 171.212.222.132 /index/export
NOTIC: 建议使用I方法替代_post
NOTIC: 建议使用I方法替代_post
NOTIC: 建议使用I方法替代_post
NOTIC: 建议使用I方法替代_post
NOTIC: 建议使用I方法替代_post
NOTIC: 建议使用I方法替代_post
NOTIC: 建议使用I方法替代_post
NOTIC: 建议使用I方法替代_post

[ 2017-06-14T17:09:41+08:00 ] 171.212.222.132 /index/export
NOTIC: 建议使用I方法替代_post
NOTIC: 建议使用I方法替代_post
NOTIC: 建议使用I方法替代_post
NOTIC: 建议使用I方法替代_post
NOTIC: 建议使用I方法替代_post
NOTIC: 建议使用I方法替代_post
NOTIC: 建议使用I方法替代_post
NOTIC: 建议使用I方法替代_post

[ 2017-06-14T17:09:56+08:00 ] 171.212.222.132 /index/export
NOTIC: 建议使用I方法替代_post
NOTIC: 建议使用I方法替代_post
NOTIC: 建议使用I方法替代_post
NOTIC: 建议使用I方法替代_post
NOTIC: 建议使用I方法替代_post
NOTIC: 建议使用I方法替代_post
NOTIC: 建议使用I方法替代_post
NOTIC: 建议使用I方法替代_post

[ 2017-06-14T17:10:10+08:00 ] 171.212.222.132 /index/checkProgress/0.08595891900202845
INFO: [ app_begin ] --START--
INFO: ReadHtmlCache Behavior ::run [ RunTime:0.000042s ]
INFO: [ app_begin ] --END-- [ RunTime:0.000068s ]
NOTIC: 建议使用I方法替代_post
NOTIC: [8192] mysql_connect(): The mysql extension is deprecated and will be removed in the future: use mysqli or PDO instead /data/sites/caiji/Lib/Driver/Db/DbMysql.class.php 第 55 行.
SQL: SHOW COLUMNS FROM `comics` [ RunTime:0.000592s ]
NOTIC: [8192] preg_replace(): The /e modifier is deprecated, use preg_replace_callback instead /data/sites/caiji/Lib/Core/Db.class.php 第 605 行.
SQL: SELECT count(*) as num FROM `comics` WHERE ( `is_del`='0' AND `type`='1' AND `status`='0'  ) LIMIT 1   [ RunTime:0.000234s ]
NOTIC: [8192] preg_replace(): The /e modifier is deprecated, use preg_replace_callback instead /data/sites/caiji/Lib/Core/Db.class.php 第 605 行.
SQL: SELECT count(*) as num FROM `comics` WHERE ( `is_del`='0' AND `type`='1' AND `status`='1'  ) LIMIT 1   [ RunTime:0.000165s ]
NOTIC: [8192] preg_replace(): The /e modifier is deprecated, use preg_replace_callback instead /data/sites/caiji/Lib/Core/Db.class.php 第 605 行.
SQL: SELECT count(*) as num FROM `comics` WHERE ( `is_del`='0' AND `type`='1' AND `status`='2'  ) LIMIT 1   [ RunTime:0.000173s ]

[ 2017-06-14T17:10:12+08:00 ] 171.212.222.132 /index/checkProgress/0.5743623100710791
INFO: [ app_begin ] --START--
INFO: ReadHtmlCache Behavior ::run [ RunTime:0.000047s ]
INFO: [ app_begin ] --END-- [ RunTime:0.000074s ]
NOTIC: 建议使用I方法替代_post
NOTIC: [8192] mysql_connect(): The mysql extension is deprecated and will be removed in the future: use mysqli or PDO instead /data/sites/caiji/Lib/Driver/Db/DbMysql.class.php 第 55 行.
SQL: SHOW COLUMNS FROM `comics` [ RunTime:0.000480s ]
NOTIC: [8192] preg_replace(): The /e modifier is deprecated, use preg_replace_callback instead /data/sites/caiji/Lib/Core/Db.class.php 第 605 行.
SQL: SELECT count(*) as num FROM `comics` WHERE ( `is_del`='0' AND `type`='1' AND `status`='0'  ) LIMIT 1   [ RunTime:0.000232s ]
NOTIC: [8192] preg_replace(): The /e modifier is deprecated, use preg_replace_callback instead /data/sites/caiji/Lib/Core/Db.class.php 第 605 行.
SQL: SELECT count(*) as num FROM `comics` WHERE ( `is_del`='0' AND `type`='1' AND `status`='1'  ) LIMIT 1   [ RunTime:0.000167s ]
NOTIC: [8192] preg_replace(): The /e modifier is deprecated, use preg_replace_callback instead /data/sites/caiji/Lib/Core/Db.class.php 第 605 行.
SQL: SELECT count(*) as num FROM `comics` WHERE ( `is_del`='0' AND `type`='1' AND `status`='2'  ) LIMIT 1   [ RunTime:0.000174s ]

[ 2017-06-14T17:10:13+08:00 ] 171.212.222.132 /index/caijiqq
INFO: [ app_begin ] --START--
INFO: ReadHtmlCache Behavior ::run [ RunTime:0.000044s ]
INFO: [ app_begin ] --END-- [ RunTime:0.000071s ]
NOTIC: [8192] mysql_connect(): The mysql extension is deprecated and will be removed in the future: use mysqli or PDO instead /data/sites/caiji/Lib/Driver/Db/DbMysql.class.php 第 55 行.
SQL: SHOW COLUMNS FROM `comics` [ RunTime:0.000481s ]
NOTIC: [8192] preg_replace(): The /e modifier is deprecated, use preg_replace_callback instead /data/sites/caiji/Lib/Core/Db.class.php 第 605 行.
SQL: SELECT * FROM `comics` WHERE ( `is_del`='0' AND `type`='1'  ) ORDER BY `id` DESC  [ RunTime:0.000290s ]
SQL: UPDATE `comics` SET `status`=0 WHERE ( `is_del`='0' AND `type`='1'  ) [ RunTime:0.004919s ]
SQL: SHOW COLUMNS FROM `caiji_record` [ RunTime:0.000571s ]
NOTIC: [8192] preg_replace(): The /e modifier is deprecated, use preg_replace_callback instead /data/sites/caiji/Lib/Core/Db.class.php 第 605 行.
SQL: SELECT * FROM `caiji_record` WHERE ( `comic_id` = 52 ) AND ( `caiji_date` = '2017-06-14' ) LIMIT 1   [ RunTime:0.000258s ]
SQL: INSERT INTO `caiji_record` (`comic_id`,`result`,`caiji_date`,`c_type`) VALUES (52,'{\"date\":\"2017-06-14\",\"time\":\"17:10:08\",\"name\":\"\\u9a97\\u5c40\",\"attension\":\"433829\",\"popularity\":\"9.6\\u4ebf\",\"monthTicketTotal\":\"209\",\"topic\":\"12802\"}','2017-06-14',1) [ RunTime:0.003995s ]
SQL: UPDATE `comics` SET `status`=1 WHERE ( `id` = 52 ) [ RunTime:0.002516s ]
NOTIC: [8192] preg_replace(): The /e modifier is deprecated, use preg_replace_callback instead /data/sites/caiji/Lib/Core/Db.class.php 第 605 行.
SQL: SELECT * FROM `caiji_record` WHERE ( `comic_id` = 51 ) AND ( `caiji_date` = '2017-06-14' ) LIMIT 1   [ RunTime:0.000404s ]
SQL: INSERT INTO `caiji_record` (`comic_id`,`result`,`caiji_date`,`c_type`) VALUES (51,'{\"date\":\"2017-06-14\",\"time\":\"17:10:08\",\"name\":\"\\u4e1e\\u76f8\",\"attension\":\"397577\",\"popularity\":\"4.5\\u4ebf\",\"monthTicketTotal\":\"295\",\"topic\":\"11546\"}','2017-06-14',1) [ RunTime:0.002886s ]
SQL: UPDATE `comics` SET `status`=1 WHERE ( `id` = 51 ) [ RunTime:0.002521s ]
NOTIC: [8192] preg_replace(): The /e modifier is deprecated, use preg_replace_callback instead /data/sites/caiji/Lib/Core/Db.class.php 第 605 行.
SQL: SELECT * FROM `caiji_record` WHERE ( `comic_id` = 50 ) AND ( `caiji_date` = '2017-06-14' ) LIMIT 1   [ RunTime:0.000422s ]
SQL: INSERT INTO `caiji_record` (`comic_id`,`result`,`caiji_date`,`c_type`) VALUES (50,'{\"date\":\"2017-06-14\",\"time\":\"17:10:08\",\"name\":\"\\u5973\\u738b\\u5927\\u4eba\",\"attension\":\"503000\",\"popularity\":\"7.9\\u4ebf\",\"monthTicketTotal\":\"58\",\"topic\":\"13865\"}','2017-06-14',1) [ RunTime:0.002933s ]
SQL: UPDATE `comics` SET `status`=1 WHERE ( `id` = 50 ) [ RunTime:0.003965s ]
NOTIC: [8192] preg_replace(): The /e modifier is deprecated, use preg_replace_callback instead /data/sites/caiji/Lib/Core/Db.class.php 第 605 行.
SQL: SELECT * FROM `caiji_record` WHERE ( `comic_id` = 49 ) AND ( `caiji_date` = '2017-06-14' ) LIMIT 1   [ RunTime:0.000413s ]
SQL: INSERT INTO `caiji_record` (`comic_id`,`result`,`caiji_date`,`c_type`) VALUES (49,'{\"date\":\"2017-06-14\",\"time\":\"17:10:08\",\"name\":\"\\u9b54\\u738b\\u604b\\u7231\",\"attension\":\"525241\",\"popularity\":\"9.8\\u4ebf\",\"monthTicketTotal\":\"380\",\"topic\":\"24576\"}','2017-06-14',1) [ RunTime:0.003360s ]
SQL: UPDATE `comics` SET `status`=1 WHERE ( `id` = 49 ) [ RunTime:0.003143s ]
NOTIC: [8192] preg_replace(): The /e modifier is deprecated, use preg_replace_callback instead /data/sites/caiji/Lib/Core/Db.class.php 第 605 行.
SQL: SELECT * FROM `caiji_record` WHERE ( `comic_id` = 48 ) AND ( `caiji_date` = '2017-06-14' ) LIMIT 1   [ RunTime:0.000408s ]
SQL: INSERT INTO `caiji_record` (`comic_id`,`result`,`caiji_date`,`c_type`) VALUES (48,'{\"date\":\"2017-06-14\",\"time\":\"17:10:08\",\"name\":\"\\u732b\\u5996\",\"attension\":\"1238391\",\"popularity\":\"23.9\\u4ebf\",\"monthTicketTotal\":\"1931\",\"topic\":\"71853\"}','2017-06-14',1) [ RunTime:0.007480s ]
SQL: UPDATE `comics` SET `status`=1 WHERE ( `id` = 48 ) [ RunTime:0.005500s ]
NOTIC: [8192] preg_replace(): The /e modifier is deprecated, use preg_replace_callback instead /data/sites/caiji/Lib/Core/Db.class.php 第 605 行.
SQL: SELECT * FROM `caiji_record` WHERE ( `comic_id` = 47 ) AND ( `caiji_date` = '2017-06-14' ) LIMIT 1   [ RunTime:0.000550s ]
SQL: INSERT INTO `caiji_record` (`comic_id`,`result`,`caiji_date`,`c_type`) VALUES (47,'{\"date\":\"2017-06-14\",\"time\":\"17:10:08\",\"name\":\"\\u4e11\\u516b\\u602a\",\"attension\":\"48612\",\"popularity\":\"8543.6\\u4e07\",\"monthTicketTotal\":\"22\",\"topic\":\"1878\"}','2017-06-14',1) [ RunTime:0.002904s ]
SQL: UPDATE `comics` SET `status`=1 WHERE ( `id` = 47 ) [ RunTime:0.000878s ]
NOTIC: [8192] preg_replace(): The /e modifier is deprecated, use preg_replace_callback instead /data/sites/caiji/Lib/Core/Db.class.php 第 605 行.
SQL: SELECT * FROM `caiji_record` WHERE ( `comic_id` = 46 ) AND ( `caiji_date` = '2017-06-14' ) LIMIT 1   [ RunTime:0.000419s ]
SQL: INSERT INTO `caiji_record` (`comic_id`,`result`,`caiji_date`,`c_type`) VALUES (46,'{\"date\":\"2017-06-14\",\"time\":\"17:10:08\",\"name\":\"\\u957f\\u751f\\u6bbf\",\"attension\":\"291738\",\"popularity\":\"3.6\\u4ebf\",\"monthTicketTotal\":\"180\",\"topic\":\"7022\"}','2017-06-14',1) [ RunTime:0.002986s ]
SQL: UPDATE `comics` SET `status`=1 WHERE ( `id` = 46 ) [ RunTime:0.002734s ]
NOTIC: [8192] preg_replace(): The /e modifier is deprecated, use preg_replace_callback instead /data/sites/caiji/Lib/Core/Db.class.php 第 605 行.
SQL: SELECT * FROM `caiji_record` WHERE ( `comic_id` = 45 ) AND ( `caiji_date` = '2017-06-14' ) LIMIT 1   [ RunTime:0.000408s ]
SQL: INSERT INTO `caiji_record` (`comic_id`,`result`,`caiji_date`,`c_type`) VALUES (45,'{\"date\":\"2017-06-14\",\"time\":\"17:10:08\",\"name\":\"\\u5fc3\\u6cb3\",\"attension\":\"68120\",\"popularity\":\"1.3\\u4ebf\",\"monthTicketTotal\":\"25\",\"topic\":\"1754\"}','2017-06-14',1) [ RunTime:0.003210s ]
SQL: UPDATE `comics` SET `status`=1 WHERE ( `id` = 45 ) [ RunTime:0.002811s ]
NOTIC: [8192] preg_replace(): The /e modifier is deprecated, use preg_replace_callback instead /data/sites/caiji/Lib/Core/Db.class.php 第 605 行.
SQL: SELECT * FROM `caiji_record` WHERE ( `comic_id` = 44 ) AND ( `caiji_date` = '2017-06-14' ) LIMIT 1   [ RunTime:0.000432s ]
SQL: INSERT INTO `caiji_record` (`comic_id`,`result`,`caiji_date`,`c_type`) VALUES (44,'{\"date\":\"2017-06-14\",\"time\":\"17:10:08\",\"name\":\"\\u96e8\\u5f52\",\"attension\":\"93630\",\"popularity\":\"1.2\\u4ebf\",\"monthTicketTotal\":\"27\",\"topic\":\"2804\"}','2017-06-14',1) [ RunTime:0.003384s ]
SQL: UPDATE `comics` SET `status`=1 WHERE ( `id` = 44 ) [ RunTime:0.000914s ]
NOTIC: [8192] preg_replace(): The /e modifier is deprecated, use preg_replace_callback instead /data/sites/caiji/Lib/Core/Db.class.php 第 605 行.
SQL: SELECT * FROM `caiji_record` WHERE ( `comic_id` = 41 ) AND ( `caiji_date` = '2017-06-14' ) LIMIT 1   [ RunTime:0.000565s ]
SQL: INSERT INTO `caiji_record` (`comic_id`,`result`,`caiji_date`,`c_type`) VALUES (41,'{\"date\":\"2017-06-14\",\"time\":\"17:10:08\",\"name\":\"\\u91cd\\u751f\",\"attension\":\"641891\",\"popularity\":\"14.4\\u4ebf\",\"monthTicketTotal\":\"384\",\"topic\":\"11686\"}','2017-06-14',1) [ RunTime:0.003398s ]
SQL: UPDATE `comics` SET `status`=1 WHERE ( `id` = 41 ) [ RunTime:0.003340s ]
NOTIC: [2] unlink(/data/sites/caiji/Ads/cookie.txt): No such file or directory /data/sites/caiji/Ads/Lib/Model/CaijiModel.class.php 第 110 行.

[ 2017-06-14T17:10:14+08:00 ] 171.212.222.132 /index/checkProgress/0.8459996924155255
INFO: [ app_begin ] --START--
INFO: ReadHtmlCache Behavior ::run [ RunTime:0.000042s ]
INFO: [ app_begin ] --END-- [ RunTime:0.000069s ]
NOTIC: 建议使用I方法替代_post
NOTIC: [8192] mysql_connect(): The mysql extension is deprecated and will be removed in the future: use mysqli or PDO instead /data/sites/caiji/Lib/Driver/Db/DbMysql.class.php 第 55 行.
SQL: SHOW COLUMNS FROM `comics` [ RunTime:0.001085s ]
NOTIC: [8192] preg_replace(): The /e modifier is deprecated, use preg_replace_callback instead /data/sites/caiji/Lib/Core/Db.class.php 第 605 行.
SQL: SELECT count(*) as num FROM `comics` WHERE ( `is_del`='0' AND `type`='1' AND `status`='0'  ) LIMIT 1   [ RunTime:0.000244s ]
NOTIC: [8192] preg_replace(): The /e modifier is deprecated, use preg_replace_callback instead /data/sites/caiji/Lib/Core/Db.class.php 第 605 行.
SQL: SELECT count(*) as num FROM `comics` WHERE ( `is_del`='0' AND `type`='1' AND `status`='1'  ) LIMIT 1   [ RunTime:0.000192s ]
NOTIC: [8192] preg_replace(): The /e modifier is deprecated, use preg_replace_callback instead /data/sites/caiji/Lib/Core/Db.class.php 第 605 行.
SQL: SELECT count(*) as num FROM `comics` WHERE ( `is_del`='0' AND `type`='1' AND `status`='2'  ) LIMIT 1   [ RunTime:0.000175s ]

[ 2017-06-14T17:10:28+08:00 ] 171.212.222.132 /index/checkProgress/0.6646673655210782
INFO: [ app_begin ] --START--
INFO: ReadHtmlCache Behavior ::run [ RunTime:0.000042s ]
INFO: [ app_begin ] --END-- [ RunTime:0.000068s ]
NOTIC: 建议使用I方法替代_post
NOTIC: [8192] mysql_connect(): The mysql extension is deprecated and will be removed in the future: use mysqli or PDO instead /data/sites/caiji/Lib/Driver/Db/DbMysql.class.php 第 55 行.
SQL: SHOW COLUMNS FROM `comics` [ RunTime:0.000473s ]
NOTIC: [8192] preg_replace(): The /e modifier is deprecated, use preg_replace_callback instead /data/sites/caiji/Lib/Core/Db.class.php 第 605 行.
SQL: SELECT count(*) as num FROM `comics` WHERE ( `is_del`='0' AND `type`='1' AND `status`='0'  ) LIMIT 1   [ RunTime:0.000258s ]
NOTIC: [8192] preg_replace(): The /e modifier is deprecated, use preg_replace_callback instead /data/sites/caiji/Lib/Core/Db.class.php 第 605 行.
SQL: SELECT count(*) as num FROM `comics` WHERE ( `is_del`='0' AND `type`='1' AND `status`='1'  ) LIMIT 1   [ RunTime:0.000164s ]
NOTIC: [8192] preg_replace(): The /e modifier is deprecated, use preg_replace_callback instead /data/sites/caiji/Lib/Core/Db.class.php 第 605 行.
SQL: SELECT count(*) as num FROM `comics` WHERE ( `is_del`='0' AND `type`='1' AND `status`='2'  ) LIMIT 1   [ RunTime:0.000161s ]

[ 2017-06-14T17:10:30+08:00 ] 171.212.222.132 /index/checkProgress/0.9569187489471407
INFO: [ app_begin ] --START--
INFO: ReadHtmlCache Behavior ::run [ RunTime:0.000048s ]
INFO: [ app_begin ] --END-- [ RunTime:0.000074s ]
NOTIC: 建议使用I方法替代_post
NOTIC: [8192] mysql_connect(): The mysql extension is deprecated and will be removed in the future: use mysqli or PDO instead /data/sites/caiji/Lib/Driver/Db/DbMysql.class.php 第 55 行.
SQL: SHOW COLUMNS FROM `comics` [ RunTime:0.000489s ]
NOTIC: [8192] preg_replace(): The /e modifier is deprecated, use preg_replace_callback instead /data/sites/caiji/Lib/Core/Db.class.php 第 605 行.
SQL: SELECT count(*) as num FROM `comics` WHERE ( `is_del`='0' AND `type`='1' AND `status`='0'  ) LIMIT 1   [ RunTime:0.000241s ]
NOTIC: [8192] preg_replace(): The /e modifier is deprecated, use preg_replace_callback instead /data/sites/caiji/Lib/Core/Db.class.php 第 605 行.
SQL: SELECT count(*) as num FROM `comics` WHERE ( `is_del`='0' AND `type`='1' AND `status`='1'  ) LIMIT 1   [ RunTime:0.000164s ]
NOTIC: [8192] preg_replace(): The /e modifier is deprecated, use preg_replace_callback instead /data/sites/caiji/Lib/Core/Db.class.php 第 605 行.
SQL: SELECT count(*) as num FROM `comics` WHERE ( `is_del`='0' AND `type`='1' AND `status`='2'  ) LIMIT 1   [ RunTime:0.000165s ]

[ 2017-06-14T17:10:31+08:00 ] 171.212.222.132 /index/caijiqq
INFO: [ app_begin ] --START--
INFO: ReadHtmlCache Behavior ::run [ RunTime:0.000049s ]
INFO: [ app_begin ] --END-- [ RunTime:0.000076s ]
NOTIC: [8192] mysql_connect(): The mysql extension is deprecated and will be removed in the future: use mysqli or PDO instead /data/sites/caiji/Lib/Driver/Db/DbMysql.class.php 第 55 行.
SQL: SHOW COLUMNS FROM `comics` [ RunTime:0.000469s ]
NOTIC: [8192] preg_replace(): The /e modifier is deprecated, use preg_replace_callback instead /data/sites/caiji/Lib/Core/Db.class.php 第 605 行.
SQL: SELECT * FROM `comics` WHERE ( `is_del`='0' AND `type`='1'  ) ORDER BY `id` DESC  [ RunTime:0.000279s ]
SQL: UPDATE `comics` SET `status`=0 WHERE ( `is_del`='0' AND `type`='1'  ) [ RunTime:0.003858s ]
SQL: SHOW COLUMNS FROM `caiji_record` [ RunTime:0.000590s ]
NOTIC: [8192] preg_replace(): The /e modifier is deprecated, use preg_replace_callback instead /data/sites/caiji/Lib/Core/Db.class.php 第 605 行.
SQL: SELECT * FROM `caiji_record` WHERE ( `comic_id` = 52 ) AND ( `caiji_date` = '2017-06-14' ) LIMIT 1   [ RunTime:0.000264s ]
SQL: UPDATE `caiji_record` SET `result`='{\"date\":\"2017-06-14\",\"time\":\"17:10:26\",\"name\":\"\\u9a97\\u5c40\",\"attension\":\"433829\",\"popularity\":\"9.6\\u4ebf\",\"monthTicketTotal\":\"209\",\"topic\":\"12802\"}' WHERE ( `comic_id` = 52 ) AND ( `caiji_date` = '2017-06-14' ) [ RunTime:0.006815s ]
SQL: UPDATE `comics` SET `status`=1 WHERE ( `id` = 52 ) [ RunTime:0.002600s ]
NOTIC: [8192] preg_replace(): The /e modifier is deprecated, use preg_replace_callback instead /data/sites/caiji/Lib/Core/Db.class.php 第 605 行.
SQL: SELECT * FROM `caiji_record` WHERE ( `comic_id` = 51 ) AND ( `caiji_date` = '2017-06-14' ) LIMIT 1   [ RunTime:0.000407s ]
SQL: UPDATE `caiji_record` SET `result`='{\"date\":\"2017-06-14\",\"time\":\"17:10:26\",\"name\":\"\\u4e1e\\u76f8\",\"attension\":\"397577\",\"popularity\":\"4.5\\u4ebf\",\"monthTicketTotal\":\"295\",\"topic\":\"11546\"}' WHERE ( `comic_id` = 51 ) AND ( `caiji_date` = '2017-06-14' ) [ RunTime:0.003023s ]
SQL: UPDATE `comics` SET `status`=1 WHERE ( `id` = 51 ) [ RunTime:0.003575s ]
NOTIC: [8192] preg_replace(): The /e modifier is deprecated, use preg_replace_callback instead /data/sites/caiji/Lib/Core/Db.class.php 第 605 行.
SQL: SELECT * FROM `caiji_record` WHERE ( `comic_id` = 50 ) AND ( `caiji_date` = '2017-06-14' ) LIMIT 1   [ RunTime:0.000595s ]
SQL: UPDATE `caiji_record` SET `result`='{\"date\":\"2017-06-14\",\"time\":\"17:10:26\",\"name\":\"\\u5973\\u738b\\u5927\\u4eba\",\"attension\":\"503000\",\"popularity\":\"7.9\\u4ebf\",\"monthTicketTotal\":\"58\",\"topic\":\"13865\"}' WHERE ( `comic_id` = 50 ) AND ( `caiji_date` = '2017-06-14' ) [ RunTime:0.003899s ]
SQL: UPDATE `comics` SET `status`=1 WHERE ( `id` = 50 ) [ RunTime:0.003048s ]
NOTIC: [8192] preg_replace(): The /e modifier is deprecated, use preg_replace_callback instead /data/sites/caiji/Lib/Core/Db.class.php 第 605 行.
SQL: SELECT * FROM `caiji_record` WHERE ( `comic_id` = 49 ) AND ( `caiji_date` = '2017-06-14' ) LIMIT 1   [ RunTime:0.000405s ]
SQL: UPDATE `caiji_record` SET `result`='{\"date\":\"2017-06-14\",\"time\":\"17:10:26\",\"name\":\"\\u9b54\\u738b\\u604b\\u7231\",\"attension\":\"525241\",\"popularity\":\"9.8\\u4ebf\",\"monthTicketTotal\":\"380\",\"topic\":\"24576\"}' WHERE ( `comic_id` = 49 ) AND ( `caiji_date` = '2017-06-14' ) [ RunTime:0.005244s ]
SQL: UPDATE `comics` SET `status`=1 WHERE ( `id` = 49 ) [ RunTime:0.021456s ]
NOTIC: [8192] preg_replace(): The /e modifier is deprecated, use preg_replace_callback instead /data/sites/caiji/Lib/Core/Db.class.php 第 605 行.
SQL: SELECT * FROM `caiji_record` WHERE ( `comic_id` = 48 ) AND ( `caiji_date` = '2017-06-14' ) LIMIT 1   [ RunTime:0.000402s ]
SQL: UPDATE `caiji_record` SET `result`='{\"date\":\"2017-06-14\",\"time\":\"17:10:26\",\"name\":\"\\u732b\\u5996\",\"attension\":\"1238391\",\"popularity\":\"23.9\\u4ebf\",\"monthTicketTotal\":\"1931\",\"topic\":\"71853\"}' WHERE ( `comic_id` = 48 ) AND ( `caiji_date` = '2017-06-14' ) [ RunTime:0.003358s ]
SQL: UPDATE `comics` SET `status`=1 WHERE ( `id` = 48 ) [ RunTime:0.005007s ]
NOTIC: [8192] preg_replace(): The /e modifier is deprecated, use preg_replace_callback instead /data/sites/caiji/Lib/Core/Db.class.php 第 605 行.
SQL: SELECT * FROM `caiji_record` WHERE ( `comic_id` = 47 ) AND ( `caiji_date` = '2017-06-14' ) LIMIT 1   [ RunTime:0.000434s ]
SQL: UPDATE `caiji_record` SET `result`='{\"date\":\"2017-06-14\",\"time\":\"17:10:26\",\"name\":\"\\u4e11\\u516b\\u602a\",\"attension\":\"48612\",\"popularity\":\"8543.6\\u4e07\",\"monthTicketTotal\":\"22\",\"topic\":\"1878\"}' WHERE ( `comic_id` = 47 ) AND ( `caiji_date` = '2017-06-14' ) [ RunTime:0.005226s ]
SQL: UPDATE `comics` SET `status`=1 WHERE ( `id` = 47 ) [ RunTime:0.004951s ]
NOTIC: [8192] preg_replace(): The /e modifier is deprecated, use preg_replace_callback instead /data/sites/caiji/Lib/Core/Db.class.php 第 605 行.
SQL: SELECT * FROM `caiji_record` WHERE ( `comic_id` = 46 ) AND ( `caiji_date` = '2017-06-14' ) LIMIT 1   [ RunTime:0.000415s ]
SQL: UPDATE `caiji_record` SET `result`='{\"date\":\"2017-06-14\",\"time\":\"17:10:26\",\"name\":\"\\u957f\\u751f\\u6bbf\",\"attension\":\"291738\",\"popularity\":\"3.6\\u4ebf\",\"monthTicketTotal\":\"180\",\"topic\":\"7022\"}' WHERE ( `comic_id` = 46 ) AND ( `caiji_date` = '2017-06-14' ) [ RunTime:0.002975s ]
SQL: UPDATE `comics` SET `status`=1 WHERE ( `id` = 46 ) [ RunTime:0.002479s ]
NOTIC: [8192] preg_replace(): The /e modifier is deprecated, use preg_replace_callback instead /data/sites/caiji/Lib/Core/Db.class.php 第 605 行.
SQL: SELECT * FROM `caiji_record` WHERE ( `comic_id` = 45 ) AND ( `caiji_date` = '2017-06-14' ) LIMIT 1   [ RunTime:0.000455s ]
SQL: UPDATE `caiji_record` SET `result`='{\"date\":\"2017-06-14\",\"time\":\"17:10:26\",\"name\":\"\\u5fc3\\u6cb3\",\"attension\":\"68120\",\"popularity\":\"1.3\\u4ebf\",\"monthTicketTotal\":\"25\",\"topic\":\"1754\"}' WHERE ( `comic_id` = 45 ) AND ( `caiji_date` = '2017-06-14' ) [ RunTime:0.010397s ]
SQL: UPDATE `comics` SET `status`=1 WHERE ( `id` = 45 ) [ RunTime:0.004173s ]
NOTIC: [8192] preg_replace(): The /e modifier is deprecated, use preg_replace_callback instead /data/sites/caiji/Lib/Core/Db.class.php 第 605 行.
SQL: SELECT * FROM `caiji_record` WHERE ( `comic_id` = 44 ) AND ( `caiji_date` = '2017-06-14' ) LIMIT 1   [ RunTime:0.000565s ]
SQL: UPDATE `caiji_record` SET `result`='{\"date\":\"2017-06-14\",\"time\":\"17:10:26\",\"name\":\"\\u96e8\\u5f52\",\"attension\":\"93630\",\"popularity\":\"1.2\\u4ebf\",\"monthTicketTotal\":\"27\",\"topic\":\"2804\"}' WHERE ( `comic_id` = 44 ) AND ( `caiji_date` = '2017-06-14' ) [ RunTime:0.004016s ]
SQL: UPDATE `comics` SET `status`=1 WHERE ( `id` = 44 ) [ RunTime:0.002901s ]
NOTIC: [8192] preg_replace(): The /e modifier is deprecated, use preg_replace_callback instead /data/sites/caiji/Lib/Core/Db.class.php 第 605 行.
SQL: SELECT * FROM `caiji_record` WHERE ( `comic_id` = 41 ) AND ( `caiji_date` = '2017-06-14' ) LIMIT 1   [ RunTime:0.000419s ]
SQL: UPDATE `caiji_record` SET `result`='{\"date\":\"2017-06-14\",\"time\":\"17:10:26\",\"name\":\"\\u91cd\\u751f\",\"attension\":\"641891\",\"popularity\":\"14.4\\u4ebf\",\"monthTicketTotal\":\"384\",\"topic\":\"11686\"}' WHERE ( `comic_id` = 41 ) AND ( `caiji_date` = '2017-06-14' ) [ RunTime:0.004188s ]
SQL: UPDATE `comics` SET `status`=1 WHERE ( `id` = 41 ) [ RunTime:0.004185s ]
NOTIC: [2] unlink(/data/sites/caiji/Ads/cookie.txt): No such file or directory /data/sites/caiji/Ads/Lib/Model/CaijiModel.class.php 第 110 行.

[ 2017-06-14T17:10:32+08:00 ] 171.212.222.132 /index/checkProgress/0.3140944611239338
INFO: [ app_begin ] --START--
INFO: ReadHtmlCache Behavior ::run [ RunTime:0.000043s ]
INFO: [ app_begin ] --END-- [ RunTime:0.000070s ]
NOTIC: 建议使用I方法替代_post
NOTIC: [8192] mysql_connect(): The mysql extension is deprecated and will be removed in the future: use mysqli or PDO instead /data/sites/caiji/Lib/Driver/Db/DbMysql.class.php 第 55 行.
SQL: SHOW COLUMNS FROM `comics` [ RunTime:0.000481s ]
NOTIC: [8192] preg_replace(): The /e modifier is deprecated, use preg_replace_callback instead /data/sites/caiji/Lib/Core/Db.class.php 第 605 行.
SQL: SELECT count(*) as num FROM `comics` WHERE ( `is_del`='0' AND `type`='1' AND `status`='0'  ) LIMIT 1   [ RunTime:0.000232s ]
NOTIC: [8192] preg_replace(): The /e modifier is deprecated, use preg_replace_callback instead /data/sites/caiji/Lib/Core/Db.class.php 第 605 行.
SQL: SELECT count(*) as num FROM `comics` WHERE ( `is_del`='0' AND `type`='1' AND `status`='1'  ) LIMIT 1   [ RunTime:0.000181s ]
NOTIC: [8192] preg_replace(): The /e modifier is deprecated, use preg_replace_callback instead /data/sites/caiji/Lib/Core/Db.class.php 第 605 行.
SQL: SELECT count(*) as num FROM `comics` WHERE ( `is_del`='0' AND `type`='1' AND `status`='2'  ) LIMIT 1   [ RunTime:0.000175s ]

[ 2017-06-14T17:10:42+08:00 ] 171.212.222.132 /index/export
NOTIC: 建议使用I方法替代_post
NOTIC: 建议使用I方法替代_post
NOTIC: 建议使用I方法替代_post
NOTIC: 建议使用I方法替代_post
NOTIC: 建议使用I方法替代_post
NOTIC: 建议使用I方法替代_post
NOTIC: 建议使用I方法替代_post
NOTIC: 建议使用I方法替代_post

[ 2017-06-14T17:12:05+08:00 ] 171.212.222.132 /index/delComic
INFO: [ app_begin ] --START--
INFO: ReadHtmlCache Behavior ::run [ RunTime:0.000047s ]
INFO: [ app_begin ] --END-- [ RunTime:0.000073s ]
NOTIC: 建议使用I方法替代_post
NOTIC: [8192] mysql_connect(): The mysql extension is deprecated and will be removed in the future: use mysqli or PDO instead /data/sites/caiji/Lib/Driver/Db/DbMysql.class.php 第 55 行.
SQL: SHOW COLUMNS FROM `comics` [ RunTime:0.000478s ]
SQL: UPDATE `comics` SET `is_del`=1 WHERE ( `id`='51' ) [ RunTime:0.003190s ]

[ 2017-06-14T17:12:19+08:00 ] 171.212.222.132 /index/delComic
INFO: [ app_begin ] --START--
INFO: ReadHtmlCache Behavior ::run [ RunTime:0.000046s ]
INFO: [ app_begin ] --END-- [ RunTime:0.000072s ]
NOTIC: 建议使用I方法替代_post
NOTIC: [8192] mysql_connect(): The mysql extension is deprecated and will be removed in the future: use mysqli or PDO instead /data/sites/caiji/Lib/Driver/Db/DbMysql.class.php 第 55 行.
SQL: SHOW COLUMNS FROM `comics` [ RunTime:0.000484s ]
SQL: UPDATE `comics` SET `is_del`=1 WHERE ( `id`='48' ) [ RunTime:0.003371s ]

[ 2017-06-14T17:13:33+08:00 ] 171.212.222.132 /index/addComic
INFO: [ app_begin ] --START--
INFO: ReadHtmlCache Behavior ::run [ RunTime:0.000046s ]
INFO: [ app_begin ] --END-- [ RunTime:0.000072s ]
NOTIC: 建议使用I方法替代_post
NOTIC: 建议使用I方法替代_post
NOTIC: 建议使用I方法替代_post
NOTIC: [8192] mysql_connect(): The mysql extension is deprecated and will be removed in the future: use mysqli or PDO instead /data/sites/caiji/Lib/Driver/Db/DbMysql.class.php 第 55 行.
SQL: SHOW COLUMNS FROM `comics` [ RunTime:0.000489s ]
NOTIC: [8] Undefined offset: 3 /data/sites/caiji/Lib/Core/Model.class.php 第 907 行.
SQL: INSERT INTO `comics` (`name`,`url`,`type`,`is_del`,`create_at`,`update_at`) VALUES ('丞相','http://ac.qq.com/Comic/ComicInfo/id/552624',1,0,'2017-06-14 17:13:33','2017-06-14 17:13:33') [ RunTime:0.004448s ]

[ 2017-06-14T17:14:03+08:00 ] 171.212.222.132 /index/addComic
INFO: [ app_begin ] --START--
INFO: ReadHtmlCache Behavior ::run [ RunTime:0.000056s ]
INFO: [ app_begin ] --END-- [ RunTime:0.000086s ]
NOTIC: 建议使用I方法替代_post
NOTIC: 建议使用I方法替代_post
NOTIC: 建议使用I方法替代_post
NOTIC: [8192] mysql_connect(): The mysql extension is deprecated and will be removed in the future: use mysqli or PDO instead /data/sites/caiji/Lib/Driver/Db/DbMysql.class.php 第 55 行.
SQL: SHOW COLUMNS FROM `comics` [ RunTime:0.000473s ]
NOTIC: [8] Undefined offset: 3 /data/sites/caiji/Lib/Core/Model.class.php 第 907 行.
SQL: INSERT INTO `comics` (`name`,`url`,`type`,`is_del`,`create_at`,`update_at`) VALUES ('猫妖','http://ac.qq.com/Comic/ComicInfo/id/552724',1,0,'2017-06-14 17:14:03','2017-06-14 17:14:03') [ RunTime:0.007056s ]

[ 2017-06-14T17:14:12+08:00 ] 171.212.222.132 /index/checkProgress/0.4593737807202747
INFO: [ app_begin ] --START--
INFO: ReadHtmlCache Behavior ::run [ RunTime:0.000043s ]
INFO: [ app_begin ] --END-- [ RunTime:0.000068s ]
NOTIC: 建议使用I方法替代_post
NOTIC: [8192] mysql_connect(): The mysql extension is deprecated and will be removed in the future: use mysqli or PDO instead /data/sites/caiji/Lib/Driver/Db/DbMysql.class.php 第 55 行.
SQL: SHOW COLUMNS FROM `comics` [ RunTime:0.000466s ]
NOTIC: [8192] preg_replace(): The /e modifier is deprecated, use preg_replace_callback instead /data/sites/caiji/Lib/Core/Db.class.php 第 605 行.
SQL: SELECT count(*) as num FROM `comics` WHERE ( `is_del`='0' AND `type`='1' AND `status`='0'  ) LIMIT 1   [ RunTime:0.000257s ]
NOTIC: [8192] preg_replace(): The /e modifier is deprecated, use preg_replace_callback instead /data/sites/caiji/Lib/Core/Db.class.php 第 605 行.
SQL: SELECT count(*) as num FROM `comics` WHERE ( `is_del`='0' AND `type`='1' AND `status`='1'  ) LIMIT 1   [ RunTime:0.000165s ]
NOTIC: [8192] preg_replace(): The /e modifier is deprecated, use preg_replace_callback instead /data/sites/caiji/Lib/Core/Db.class.php 第 605 行.
SQL: SELECT count(*) as num FROM `comics` WHERE ( `is_del`='0' AND `type`='1' AND `status`='2'  ) LIMIT 1   [ RunTime:0.000162s ]

[ 2017-06-14T17:14:14+08:00 ] 171.212.222.132 /index/checkProgress/0.9601500039137041
INFO: [ app_begin ] --START--
INFO: ReadHtmlCache Behavior ::run [ RunTime:0.000047s ]
INFO: [ app_begin ] --END-- [ RunTime:0.000074s ]
NOTIC: 建议使用I方法替代_post
NOTIC: [8192] mysql_connect(): The mysql extension is deprecated and will be removed in the future: use mysqli or PDO instead /data/sites/caiji/Lib/Driver/Db/DbMysql.class.php 第 55 行.
SQL: SHOW COLUMNS FROM `comics` [ RunTime:0.000468s ]
NOTIC: [8192] preg_replace(): The /e modifier is deprecated, use preg_replace_callback instead /data/sites/caiji/Lib/Core/Db.class.php 第 605 行.
SQL: SELECT count(*) as num FROM `comics` WHERE ( `is_del`='0' AND `type`='1' AND `status`='0'  ) LIMIT 1   [ RunTime:0.000247s ]
NOTIC: [8192] preg_replace(): The /e modifier is deprecated, use preg_replace_callback instead /data/sites/caiji/Lib/Core/Db.class.php 第 605 行.
SQL: SELECT count(*) as num FROM `comics` WHERE ( `is_del`='0' AND `type`='1' AND `status`='1'  ) LIMIT 1   [ RunTime:0.000211s ]
NOTIC: [8192] preg_replace(): The /e modifier is deprecated, use preg_replace_callback instead /data/sites/caiji/Lib/Core/Db.class.php 第 605 行.
SQL: SELECT count(*) as num FROM `comics` WHERE ( `is_del`='0' AND `type`='1' AND `status`='2'  ) LIMIT 1   [ RunTime:0.000169s ]

[ 2017-06-14T17:14:16+08:00 ] 171.212.222.132 /index/checkProgress/0.07766050781043931
INFO: [ app_begin ] --START--
INFO: ReadHtmlCache Behavior ::run [ RunTime:0.000063s ]
INFO: [ app_begin ] --END-- [ RunTime:0.000101s ]
NOTIC: 建议使用I方法替代_post
NOTIC: [8192] mysql_connect(): The mysql extension is deprecated and will be removed in the future: use mysqli or PDO instead /data/sites/caiji/Lib/Driver/Db/DbMysql.class.php 第 55 行.
SQL: SHOW COLUMNS FROM `comics` [ RunTime:0.000463s ]
NOTIC: [8192] preg_replace(): The /e modifier is deprecated, use preg_replace_callback instead /data/sites/caiji/Lib/Core/Db.class.php 第 605 行.
SQL: SELECT count(*) as num FROM `comics` WHERE ( `is_del`='0' AND `type`='1' AND `status`='0'  ) LIMIT 1   [ RunTime:0.000233s ]
NOTIC: [8192] preg_replace(): The /e modifier is deprecated, use preg_replace_callback instead /data/sites/caiji/Lib/Core/Db.class.php 第 605 行.
SQL: SELECT count(*) as num FROM `comics` WHERE ( `is_del`='0' AND `type`='1' AND `status`='1'  ) LIMIT 1   [ RunTime:0.000165s ]
NOTIC: [8192] preg_replace(): The /e modifier is deprecated, use preg_replace_callback instead /data/sites/caiji/Lib/Core/Db.class.php 第 605 行.
SQL: SELECT count(*) as num FROM `comics` WHERE ( `is_del`='0' AND `type`='1' AND `status`='2'  ) LIMIT 1   [ RunTime:0.000190s ]

[ 2017-06-14T17:14:17+08:00 ] 171.212.222.132 /index/caijiqq
INFO: [ app_begin ] --START--
INFO: ReadHtmlCache Behavior ::run [ RunTime:0.000047s ]
INFO: [ app_begin ] --END-- [ RunTime:0.000074s ]
NOTIC: [8192] mysql_connect(): The mysql extension is deprecated and will be removed in the future: use mysqli or PDO instead /data/sites/caiji/Lib/Driver/Db/DbMysql.class.php 第 55 行.
SQL: SHOW COLUMNS FROM `comics` [ RunTime:0.000482s ]
NOTIC: [8192] preg_replace(): The /e modifier is deprecated, use preg_replace_callback instead /data/sites/caiji/Lib/Core/Db.class.php 第 605 行.
SQL: SELECT * FROM `comics` WHERE ( `is_del`='0' AND `type`='1'  ) ORDER BY `id` DESC  [ RunTime:0.000299s ]
SQL: UPDATE `comics` SET `status`=0 WHERE ( `is_del`='0' AND `type`='1'  ) [ RunTime:0.003939s ]
SQL: SHOW COLUMNS FROM `caiji_record` [ RunTime:0.000627s ]
NOTIC: [8192] preg_replace(): The /e modifier is deprecated, use preg_replace_callback instead /data/sites/caiji/Lib/Core/Db.class.php 第 605 行.
SQL: SELECT * FROM `caiji_record` WHERE ( `comic_id` = 54 ) AND ( `caiji_date` = '2017-06-14' ) LIMIT 1   [ RunTime:0.000265s ]
SQL: INSERT INTO `caiji_record` (`comic_id`,`result`,`caiji_date`,`c_type`) VALUES (54,'{\"date\":\"2017-06-14\",\"time\":\"17:14:10\",\"name\":\"\\u732b\\u5996\",\"attension\":\"1238391\",\"popularity\":\"23.9\\u4ebf\",\"monthTicketTotal\":\"1934\",\"topic\":\"71858\"}','2017-06-14',1) [ RunTime:0.003130s ]
SQL: UPDATE `comics` SET `status`=1 WHERE ( `id` = 54 ) [ RunTime:0.003747s ]
NOTIC: [8192] preg_replace(): The /e modifier is deprecated, use preg_replace_callback instead /data/sites/caiji/Lib/Core/Db.class.php 第 605 行.
SQL: SELECT * FROM `caiji_record` WHERE ( `comic_id` = 53 ) AND ( `caiji_date` = '2017-06-14' ) LIMIT 1   [ RunTime:0.000440s ]
SQL: INSERT INTO `caiji_record` (`comic_id`,`result`,`caiji_date`,`c_type`) VALUES (53,'{\"date\":\"2017-06-14\",\"time\":\"17:14:10\",\"name\":\"\\u4e1e\\u76f8\",\"attension\":\"397577\",\"popularity\":\"4.5\\u4ebf\",\"monthTicketTotal\":\"295\",\"topic\":\"11548\"}','2017-06-14',1) [ RunTime:0.003800s ]
SQL: UPDATE `comics` SET `status`=1 WHERE ( `id` = 53 ) [ RunTime:0.003070s ]
NOTIC: [8192] preg_replace(): The /e modifier is deprecated, use preg_replace_callback instead /data/sites/caiji/Lib/Core/Db.class.php 第 605 行.
SQL: SELECT * FROM `caiji_record` WHERE ( `comic_id` = 52 ) AND ( `caiji_date` = '2017-06-14' ) LIMIT 1   [ RunTime:0.000403s ]
SQL: UPDATE `caiji_record` SET `result`='{\"date\":\"2017-06-14\",\"time\":\"17:14:10\",\"name\":\"\\u9a97\\u5c40\",\"attension\":\"433829\",\"popularity\":\"9.6\\u4ebf\",\"monthTicketTotal\":\"209\",\"topic\":\"12802\"}' WHERE ( `comic_id` = 52 ) AND ( `caiji_date` = '2017-06-14' ) [ RunTime:0.003012s ]
SQL: UPDATE `comics` SET `status`=1 WHERE ( `id` = 52 ) [ RunTime:0.001065s ]
NOTIC: [8192] preg_replace(): The /e modifier is deprecated, use preg_replace_callback instead /data/sites/caiji/Lib/Core/Db.class.php 第 605 行.
SQL: SELECT * FROM `caiji_record` WHERE ( `comic_id` = 50 ) AND ( `caiji_date` = '2017-06-14' ) LIMIT 1   [ RunTime:0.000418s ]
SQL: UPDATE `caiji_record` SET `result`='{\"date\":\"2017-06-14\",\"time\":\"17:14:10\",\"name\":\"\\u5973\\u738b\\u5927\\u4eba\",\"attension\":\"503000\",\"popularity\":\"7.9\\u4ebf\",\"monthTicketTotal\":\"58\",\"topic\":\"13865\"}' WHERE ( `comic_id` = 50 ) AND ( `caiji_date` = '2017-06-14' ) [ RunTime:0.003601s ]
SQL: UPDATE `comics` SET `status`=1 WHERE ( `id` = 50 ) [ RunTime:0.004514s ]
NOTIC: [8192] preg_replace(): The /e modifier is deprecated, use preg_replace_callback instead /data/sites/caiji/Lib/Core/Db.class.php 第 605 行.
SQL: SELECT * FROM `caiji_record` WHERE ( `comic_id` = 49 ) AND ( `caiji_date` = '2017-06-14' ) LIMIT 1   [ RunTime:0.000431s ]
SQL: UPDATE `caiji_record` SET `result`='{\"date\":\"2017-06-14\",\"time\":\"17:14:10\",\"name\":\"\\u9b54\\u738b\\u604b\\u7231\",\"attension\":\"525241\",\"popularity\":\"9.8\\u4ebf\",\"monthTicketTotal\":\"380\",\"topic\":\"24577\"}' WHERE ( `comic_id` = 49 ) AND ( `caiji_date` = '2017-06-14' ) [ RunTime:0.002961s ]
SQL: UPDATE `comics` SET `status`=1 WHERE ( `id` = 49 ) [ RunTime:0.000949s ]
NOTIC: [8192] preg_replace(): The /e modifier is deprecated, use preg_replace_callback instead /data/sites/caiji/Lib/Core/Db.class.php 第 605 行.
SQL: SELECT * FROM `caiji_record` WHERE ( `comic_id` = 47 ) AND ( `caiji_date` = '2017-06-14' ) LIMIT 1   [ RunTime:0.000412s ]
SQL: UPDATE `caiji_record` SET `result`='{\"date\":\"2017-06-14\",\"time\":\"17:14:10\",\"name\":\"\\u4e11\\u516b\\u602a\",\"attension\":\"48612\",\"popularity\":\"8543.6\\u4e07\",\"monthTicketTotal\":\"22\",\"topic\":\"1878\"}' WHERE ( `comic_id` = 47 ) AND ( `caiji_date` = '2017-06-14' ) [ RunTime:0.003419s ]
SQL: UPDATE `comics` SET `status`=1 WHERE ( `id` = 47 ) [ RunTime:0.000871s ]
NOTIC: [8192] preg_replace(): The /e modifier is deprecated, use preg_replace_callback instead /data/sites/caiji/Lib/Core/Db.class.php 第 605 行.
SQL: SELECT * FROM `caiji_record` WHERE ( `comic_id` = 46 ) AND ( `caiji_date` = '2017-06-14' ) LIMIT 1   [ RunTime:0.000426s ]
SQL: UPDATE `caiji_record` SET `result`='{\"date\":\"2017-06-14\",\"time\":\"17:14:10\",\"name\":\"\\u957f\\u751f\\u6bbf\",\"attension\":\"291738\",\"popularity\":\"3.6\\u4ebf\",\"monthTicketTotal\":\"180\",\"topic\":\"7022\"}' WHERE ( `comic_id` = 46 ) AND ( `caiji_date` = '2017-06-14' ) [ RunTime:0.003362s ]
SQL: UPDATE `comics` SET `status`=1 WHERE ( `id` = 46 ) [ RunTime:0.003140s ]
NOTIC: [8192] preg_replace(): The /e modifier is deprecated, use preg_replace_callback instead /data/sites/caiji/Lib/Core/Db.class.php 第 605 行.
SQL: SELECT * FROM `caiji_record` WHERE ( `comic_id` = 45 ) AND ( `caiji_date` = '2017-06-14' ) LIMIT 1   [ RunTime:0.000410s ]
SQL: UPDATE `caiji_record` SET `result`='{\"date\":\"2017-06-14\",\"time\":\"17:14:10\",\"name\":\"\\u5fc3\\u6cb3\",\"attension\":\"68120\",\"popularity\":\"1.3\\u4ebf\",\"monthTicketTotal\":\"25\",\"topic\":\"1754\"}' WHERE ( `comic_id` = 45 ) AND ( `caiji_date` = '2017-06-14' ) [ RunTime:0.003234s ]
SQL: UPDATE `comics` SET `status`=1 WHERE ( `id` = 45 ) [ RunTime:0.000856s ]
NOTIC: [8192] preg_replace(): The /e modifier is deprecated, use preg_replace_callback instead /data/sites/caiji/Lib/Core/Db.class.php 第 605 行.
SQL: SELECT * FROM `caiji_record` WHERE ( `comic_id` = 44 ) AND ( `caiji_date` = '2017-06-14' ) LIMIT 1   [ RunTime:0.000433s ]
SQL: UPDATE `caiji_record` SET `result`='{\"date\":\"2017-06-14\",\"time\":\"17:14:10\",\"name\":\"\\u96e8\\u5f52\",\"attension\":\"93630\",\"popularity\":\"1.2\\u4ebf\",\"monthTicketTotal\":\"27\",\"topic\":\"2804\"}' WHERE ( `comic_id` = 44 ) AND ( `caiji_date` = '2017-06-14' ) [ RunTime:0.003898s ]
SQL: UPDATE `comics` SET `status`=1 WHERE ( `id` = 44 ) [ RunTime:0.003044s ]
NOTIC: [8192] preg_replace(): The /e modifier is deprecated, use preg_replace_callback instead /data/sites/caiji/Lib/Core/Db.class.php 第 605 行.
SQL: SELECT * FROM `caiji_record` WHERE ( `comic_id` = 41 ) AND ( `caiji_date` = '2017-06-14' ) LIMIT 1   [ RunTime:0.000409s ]
SQL: UPDATE `caiji_record` SET `result`='{\"date\":\"2017-06-14\",\"time\":\"17:14:10\",\"name\":\"\\u91cd\\u751f\",\"attension\":\"641891\",\"popularity\":\"14.4\\u4ebf\",\"monthTicketTotal\":\"384\",\"topic\":\"11686\"}' WHERE ( `comic_id` = 41 ) AND ( `caiji_date` = '2017-06-14' ) [ RunTime:0.003218s ]
SQL: UPDATE `comics` SET `status`=1 WHERE ( `id` = 41 ) [ RunTime:0.000978s ]
NOTIC: [2] unlink(/data/sites/caiji/Ads/cookie.txt): No such file or directory /data/sites/caiji/Ads/Lib/Model/CaijiModel.class.php 第 110 行.

[ 2017-06-14T17:14:18+08:00 ] 171.212.222.132 /index/checkProgress/0.11944731102651595
INFO: [ app_begin ] --START--
INFO: ReadHtmlCache Behavior ::run [ RunTime:0.000044s ]
INFO: [ app_begin ] --END-- [ RunTime:0.000070s ]
NOTIC: 建议使用I方法替代_post
NOTIC: [8192] mysql_connect(): The mysql extension is deprecated and will be removed in the future: use mysqli or PDO instead /data/sites/caiji/Lib/Driver/Db/DbMysql.class.php 第 55 行.
SQL: SHOW COLUMNS FROM `comics` [ RunTime:0.000475s ]
NOTIC: [8192] preg_replace(): The /e modifier is deprecated, use preg_replace_callback instead /data/sites/caiji/Lib/Core/Db.class.php 第 605 行.
SQL: SELECT count(*) as num FROM `comics` WHERE ( `is_del`='0' AND `type`='1' AND `status`='0'  ) LIMIT 1   [ RunTime:0.000250s ]
NOTIC: [8192] preg_replace(): The /e modifier is deprecated, use preg_replace_callback instead /data/sites/caiji/Lib/Core/Db.class.php 第 605 行.
SQL: SELECT count(*) as num FROM `comics` WHERE ( `is_del`='0' AND `type`='1' AND `status`='1'  ) LIMIT 1   [ RunTime:0.000164s ]
NOTIC: [8192] preg_replace(): The /e modifier is deprecated, use preg_replace_callback instead /data/sites/caiji/Lib/Core/Db.class.php 第 605 行.
SQL: SELECT count(*) as num FROM `comics` WHERE ( `is_del`='0' AND `type`='1' AND `status`='2'  ) LIMIT 1   [ RunTime:0.000162s ]

[ 2017-06-14T17:14:25+08:00 ] 171.212.222.132 /index/export
NOTIC: 建议使用I方法替代_post
NOTIC: 建议使用I方法替代_post
NOTIC: 建议使用I方法替代_post
NOTIC: 建议使用I方法替代_post
NOTIC: 建议使用I方法替代_post
NOTIC: 建议使用I方法替代_post
NOTIC: 建议使用I方法替代_post
NOTIC: 建议使用I方法替代_post

[ 2017-06-14T17:15:16+08:00 ] 220.181.132.214 /index/export
NOTIC: 建议使用I方法替代_post
NOTIC: 建议使用I方法替代_post
NOTIC: 建议使用I方法替代_post
NOTIC: 建议使用I方法替代_post

[ 2017-06-14T17:15:31+08:00 ] 101.199.112.49 /index/export
NOTIC: 建议使用I方法替代_post
NOTIC: 建议使用I方法替代_post
NOTIC: 建议使用I方法替代_post
NOTIC: 建议使用I方法替代_post

[ 2017-06-14T17:15:32+08:00 ] 0.0.0.0 /index/export
NOTIC: 建议使用I方法替代_post
NOTIC: 建议使用I方法替代_post
NOTIC: 建议使用I方法替代_post
NOTIC: 建议使用I方法替代_post

[ 2017-06-14T17:20:36+08:00 ] 171.212.222.132 /index/delComic
INFO: [ app_begin ] --START--
INFO: ReadHtmlCache Behavior ::run [ RunTime:0.000047s ]
INFO: [ app_begin ] --END-- [ RunTime:0.000074s ]
NOTIC: 建议使用I方法替代_post
NOTIC: [8192] mysql_connect(): The mysql extension is deprecated and will be removed in the future: use mysqli or PDO instead /data/sites/caiji/Lib/Driver/Db/DbMysql.class.php 第 55 行.
SQL: SHOW COLUMNS FROM `comics` [ RunTime:0.000470s ]
SQL: UPDATE `comics` SET `is_del`=1 WHERE ( `id`='54' ) [ RunTime:0.003116s ]

[ 2017-06-14T17:20:38+08:00 ] 171.212.222.132 /index/delComic
INFO: [ app_begin ] --START--
INFO: ReadHtmlCache Behavior ::run [ RunTime:0.000043s ]
INFO: [ app_begin ] --END-- [ RunTime:0.000070s ]
NOTIC: 建议使用I方法替代_post
NOTIC: [8192] mysql_connect(): The mysql extension is deprecated and will be removed in the future: use mysqli or PDO instead /data/sites/caiji/Lib/Driver/Db/DbMysql.class.php 第 55 行.
SQL: SHOW COLUMNS FROM `comics` [ RunTime:0.000506s ]
SQL: UPDATE `comics` SET `is_del`=1 WHERE ( `id`='53' ) [ RunTime:0.003492s ]

[ 2017-06-14T17:20:40+08:00 ] 171.212.222.132 /index/delComic
INFO: [ app_begin ] --START--
INFO: ReadHtmlCache Behavior ::run [ RunTime:0.000047s ]
INFO: [ app_begin ] --END-- [ RunTime:0.000073s ]
NOTIC: 建议使用I方法替代_post
NOTIC: [8192] mysql_connect(): The mysql extension is deprecated and will be removed in the future: use mysqli or PDO instead /data/sites/caiji/Lib/Driver/Db/DbMysql.class.php 第 55 行.
SQL: SHOW COLUMNS FROM `comics` [ RunTime:0.000479s ]
SQL: UPDATE `comics` SET `is_del`=1 WHERE ( `id`='52' ) [ RunTime:0.003652s ]

[ 2017-06-14T17:20:42+08:00 ] 171.212.222.132 /index/delComic
INFO: [ app_begin ] --START--
INFO: ReadHtmlCache Behavior ::run [ RunTime:0.000044s ]
INFO: [ app_begin ] --END-- [ RunTime:0.000070s ]
NOTIC: 建议使用I方法替代_post
NOTIC: [8192] mysql_connect(): The mysql extension is deprecated and will be removed in the future: use mysqli or PDO instead /data/sites/caiji/Lib/Driver/Db/DbMysql.class.php 第 55 行.
SQL: SHOW COLUMNS FROM `comics` [ RunTime:0.000475s ]
SQL: UPDATE `comics` SET `is_del`=1 WHERE ( `id`='50' ) [ RunTime:0.017673s ]

[ 2017-06-14T17:20:44+08:00 ] 171.212.222.132 /index/delComic
INFO: [ app_begin ] --START--
INFO: ReadHtmlCache Behavior ::run [ RunTime:0.000045s ]
INFO: [ app_begin ] --END-- [ RunTime:0.000071s ]
NOTIC: 建议使用I方法替代_post
NOTIC: [8192] mysql_connect(): The mysql extension is deprecated and will be removed in the future: use mysqli or PDO instead /data/sites/caiji/Lib/Driver/Db/DbMysql.class.php 第 55 行.
SQL: SHOW COLUMNS FROM `comics` [ RunTime:0.000501s ]
SQL: UPDATE `comics` SET `is_del`=1 WHERE ( `id`='49' ) [ RunTime:0.002850s ]

[ 2017-06-14T17:20:45+08:00 ] 171.212.222.132 /index/delComic
INFO: [ app_begin ] --START--
INFO: ReadHtmlCache Behavior ::run [ RunTime:0.000045s ]
INFO: [ app_begin ] --END-- [ RunTime:0.000072s ]
NOTIC: 建议使用I方法替代_post
NOTIC: [8192] mysql_connect(): The mysql extension is deprecated and will be removed in the future: use mysqli or PDO instead /data/sites/caiji/Lib/Driver/Db/DbMysql.class.php 第 55 行.
SQL: SHOW COLUMNS FROM `comics` [ RunTime:0.000480s ]
SQL: UPDATE `comics` SET `is_del`=1 WHERE ( `id`='47' ) [ RunTime:0.003114s ]

[ 2017-06-14T17:20:47+08:00 ] 171.212.222.132 /index/delComic
INFO: [ app_begin ] --START--
INFO: ReadHtmlCache Behavior ::run [ RunTime:0.000046s ]
INFO: [ app_begin ] --END-- [ RunTime:0.000072s ]
NOTIC: 建议使用I方法替代_post
NOTIC: [8192] mysql_connect(): The mysql extension is deprecated and will be removed in the future: use mysqli or PDO instead /data/sites/caiji/Lib/Driver/Db/DbMysql.class.php 第 55 行.
SQL: SHOW COLUMNS FROM `comics` [ RunTime:0.000477s ]
SQL: UPDATE `comics` SET `is_del`=1 WHERE ( `id`='46' ) [ RunTime:0.002998s ]

[ 2017-06-14T17:20:49+08:00 ] 171.212.222.132 /index/delComic
INFO: [ app_begin ] --START--
INFO: ReadHtmlCache Behavior ::run [ RunTime:0.000067s ]
INFO: [ app_begin ] --END-- [ RunTime:0.000107s ]
NOTIC: 建议使用I方法替代_post
NOTIC: [8192] mysql_connect(): The mysql extension is deprecated and will be removed in the future: use mysqli or PDO instead /data/sites/caiji/Lib/Driver/Db/DbMysql.class.php 第 55 行.
SQL: SHOW COLUMNS FROM `comics` [ RunTime:0.000680s ]
SQL: UPDATE `comics` SET `is_del`=1 WHERE ( `id`='45' ) [ RunTime:0.003176s ]

[ 2017-06-14T17:20:51+08:00 ] 171.212.222.132 /index/delComic
INFO: [ app_begin ] --START--
INFO: ReadHtmlCache Behavior ::run [ RunTime:0.000056s ]
INFO: [ app_begin ] --END-- [ RunTime:0.000082s ]
NOTIC: 建议使用I方法替代_post
NOTIC: [8192] mysql_connect(): The mysql extension is deprecated and will be removed in the future: use mysqli or PDO instead /data/sites/caiji/Lib/Driver/Db/DbMysql.class.php 第 55 行.
SQL: SHOW COLUMNS FROM `comics` [ RunTime:0.000473s ]
SQL: UPDATE `comics` SET `is_del`=1 WHERE ( `id`='44' ) [ RunTime:0.003416s ]

[ 2017-06-14T17:20:54+08:00 ] 171.212.222.132 /index/caijiqq
INFO: [ app_begin ] --START--
INFO: ReadHtmlCache Behavior ::run [ RunTime:0.000044s ]
INFO: [ app_begin ] --END-- [ RunTime:0.000069s ]
NOTIC: [8192] mysql_connect(): The mysql extension is deprecated and will be removed in the future: use mysqli or PDO instead /data/sites/caiji/Lib/Driver/Db/DbMysql.class.php 第 55 行.
SQL: SHOW COLUMNS FROM `comics` [ RunTime:0.000504s ]
NOTIC: [8192] preg_replace(): The /e modifier is deprecated, use preg_replace_callback instead /data/sites/caiji/Lib/Core/Db.class.php 第 605 行.
SQL: SELECT * FROM `comics` WHERE ( `is_del`='0' AND `type`='1'  ) ORDER BY `id` DESC  [ RunTime:0.000273s ]
SQL: UPDATE `comics` SET `status`=0 WHERE ( `is_del`='0' AND `type`='1'  ) [ RunTime:0.003134s ]
SQL: SHOW COLUMNS FROM `caiji_record` [ RunTime:0.000554s ]
NOTIC: [8192] preg_replace(): The /e modifier is deprecated, use preg_replace_callback instead /data/sites/caiji/Lib/Core/Db.class.php 第 605 行.
SQL: SELECT * FROM `caiji_record` WHERE ( `comic_id` = 41 ) AND ( `caiji_date` = '2017-06-14' ) LIMIT 1   [ RunTime:0.000273s ]
SQL: UPDATE `caiji_record` SET `result`='{\"date\":\"2017-06-14\",\"time\":\"17:20:53\",\"name\":\"\\u91cd\\u751f\",\"attension\":\"641891\",\"popularity\":\"14.4\\u4ebf\",\"monthTicketTotal\":\"384\",\"topic\":\"11686\"}' WHERE ( `comic_id` = 41 ) AND ( `caiji_date` = '2017-06-14' ) [ RunTime:0.004796s ]
SQL: UPDATE `comics` SET `status`=1 WHERE ( `id` = 41 ) [ RunTime:0.003442s ]
NOTIC: [2] unlink(/data/sites/caiji/Ads/cookie.txt): No such file or directory /data/sites/caiji/Ads/Lib/Model/CaijiModel.class.php 第 110 行.

[ 2017-06-14T17:20:55+08:00 ] 171.212.222.132 /index/checkProgress/0.25523802927846106
INFO: [ app_begin ] --START--
INFO: ReadHtmlCache Behavior ::run [ RunTime:0.000045s ]
INFO: [ app_begin ] --END-- [ RunTime:0.000072s ]
NOTIC: 建议使用I方法替代_post
NOTIC: [8192] mysql_connect(): The mysql extension is deprecated and will be removed in the future: use mysqli or PDO instead /data/sites/caiji/Lib/Driver/Db/DbMysql.class.php 第 55 行.
SQL: SHOW COLUMNS FROM `comics` [ RunTime:0.000469s ]
NOTIC: [8192] preg_replace(): The /e modifier is deprecated, use preg_replace_callback instead /data/sites/caiji/Lib/Core/Db.class.php 第 605 行.
SQL: SELECT count(*) as num FROM `comics` WHERE ( `is_del`='0' AND `type`='1' AND `status`='0'  ) LIMIT 1   [ RunTime:0.000242s ]
NOTIC: [8192] preg_replace(): The /e modifier is deprecated, use preg_replace_callback instead /data/sites/caiji/Lib/Core/Db.class.php 第 605 行.
SQL: SELECT count(*) as num FROM `comics` WHERE ( `is_del`='0' AND `type`='1' AND `status`='1'  ) LIMIT 1   [ RunTime:0.000165s ]
NOTIC: [8192] preg_replace(): The /e modifier is deprecated, use preg_replace_callback instead /data/sites/caiji/Lib/Core/Db.class.php 第 605 行.
SQL: SELECT count(*) as num FROM `comics` WHERE ( `is_del`='0' AND `type`='1' AND `status`='2'  ) LIMIT 1   [ RunTime:0.000160s ]

[ 2017-06-14T17:21:01+08:00 ] 171.212.222.132 /index/export
NOTIC: 建议使用I方法替代_post
NOTIC: 建议使用I方法替代_post
NOTIC: 建议使用I方法替代_post
NOTIC: 建议使用I方法替代_post
NOTIC: 建议使用I方法替代_post
NOTIC: 建议使用I方法替代_post
NOTIC: 建议使用I方法替代_post
NOTIC: 建议使用I方法替代_post

[ 2017-06-14T17:46:57+08:00 ] 123.89.154.187 /shell?%75%6E%61%6D%65%20%2D%61
ERR: 无法加载模块:Shell

[ 2017-06-14T19:02:30+08:00 ] 121.196.226.67 /status.taobao
ERR: 无法加载模块:Status.taobao

[ 2017-06-14T23:40:15+08:00 ] 119.23.58.57 /admin/_content/_About/AspCms_AboutEdit.asp
ERR: 无法加载模块:Admin

[ 2017-06-14T23:40:15+08:00 ] 129.213.152.186 /admin/_content/_About/AspCms_AboutEdit.asp?id=19%20and%201=2%20union%20select%201,2,3,4,5,loginname,7,8,9,10,11,12,13,14,15,16,17,18,19,20,21,22,23,password,25,26,27,28,29,30,31,32,33,34,35%20from%20aspcms_user%20where%20userid=1
ERR: 无法加载模块:Admin

[ 2017-06-14T23:40:15+08:00 ] 119.23.58.57 /admin_aspcms/_system/AspCms_SiteSetting.asp
ERR: 无法加载模块:AdminAspcms

[ 2017-06-14T23:40:15+08:00 ] 119.23.58.57 /phpmyadmin
ERR: 无法加载模块:Phpmyadmin

[ 2017-06-14T23:40:15+08:00 ] 119.23.58.57 /news/html
ERR: 无法加载模块:News

[ 2017-06-14T23:40:15+08:00 ] 201.24.22.168 /news/html/?410'union/**/select/**/1/**/from/**/(select/**/count(*),concat(floor(rand(0)*2),0x3a,(select/**/concat(user,0x3a,password)/**/from/**/pwn_base_admin/**/limit/**/0,1),0x3a)a/**/from/**/information_schema.tables/**/group/**/by/**/a)b/**/where'1'='1.html
ERR: 无法加载模块:News

[ 2017-06-14T23:40:16+08:00 ] 119.23.58.57 /admin/pinglun.asp
ERR: 无法加载模块:Admin

[ 2017-06-14T23:40:16+08:00 ] 165.79.55.60 /admin/pinglun.asp?id=1%20and%201=2%20union%20select%201,2,3,4,username,password,7,8,9,10,11%20from%20admin
ERR: 无法加载模块:Admin

[ 2017-06-14T23:40:16+08:00 ] 119.23.58.57 /TEXTBOX2.ASP
ERR: 无法加载模块:TEXTBOX2.ASP

[ 2017-06-14T23:40:16+08:00 ] 240.232.155.210 /TEXTBOX2.ASP?action=modify&news%69d=122%20and%201=2%20union%20select%201,2,admin%2bpassword,4,5,6,7%20from%20shopxp_admin
ERR: 无法加载模块:TEXTBOX2.ASP

[ 2017-06-14T23:40:16+08:00 ] 53.254.102.104 /
ERR: 非法操作:1${(#_memberaccess["allowstaticmethodaccess"]=true,#req=@org.apache.struts2.servletactioncontext@getrequest(),#k8out=@org.apache.struts2.servletactioncontext@getresponse().getwriter(),#k8out.println(#req.getrealpath("/")),#k8out.close())}

[ 2017-06-14T23:40:18+08:00 ] 5.107.221.159 /index.php?m=Goods&a=showcate&id=103%20and%20extractvalue(1,%20concat(0x7e,(SELECT%20distinct%20concat(0x23,adm_name,0x3a,adm_pwd,0x23)%20FROM%20fanwe_admin%20limit%200,1)))
ERR: 无法加载模块:Goods

[ 2017-06-14T23:40:18+08:00 ] 119.23.58.57 /NewsType.asp
ERR: 无法加载模块:NewsType.asp

[ 2017-06-14T23:40:18+08:00 ] 96.131.228.48 /NewsType.asp?SmallClass=%27%20union%20select%200,username%2BCHR%28124%29%2Bpassword,2,3,4,5,6,7,8,9%20from%20admin%20union%20select%20*%20from%20news%20where%201=2%20and%20%27%27=%27
ERR: 无法加载模块:NewsType.asp

[ 2017-06-14T23:40:18+08:00 ] 119.23.58.57 /research.asp
ERR: 无法加载模块:Research.asp

[ 2017-06-14T23:40:18+08:00 ] 143.242.184.189 /research.asp?searchkey=x&anclassid=0&search=%20all
ERR: 无法加载模块:Research.asp

[ 2017-06-14T23:40:18+08:00 ] 119.23.58.57 /admin/admin_news_pl_view.asp
ERR: 无法加载模块:Admin

[ 2017-06-14T23:40:18+08:00 ] 181.10.225.214 /admin/admin_news_pl_view.asp?id=1
ERR: 无法加载模块:Admin

[ 2017-06-14T23:40:18+08:00 ] 183.223.113.201 /install/index.php.bak
ERR: 无法加载模块:Install

