[ 2017-05-27T00:04:57+08:00 ] 127.0.0.1 /index/export
INFO: [ app_begin ] --START--
INFO: ReadHtmlCache Behavior ::run [ RunTime:0.001089s ]
INFO: [ app_begin ] --END-- [ RunTime:0.001175s ]

[ 2017-05-27T00:05:18+08:00 ] 127.0.0.1 /index/export
INFO: [ app_begin ] --START--
INFO: ReadHtmlCache Behavior ::run [ RunTime:0.000857s ]
INFO: [ app_begin ] --END-- [ RunTime:0.000957s ]

[ 2017-05-27T00:05:41+08:00 ] 127.0.0.1 /index/export
INFO: [ app_begin ] --START--
INFO: ReadHtmlCache Behavior ::run [ RunTime:0.000940s ]
INFO: [ app_begin ] --END-- [ RunTime:0.001022s ]

[ 2017-05-27T00:07:26+08:00 ] 127.0.0.1 /index/export
INFO: [ app_begin ] --START--
INFO: ReadHtmlCache Behavior ::run [ RunTime:0.001042s ]
INFO: [ app_begin ] --END-- [ RunTime:0.001185s ]

[ 2017-05-27T01:24:53+08:00 ] 127.0.0.1 /index/export
NOTIC: 建议使用I方法替代_post
NOTIC: 建议使用I方法替代_post
NOTIC: 建议使用I方法替代_post
NOTIC: 建议使用I方法替代_post

[ 2017-05-27T01:25:15+08:00 ] 127.0.0.1 /index/export
NOTIC: 建议使用I方法替代_post
NOTIC: 建议使用I方法替代_post
NOTIC: 建议使用I方法替代_post
NOTIC: 建议使用I方法替代_post

[ 2017-05-27T01:25:16+08:00 ] 127.0.0.1 /index/export
NOTIC: 建议使用I方法替代_post
NOTIC: 建议使用I方法替代_post
NOTIC: 建议使用I方法替代_post
NOTIC: 建议使用I方法替代_post

[ 2017-05-27T01:26:01+08:00 ] 127.0.0.1 /index/export
NOTIC: 建议使用I方法替代_post
NOTIC: 建议使用I方法替代_post
NOTIC: 建议使用I方法替代_post
NOTIC: 建议使用I方法替代_post

[ 2017-05-27T01:26:16+08:00 ] 127.0.0.1 /index/export
NOTIC: 建议使用I方法替代_post
NOTIC: 建议使用I方法替代_post
NOTIC: 建议使用I方法替代_post
NOTIC: 建议使用I方法替代_post

[ 2017-05-27T01:26:31+08:00 ] 127.0.0.1 /index/export
NOTIC: 建议使用I方法替代_post
NOTIC: 建议使用I方法替代_post
NOTIC: 建议使用I方法替代_post
NOTIC: 建议使用I方法替代_post

[ 2017-05-27T01:27:06+08:00 ] 127.0.0.1 /index/export
NOTIC: 建议使用I方法替代_post
NOTIC: 建议使用I方法替代_post
NOTIC: 建议使用I方法替代_post
NOTIC: 建议使用I方法替代_post

[ 2017-05-27T01:27:38+08:00 ] 127.0.0.1 /index/export
NOTIC: 建议使用I方法替代_post
NOTIC: 建议使用I方法替代_post
NOTIC: 建议使用I方法替代_post
NOTIC: 建议使用I方法替代_post

[ 2017-05-27T01:27:53+08:00 ] 127.0.0.1 /index/export
NOTIC: 建议使用I方法替代_post
NOTIC: 建议使用I方法替代_post
NOTIC: 建议使用I方法替代_post
NOTIC: 建议使用I方法替代_post

[ 2017-05-27T01:29:41+08:00 ] 127.0.0.1 /index/caiji
INFO: [ app_begin ] --START--
INFO: ReadHtmlCache Behavior ::run [ RunTime:0.001651s ]
INFO: [ app_begin ] --END-- [ RunTime:0.001750s ]
NOTIC: 建议使用I方法替代_post
NOTIC: 建议使用I方法替代_post
NOTIC: [8] Undefined offset: 0 D:\xampp\htdocs\caiji\Ads\Lib\Action\IndexAction.class.php 第 144 行.
NOTIC: [8] Undefined offset: 0 D:\xampp\htdocs\caiji\Ads\Lib\Action\IndexAction.class.php 第 149 行.
NOTIC: [8] Undefined offset: 0 D:\xampp\htdocs\caiji\Ads\Lib\Action\IndexAction.class.php 第 154 行.
NOTIC: [8] Undefined offset: 0 D:\xampp\htdocs\caiji\Ads\Lib\Action\IndexAction.class.php 第 159 行.

[ 2017-05-27T01:29:42+08:00 ] 127.0.0.1 /index/caiji
INFO: [ app_begin ] --START--
INFO: ReadHtmlCache Behavior ::run [ RunTime:0.001297s ]
INFO: [ app_begin ] --END-- [ RunTime:0.001391s ]
NOTIC: 建议使用I方法替代_post
NOTIC: 建议使用I方法替代_post
NOTIC: [2] unlink(D:\xampp\htdocs\caiji\Ads\Lib\Action/cookie_buka.txt): No such file or directory D:\xampp\htdocs\caiji\Ads\Lib\Action\IndexAction.class.php 第 171 行.
NOTIC: [2] file_put_contents(): Filename cannot be empty D:\xampp\htdocs\caiji\Ads\Lib\Action\IndexAction.class.php 第 200 行.

[ 2017-05-27T01:29:42+08:00 ] 127.0.0.1 /index/caiji
INFO: [ app_begin ] --START--
INFO: ReadHtmlCache Behavior ::run [ RunTime:0.000959s ]
INFO: [ app_begin ] --END-- [ RunTime:0.001131s ]
NOTIC: 建议使用I方法替代_post
NOTIC: 建议使用I方法替代_post
NOTIC: [2] unlink(D:\xampp\htdocs\caiji\Ads\Lib\Action/cookie_buka.txt): No such file or directory D:\xampp\htdocs\caiji\Ads\Lib\Action\IndexAction.class.php 第 171 行.
NOTIC: [2] file_put_contents(): Filename cannot be empty D:\xampp\htdocs\caiji\Ads\Lib\Action\IndexAction.class.php 第 200 行.

[ 2017-05-27T01:29:45+08:00 ] 127.0.0.1 /index/caiji
INFO: [ app_begin ] --START--
INFO: ReadHtmlCache Behavior ::run [ RunTime:0.002120s ]
INFO: [ app_begin ] --END-- [ RunTime:0.002240s ]
NOTIC: 建议使用I方法替代_post
NOTIC: 建议使用I方法替代_post
NOTIC: [8] Undefined offset: 0 D:\xampp\htdocs\caiji\Ads\Lib\Action\IndexAction.class.php 第 144 行.
NOTIC: [8] Undefined offset: 0 D:\xampp\htdocs\caiji\Ads\Lib\Action\IndexAction.class.php 第 149 行.
NOTIC: [8] Undefined offset: 0 D:\xampp\htdocs\caiji\Ads\Lib\Action\IndexAction.class.php 第 154 行.
NOTIC: [8] Undefined offset: 0 D:\xampp\htdocs\caiji\Ads\Lib\Action\IndexAction.class.php 第 159 行.

[ 2017-05-27T01:29:46+08:00 ] 127.0.0.1 /index/caiji
INFO: [ app_begin ] --START--
INFO: ReadHtmlCache Behavior ::run [ RunTime:0.002652s ]
INFO: [ app_begin ] --END-- [ RunTime:0.002726s ]
NOTIC: 建议使用I方法替代_post
NOTIC: 建议使用I方法替代_post
NOTIC: [2] unlink(D:\xampp\htdocs\caiji\Ads\Lib\Action/cookie_buka.txt): No such file or directory D:\xampp\htdocs\caiji\Ads\Lib\Action\IndexAction.class.php 第 171 行.
NOTIC: [2] file_put_contents(): Filename cannot be empty D:\xampp\htdocs\caiji\Ads\Lib\Action\IndexAction.class.php 第 200 行.

[ 2017-05-27T01:30:30+08:00 ] 127.0.0.1 /index/caiji
INFO: [ app_begin ] --START--
INFO: ReadHtmlCache Behavior ::run [ RunTime:0.001365s ]
INFO: [ app_begin ] --END-- [ RunTime:0.001450s ]
NOTIC: 建议使用I方法替代_post
NOTIC: 建议使用I方法替代_post
NOTIC: [8] Undefined offset: 0 D:\xampp\htdocs\caiji\Ads\Lib\Action\IndexAction.class.php 第 144 行.
NOTIC: [8] Undefined offset: 0 D:\xampp\htdocs\caiji\Ads\Lib\Action\IndexAction.class.php 第 149 行.
NOTIC: [8] Undefined offset: 0 D:\xampp\htdocs\caiji\Ads\Lib\Action\IndexAction.class.php 第 154 行.
NOTIC: [8] Undefined offset: 0 D:\xampp\htdocs\caiji\Ads\Lib\Action\IndexAction.class.php 第 159 行.

[ 2017-05-27T01:30:32+08:00 ] 127.0.0.1 /index/caiji
INFO: [ app_begin ] --START--
INFO: ReadHtmlCache Behavior ::run [ RunTime:0.001253s ]
INFO: [ app_begin ] --END-- [ RunTime:0.001338s ]
NOTIC: 建议使用I方法替代_post
NOTIC: 建议使用I方法替代_post
NOTIC: [8] Undefined offset: 0 D:\xampp\htdocs\caiji\Ads\Lib\Action\IndexAction.class.php 第 144 行.
NOTIC: [8] Undefined offset: 0 D:\xampp\htdocs\caiji\Ads\Lib\Action\IndexAction.class.php 第 149 行.
NOTIC: [8] Undefined offset: 0 D:\xampp\htdocs\caiji\Ads\Lib\Action\IndexAction.class.php 第 154 行.
NOTIC: [8] Undefined offset: 0 D:\xampp\htdocs\caiji\Ads\Lib\Action\IndexAction.class.php 第 159 行.

[ 2017-05-27T01:30:33+08:00 ] 127.0.0.1 /index/caiji
INFO: [ app_begin ] --START--
INFO: ReadHtmlCache Behavior ::run [ RunTime:0.001065s ]
INFO: [ app_begin ] --END-- [ RunTime:0.001185s ]
NOTIC: 建议使用I方法替代_post
NOTIC: 建议使用I方法替代_post
NOTIC: [2] unlink(D:\xampp\htdocs\caiji\Ads\Lib\Action/cookie_buka.txt): No such file or directory D:\xampp\htdocs\caiji\Ads\Lib\Action\IndexAction.class.php 第 171 行.
NOTIC: [2] file_put_contents(): Filename cannot be empty D:\xampp\htdocs\caiji\Ads\Lib\Action\IndexAction.class.php 第 200 行.

[ 2017-05-27T01:30:33+08:00 ] 127.0.0.1 /index/caiji
INFO: [ app_begin ] --START--
INFO: ReadHtmlCache Behavior ::run [ RunTime:0.001160s ]
INFO: [ app_begin ] --END-- [ RunTime:0.001255s ]
NOTIC: 建议使用I方法替代_post
NOTIC: 建议使用I方法替代_post
NOTIC: [2] unlink(D:\xampp\htdocs\caiji\Ads\Lib\Action/cookie_buka.txt): No such file or directory D:\xampp\htdocs\caiji\Ads\Lib\Action\IndexAction.class.php 第 171 行.
NOTIC: [2] file_put_contents(): Filename cannot be empty D:\xampp\htdocs\caiji\Ads\Lib\Action\IndexAction.class.php 第 200 行.

[ 2017-05-27T01:30:34+08:00 ] 127.0.0.1 /index/caiji
INFO: [ app_begin ] --START--
INFO: ReadHtmlCache Behavior ::run [ RunTime:0.000914s ]
INFO: [ app_begin ] --END-- [ RunTime:0.000998s ]
NOTIC: 建议使用I方法替代_post
NOTIC: 建议使用I方法替代_post
NOTIC: [2] unlink(D:\xampp\htdocs\caiji\Ads\Lib\Action/cookie_buka.txt): No such file or directory D:\xampp\htdocs\caiji\Ads\Lib\Action\IndexAction.class.php 第 171 行.
NOTIC: [2] file_put_contents(): Filename cannot be empty D:\xampp\htdocs\caiji\Ads\Lib\Action\IndexAction.class.php 第 200 行.

[ 2017-05-27T01:31:49+08:00 ] 127.0.0.1 /index/caiji
INFO: [ app_begin ] --START--
INFO: ReadHtmlCache Behavior ::run [ RunTime:0.001413s ]
INFO: [ app_begin ] --END-- [ RunTime:0.001506s ]
NOTIC: 建议使用I方法替代_post
NOTIC: 建议使用I方法替代_post
NOTIC: [2] unlink(D:\xampp\htdocs\caiji\Ads\Lib\Action/cookie_buka.txt): No such file or directory D:\xampp\htdocs\caiji\Ads\Lib\Action\IndexAction.class.php 第 171 行.
NOTIC: [2] file_put_contents(): Filename cannot be empty D:\xampp\htdocs\caiji\Ads\Lib\Action\IndexAction.class.php 第 200 行.

[ 2017-05-27T01:31:51+08:00 ] 127.0.0.1 /index/caiji
INFO: [ app_begin ] --START--
INFO: ReadHtmlCache Behavior ::run [ RunTime:0.001398s ]
INFO: [ app_begin ] --END-- [ RunTime:0.001491s ]
NOTIC: 建议使用I方法替代_post
NOTIC: 建议使用I方法替代_post
NOTIC: [8] Undefined offset: 0 D:\xampp\htdocs\caiji\Ads\Lib\Action\IndexAction.class.php 第 144 行.
NOTIC: [8] Undefined offset: 0 D:\xampp\htdocs\caiji\Ads\Lib\Action\IndexAction.class.php 第 149 行.
NOTIC: [8] Undefined offset: 0 D:\xampp\htdocs\caiji\Ads\Lib\Action\IndexAction.class.php 第 154 行.
NOTIC: [8] Undefined offset: 0 D:\xampp\htdocs\caiji\Ads\Lib\Action\IndexAction.class.php 第 159 行.

[ 2017-05-27T01:31:53+08:00 ] 127.0.0.1 /index/caiji
INFO: [ app_begin ] --START--
INFO: ReadHtmlCache Behavior ::run [ RunTime:0.001064s ]
INFO: [ app_begin ] --END-- [ RunTime:0.001158s ]
NOTIC: 建议使用I方法替代_post
NOTIC: 建议使用I方法替代_post
NOTIC: [2] unlink(D:\xampp\htdocs\caiji\Ads\Lib\Action/cookie_buka.txt): No such file or directory D:\xampp\htdocs\caiji\Ads\Lib\Action\IndexAction.class.php 第 171 行.
NOTIC: [2] file_put_contents(): Filename cannot be empty D:\xampp\htdocs\caiji\Ads\Lib\Action\IndexAction.class.php 第 200 行.

[ 2017-05-27T01:31:55+08:00 ] 127.0.0.1 /index/caiji
INFO: [ app_begin ] --START--
INFO: ReadHtmlCache Behavior ::run [ RunTime:0.000927s ]
INFO: [ app_begin ] --END-- [ RunTime:0.001000s ]
NOTIC: 建议使用I方法替代_post
NOTIC: 建议使用I方法替代_post
NOTIC: [8] Undefined offset: 0 D:\xampp\htdocs\caiji\Ads\Lib\Action\IndexAction.class.php 第 144 行.
NOTIC: [8] Undefined offset: 0 D:\xampp\htdocs\caiji\Ads\Lib\Action\IndexAction.class.php 第 149 行.
NOTIC: [8] Undefined offset: 0 D:\xampp\htdocs\caiji\Ads\Lib\Action\IndexAction.class.php 第 154 行.
NOTIC: [8] Undefined offset: 0 D:\xampp\htdocs\caiji\Ads\Lib\Action\IndexAction.class.php 第 159 行.

[ 2017-05-27T01:31:56+08:00 ] 127.0.0.1 /index/caiji
INFO: [ app_begin ] --START--
INFO: ReadHtmlCache Behavior ::run [ RunTime:0.000797s ]
INFO: [ app_begin ] --END-- [ RunTime:0.000874s ]
NOTIC: 建议使用I方法替代_post
NOTIC: 建议使用I方法替代_post
NOTIC: [2] unlink(D:\xampp\htdocs\caiji\Ads\Lib\Action/cookie_buka.txt): No such file or directory D:\xampp\htdocs\caiji\Ads\Lib\Action\IndexAction.class.php 第 171 行.
NOTIC: [2] file_put_contents(): Filename cannot be empty D:\xampp\htdocs\caiji\Ads\Lib\Action\IndexAction.class.php 第 200 行.

[ 2017-05-27T01:32:09+08:00 ] 127.0.0.1 /index/caiji
INFO: [ app_begin ] --START--
INFO: ReadHtmlCache Behavior ::run [ RunTime:0.000812s ]
INFO: [ app_begin ] --END-- [ RunTime:0.000900s ]
NOTIC: 建议使用I方法替代_post
NOTIC: 建议使用I方法替代_post
NOTIC: [2] unlink(D:\xampp\htdocs\caiji\Ads\Lib\Action/cookie_buka.txt): No such file or directory D:\xampp\htdocs\caiji\Ads\Lib\Action\IndexAction.class.php 第 171 行.
NOTIC: [2] file_put_contents(): Filename cannot be empty D:\xampp\htdocs\caiji\Ads\Lib\Action\IndexAction.class.php 第 200 行.

[ 2017-05-27T01:32:09+08:00 ] 127.0.0.1 /index/caiji
INFO: [ app_begin ] --START--
INFO: ReadHtmlCache Behavior ::run [ RunTime:0.001298s ]
INFO: [ app_begin ] --END-- [ RunTime:0.001419s ]
NOTIC: 建议使用I方法替代_post
NOTIC: 建议使用I方法替代_post
NOTIC: [2] unlink(D:\xampp\htdocs\caiji\Ads\Lib\Action/cookie_buka.txt): No such file or directory D:\xampp\htdocs\caiji\Ads\Lib\Action\IndexAction.class.php 第 171 行.
NOTIC: [2] file_put_contents(): Filename cannot be empty D:\xampp\htdocs\caiji\Ads\Lib\Action\IndexAction.class.php 第 200 行.

[ 2017-05-27T01:32:09+08:00 ] 127.0.0.1 /index/caiji
INFO: [ app_begin ] --START--
INFO: ReadHtmlCache Behavior ::run [ RunTime:0.002391s ]
INFO: [ app_begin ] --END-- [ RunTime:0.002496s ]
NOTIC: 建议使用I方法替代_post
NOTIC: 建议使用I方法替代_post
NOTIC: [2] unlink(D:\xampp\htdocs\caiji\Ads\Lib\Action/cookie_buka.txt): No such file or directory D:\xampp\htdocs\caiji\Ads\Lib\Action\IndexAction.class.php 第 171 行.
NOTIC: [2] file_put_contents(): Filename cannot be empty D:\xampp\htdocs\caiji\Ads\Lib\Action\IndexAction.class.php 第 200 行.

[ 2017-05-27T01:34:03+08:00 ] 127.0.0.1 /index/caiji
INFO: [ app_begin ] --START--
INFO: ReadHtmlCache Behavior ::run [ RunTime:0.000928s ]
INFO: [ app_begin ] --END-- [ RunTime:0.001018s ]
NOTIC: 建议使用I方法替代_post
NOTIC: 建议使用I方法替代_post
NOTIC: [2] unlink(D:\xampp\htdocs\caiji\Ads\Lib\Action/cookie_buka.txt): No such file or directory D:\xampp\htdocs\caiji\Ads\Lib\Action\IndexAction.class.php 第 171 行.
NOTIC: [2] file_put_contents(): Filename cannot be empty D:\xampp\htdocs\caiji\Ads\Lib\Action\IndexAction.class.php 第 200 行.

[ 2017-05-27T01:34:04+08:00 ] 127.0.0.1 /index/caiji
INFO: [ app_begin ] --START--
INFO: ReadHtmlCache Behavior ::run [ RunTime:0.000925s ]
INFO: [ app_begin ] --END-- [ RunTime:0.001018s ]
NOTIC: 建议使用I方法替代_post
NOTIC: 建议使用I方法替代_post
NOTIC: [2] unlink(D:\xampp\htdocs\caiji\Ads\Lib\Action/cookie_buka.txt): No such file or directory D:\xampp\htdocs\caiji\Ads\Lib\Action\IndexAction.class.php 第 171 行.
NOTIC: [2] file_put_contents(): Filename cannot be empty D:\xampp\htdocs\caiji\Ads\Lib\Action\IndexAction.class.php 第 200 行.

[ 2017-05-27T01:34:04+08:00 ] 127.0.0.1 /index/caiji
INFO: [ app_begin ] --START--
INFO: ReadHtmlCache Behavior ::run [ RunTime:0.000844s ]
INFO: [ app_begin ] --END-- [ RunTime:0.000928s ]
NOTIC: 建议使用I方法替代_post
NOTIC: 建议使用I方法替代_post
NOTIC: [2] unlink(D:\xampp\htdocs\caiji\Ads\Lib\Action/cookie_buka.txt): No such file or directory D:\xampp\htdocs\caiji\Ads\Lib\Action\IndexAction.class.php 第 171 行.
NOTIC: [2] file_put_contents(): Filename cannot be empty D:\xampp\htdocs\caiji\Ads\Lib\Action\IndexAction.class.php 第 200 行.

[ 2017-05-27T01:34:33+08:00 ] 127.0.0.1 /index/caiji
INFO: [ app_begin ] --START--
INFO: ReadHtmlCache Behavior ::run [ RunTime:0.001005s ]
INFO: [ app_begin ] --END-- [ RunTime:0.002006s ]
NOTIC: 建议使用I方法替代_post
NOTIC: 建议使用I方法替代_post
NOTIC: [2] unlink(D:\xampp\htdocs\caiji\Ads\Lib\Action/cookie_buka.txt): No such file or directory D:\xampp\htdocs\caiji\Ads\Lib\Action\IndexAction.class.php 第 171 行.
NOTIC: [2] file_put_contents(): Filename cannot be empty D:\xampp\htdocs\caiji\Ads\Lib\Action\IndexAction.class.php 第 200 行.

[ 2017-05-27T01:35:12+08:00 ] 127.0.0.1 /index/caiji
INFO: [ app_begin ] --START--
INFO: ReadHtmlCache Behavior ::run [ RunTime:0.000691s ]
INFO: [ app_begin ] --END-- [ RunTime:0.000755s ]
NOTIC: 建议使用I方法替代_post
NOTIC: 建议使用I方法替代_post
NOTIC: [2] unlink(D:\xampp\htdocs\caiji\Ads\Lib\Action/cookie_buka.txt): No such file or directory D:\xampp\htdocs\caiji\Ads\Lib\Action\IndexAction.class.php 第 171 行.
NOTIC: [2] file_put_contents(): Filename cannot be empty D:\xampp\htdocs\caiji\Ads\Lib\Action\IndexAction.class.php 第 200 行.

[ 2017-05-27T01:36:47+08:00 ] 127.0.0.1 /index/caiji
INFO: [ app_begin ] --START--
INFO: ReadHtmlCache Behavior ::run [ RunTime:0.000887s ]
INFO: [ app_begin ] --END-- [ RunTime:0.000984s ]
NOTIC: 建议使用I方法替代_post
NOTIC: 建议使用I方法替代_post
NOTIC: [2] unlink(D:\xampp\htdocs\caiji\Ads\Lib\Action/cookie_buka.txt): No such file or directory D:\xampp\htdocs\caiji\Ads\Lib\Action\IndexAction.class.php 第 171 行.
NOTIC: [2] array_merge(): Argument #1 is not an array D:\xampp\htdocs\caiji\Ads\Lib\Action\IndexAction.class.php 第 192 行.
NOTIC: [2] ksort() expects parameter 1 to be array, null given D:\xampp\htdocs\caiji\Ads\Lib\Action\IndexAction.class.php 第 195 行.

[ 2017-05-27T01:36:48+08:00 ] 127.0.0.1 /index/caiji
INFO: [ app_begin ] --START--
INFO: ReadHtmlCache Behavior ::run [ RunTime:0.000979s ]
INFO: [ app_begin ] --END-- [ RunTime:0.001083s ]
NOTIC: 建议使用I方法替代_post
NOTIC: 建议使用I方法替代_post
NOTIC: [2] unlink(D:\xampp\htdocs\caiji\Ads\Lib\Action/cookie_buka.txt): No such file or directory D:\xampp\htdocs\caiji\Ads\Lib\Action\IndexAction.class.php 第 171 行.

[ 2017-05-27T01:36:48+08:00 ] 127.0.0.1 /index/caiji
INFO: [ app_begin ] --START--
INFO: ReadHtmlCache Behavior ::run [ RunTime:0.001153s ]
INFO: [ app_begin ] --END-- [ RunTime:0.001288s ]
NOTIC: 建议使用I方法替代_post
NOTIC: 建议使用I方法替代_post
NOTIC: [2] unlink(D:\xampp\htdocs\caiji\Ads\Lib\Action/cookie_buka.txt): No such file or directory D:\xampp\htdocs\caiji\Ads\Lib\Action\IndexAction.class.php 第 171 行.

[ 2017-05-27T01:37:06+08:00 ] 127.0.0.1 /index/caiji
INFO: [ app_begin ] --START--
INFO: ReadHtmlCache Behavior ::run [ RunTime:0.000890s ]
INFO: [ app_begin ] --END-- [ RunTime:0.000976s ]
NOTIC: 建议使用I方法替代_post
NOTIC: 建议使用I方法替代_post
NOTIC: [8] Undefined offset: 0 D:\xampp\htdocs\caiji\Ads\Lib\Action\IndexAction.class.php 第 144 行.
NOTIC: [8] Undefined offset: 0 D:\xampp\htdocs\caiji\Ads\Lib\Action\IndexAction.class.php 第 149 行.
NOTIC: [8] Undefined offset: 0 D:\xampp\htdocs\caiji\Ads\Lib\Action\IndexAction.class.php 第 154 行.
NOTIC: [8] Undefined offset: 0 D:\xampp\htdocs\caiji\Ads\Lib\Action\IndexAction.class.php 第 159 行.

[ 2017-05-27T01:37:07+08:00 ] 127.0.0.1 /index/caiji
INFO: [ app_begin ] --START--
INFO: ReadHtmlCache Behavior ::run [ RunTime:0.001026s ]
INFO: [ app_begin ] --END-- [ RunTime:0.001132s ]
NOTIC: 建议使用I方法替代_post
NOTIC: 建议使用I方法替代_post
NOTIC: [2] unlink(D:\xampp\htdocs\caiji\Ads\Lib\Action/cookie_buka.txt): No such file or directory D:\xampp\htdocs\caiji\Ads\Lib\Action\IndexAction.class.php 第 171 行.

[ 2017-05-27T01:37:07+08:00 ] 127.0.0.1 /index/caiji
INFO: [ app_begin ] --START--
INFO: ReadHtmlCache Behavior ::run [ RunTime:0.000916s ]
INFO: [ app_begin ] --END-- [ RunTime:0.001005s ]
NOTIC: 建议使用I方法替代_post
NOTIC: 建议使用I方法替代_post
NOTIC: [2] unlink(D:\xampp\htdocs\caiji\Ads\Lib\Action/cookie_buka.txt): No such file or directory D:\xampp\htdocs\caiji\Ads\Lib\Action\IndexAction.class.php 第 171 行.

[ 2017-05-27T01:37:07+08:00 ] 127.0.0.1 /index/caiji
INFO: [ app_begin ] --START--
INFO: ReadHtmlCache Behavior ::run [ RunTime:0.000816s ]
INFO: [ app_begin ] --END-- [ RunTime:0.000898s ]
NOTIC: 建议使用I方法替代_post
NOTIC: 建议使用I方法替代_post
NOTIC: [2] unlink(D:\xampp\htdocs\caiji\Ads\Lib\Action/cookie_buka.txt): No such file or directory D:\xampp\htdocs\caiji\Ads\Lib\Action\IndexAction.class.php 第 171 行.

[ 2017-05-27T01:38:36+08:00 ] 127.0.0.1 /index/export
NOTIC: 建议使用I方法替代_post
NOTIC: 建议使用I方法替代_post
NOTIC: 建议使用I方法替代_post
NOTIC: 建议使用I方法替代_post

[ 2017-05-27T01:40:26+08:00 ] 127.0.0.1 /index/export
NOTIC: 建议使用I方法替代_post
NOTIC: 建议使用I方法替代_post
NOTIC: 建议使用I方法替代_post
NOTIC: 建议使用I方法替代_post

[ 2017-05-27T01:41:05+08:00 ] 127.0.0.1 /index/export
NOTIC: 建议使用I方法替代_post
NOTIC: 建议使用I方法替代_post
NOTIC: 建议使用I方法替代_post
NOTIC: 建议使用I方法替代_post

[ 2017-05-27T01:45:27+08:00 ] 127.0.0.1 /index/caiji
INFO: [ app_begin ] --START--
INFO: ReadHtmlCache Behavior ::run [ RunTime:0.000839s ]
INFO: [ app_begin ] --END-- [ RunTime:0.000920s ]
NOTIC: 建议使用I方法替代_post
NOTIC: 建议使用I方法替代_post
NOTIC: [8] Undefined offset: 0 D:\xampp\htdocs\caiji\Ads\Lib\Action\IndexAction.class.php 第 108 行.

[ 2017-05-27T01:45:28+08:00 ] 127.0.0.1 /index/caiji
INFO: [ app_begin ] --START--
INFO: ReadHtmlCache Behavior ::run [ RunTime:0.001174s ]
INFO: [ app_begin ] --END-- [ RunTime:0.001261s ]
NOTIC: 建议使用I方法替代_post
NOTIC: 建议使用I方法替代_post
NOTIC: [2] unlink(D:\xampp\htdocs\caiji\Ads\Lib\Action/cookie_buka.txt): No such file or directory D:\xampp\htdocs\caiji\Ads\Lib\Action\IndexAction.class.php 第 164 行.
NOTIC: [2] array_merge(): Argument #1 is not an array D:\xampp\htdocs\caiji\Ads\Lib\Action\IndexAction.class.php 第 183 行.
NOTIC: [2] ksort() expects parameter 1 to be array, null given D:\xampp\htdocs\caiji\Ads\Lib\Action\IndexAction.class.php 第 186 行.

[ 2017-05-27T01:45:29+08:00 ] 127.0.0.1 /index/caiji
INFO: [ app_begin ] --START--
INFO: ReadHtmlCache Behavior ::run [ RunTime:0.001748s ]
INFO: [ app_begin ] --END-- [ RunTime:0.001856s ]
NOTIC: 建议使用I方法替代_post
NOTIC: 建议使用I方法替代_post
NOTIC: [2] unlink(D:\xampp\htdocs\caiji\Ads\Lib\Action/cookie_buka.txt): No such file or directory D:\xampp\htdocs\caiji\Ads\Lib\Action\IndexAction.class.php 第 164 行.

[ 2017-05-27T01:45:30+08:00 ] 127.0.0.1 /index/caiji
INFO: [ app_begin ] --START--
INFO: ReadHtmlCache Behavior ::run [ RunTime:0.001070s ]
INFO: [ app_begin ] --END-- [ RunTime:0.001159s ]
NOTIC: 建议使用I方法替代_post
NOTIC: 建议使用I方法替代_post
NOTIC: [2] unlink(D:\xampp\htdocs\caiji\Ads\Lib\Action/cookie_buka.txt): No such file or directory D:\xampp\htdocs\caiji\Ads\Lib\Action\IndexAction.class.php 第 164 行.

[ 2017-05-27T01:45:30+08:00 ] 127.0.0.1 /index/caiji
INFO: [ app_begin ] --START--
INFO: ReadHtmlCache Behavior ::run [ RunTime:0.001033s ]
INFO: [ app_begin ] --END-- [ RunTime:0.001128s ]
NOTIC: 建议使用I方法替代_post
NOTIC: 建议使用I方法替代_post
NOTIC: [8] Undefined offset: 0 D:\xampp\htdocs\caiji\Ads\Lib\Action\IndexAction.class.php 第 108 行.

[ 2017-05-27T01:45:52+08:00 ] 127.0.0.1 /index/export
NOTIC: 建议使用I方法替代_post
NOTIC: 建议使用I方法替代_post
NOTIC: 建议使用I方法替代_post
NOTIC: 建议使用I方法替代_post

[ 2017-05-27T01:46:42+08:00 ] 127.0.0.1 /index/caiji
INFO: [ app_begin ] --START--
INFO: ReadHtmlCache Behavior ::run [ RunTime:0.001018s ]
INFO: [ app_begin ] --END-- [ RunTime:0.001114s ]
NOTIC: 建议使用I方法替代_post
NOTIC: 建议使用I方法替代_post
NOTIC: [8] Undefined offset: 0 D:\xampp\htdocs\caiji\Ads\Lib\Action\IndexAction.class.php 第 108 行.

[ 2017-05-27T01:46:42+08:00 ] 127.0.0.1 /index/caiji
INFO: [ app_begin ] --START--
INFO: ReadHtmlCache Behavior ::run [ RunTime:0.002510s ]
INFO: [ app_begin ] --END-- [ RunTime:0.002678s ]
NOTIC: 建议使用I方法替代_post
NOTIC: 建议使用I方法替代_post
NOTIC: [8] Undefined offset: 0 D:\xampp\htdocs\caiji\Ads\Lib\Action\IndexAction.class.php 第 108 行.

[ 2017-05-27T01:46:43+08:00 ] 127.0.0.1 /index/caiji
INFO: [ app_begin ] --START--
INFO: ReadHtmlCache Behavior ::run [ RunTime:0.001166s ]
INFO: [ app_begin ] --END-- [ RunTime:0.001318s ]
NOTIC: 建议使用I方法替代_post
NOTIC: 建议使用I方法替代_post
NOTIC: [2] unlink(D:\xampp\htdocs\caiji\Ads\Lib\Action/cookie_buka.txt): No such file or directory D:\xampp\htdocs\caiji\Ads\Lib\Action\IndexAction.class.php 第 164 行.
NOTIC: [2] array_merge(): Argument #1 is not an array D:\xampp\htdocs\caiji\Ads\Lib\Action\IndexAction.class.php 第 183 行.
NOTIC: [2] ksort() expects parameter 1 to be array, null given D:\xampp\htdocs\caiji\Ads\Lib\Action\IndexAction.class.php 第 186 行.

[ 2017-05-27T01:46:44+08:00 ] 127.0.0.1 /index/caiji
INFO: [ app_begin ] --START--
INFO: ReadHtmlCache Behavior ::run [ RunTime:0.001533s ]
INFO: [ app_begin ] --END-- [ RunTime:0.001685s ]
NOTIC: 建议使用I方法替代_post
NOTIC: 建议使用I方法替代_post
NOTIC: [2] unlink(D:\xampp\htdocs\caiji\Ads\Lib\Action/cookie_buka.txt): No such file or directory D:\xampp\htdocs\caiji\Ads\Lib\Action\IndexAction.class.php 第 164 行.

[ 2017-05-27T01:46:44+08:00 ] 127.0.0.1 /index/caiji
INFO: [ app_begin ] --START--
INFO: ReadHtmlCache Behavior ::run [ RunTime:0.000874s ]
INFO: [ app_begin ] --END-- [ RunTime:0.000948s ]
NOTIC: 建议使用I方法替代_post
NOTIC: 建议使用I方法替代_post
NOTIC: [2] unlink(D:\xampp\htdocs\caiji\Ads\Lib\Action/cookie_buka.txt): No such file or directory D:\xampp\htdocs\caiji\Ads\Lib\Action\IndexAction.class.php 第 164 行.

[ 2017-05-27T01:49:34+08:00 ] 127.0.0.1 /index/caiji
INFO: [ app_begin ] --START--
INFO: ReadHtmlCache Behavior ::run [ RunTime:0.000819s ]
INFO: [ app_begin ] --END-- [ RunTime:0.000939s ]
NOTIC: 建议使用I方法替代_post
NOTIC: 建议使用I方法替代_post
NOTIC: [2] unlink(D:\xampp\htdocs\caiji\Ads\Lib\Action/cookie_buka.txt): No such file or directory D:\xampp\htdocs\caiji\Ads\Lib\Action\IndexAction.class.php 第 164 行.
NOTIC: [2] array_merge(): Argument #1 is not an array D:\xampp\htdocs\caiji\Ads\Lib\Action\IndexAction.class.php 第 183 行.
NOTIC: [2] ksort() expects parameter 1 to be array, null given D:\xampp\htdocs\caiji\Ads\Lib\Action\IndexAction.class.php 第 186 行.

[ 2017-05-27T01:49:34+08:00 ] 127.0.0.1 /index/caiji
INFO: [ app_begin ] --START--
INFO: ReadHtmlCache Behavior ::run [ RunTime:0.001199s ]
INFO: [ app_begin ] --END-- [ RunTime:0.001297s ]
NOTIC: 建议使用I方法替代_post
NOTIC: 建议使用I方法替代_post
NOTIC: [8] Undefined offset: 0 D:\xampp\htdocs\caiji\Ads\Lib\Action\IndexAction.class.php 第 108 行.

[ 2017-05-27T01:49:34+08:00 ] 127.0.0.1 /index/caiji
INFO: [ app_begin ] --START--
INFO: ReadHtmlCache Behavior ::run [ RunTime:0.001352s ]
INFO: [ app_begin ] --END-- [ RunTime:0.001448s ]
NOTIC: 建议使用I方法替代_post
NOTIC: 建议使用I方法替代_post
NOTIC: [8] Undefined offset: 0 D:\xampp\htdocs\caiji\Ads\Lib\Action\IndexAction.class.php 第 108 行.

[ 2017-05-27T01:49:35+08:00 ] 127.0.0.1 /index/caiji
INFO: [ app_begin ] --START--
INFO: ReadHtmlCache Behavior ::run [ RunTime:0.001225s ]
INFO: [ app_begin ] --END-- [ RunTime:0.001334s ]
NOTIC: 建议使用I方法替代_post
NOTIC: 建议使用I方法替代_post
NOTIC: [2] unlink(D:\xampp\htdocs\caiji\Ads\Lib\Action/cookie_buka.txt): No such file or directory D:\xampp\htdocs\caiji\Ads\Lib\Action\IndexAction.class.php 第 164 行.

[ 2017-05-27T01:49:35+08:00 ] 127.0.0.1 /index/caiji
INFO: [ app_begin ] --START--
INFO: ReadHtmlCache Behavior ::run [ RunTime:0.001817s ]
INFO: [ app_begin ] --END-- [ RunTime:0.001913s ]
NOTIC: 建议使用I方法替代_post
NOTIC: 建议使用I方法替代_post
NOTIC: [2] unlink(D:\xampp\htdocs\caiji\Ads\Lib\Action/cookie_buka.txt): No such file or directory D:\xampp\htdocs\caiji\Ads\Lib\Action\IndexAction.class.php 第 164 行.

[ 2017-05-27T01:49:53+08:00 ] 127.0.0.1 /index/caiji
INFO: [ app_begin ] --START--
INFO: ReadHtmlCache Behavior ::run [ RunTime:0.002297s ]
INFO: [ app_begin ] --END-- [ RunTime:0.002386s ]
NOTIC: 建议使用I方法替代_post
NOTIC: 建议使用I方法替代_post
NOTIC: [8] Undefined offset: 0 D:\xampp\htdocs\caiji\Ads\Lib\Action\IndexAction.class.php 第 108 行.

[ 2017-05-27T01:49:54+08:00 ] 127.0.0.1 /index/caiji
INFO: [ app_begin ] --START--
INFO: ReadHtmlCache Behavior ::run [ RunTime:0.002650s ]
INFO: [ app_begin ] --END-- [ RunTime:0.002786s ]
NOTIC: 建议使用I方法替代_post
NOTIC: 建议使用I方法替代_post
NOTIC: [2] unlink(D:\xampp\htdocs\caiji\Ads\Lib\Action/cookie_buka.txt): No such file or directory D:\xampp\htdocs\caiji\Ads\Lib\Action\IndexAction.class.php 第 164 行.

[ 2017-05-27T01:49:54+08:00 ] 127.0.0.1 /index/caiji
INFO: [ app_begin ] --START--
INFO: ReadHtmlCache Behavior ::run [ RunTime:0.002629s ]
INFO: [ app_begin ] --END-- [ RunTime:0.002734s ]
NOTIC: 建议使用I方法替代_post
NOTIC: 建议使用I方法替代_post
NOTIC: [2] unlink(D:\xampp\htdocs\caiji\Ads\Lib\Action/cookie_buka.txt): No such file or directory D:\xampp\htdocs\caiji\Ads\Lib\Action\IndexAction.class.php 第 164 行.

[ 2017-05-27T01:49:54+08:00 ] 127.0.0.1 /index/caiji
INFO: [ app_begin ] --START--
INFO: ReadHtmlCache Behavior ::run [ RunTime:0.001111s ]
INFO: [ app_begin ] --END-- [ RunTime:0.001210s ]
NOTIC: 建议使用I方法替代_post
NOTIC: 建议使用I方法替代_post
NOTIC: [8] Undefined offset: 0 D:\xampp\htdocs\caiji\Ads\Lib\Action\IndexAction.class.php 第 108 行.

[ 2017-05-27T01:49:55+08:00 ] 127.0.0.1 /index/caiji
INFO: [ app_begin ] --START--
INFO: ReadHtmlCache Behavior ::run [ RunTime:0.001128s ]
INFO: [ app_begin ] --END-- [ RunTime:0.001206s ]
NOTIC: 建议使用I方法替代_post
NOTIC: 建议使用I方法替代_post
NOTIC: [2] unlink(D:\xampp\htdocs\caiji\Ads\Lib\Action/cookie_buka.txt): No such file or directory D:\xampp\htdocs\caiji\Ads\Lib\Action\IndexAction.class.php 第 164 行.

[ 2017-05-27T01:51:02+08:00 ] 127.0.0.1 /index/export
NOTIC: 建议使用I方法替代_post
NOTIC: 建议使用I方法替代_post
NOTIC: 建议使用I方法替代_post
NOTIC: 建议使用I方法替代_post

[ 2017-05-27T09:21:28+08:00 ] 127.0.0.1 /index/export
NOTIC: 建议使用I方法替代_post
NOTIC: 建议使用I方法替代_post
NOTIC: 建议使用I方法替代_post

[ 2017-05-27T09:22:31+08:00 ] 127.0.0.1 /index/export
NOTIC: 建议使用I方法替代_post
NOTIC: 建议使用I方法替代_post
NOTIC: 建议使用I方法替代_post

[ 2017-05-27T13:00:43+08:00 ] 127.0.0.1 /index/caijiqq
INFO: [ app_begin ] --START--
INFO: ReadHtmlCache Behavior ::run [ RunTime:0.001000s ]
INFO: [ app_begin ] --END-- [ RunTime:0.001000s ]
NOTIC: 建议使用I方法替代_post
NOTIC: 建议使用I方法替代_post
NOTIC: [2] unlink(D:\xampp\htdocs\caiji\Ads\Lib\Action/cookie_buka.txt): No such file or directory D:\xampp\htdocs\caiji\Ads\Lib\Action\IndexAction.class.php 第 169 行.

[ 2017-05-27T13:00:58+08:00 ] 127.0.0.1 /index/export
NOTIC: 建议使用I方法替代_post
NOTIC: 建议使用I方法替代_post
NOTIC: 建议使用I方法替代_post
NOTIC: 建议使用I方法替代_post

[ 2017-05-27T13:12:58+08:00 ] 127.0.0.1 /index/caijiqq
INFO: [ app_begin ] --START--
INFO: ReadHtmlCache Behavior ::run [ RunTime:0.000000s ]
INFO: [ app_begin ] --END-- [ RunTime:0.000000s ]
NOTIC: 建议使用I方法替代_post
NOTIC: 建议使用I方法替代_post
NOTIC: [2] unlink(D:\xampp\htdocs\caiji\Ads\Lib\Action/cookie_buka.txt): No such file or directory D:\xampp\htdocs\caiji\Ads\Lib\Action\IndexAction.class.php 第 169 行.

[ 2017-05-27T13:12:59+08:00 ] 127.0.0.1 /index/caijiqq
INFO: [ app_begin ] --START--
INFO: ReadHtmlCache Behavior ::run [ RunTime:0.001000s ]
INFO: [ app_begin ] --END-- [ RunTime:0.001000s ]
NOTIC: 建议使用I方法替代_post
NOTIC: 建议使用I方法替代_post
NOTIC: [2] unlink(D:\xampp\htdocs\caiji\Ads\Lib\Action/cookie_buka.txt): No such file or directory D:\xampp\htdocs\caiji\Ads\Lib\Action\IndexAction.class.php 第 169 行.

[ 2017-05-27T13:12:59+08:00 ] 127.0.0.1 /index/caijiqq
INFO: [ app_begin ] --START--
INFO: ReadHtmlCache Behavior ::run [ RunTime:0.002000s ]
INFO: [ app_begin ] --END-- [ RunTime:0.002000s ]
NOTIC: 建议使用I方法替代_post
NOTIC: 建议使用I方法替代_post
NOTIC: [8] Undefined offset: 0 D:\xampp\htdocs\caiji\Ads\Lib\Action\IndexAction.class.php 第 113 行.

[ 2017-05-27T13:13:00+08:00 ] 127.0.0.1 /index/caijiqq
INFO: [ app_begin ] --START--
INFO: ReadHtmlCache Behavior ::run [ RunTime:0.000000s ]
INFO: [ app_begin ] --END-- [ RunTime:0.000000s ]
NOTIC: 建议使用I方法替代_post
NOTIC: 建议使用I方法替代_post
NOTIC: [2] unlink(D:\xampp\htdocs\caiji\Ads\Lib\Action/cookie_buka.txt): No such file or directory D:\xampp\htdocs\caiji\Ads\Lib\Action\IndexAction.class.php 第 169 行.

[ 2017-05-27T14:20:12+08:00 ] 127.0.0.1 /index/caijiqq
INFO: [ app_begin ] --START--
INFO: ReadHtmlCache Behavior ::run [ RunTime:0.001000s ]
INFO: [ app_begin ] --END-- [ RunTime:0.001000s ]
NOTIC: 建议使用I方法替代_post
NOTIC: 建议使用I方法替代_post
NOTIC: [8] Undefined offset: 0 D:\xampp\htdocs\caiji\Ads\Lib\Action\IndexAction.class.php 第 134 行.

[ 2017-05-27T14:20:14+08:00 ] 127.0.0.1 /index/caijiqq
INFO: [ app_begin ] --START--
INFO: ReadHtmlCache Behavior ::run [ RunTime:0.000000s ]
INFO: [ app_begin ] --END-- [ RunTime:0.001000s ]
NOTIC: 建议使用I方法替代_post
NOTIC: 建议使用I方法替代_post
NOTIC: [2] unlink(D:\xampp\htdocs\caiji\Ads\Lib\Action/cookie_buka.txt): No such file or directory D:\xampp\htdocs\caiji\Ads\Lib\Action\IndexAction.class.php 第 190 行.

[ 2017-05-27T14:20:15+08:00 ] 127.0.0.1 /index/caijiqq
INFO: [ app_begin ] --START--
INFO: ReadHtmlCache Behavior ::run [ RunTime:0.001000s ]
INFO: [ app_begin ] --END-- [ RunTime:0.001000s ]
NOTIC: 建议使用I方法替代_post
NOTIC: 建议使用I方法替代_post
NOTIC: [2] unlink(D:\xampp\htdocs\caiji\Ads\Lib\Action/cookie_buka.txt): No such file or directory D:\xampp\htdocs\caiji\Ads\Lib\Action\IndexAction.class.php 第 190 行.

[ 2017-05-27T14:24:45+08:00 ] 127.0.0.1 /index/export
NOTIC: 建议使用I方法替代_post
NOTIC: 建议使用I方法替代_post
NOTIC: 建议使用I方法替代_post
NOTIC: 建议使用I方法替代_post

[ 2017-05-27T14:25:19+08:00 ] 127.0.0.1 /index/caijiqq
INFO: [ app_begin ] --START--
INFO: ReadHtmlCache Behavior ::run [ RunTime:0.000000s ]
INFO: [ app_begin ] --END-- [ RunTime:0.000000s ]
NOTIC: 建议使用I方法替代_post
NOTIC: 建议使用I方法替代_post
NOTIC: [2] unlink(D:\xampp\htdocs\caiji\Ads\Lib\Action/cookie_buka.txt): No such file or directory D:\xampp\htdocs\caiji\Ads\Lib\Action\IndexAction.class.php 第 190 行.
NOTIC: [2] array_merge(): Argument #1 is not an array D:\xampp\htdocs\caiji\Ads\Lib\Action\IndexAction.class.php 第 209 行.
NOTIC: [2] ksort() expects parameter 1 to be array, null given D:\xampp\htdocs\caiji\Ads\Lib\Action\IndexAction.class.php 第 212 行.

[ 2017-05-27T14:25:19+08:00 ] 127.0.0.1 /index/caijiqq
INFO: [ app_begin ] --START--
INFO: ReadHtmlCache Behavior ::run [ RunTime:0.001000s ]
INFO: [ app_begin ] --END-- [ RunTime:0.001000s ]
NOTIC: 建议使用I方法替代_post
NOTIC: 建议使用I方法替代_post
NOTIC: [8] Undefined offset: 0 D:\xampp\htdocs\caiji\Ads\Lib\Action\IndexAction.class.php 第 134 行.

[ 2017-05-27T14:25:20+08:00 ] 127.0.0.1 /index/caijiqq
INFO: [ app_begin ] --START--
INFO: ReadHtmlCache Behavior ::run [ RunTime:0.000000s ]
INFO: [ app_begin ] --END-- [ RunTime:0.000000s ]
NOTIC: 建议使用I方法替代_post
NOTIC: 建议使用I方法替代_post
NOTIC: [2] unlink(D:\xampp\htdocs\caiji\Ads\Lib\Action/cookie_buka.txt): No such file or directory D:\xampp\htdocs\caiji\Ads\Lib\Action\IndexAction.class.php 第 190 行.

[ 2017-05-27T14:25:31+08:00 ] 127.0.0.1 /index/caijiqq
INFO: [ app_begin ] --START--
INFO: ReadHtmlCache Behavior ::run [ RunTime:0.000000s ]
INFO: [ app_begin ] --END-- [ RunTime:0.000000s ]
NOTIC: 建议使用I方法替代_post
NOTIC: 建议使用I方法替代_post
NOTIC: [2] unlink(D:\xampp\htdocs\caiji\Ads\Lib\Action/cookie_buka.txt): No such file or directory D:\xampp\htdocs\caiji\Ads\Lib\Action\IndexAction.class.php 第 190 行.

[ 2017-05-27T14:25:31+08:00 ] 127.0.0.1 /index/caijiqq
INFO: [ app_begin ] --START--
INFO: ReadHtmlCache Behavior ::run [ RunTime:0.001000s ]
INFO: [ app_begin ] --END-- [ RunTime:0.001000s ]
NOTIC: 建议使用I方法替代_post
NOTIC: 建议使用I方法替代_post
NOTIC: [8] Undefined offset: 0 D:\xampp\htdocs\caiji\Ads\Lib\Action\IndexAction.class.php 第 134 行.

[ 2017-05-27T14:25:32+08:00 ] 127.0.0.1 /index/caijiqq
INFO: [ app_begin ] --START--
INFO: ReadHtmlCache Behavior ::run [ RunTime:0.001000s ]
INFO: [ app_begin ] --END-- [ RunTime:0.001000s ]
NOTIC: 建议使用I方法替代_post
NOTIC: 建议使用I方法替代_post
NOTIC: [2] unlink(D:\xampp\htdocs\caiji\Ads\Lib\Action/cookie_buka.txt): No such file or directory D:\xampp\htdocs\caiji\Ads\Lib\Action\IndexAction.class.php 第 190 行.

[ 2017-05-27T14:25:42+08:00 ] 127.0.0.1 /index/export
NOTIC: 建议使用I方法替代_post
NOTIC: 建议使用I方法替代_post
NOTIC: 建议使用I方法替代_post
NOTIC: 建议使用I方法替代_post

