[ 2017-06-26T00:28:38+08:00 ] 221.237.21.221 /index/login
NOTIC: 建议使用I方法替代_post
NOTIC: 建议使用I方法替代_post

[ 2017-06-26T00:28:46+08:00 ] 221.237.21.221 /index/checkProgress/0.2840213355310821
INFO: [ app_begin ] --START--
INFO: ReadHtmlCache Behavior ::run [ RunTime:0.000259s ]
INFO: [ app_begin ] --END-- [ RunTime:0.000293s ]
NOTIC: 建议使用I方法替代_post
NOTIC: [8192] mysql_connect(): The mysql extension is deprecated and will be removed in the future: use mysqli or PDO instead /www/web/dt_pxtar_com/public_html/caiji/Lib/Driver/Db/DbMysql.class.php 第 55 行.
SQL: SHOW COLUMNS FROM `comics` [ RunTime:0.000683s ]
NOTIC: [8192] preg_replace(): The /e modifier is deprecated, use preg_replace_callback instead /www/web/dt_pxtar_com/public_html/caiji/Lib/Core/Db.class.php 第 605 行.
SQL: SELECT count(*) as num FROM `comics` WHERE ( `is_del`='0' AND `type`='1' AND `status`='0'  ) LIMIT 1   [ RunTime:0.000374s ]
NOTIC: [8192] preg_replace(): The /e modifier is deprecated, use preg_replace_callback instead /www/web/dt_pxtar_com/public_html/caiji/Lib/Core/Db.class.php 第 605 行.
SQL: SELECT count(*) as num FROM `comics` WHERE ( `is_del`='0' AND `type`='1' AND `status`='1'  ) LIMIT 1   [ RunTime:0.000327s ]
NOTIC: [8192] preg_replace(): The /e modifier is deprecated, use preg_replace_callback instead /www/web/dt_pxtar_com/public_html/caiji/Lib/Core/Db.class.php 第 605 行.
SQL: SELECT count(*) as num FROM `comics` WHERE ( `is_del`='0' AND `type`='1' AND `status`='2'  ) LIMIT 1   [ RunTime:0.000328s ]

[ 2017-06-26T00:28:48+08:00 ] 221.237.21.221 /index/checkProgress/0.40418536761372503
INFO: [ app_begin ] --START--
INFO: ReadHtmlCache Behavior ::run [ RunTime:0.000249s ]
INFO: [ app_begin ] --END-- [ RunTime:0.000284s ]
NOTIC: 建议使用I方法替代_post
NOTIC: [8192] mysql_connect(): The mysql extension is deprecated and will be removed in the future: use mysqli or PDO instead /www/web/dt_pxtar_com/public_html/caiji/Lib/Driver/Db/DbMysql.class.php 第 55 行.
SQL: SHOW COLUMNS FROM `comics` [ RunTime:0.000625s ]
NOTIC: [8192] preg_replace(): The /e modifier is deprecated, use preg_replace_callback instead /www/web/dt_pxtar_com/public_html/caiji/Lib/Core/Db.class.php 第 605 行.
SQL: SELECT count(*) as num FROM `comics` WHERE ( `is_del`='0' AND `type`='1' AND `status`='0'  ) LIMIT 1   [ RunTime:0.000357s ]
NOTIC: [8192] preg_replace(): The /e modifier is deprecated, use preg_replace_callback instead /www/web/dt_pxtar_com/public_html/caiji/Lib/Core/Db.class.php 第 605 行.
SQL: SELECT count(*) as num FROM `comics` WHERE ( `is_del`='0' AND `type`='1' AND `status`='1'  ) LIMIT 1   [ RunTime:0.000318s ]
NOTIC: [8192] preg_replace(): The /e modifier is deprecated, use preg_replace_callback instead /www/web/dt_pxtar_com/public_html/caiji/Lib/Core/Db.class.php 第 605 行.
SQL: SELECT count(*) as num FROM `comics` WHERE ( `is_del`='0' AND `type`='1' AND `status`='2'  ) LIMIT 1   [ RunTime:0.000300s ]

[ 2017-06-26T00:28:50+08:00 ] 221.237.21.221 /index/checkProgress/0.8415948876275434
INFO: [ app_begin ] --START--
INFO: ReadHtmlCache Behavior ::run [ RunTime:0.000256s ]
INFO: [ app_begin ] --END-- [ RunTime:0.000292s ]
NOTIC: 建议使用I方法替代_post
NOTIC: [8192] mysql_connect(): The mysql extension is deprecated and will be removed in the future: use mysqli or PDO instead /www/web/dt_pxtar_com/public_html/caiji/Lib/Driver/Db/DbMysql.class.php 第 55 行.
SQL: SHOW COLUMNS FROM `comics` [ RunTime:0.000616s ]
NOTIC: [8192] preg_replace(): The /e modifier is deprecated, use preg_replace_callback instead /www/web/dt_pxtar_com/public_html/caiji/Lib/Core/Db.class.php 第 605 行.
SQL: SELECT count(*) as num FROM `comics` WHERE ( `is_del`='0' AND `type`='1' AND `status`='0'  ) LIMIT 1   [ RunTime:0.000315s ]
NOTIC: [8192] preg_replace(): The /e modifier is deprecated, use preg_replace_callback instead /www/web/dt_pxtar_com/public_html/caiji/Lib/Core/Db.class.php 第 605 行.
SQL: SELECT count(*) as num FROM `comics` WHERE ( `is_del`='0' AND `type`='1' AND `status`='1'  ) LIMIT 1   [ RunTime:0.000298s ]
NOTIC: [8192] preg_replace(): The /e modifier is deprecated, use preg_replace_callback instead /www/web/dt_pxtar_com/public_html/caiji/Lib/Core/Db.class.php 第 605 行.
SQL: SELECT count(*) as num FROM `comics` WHERE ( `is_del`='0' AND `type`='1' AND `status`='2'  ) LIMIT 1   [ RunTime:0.000299s ]

[ 2017-06-26T00:28:52+08:00 ] 221.237.21.221 /index/checkProgress/0.1470166076748829
INFO: [ app_begin ] --START--
INFO: ReadHtmlCache Behavior ::run [ RunTime:0.000269s ]
INFO: [ app_begin ] --END-- [ RunTime:0.000305s ]
NOTIC: 建议使用I方法替代_post
NOTIC: [8192] mysql_connect(): The mysql extension is deprecated and will be removed in the future: use mysqli or PDO instead /www/web/dt_pxtar_com/public_html/caiji/Lib/Driver/Db/DbMysql.class.php 第 55 行.
SQL: SHOW COLUMNS FROM `comics` [ RunTime:0.000725s ]
NOTIC: [8192] preg_replace(): The /e modifier is deprecated, use preg_replace_callback instead /www/web/dt_pxtar_com/public_html/caiji/Lib/Core/Db.class.php 第 605 行.
SQL: SELECT count(*) as num FROM `comics` WHERE ( `is_del`='0' AND `type`='1' AND `status`='0'  ) LIMIT 1   [ RunTime:0.000436s ]
NOTIC: [8192] preg_replace(): The /e modifier is deprecated, use preg_replace_callback instead /www/web/dt_pxtar_com/public_html/caiji/Lib/Core/Db.class.php 第 605 行.
SQL: SELECT count(*) as num FROM `comics` WHERE ( `is_del`='0' AND `type`='1' AND `status`='1'  ) LIMIT 1   [ RunTime:0.000423s ]
NOTIC: [8192] preg_replace(): The /e modifier is deprecated, use preg_replace_callback instead /www/web/dt_pxtar_com/public_html/caiji/Lib/Core/Db.class.php 第 605 行.
SQL: SELECT count(*) as num FROM `comics` WHERE ( `is_del`='0' AND `type`='1' AND `status`='2'  ) LIMIT 1   [ RunTime:0.000349s ]

[ 2017-06-26T00:28:54+08:00 ] 221.237.21.221 /index/checkProgress/0.23491308770096242
INFO: [ app_begin ] --START--
INFO: ReadHtmlCache Behavior ::run [ RunTime:0.000415s ]
INFO: [ app_begin ] --END-- [ RunTime:0.000484s ]
NOTIC: 建议使用I方法替代_post
NOTIC: [8192] mysql_connect(): The mysql extension is deprecated and will be removed in the future: use mysqli or PDO instead /www/web/dt_pxtar_com/public_html/caiji/Lib/Driver/Db/DbMysql.class.php 第 55 行.
SQL: SHOW COLUMNS FROM `comics` [ RunTime:0.000670s ]
NOTIC: [8192] preg_replace(): The /e modifier is deprecated, use preg_replace_callback instead /www/web/dt_pxtar_com/public_html/caiji/Lib/Core/Db.class.php 第 605 行.
SQL: SELECT count(*) as num FROM `comics` WHERE ( `is_del`='0' AND `type`='1' AND `status`='0'  ) LIMIT 1   [ RunTime:0.000744s ]
NOTIC: [8192] preg_replace(): The /e modifier is deprecated, use preg_replace_callback instead /www/web/dt_pxtar_com/public_html/caiji/Lib/Core/Db.class.php 第 605 行.
SQL: SELECT count(*) as num FROM `comics` WHERE ( `is_del`='0' AND `type`='1' AND `status`='1'  ) LIMIT 1   [ RunTime:0.000321s ]
NOTIC: [8192] preg_replace(): The /e modifier is deprecated, use preg_replace_callback instead /www/web/dt_pxtar_com/public_html/caiji/Lib/Core/Db.class.php 第 605 行.
SQL: SELECT count(*) as num FROM `comics` WHERE ( `is_del`='0' AND `type`='1' AND `status`='2'  ) LIMIT 1   [ RunTime:0.000300s ]

[ 2017-06-26T00:28:56+08:00 ] 221.237.21.221 /index/checkProgress/0.8615204969106345
INFO: [ app_begin ] --START--
INFO: ReadHtmlCache Behavior ::run [ RunTime:0.000283s ]
INFO: [ app_begin ] --END-- [ RunTime:0.000321s ]
NOTIC: 建议使用I方法替代_post
NOTIC: [8192] mysql_connect(): The mysql extension is deprecated and will be removed in the future: use mysqli or PDO instead /www/web/dt_pxtar_com/public_html/caiji/Lib/Driver/Db/DbMysql.class.php 第 55 行.
SQL: SHOW COLUMNS FROM `comics` [ RunTime:0.000675s ]
NOTIC: [8192] preg_replace(): The /e modifier is deprecated, use preg_replace_callback instead /www/web/dt_pxtar_com/public_html/caiji/Lib/Core/Db.class.php 第 605 行.
SQL: SELECT count(*) as num FROM `comics` WHERE ( `is_del`='0' AND `type`='1' AND `status`='0'  ) LIMIT 1   [ RunTime:0.000378s ]
NOTIC: [8192] preg_replace(): The /e modifier is deprecated, use preg_replace_callback instead /www/web/dt_pxtar_com/public_html/caiji/Lib/Core/Db.class.php 第 605 行.
SQL: SELECT count(*) as num FROM `comics` WHERE ( `is_del`='0' AND `type`='1' AND `status`='1'  ) LIMIT 1   [ RunTime:0.000330s ]
NOTIC: [8192] preg_replace(): The /e modifier is deprecated, use preg_replace_callback instead /www/web/dt_pxtar_com/public_html/caiji/Lib/Core/Db.class.php 第 605 行.
SQL: SELECT count(*) as num FROM `comics` WHERE ( `is_del`='0' AND `type`='1' AND `status`='2'  ) LIMIT 1   [ RunTime:0.000353s ]

[ 2017-06-26T00:28:56+08:00 ] 221.237.21.221 /index/caijiqq
INFO: [ app_begin ] --START--
INFO: ReadHtmlCache Behavior ::run [ RunTime:0.000247s ]
INFO: [ app_begin ] --END-- [ RunTime:0.000282s ]
NOTIC: [8192] mysql_connect(): The mysql extension is deprecated and will be removed in the future: use mysqli or PDO instead /www/web/dt_pxtar_com/public_html/caiji/Lib/Driver/Db/DbMysql.class.php 第 55 行.
SQL: SHOW COLUMNS FROM `comics` [ RunTime:0.000680s ]
NOTIC: [8192] preg_replace(): The /e modifier is deprecated, use preg_replace_callback instead /www/web/dt_pxtar_com/public_html/caiji/Lib/Core/Db.class.php 第 605 行.
SQL: SELECT * FROM `comics` WHERE ( `is_del`='0' AND `type`='1'  ) ORDER BY `id` DESC  [ RunTime:0.000430s ]
SQL: UPDATE `comics` SET `status`=0 WHERE ( `is_del`='0' AND `type`='1'  ) [ RunTime:0.000562s ]
SQL: SHOW COLUMNS FROM `caiji_record` [ RunTime:0.000747s ]
NOTIC: [8192] preg_replace(): The /e modifier is deprecated, use preg_replace_callback instead /www/web/dt_pxtar_com/public_html/caiji/Lib/Core/Db.class.php 第 605 行.
SQL: SELECT * FROM `caiji_record` WHERE ( `comic_id` = 65 ) AND ( `caiji_date` = '2017-06-26' ) LIMIT 1   [ RunTime:0.000467s ]
SQL: INSERT INTO `caiji_record` (`comic_id`,`result`,`caiji_date`,`c_type`) VALUES (65,'{\"date\":\"2017-06-26\",\"time\":\"00:28:44\",\"name\":\"\\u672a\\u6210\\u5e74\",\"attension\":\"97989\",\"popularity\":\"4899.7\\u4e07\",\"monthTicketTotal\":\"416\",\"topic\":\"1994\"}','2017-06-26',1) [ RunTime:0.000505s ]
SQL: UPDATE `comics` SET `status`=1 WHERE ( `id` = 65 ) [ RunTime:0.000405s ]
NOTIC: [8192] preg_replace(): The /e modifier is deprecated, use preg_replace_callback instead /www/web/dt_pxtar_com/public_html/caiji/Lib/Core/Db.class.php 第 605 行.
SQL: SELECT * FROM `caiji_record` WHERE ( `comic_id` = 64 ) AND ( `caiji_date` = '2017-06-26' ) LIMIT 1   [ RunTime:0.000562s ]
SQL: INSERT INTO `caiji_record` (`comic_id`,`result`,`caiji_date`,`c_type`) VALUES (64,'{\"date\":\"2017-06-26\",\"time\":\"00:28:44\",\"name\":\"\\u9a97\\u5c40\",\"attension\":\"469105\",\"popularity\":\"11.2\\u4ebf\",\"monthTicketTotal\":\"339\",\"topic\":\"14585\"}','2017-06-26',1) [ RunTime:0.000542s ]
SQL: UPDATE `comics` SET `status`=1 WHERE ( `id` = 64 ) [ RunTime:0.008430s ]
NOTIC: [8192] preg_replace(): The /e modifier is deprecated, use preg_replace_callback instead /www/web/dt_pxtar_com/public_html/caiji/Lib/Core/Db.class.php 第 605 行.
SQL: SELECT * FROM `caiji_record` WHERE ( `comic_id` = 63 ) AND ( `caiji_date` = '2017-06-26' ) LIMIT 1   [ RunTime:0.000568s ]
SQL: INSERT INTO `caiji_record` (`comic_id`,`result`,`caiji_date`,`c_type`) VALUES (63,'{\"date\":\"2017-06-26\",\"time\":\"00:28:44\",\"name\":\"\\u4e1e\\u76f8\",\"attension\":\"441671\",\"popularity\":\"5.5\\u4ebf\",\"monthTicketTotal\":\"522\",\"topic\":\"13780\"}','2017-06-26',1) [ RunTime:0.000475s ]
SQL: UPDATE `comics` SET `status`=1 WHERE ( `id` = 63 ) [ RunTime:0.000434s ]
NOTIC: [8192] preg_replace(): The /e modifier is deprecated, use preg_replace_callback instead /www/web/dt_pxtar_com/public_html/caiji/Lib/Core/Db.class.php 第 605 行.
SQL: SELECT * FROM `caiji_record` WHERE ( `comic_id` = 62 ) AND ( `caiji_date` = '2017-06-26' ) LIMIT 1   [ RunTime:0.000512s ]
SQL: INSERT INTO `caiji_record` (`comic_id`,`result`,`caiji_date`,`c_type`) VALUES (62,'{\"date\":\"2017-06-26\",\"time\":\"00:28:44\",\"name\":\"\\u5973\\u738b\\u5927\\u4eba\",\"attension\":\"528386\",\"popularity\":\"8.9\\u4ebf\",\"monthTicketTotal\":\"113\",\"topic\":\"14660\"}','2017-06-26',1) [ RunTime:0.000492s ]
SQL: UPDATE `comics` SET `status`=1 WHERE ( `id` = 62 ) [ RunTime:0.000406s ]
NOTIC: [8192] preg_replace(): The /e modifier is deprecated, use preg_replace_callback instead /www/web/dt_pxtar_com/public_html/caiji/Lib/Core/Db.class.php 第 605 行.
SQL: SELECT * FROM `caiji_record` WHERE ( `comic_id` = 61 ) AND ( `caiji_date` = '2017-06-26' ) LIMIT 1   [ RunTime:0.000556s ]
SQL: INSERT INTO `caiji_record` (`comic_id`,`result`,`caiji_date`,`c_type`) VALUES (61,'{\"date\":\"2017-06-26\",\"time\":\"00:28:44\",\"name\":\"\\u9b54\\u738b\\u604b\\u7231\",\"attension\":\"552635\",\"popularity\":\"11.1\\u4ebf\",\"monthTicketTotal\":\"558\",\"topic\":\"26632\"}','2017-06-26',1) [ RunTime:0.000704s ]
SQL: UPDATE `comics` SET `status`=1 WHERE ( `id` = 61 ) [ RunTime:0.000461s ]
NOTIC: [8192] preg_replace(): The /e modifier is deprecated, use preg_replace_callback instead /www/web/dt_pxtar_com/public_html/caiji/Lib/Core/Db.class.php 第 605 行.
SQL: SELECT * FROM `caiji_record` WHERE ( `comic_id` = 60 ) AND ( `caiji_date` = '2017-06-26' ) LIMIT 1   [ RunTime:0.000559s ]
SQL: INSERT INTO `caiji_record` (`comic_id`,`result`,`caiji_date`,`c_type`) VALUES (60,'{\"date\":\"2017-06-26\",\"time\":\"00:28:44\",\"name\":\"\\u732b\\u5996\",\"attension\":\"1324081\",\"popularity\":\"27.6\\u4ebf\",\"monthTicketTotal\":\"3415\",\"topic\":\"77926\"}','2017-06-26',1) [ RunTime:0.000545s ]
SQL: UPDATE `comics` SET `status`=1 WHERE ( `id` = 60 ) [ RunTime:0.000426s ]
NOTIC: [8192] preg_replace(): The /e modifier is deprecated, use preg_replace_callback instead /www/web/dt_pxtar_com/public_html/caiji/Lib/Core/Db.class.php 第 605 行.
SQL: SELECT * FROM `caiji_record` WHERE ( `comic_id` = 59 ) AND ( `caiji_date` = '2017-06-26' ) LIMIT 1   [ RunTime:0.000639s ]
SQL: INSERT INTO `caiji_record` (`comic_id`,`result`,`caiji_date`,`c_type`) VALUES (59,'{\"date\":\"2017-06-26\",\"time\":\"00:28:44\",\"name\":\"\\u4e11\\u516b\\u602a\",\"attension\":\"54530\",\"popularity\":\"1.1\\u4ebf\",\"monthTicketTotal\":\"30\",\"topic\":\"2108\"}','2017-06-26',1) [ RunTime:0.000468s ]
SQL: UPDATE `comics` SET `status`=1 WHERE ( `id` = 59 ) [ RunTime:0.000429s ]
NOTIC: [8192] preg_replace(): The /e modifier is deprecated, use preg_replace_callback instead /www/web/dt_pxtar_com/public_html/caiji/Lib/Core/Db.class.php 第 605 行.
SQL: SELECT * FROM `caiji_record` WHERE ( `comic_id` = 58 ) AND ( `caiji_date` = '2017-06-26' ) LIMIT 1   [ RunTime:0.000591s ]
SQL: INSERT INTO `caiji_record` (`comic_id`,`result`,`caiji_date`,`c_type`) VALUES (58,'{\"date\":\"2017-06-26\",\"time\":\"00:28:44\",\"name\":\"\\u91cd\\u751f\",\"attension\":\"694381\",\"popularity\":\"16.7\\u4ebf\",\"monthTicketTotal\":\"737\",\"topic\":\"13406\"}','2017-06-26',1) [ RunTime:0.000481s ]
SQL: UPDATE `comics` SET `status`=1 WHERE ( `id` = 58 ) [ RunTime:0.000436s ]
NOTIC: [8192] preg_replace(): The /e modifier is deprecated, use preg_replace_callback instead /www/web/dt_pxtar_com/public_html/caiji/Lib/Core/Db.class.php 第 605 行.
SQL: SELECT * FROM `caiji_record` WHERE ( `comic_id` = 57 ) AND ( `caiji_date` = '2017-06-26' ) LIMIT 1   [ RunTime:0.000590s ]
SQL: INSERT INTO `caiji_record` (`comic_id`,`result`,`caiji_date`,`c_type`) VALUES (57,'{\"date\":\"2017-06-26\",\"time\":\"00:28:44\",\"name\":\"\\u957f\\u751f\\u6bbf\",\"attension\":\"293379\",\"popularity\":\"3.7\\u4ebf\",\"monthTicketTotal\":\"284\",\"topic\":\"7364\"}','2017-06-26',1) [ RunTime:0.000537s ]
SQL: UPDATE `comics` SET `status`=1 WHERE ( `id` = 57 ) [ RunTime:0.000424s ]
NOTIC: [8192] preg_replace(): The /e modifier is deprecated, use preg_replace_callback instead /www/web/dt_pxtar_com/public_html/caiji/Lib/Core/Db.class.php 第 605 行.
SQL: SELECT * FROM `caiji_record` WHERE ( `comic_id` = 56 ) AND ( `caiji_date` = '2017-06-26' ) LIMIT 1   [ RunTime:0.000661s ]
SQL: INSERT INTO `caiji_record` (`comic_id`,`result`,`caiji_date`,`c_type`) VALUES (56,'{\"date\":\"2017-06-26\",\"time\":\"00:28:44\",\"name\":\"\\u5fc3\\u6cb3\",\"attension\":\"73680\",\"popularity\":\"1.6\\u4ebf\",\"monthTicketTotal\":\"45\",\"topic\":\"1885\"}','2017-06-26',1) [ RunTime:0.000509s ]
SQL: UPDATE `comics` SET `status`=1 WHERE ( `id` = 56 ) [ RunTime:0.000448s ]
NOTIC: [8192] preg_replace(): The /e modifier is deprecated, use preg_replace_callback instead /www/web/dt_pxtar_com/public_html/caiji/Lib/Core/Db.class.php 第 605 行.
SQL: SELECT * FROM `caiji_record` WHERE ( `comic_id` = 55 ) AND ( `caiji_date` = '2017-06-26' ) LIMIT 1   [ RunTime:0.000600s ]
SQL: INSERT INTO `caiji_record` (`comic_id`,`result`,`caiji_date`,`c_type`) VALUES (55,'{\"date\":\"2017-06-26\",\"time\":\"00:28:44\",\"name\":\"\\u96e8\\u5f52\",\"attension\":\"98564\",\"popularity\":\"1.4\\u4ebf\",\"monthTicketTotal\":\"57\",\"topic\":\"2998\"}','2017-06-26',1) [ RunTime:0.000625s ]
SQL: UPDATE `comics` SET `status`=1 WHERE ( `id` = 55 ) [ RunTime:0.000438s ]
NOTIC: [2] unlink(/www/web/dt_pxtar_com/public_html/caiji/Ads/ck.txt): No such file or directory /www/web/dt_pxtar_com/public_html/caiji/Ads/Lib/Model/CaijiModel.class.php 第 111 行.

[ 2017-06-26T00:28:58+08:00 ] 221.237.21.221 /index/checkProgress/0.6839391196802123
INFO: [ app_begin ] --START--
INFO: ReadHtmlCache Behavior ::run [ RunTime:0.000334s ]
INFO: [ app_begin ] --END-- [ RunTime:0.000381s ]
NOTIC: 建议使用I方法替代_post
NOTIC: [8192] mysql_connect(): The mysql extension is deprecated and will be removed in the future: use mysqli or PDO instead /www/web/dt_pxtar_com/public_html/caiji/Lib/Driver/Db/DbMysql.class.php 第 55 行.
SQL: SHOW COLUMNS FROM `comics` [ RunTime:0.000751s ]
NOTIC: [8192] preg_replace(): The /e modifier is deprecated, use preg_replace_callback instead /www/web/dt_pxtar_com/public_html/caiji/Lib/Core/Db.class.php 第 605 行.
SQL: SELECT count(*) as num FROM `comics` WHERE ( `is_del`='0' AND `type`='1' AND `status`='0'  ) LIMIT 1   [ RunTime:0.000354s ]
NOTIC: [8192] preg_replace(): The /e modifier is deprecated, use preg_replace_callback instead /www/web/dt_pxtar_com/public_html/caiji/Lib/Core/Db.class.php 第 605 行.
SQL: SELECT count(*) as num FROM `comics` WHERE ( `is_del`='0' AND `type`='1' AND `status`='1'  ) LIMIT 1   [ RunTime:0.000318s ]
NOTIC: [8192] preg_replace(): The /e modifier is deprecated, use preg_replace_callback instead /www/web/dt_pxtar_com/public_html/caiji/Lib/Core/Db.class.php 第 605 行.
SQL: SELECT count(*) as num FROM `comics` WHERE ( `is_del`='0' AND `type`='1' AND `status`='2'  ) LIMIT 1   [ RunTime:0.000329s ]

[ 2017-06-26T00:50:41+08:00 ] 221.237.21.221 /index/export
NOTIC: 建议使用I方法替代_post
NOTIC: 建议使用I方法替代_post
NOTIC: 建议使用I方法替代_post
NOTIC: 建议使用I方法替代_post
NOTIC: 建议使用I方法替代_post
NOTIC: 建议使用I方法替代_post
NOTIC: 建议使用I方法替代_post
NOTIC: 建议使用I方法替代_post

[ 2017-06-26T00:51:30+08:00 ] 221.237.21.221 /index/caijibukaimg
INFO: [ app_begin ] --START--
INFO: ReadHtmlCache Behavior ::run [ RunTime:0.000246s ]
INFO: [ app_begin ] --END-- [ RunTime:0.000279s ]

[ 2017-06-26T00:51:38+08:00 ] 221.237.21.221 /index/checkProgress/0.533137415218222
INFO: [ app_begin ] --START--
INFO: ReadHtmlCache Behavior ::run [ RunTime:0.000329s ]
INFO: [ app_begin ] --END-- [ RunTime:0.000372s ]
NOTIC: 建议使用I方法替代_post
NOTIC: [8192] mysql_connect(): The mysql extension is deprecated and will be removed in the future: use mysqli or PDO instead /www/web/dt_pxtar_com/public_html/caiji/Lib/Driver/Db/DbMysql.class.php 第 55 行.
SQL: SHOW COLUMNS FROM `comics` [ RunTime:0.000658s ]
NOTIC: [8192] preg_replace(): The /e modifier is deprecated, use preg_replace_callback instead /www/web/dt_pxtar_com/public_html/caiji/Lib/Core/Db.class.php 第 605 行.
SQL: SELECT count(*) as num FROM `comics` WHERE ( `is_del`='0' AND `type`='3' AND `status`='0'  ) LIMIT 1   [ RunTime:0.000402s ]
NOTIC: [8192] preg_replace(): The /e modifier is deprecated, use preg_replace_callback instead /www/web/dt_pxtar_com/public_html/caiji/Lib/Core/Db.class.php 第 605 行.
SQL: SELECT count(*) as num FROM `comics` WHERE ( `is_del`='0' AND `type`='3' AND `status`='1'  ) LIMIT 1   [ RunTime:0.000341s ]
NOTIC: [8192] preg_replace(): The /e modifier is deprecated, use preg_replace_callback instead /www/web/dt_pxtar_com/public_html/caiji/Lib/Core/Db.class.php 第 605 行.
SQL: SELECT count(*) as num FROM `comics` WHERE ( `is_del`='0' AND `type`='3' AND `status`='2'  ) LIMIT 1   [ RunTime:0.000335s ]

[ 2017-06-26T00:51:40+08:00 ] 221.237.21.221 /index/checkProgress/0.7641784299825252
INFO: [ app_begin ] --START--
INFO: ReadHtmlCache Behavior ::run [ RunTime:0.000298s ]
INFO: [ app_begin ] --END-- [ RunTime:0.000334s ]
NOTIC: 建议使用I方法替代_post
NOTIC: [8192] mysql_connect(): The mysql extension is deprecated and will be removed in the future: use mysqli or PDO instead /www/web/dt_pxtar_com/public_html/caiji/Lib/Driver/Db/DbMysql.class.php 第 55 行.
SQL: SHOW COLUMNS FROM `comics` [ RunTime:0.000634s ]
NOTIC: [8192] preg_replace(): The /e modifier is deprecated, use preg_replace_callback instead /www/web/dt_pxtar_com/public_html/caiji/Lib/Core/Db.class.php 第 605 行.
SQL: SELECT count(*) as num FROM `comics` WHERE ( `is_del`='0' AND `type`='3' AND `status`='0'  ) LIMIT 1   [ RunTime:0.000350s ]
NOTIC: [8192] preg_replace(): The /e modifier is deprecated, use preg_replace_callback instead /www/web/dt_pxtar_com/public_html/caiji/Lib/Core/Db.class.php 第 605 行.
SQL: SELECT count(*) as num FROM `comics` WHERE ( `is_del`='0' AND `type`='3' AND `status`='1'  ) LIMIT 1   [ RunTime:0.000328s ]
NOTIC: [8192] preg_replace(): The /e modifier is deprecated, use preg_replace_callback instead /www/web/dt_pxtar_com/public_html/caiji/Lib/Core/Db.class.php 第 605 行.
SQL: SELECT count(*) as num FROM `comics` WHERE ( `is_del`='0' AND `type`='3' AND `status`='2'  ) LIMIT 1   [ RunTime:0.000349s ]

[ 2017-06-26T00:51:42+08:00 ] 221.237.21.221 /index/checkProgress/0.33189201169301774
INFO: [ app_begin ] --START--
INFO: ReadHtmlCache Behavior ::run [ RunTime:0.000250s ]
INFO: [ app_begin ] --END-- [ RunTime:0.000285s ]
NOTIC: 建议使用I方法替代_post
NOTIC: [8192] mysql_connect(): The mysql extension is deprecated and will be removed in the future: use mysqli or PDO instead /www/web/dt_pxtar_com/public_html/caiji/Lib/Driver/Db/DbMysql.class.php 第 55 行.
SQL: SHOW COLUMNS FROM `comics` [ RunTime:0.000638s ]
NOTIC: [8192] preg_replace(): The /e modifier is deprecated, use preg_replace_callback instead /www/web/dt_pxtar_com/public_html/caiji/Lib/Core/Db.class.php 第 605 行.
SQL: SELECT count(*) as num FROM `comics` WHERE ( `is_del`='0' AND `type`='3' AND `status`='0'  ) LIMIT 1   [ RunTime:0.000329s ]
NOTIC: [8192] preg_replace(): The /e modifier is deprecated, use preg_replace_callback instead /www/web/dt_pxtar_com/public_html/caiji/Lib/Core/Db.class.php 第 605 行.
SQL: SELECT count(*) as num FROM `comics` WHERE ( `is_del`='0' AND `type`='3' AND `status`='1'  ) LIMIT 1   [ RunTime:0.000294s ]
NOTIC: [8192] preg_replace(): The /e modifier is deprecated, use preg_replace_callback instead /www/web/dt_pxtar_com/public_html/caiji/Lib/Core/Db.class.php 第 605 行.
SQL: SELECT count(*) as num FROM `comics` WHERE ( `is_del`='0' AND `type`='3' AND `status`='2'  ) LIMIT 1   [ RunTime:0.000317s ]

[ 2017-06-26T00:51:44+08:00 ] 221.237.21.221 /index/checkProgress/0.785224701886232
INFO: [ app_begin ] --START--
INFO: ReadHtmlCache Behavior ::run [ RunTime:0.000247s ]
INFO: [ app_begin ] --END-- [ RunTime:0.000280s ]
NOTIC: 建议使用I方法替代_post
NOTIC: [8192] mysql_connect(): The mysql extension is deprecated and will be removed in the future: use mysqli or PDO instead /www/web/dt_pxtar_com/public_html/caiji/Lib/Driver/Db/DbMysql.class.php 第 55 行.
SQL: SHOW COLUMNS FROM `comics` [ RunTime:0.000668s ]
NOTIC: [8192] preg_replace(): The /e modifier is deprecated, use preg_replace_callback instead /www/web/dt_pxtar_com/public_html/caiji/Lib/Core/Db.class.php 第 605 行.
SQL: SELECT count(*) as num FROM `comics` WHERE ( `is_del`='0' AND `type`='3' AND `status`='0'  ) LIMIT 1   [ RunTime:0.000418s ]
NOTIC: [8192] preg_replace(): The /e modifier is deprecated, use preg_replace_callback instead /www/web/dt_pxtar_com/public_html/caiji/Lib/Core/Db.class.php 第 605 行.
SQL: SELECT count(*) as num FROM `comics` WHERE ( `is_del`='0' AND `type`='3' AND `status`='1'  ) LIMIT 1   [ RunTime:0.000318s ]
NOTIC: [8192] preg_replace(): The /e modifier is deprecated, use preg_replace_callback instead /www/web/dt_pxtar_com/public_html/caiji/Lib/Core/Db.class.php 第 605 行.
SQL: SELECT count(*) as num FROM `comics` WHERE ( `is_del`='0' AND `type`='3' AND `status`='2'  ) LIMIT 1   [ RunTime:0.000311s ]

[ 2017-06-26T00:51:46+08:00 ] 221.237.21.221 /index/checkProgress/0.6902289673631989
INFO: [ app_begin ] --START--
INFO: ReadHtmlCache Behavior ::run [ RunTime:0.000306s ]
INFO: [ app_begin ] --END-- [ RunTime:0.000362s ]
NOTIC: 建议使用I方法替代_post
NOTIC: [8192] mysql_connect(): The mysql extension is deprecated and will be removed in the future: use mysqli or PDO instead /www/web/dt_pxtar_com/public_html/caiji/Lib/Driver/Db/DbMysql.class.php 第 55 行.
SQL: SHOW COLUMNS FROM `comics` [ RunTime:0.000751s ]
NOTIC: [8192] preg_replace(): The /e modifier is deprecated, use preg_replace_callback instead /www/web/dt_pxtar_com/public_html/caiji/Lib/Core/Db.class.php 第 605 行.
SQL: SELECT count(*) as num FROM `comics` WHERE ( `is_del`='0' AND `type`='3' AND `status`='0'  ) LIMIT 1   [ RunTime:0.000360s ]
NOTIC: [8192] preg_replace(): The /e modifier is deprecated, use preg_replace_callback instead /www/web/dt_pxtar_com/public_html/caiji/Lib/Core/Db.class.php 第 605 行.
SQL: SELECT count(*) as num FROM `comics` WHERE ( `is_del`='0' AND `type`='3' AND `status`='1'  ) LIMIT 1   [ RunTime:0.000347s ]
NOTIC: [8192] preg_replace(): The /e modifier is deprecated, use preg_replace_callback instead /www/web/dt_pxtar_com/public_html/caiji/Lib/Core/Db.class.php 第 605 行.
SQL: SELECT count(*) as num FROM `comics` WHERE ( `is_del`='0' AND `type`='3' AND `status`='2'  ) LIMIT 1   [ RunTime:0.000285s ]

[ 2017-06-26T00:51:47+08:00 ] 221.237.21.221 /index/caijibuka?0.5495019849382587
INFO: [ app_begin ] --START--
INFO: ReadHtmlCache Behavior ::run [ RunTime:0.000256s ]
INFO: [ app_begin ] --END-- [ RunTime:0.000290s ]
NOTIC: [8192] mysql_connect(): The mysql extension is deprecated and will be removed in the future: use mysqli or PDO instead /www/web/dt_pxtar_com/public_html/caiji/Lib/Driver/Db/DbMysql.class.php 第 55 行.
SQL: SHOW COLUMNS FROM `comics` [ RunTime:0.000738s ]
NOTIC: [8192] preg_replace(): The /e modifier is deprecated, use preg_replace_callback instead /www/web/dt_pxtar_com/public_html/caiji/Lib/Core/Db.class.php 第 605 行.
SQL: SELECT * FROM `comics` WHERE ( `is_del`='0' AND `type`='3'  ) ORDER BY `id` DESC  [ RunTime:0.000426s ]
SQL: UPDATE `comics` SET `status`=0 WHERE ( `is_del`='0' AND `type`='3'  ) [ RunTime:0.000558s ]
NOTIC: 建议使用I方法替代_post
SQL: SHOW COLUMNS FROM `caiji_record` [ RunTime:0.000774s ]
NOTIC: [8192] preg_replace(): The /e modifier is deprecated, use preg_replace_callback instead /www/web/dt_pxtar_com/public_html/caiji/Lib/Core/Db.class.php 第 605 行.
SQL: SELECT * FROM `caiji_record` WHERE ( `comic_id` = 43 ) AND ( `caiji_date` = '2017-06-26' ) LIMIT 1   [ RunTime:0.000441s ]
SQL: INSERT INTO `caiji_record` (`comic_id`,`result`,`caiji_date`,`c_type`) VALUES (43,'{\"date\":\"2017-06-26\",\"time\":\"00:51:37\",\"name\":\"\\u5927\\u9f84\\u5973\",\"attension\":\"23.11\\u4e07\",\"strenghth\":\"2.06\\u4ebf\"}','2017-06-26',3) [ RunTime:0.000520s ]
SQL: UPDATE `comics` SET `status`=1 WHERE ( `id` = 43 ) [ RunTime:0.000387s ]
NOTIC: [8192] preg_replace(): The /e modifier is deprecated, use preg_replace_callback instead /www/web/dt_pxtar_com/public_html/caiji/Lib/Core/Db.class.php 第 605 行.
SQL: SELECT * FROM `caiji_record` WHERE ( `comic_id` = 40 ) AND ( `caiji_date` = '2017-06-26' ) LIMIT 1   [ RunTime:0.000654s ]
SQL: INSERT INTO `caiji_record` (`comic_id`,`result`,`caiji_date`,`c_type`) VALUES (40,'{\"date\":\"2017-06-26\",\"time\":\"00:51:37\",\"name\":\"\\u7956\\u5148\",\"attension\":\"13.88\\u4e07\",\"strenghth\":\"9865.34\\u4e07\"}','2017-06-26',3) [ RunTime:0.000497s ]
SQL: UPDATE `comics` SET `status`=1 WHERE ( `id` = 40 ) [ RunTime:0.000414s ]
NOTIC: [8192] preg_replace(): The /e modifier is deprecated, use preg_replace_callback instead /www/web/dt_pxtar_com/public_html/caiji/Lib/Core/Db.class.php 第 605 行.
SQL: SELECT * FROM `caiji_record` WHERE ( `comic_id` = 39 ) AND ( `caiji_date` = '2017-06-26' ) LIMIT 1   [ RunTime:0.000491s ]
SQL: INSERT INTO `caiji_record` (`comic_id`,`result`,`caiji_date`,`c_type`) VALUES (39,'{\"date\":\"2017-06-26\",\"time\":\"00:51:37\",\"name\":\"\\u5e73\\u86cb\",\"attension\":\"35.72\\u4e07\",\"strenghth\":\"3.9\\u4ebf\"}','2017-06-26',3) [ RunTime:0.000470s ]
SQL: UPDATE `comics` SET `status`=1 WHERE ( `id` = 39 ) [ RunTime:0.000411s ]

[ 2017-06-26T00:51:48+08:00 ] 221.237.21.221 /index/checkProgress/0.5810255327687417
INFO: [ app_begin ] --START--
INFO: ReadHtmlCache Behavior ::run [ RunTime:0.000266s ]
INFO: [ app_begin ] --END-- [ RunTime:0.000308s ]
NOTIC: 建议使用I方法替代_post
NOTIC: [8192] mysql_connect(): The mysql extension is deprecated and will be removed in the future: use mysqli or PDO instead /www/web/dt_pxtar_com/public_html/caiji/Lib/Driver/Db/DbMysql.class.php 第 55 行.
SQL: SHOW COLUMNS FROM `comics` [ RunTime:0.000712s ]
NOTIC: [8192] preg_replace(): The /e modifier is deprecated, use preg_replace_callback instead /www/web/dt_pxtar_com/public_html/caiji/Lib/Core/Db.class.php 第 605 行.
SQL: SELECT count(*) as num FROM `comics` WHERE ( `is_del`='0' AND `type`='3' AND `status`='0'  ) LIMIT 1   [ RunTime:0.000745s ]
NOTIC: [8192] preg_replace(): The /e modifier is deprecated, use preg_replace_callback instead /www/web/dt_pxtar_com/public_html/caiji/Lib/Core/Db.class.php 第 605 行.
SQL: SELECT count(*) as num FROM `comics` WHERE ( `is_del`='0' AND `type`='3' AND `status`='1'  ) LIMIT 1   [ RunTime:0.000335s ]
NOTIC: [8192] preg_replace(): The /e modifier is deprecated, use preg_replace_callback instead /www/web/dt_pxtar_com/public_html/caiji/Lib/Core/Db.class.php 第 605 行.
SQL: SELECT count(*) as num FROM `comics` WHERE ( `is_del`='0' AND `type`='3' AND `status`='2'  ) LIMIT 1   [ RunTime:0.000394s ]

[ 2017-06-26T00:51:57+08:00 ] 221.237.21.221 /index/export
NOTIC: 建议使用I方法替代_post
NOTIC: 建议使用I方法替代_post
NOTIC: 建议使用I方法替代_post
NOTIC: 建议使用I方法替代_post
NOTIC: 建议使用I方法替代_post
NOTIC: 建议使用I方法替代_post
NOTIC: 建议使用I方法替代_post
NOTIC: 建议使用I方法替代_post

[ 2017-06-26T16:43:57+08:00 ] 171.212.221.204 /index/login
NOTIC: 建议使用I方法替代_post
NOTIC: 建议使用I方法替代_post

[ 2017-06-26T16:47:18+08:00 ] 171.212.221.204 /index/checkProgress/0.5606501288066701
INFO: [ app_begin ] --START--
INFO: ReadHtmlCache Behavior ::run [ RunTime:0.000250s ]
INFO: [ app_begin ] --END-- [ RunTime:0.000285s ]
NOTIC: 建议使用I方法替代_post
NOTIC: [8192] mysql_connect(): The mysql extension is deprecated and will be removed in the future: use mysqli or PDO instead /www/web/dt_pxtar_com/public_html/caiji/Lib/Driver/Db/DbMysql.class.php 第 55 行.
SQL: SHOW COLUMNS FROM `comics` [ RunTime:0.000701s ]
NOTIC: [8192] preg_replace(): The /e modifier is deprecated, use preg_replace_callback instead /www/web/dt_pxtar_com/public_html/caiji/Lib/Core/Db.class.php 第 605 行.
SQL: SELECT count(*) as num FROM `comics` WHERE ( `is_del`='0' AND `type`='1' AND `status`='0'  ) LIMIT 1   [ RunTime:0.000323s ]
NOTIC: [8192] preg_replace(): The /e modifier is deprecated, use preg_replace_callback instead /www/web/dt_pxtar_com/public_html/caiji/Lib/Core/Db.class.php 第 605 行.
SQL: SELECT count(*) as num FROM `comics` WHERE ( `is_del`='0' AND `type`='1' AND `status`='1'  ) LIMIT 1   [ RunTime:0.000297s ]
NOTIC: [8192] preg_replace(): The /e modifier is deprecated, use preg_replace_callback instead /www/web/dt_pxtar_com/public_html/caiji/Lib/Core/Db.class.php 第 605 行.
SQL: SELECT count(*) as num FROM `comics` WHERE ( `is_del`='0' AND `type`='1' AND `status`='2'  ) LIMIT 1   [ RunTime:0.000301s ]

[ 2017-06-26T16:47:20+08:00 ] 171.212.221.204 /index/checkProgress/0.969785153066284
INFO: [ app_begin ] --START--
INFO: ReadHtmlCache Behavior ::run [ RunTime:0.000357s ]
INFO: [ app_begin ] --END-- [ RunTime:0.000403s ]
NOTIC: 建议使用I方法替代_post
NOTIC: [8192] mysql_connect(): The mysql extension is deprecated and will be removed in the future: use mysqli or PDO instead /www/web/dt_pxtar_com/public_html/caiji/Lib/Driver/Db/DbMysql.class.php 第 55 行.
SQL: SHOW COLUMNS FROM `comics` [ RunTime:0.000749s ]
NOTIC: [8192] preg_replace(): The /e modifier is deprecated, use preg_replace_callback instead /www/web/dt_pxtar_com/public_html/caiji/Lib/Core/Db.class.php 第 605 行.
SQL: SELECT count(*) as num FROM `comics` WHERE ( `is_del`='0' AND `type`='1' AND `status`='0'  ) LIMIT 1   [ RunTime:0.000370s ]
NOTIC: [8192] preg_replace(): The /e modifier is deprecated, use preg_replace_callback instead /www/web/dt_pxtar_com/public_html/caiji/Lib/Core/Db.class.php 第 605 行.
SQL: SELECT count(*) as num FROM `comics` WHERE ( `is_del`='0' AND `type`='1' AND `status`='1'  ) LIMIT 1   [ RunTime:0.000317s ]
NOTIC: [8192] preg_replace(): The /e modifier is deprecated, use preg_replace_callback instead /www/web/dt_pxtar_com/public_html/caiji/Lib/Core/Db.class.php 第 605 行.
SQL: SELECT count(*) as num FROM `comics` WHERE ( `is_del`='0' AND `type`='1' AND `status`='2'  ) LIMIT 1   [ RunTime:0.000321s ]

[ 2017-06-26T16:47:22+08:00 ] 171.212.221.204 /index/checkProgress/0.6540221887419655
INFO: [ app_begin ] --START--
INFO: ReadHtmlCache Behavior ::run [ RunTime:0.000277s ]
INFO: [ app_begin ] --END-- [ RunTime:0.000322s ]
NOTIC: 建议使用I方法替代_post
NOTIC: [8192] mysql_connect(): The mysql extension is deprecated and will be removed in the future: use mysqli or PDO instead /www/web/dt_pxtar_com/public_html/caiji/Lib/Driver/Db/DbMysql.class.php 第 55 行.
SQL: SHOW COLUMNS FROM `comics` [ RunTime:0.000659s ]
NOTIC: [8192] preg_replace(): The /e modifier is deprecated, use preg_replace_callback instead /www/web/dt_pxtar_com/public_html/caiji/Lib/Core/Db.class.php 第 605 行.
SQL: SELECT count(*) as num FROM `comics` WHERE ( `is_del`='0' AND `type`='1' AND `status`='0'  ) LIMIT 1   [ RunTime:0.000339s ]
NOTIC: [8192] preg_replace(): The /e modifier is deprecated, use preg_replace_callback instead /www/web/dt_pxtar_com/public_html/caiji/Lib/Core/Db.class.php 第 605 行.
SQL: SELECT count(*) as num FROM `comics` WHERE ( `is_del`='0' AND `type`='1' AND `status`='1'  ) LIMIT 1   [ RunTime:0.000332s ]
NOTIC: [8192] preg_replace(): The /e modifier is deprecated, use preg_replace_callback instead /www/web/dt_pxtar_com/public_html/caiji/Lib/Core/Db.class.php 第 605 行.
SQL: SELECT count(*) as num FROM `comics` WHERE ( `is_del`='0' AND `type`='1' AND `status`='2'  ) LIMIT 1   [ RunTime:0.000340s ]

[ 2017-06-26T16:47:24+08:00 ] 171.212.221.204 /index/checkProgress/0.925432471903544
INFO: [ app_begin ] --START--
INFO: ReadHtmlCache Behavior ::run [ RunTime:0.000297s ]
INFO: [ app_begin ] --END-- [ RunTime:0.000338s ]
NOTIC: 建议使用I方法替代_post
NOTIC: [8192] mysql_connect(): The mysql extension is deprecated and will be removed in the future: use mysqli or PDO instead /www/web/dt_pxtar_com/public_html/caiji/Lib/Driver/Db/DbMysql.class.php 第 55 行.
SQL: SHOW COLUMNS FROM `comics` [ RunTime:0.000750s ]
NOTIC: [8192] preg_replace(): The /e modifier is deprecated, use preg_replace_callback instead /www/web/dt_pxtar_com/public_html/caiji/Lib/Core/Db.class.php 第 605 行.
SQL: SELECT count(*) as num FROM `comics` WHERE ( `is_del`='0' AND `type`='1' AND `status`='0'  ) LIMIT 1   [ RunTime:0.000357s ]
NOTIC: [8192] preg_replace(): The /e modifier is deprecated, use preg_replace_callback instead /www/web/dt_pxtar_com/public_html/caiji/Lib/Core/Db.class.php 第 605 行.
SQL: SELECT count(*) as num FROM `comics` WHERE ( `is_del`='0' AND `type`='1' AND `status`='1'  ) LIMIT 1   [ RunTime:0.000328s ]
NOTIC: [8192] preg_replace(): The /e modifier is deprecated, use preg_replace_callback instead /www/web/dt_pxtar_com/public_html/caiji/Lib/Core/Db.class.php 第 605 行.
SQL: SELECT count(*) as num FROM `comics` WHERE ( `is_del`='0' AND `type`='1' AND `status`='2'  ) LIMIT 1   [ RunTime:0.000317s ]

[ 2017-06-26T16:47:28+08:00 ] 171.212.221.204 /index/checkProgress/0.3712692139321112
INFO: [ app_begin ] --START--
INFO: ReadHtmlCache Behavior ::run [ RunTime:0.000331s ]
INFO: [ app_begin ] --END-- [ RunTime:0.000384s ]
NOTIC: 建议使用I方法替代_post
NOTIC: [8192] mysql_connect(): The mysql extension is deprecated and will be removed in the future: use mysqli or PDO instead /www/web/dt_pxtar_com/public_html/caiji/Lib/Driver/Db/DbMysql.class.php 第 55 行.
SQL: SHOW COLUMNS FROM `comics` [ RunTime:0.000698s ]
NOTIC: [8192] preg_replace(): The /e modifier is deprecated, use preg_replace_callback instead /www/web/dt_pxtar_com/public_html/caiji/Lib/Core/Db.class.php 第 605 行.
SQL: SELECT count(*) as num FROM `comics` WHERE ( `is_del`='0' AND `type`='1' AND `status`='0'  ) LIMIT 1   [ RunTime:0.000353s ]
NOTIC: [8192] preg_replace(): The /e modifier is deprecated, use preg_replace_callback instead /www/web/dt_pxtar_com/public_html/caiji/Lib/Core/Db.class.php 第 605 行.
SQL: SELECT count(*) as num FROM `comics` WHERE ( `is_del`='0' AND `type`='1' AND `status`='1'  ) LIMIT 1   [ RunTime:0.000318s ]
NOTIC: [8192] preg_replace(): The /e modifier is deprecated, use preg_replace_callback instead /www/web/dt_pxtar_com/public_html/caiji/Lib/Core/Db.class.php 第 605 行.
SQL: SELECT count(*) as num FROM `comics` WHERE ( `is_del`='0' AND `type`='1' AND `status`='2'  ) LIMIT 1   [ RunTime:0.000305s ]

[ 2017-06-26T16:47:28+08:00 ] 171.212.221.204 /index/checkProgress/0.47544935182247317
INFO: [ app_begin ] --START--
INFO: ReadHtmlCache Behavior ::run [ RunTime:0.000238s ]
INFO: [ app_begin ] --END-- [ RunTime:0.000271s ]
NOTIC: 建议使用I方法替代_post
NOTIC: [8192] mysql_connect(): The mysql extension is deprecated and will be removed in the future: use mysqli or PDO instead /www/web/dt_pxtar_com/public_html/caiji/Lib/Driver/Db/DbMysql.class.php 第 55 行.
SQL: SHOW COLUMNS FROM `comics` [ RunTime:0.000725s ]
NOTIC: [8192] preg_replace(): The /e modifier is deprecated, use preg_replace_callback instead /www/web/dt_pxtar_com/public_html/caiji/Lib/Core/Db.class.php 第 605 行.
SQL: SELECT count(*) as num FROM `comics` WHERE ( `is_del`='0' AND `type`='1' AND `status`='0'  ) LIMIT 1   [ RunTime:0.000370s ]
NOTIC: [8192] preg_replace(): The /e modifier is deprecated, use preg_replace_callback instead /www/web/dt_pxtar_com/public_html/caiji/Lib/Core/Db.class.php 第 605 行.
SQL: SELECT count(*) as num FROM `comics` WHERE ( `is_del`='0' AND `type`='1' AND `status`='1'  ) LIMIT 1   [ RunTime:0.000352s ]
NOTIC: [8192] preg_replace(): The /e modifier is deprecated, use preg_replace_callback instead /www/web/dt_pxtar_com/public_html/caiji/Lib/Core/Db.class.php 第 605 行.
SQL: SELECT count(*) as num FROM `comics` WHERE ( `is_del`='0' AND `type`='1' AND `status`='2'  ) LIMIT 1   [ RunTime:0.000324s ]

[ 2017-06-26T16:47:29+08:00 ] 171.212.221.204 /index/caijiqq
INFO: [ app_begin ] --START--
INFO: ReadHtmlCache Behavior ::run [ RunTime:0.000271s ]
INFO: [ app_begin ] --END-- [ RunTime:0.000322s ]
NOTIC: [8192] mysql_connect(): The mysql extension is deprecated and will be removed in the future: use mysqli or PDO instead /www/web/dt_pxtar_com/public_html/caiji/Lib/Driver/Db/DbMysql.class.php 第 55 行.
SQL: SHOW COLUMNS FROM `comics` [ RunTime:0.000674s ]
NOTIC: [8192] preg_replace(): The /e modifier is deprecated, use preg_replace_callback instead /www/web/dt_pxtar_com/public_html/caiji/Lib/Core/Db.class.php 第 605 行.
SQL: SELECT * FROM `comics` WHERE ( `is_del`='0' AND `type`='1'  ) ORDER BY `id` DESC  [ RunTime:0.000423s ]
SQL: UPDATE `comics` SET `status`=0 WHERE ( `is_del`='0' AND `type`='1'  ) [ RunTime:0.004172s ]
SQL: SHOW COLUMNS FROM `caiji_record` [ RunTime:0.000800s ]
NOTIC: [8192] preg_replace(): The /e modifier is deprecated, use preg_replace_callback instead /www/web/dt_pxtar_com/public_html/caiji/Lib/Core/Db.class.php 第 605 行.
SQL: SELECT * FROM `caiji_record` WHERE ( `comic_id` = 65 ) AND ( `caiji_date` = '2017-06-26' ) LIMIT 1   [ RunTime:0.000541s ]
SQL: UPDATE `caiji_record` SET `result`='{\"date\":\"2017-06-26\",\"time\":\"16:47:17\",\"name\":\"\\u672a\\u6210\\u5e74\",\"attension\":\"106185\",\"popularity\":\"5672.4\\u4e07\",\"monthTicketTotal\":\"436\",\"topic\":\"2232\"}' WHERE ( `comic_id` = 65 ) AND ( `caiji_date` = '2017-06-26' ) [ RunTime:0.000668s ]
SQL: UPDATE `comics` SET `status`=1 WHERE ( `id` = 65 ) [ RunTime:0.000480s ]
NOTIC: [8192] preg_replace(): The /e modifier is deprecated, use preg_replace_callback instead /www/web/dt_pxtar_com/public_html/caiji/Lib/Core/Db.class.php 第 605 行.
SQL: SELECT * FROM `caiji_record` WHERE ( `comic_id` = 64 ) AND ( `caiji_date` = '2017-06-26' ) LIMIT 1   [ RunTime:0.000573s ]
SQL: UPDATE `caiji_record` SET `result`='{\"date\":\"2017-06-26\",\"time\":\"16:47:17\",\"name\":\"\\u9a97\\u5c40\",\"attension\":\"470299\",\"popularity\":\"11.3\\u4ebf\",\"monthTicketTotal\":\"340\",\"topic\":\"14664\"}' WHERE ( `comic_id` = 64 ) AND ( `caiji_date` = '2017-06-26' ) [ RunTime:0.000636s ]
SQL: UPDATE `comics` SET `status`=1 WHERE ( `id` = 64 ) [ RunTime:0.000457s ]
NOTIC: [8192] preg_replace(): The /e modifier is deprecated, use preg_replace_callback instead /www/web/dt_pxtar_com/public_html/caiji/Lib/Core/Db.class.php 第 605 行.
SQL: SELECT * FROM `caiji_record` WHERE ( `comic_id` = 63 ) AND ( `caiji_date` = '2017-06-26' ) LIMIT 1   [ RunTime:0.000573s ]
SQL: UPDATE `caiji_record` SET `result`='{\"date\":\"2017-06-26\",\"time\":\"16:47:17\",\"name\":\"\\u4e1e\\u76f8\",\"attension\":\"442539\",\"popularity\":\"5.5\\u4ebf\",\"monthTicketTotal\":\"528\",\"topic\":\"13799\"}' WHERE ( `comic_id` = 63 ) AND ( `caiji_date` = '2017-06-26' ) [ RunTime:0.000634s ]
SQL: UPDATE `comics` SET `status`=1 WHERE ( `id` = 63 ) [ RunTime:0.000442s ]
NOTIC: [8192] preg_replace(): The /e modifier is deprecated, use preg_replace_callback instead /www/web/dt_pxtar_com/public_html/caiji/Lib/Core/Db.class.php 第 605 行.
SQL: SELECT * FROM `caiji_record` WHERE ( `comic_id` = 62 ) AND ( `caiji_date` = '2017-06-26' ) LIMIT 1   [ RunTime:0.000552s ]
SQL: UPDATE `caiji_record` SET `result`='{\"date\":\"2017-06-26\",\"time\":\"16:47:17\",\"name\":\"\\u5973\\u738b\\u5927\\u4eba\",\"attension\":\"529363\",\"popularity\":\"8.9\\u4ebf\",\"monthTicketTotal\":\"113\",\"topic\":\"14687\"}' WHERE ( `comic_id` = 62 ) AND ( `caiji_date` = '2017-06-26' ) [ RunTime:0.000854s ]
SQL: UPDATE `comics` SET `status`=1 WHERE ( `id` = 62 ) [ RunTime:0.000448s ]
NOTIC: [8192] preg_replace(): The /e modifier is deprecated, use preg_replace_callback instead /www/web/dt_pxtar_com/public_html/caiji/Lib/Core/Db.class.php 第 605 行.
SQL: SELECT * FROM `caiji_record` WHERE ( `comic_id` = 61 ) AND ( `caiji_date` = '2017-06-26' ) LIMIT 1   [ RunTime:0.000698s ]
SQL: UPDATE `caiji_record` SET `result`='{\"date\":\"2017-06-26\",\"time\":\"16:47:17\",\"name\":\"\\u9b54\\u738b\\u604b\\u7231\",\"attension\":\"553723\",\"popularity\":\"11.2\\u4ebf\",\"monthTicketTotal\":\"566\",\"topic\":\"26700\"}' WHERE ( `comic_id` = 61 ) AND ( `caiji_date` = '2017-06-26' ) [ RunTime:0.000669s ]
SQL: UPDATE `comics` SET `status`=1 WHERE ( `id` = 61 ) [ RunTime:0.000422s ]
NOTIC: [8192] preg_replace(): The /e modifier is deprecated, use preg_replace_callback instead /www/web/dt_pxtar_com/public_html/caiji/Lib/Core/Db.class.php 第 605 行.
SQL: SELECT * FROM `caiji_record` WHERE ( `comic_id` = 60 ) AND ( `caiji_date` = '2017-06-26' ) LIMIT 1   [ RunTime:0.000541s ]
SQL: UPDATE `caiji_record` SET `result`='{\"date\":\"2017-06-26\",\"time\":\"16:47:17\",\"name\":\"\\u732b\\u5996\",\"attension\":\"1327361\",\"popularity\":\"27.8\\u4ebf\",\"monthTicketTotal\":\"3491\",\"topic\":\"78110\"}' WHERE ( `comic_id` = 60 ) AND ( `caiji_date` = '2017-06-26' ) [ RunTime:0.000671s ]
SQL: UPDATE `comics` SET `status`=1 WHERE ( `id` = 60 ) [ RunTime:0.000425s ]
NOTIC: [8192] preg_replace(): The /e modifier is deprecated, use preg_replace_callback instead /www/web/dt_pxtar_com/public_html/caiji/Lib/Core/Db.class.php 第 605 行.
SQL: SELECT * FROM `caiji_record` WHERE ( `comic_id` = 59 ) AND ( `caiji_date` = '2017-06-26' ) LIMIT 1   [ RunTime:0.000535s ]
SQL: UPDATE `caiji_record` SET `result`='{\"date\":\"2017-06-26\",\"time\":\"16:47:17\",\"name\":\"\\u4e11\\u516b\\u602a\",\"attension\":\"54633\",\"popularity\":\"1.1\\u4ebf\",\"monthTicketTotal\":\"30\",\"topic\":\"2129\"}' WHERE ( `comic_id` = 59 ) AND ( `caiji_date` = '2017-06-26' ) [ RunTime:0.000639s ]
SQL: UPDATE `comics` SET `status`=1 WHERE ( `id` = 59 ) [ RunTime:0.000684s ]
NOTIC: [8192] preg_replace(): The /e modifier is deprecated, use preg_replace_callback instead /www/web/dt_pxtar_com/public_html/caiji/Lib/Core/Db.class.php 第 605 行.
SQL: SELECT * FROM `caiji_record` WHERE ( `comic_id` = 58 ) AND ( `caiji_date` = '2017-06-26' ) LIMIT 1   [ RunTime:0.000589s ]
SQL: UPDATE `caiji_record` SET `result`='{\"date\":\"2017-06-26\",\"time\":\"16:47:17\",\"name\":\"\\u91cd\\u751f\",\"attension\":\"697273\",\"popularity\":\"16.8\\u4ebf\",\"monthTicketTotal\":\"753\",\"topic\":\"13470\"}' WHERE ( `comic_id` = 58 ) AND ( `caiji_date` = '2017-06-26' ) [ RunTime:0.000634s ]
SQL: UPDATE `comics` SET `status`=1 WHERE ( `id` = 58 ) [ RunTime:0.000476s ]
NOTIC: [8192] preg_replace(): The /e modifier is deprecated, use preg_replace_callback instead /www/web/dt_pxtar_com/public_html/caiji/Lib/Core/Db.class.php 第 605 行.
SQL: SELECT * FROM `caiji_record` WHERE ( `comic_id` = 57 ) AND ( `caiji_date` = '2017-06-26' ) LIMIT 1   [ RunTime:0.000608s ]
SQL: UPDATE `caiji_record` SET `result`='{\"date\":\"2017-06-26\",\"time\":\"16:47:17\",\"name\":\"\\u957f\\u751f\\u6bbf\",\"attension\":\"293511\",\"popularity\":\"3.8\\u4ebf\",\"monthTicketTotal\":\"290\",\"topic\":\"7370\"}' WHERE ( `comic_id` = 57 ) AND ( `caiji_date` = '2017-06-26' ) [ RunTime:0.000696s ]
SQL: UPDATE `comics` SET `status`=1 WHERE ( `id` = 57 ) [ RunTime:0.000470s ]
NOTIC: [8192] preg_replace(): The /e modifier is deprecated, use preg_replace_callback instead /www/web/dt_pxtar_com/public_html/caiji/Lib/Core/Db.class.php 第 605 行.
SQL: SELECT * FROM `caiji_record` WHERE ( `comic_id` = 56 ) AND ( `caiji_date` = '2017-06-26' ) LIMIT 1   [ RunTime:0.000529s ]
SQL: UPDATE `caiji_record` SET `result`='{\"date\":\"2017-06-26\",\"time\":\"16:47:17\",\"name\":\"\\u5fc3\\u6cb3\",\"attension\":\"73887\",\"popularity\":\"1.6\\u4ebf\",\"monthTicketTotal\":\"47\",\"topic\":\"1885\"}' WHERE ( `comic_id` = 56 ) AND ( `caiji_date` = '2017-06-26' ) [ RunTime:0.000610s ]
SQL: UPDATE `comics` SET `status`=1 WHERE ( `id` = 56 ) [ RunTime:0.000425s ]
NOTIC: [8192] preg_replace(): The /e modifier is deprecated, use preg_replace_callback instead /www/web/dt_pxtar_com/public_html/caiji/Lib/Core/Db.class.php 第 605 行.
SQL: SELECT * FROM `caiji_record` WHERE ( `comic_id` = 55 ) AND ( `caiji_date` = '2017-06-26' ) LIMIT 1   [ RunTime:0.000547s ]
SQL: UPDATE `caiji_record` SET `result`='{\"date\":\"2017-06-26\",\"time\":\"16:47:17\",\"name\":\"\\u96e8\\u5f52\",\"attension\":\"98637\",\"popularity\":\"1.4\\u4ebf\",\"monthTicketTotal\":\"60\",\"topic\":\"3001\"}' WHERE ( `comic_id` = 55 ) AND ( `caiji_date` = '2017-06-26' ) [ RunTime:0.000844s ]
SQL: UPDATE `comics` SET `status`=1 WHERE ( `id` = 55 ) [ RunTime:0.000458s ]
NOTIC: [2] unlink(/www/web/dt_pxtar_com/public_html/caiji/Ads/ck.txt): No such file or directory /www/web/dt_pxtar_com/public_html/caiji/Ads/Lib/Model/CaijiModel.class.php 第 111 行.

[ 2017-06-26T16:47:30+08:00 ] 171.212.221.204 /index/checkProgress/0.8659185478545299
INFO: [ app_begin ] --START--
INFO: ReadHtmlCache Behavior ::run [ RunTime:0.000303s ]
INFO: [ app_begin ] --END-- [ RunTime:0.000343s ]
NOTIC: 建议使用I方法替代_post
NOTIC: [8192] mysql_connect(): The mysql extension is deprecated and will be removed in the future: use mysqli or PDO instead /www/web/dt_pxtar_com/public_html/caiji/Lib/Driver/Db/DbMysql.class.php 第 55 行.
SQL: SHOW COLUMNS FROM `comics` [ RunTime:0.000635s ]
NOTIC: [8192] preg_replace(): The /e modifier is deprecated, use preg_replace_callback instead /www/web/dt_pxtar_com/public_html/caiji/Lib/Core/Db.class.php 第 605 行.
SQL: SELECT count(*) as num FROM `comics` WHERE ( `is_del`='0' AND `type`='1' AND `status`='0'  ) LIMIT 1   [ RunTime:0.000412s ]
NOTIC: [8192] preg_replace(): The /e modifier is deprecated, use preg_replace_callback instead /www/web/dt_pxtar_com/public_html/caiji/Lib/Core/Db.class.php 第 605 行.
SQL: SELECT count(*) as num FROM `comics` WHERE ( `is_del`='0' AND `type`='1' AND `status`='1'  ) LIMIT 1   [ RunTime:0.000312s ]
NOTIC: [8192] preg_replace(): The /e modifier is deprecated, use preg_replace_callback instead /www/web/dt_pxtar_com/public_html/caiji/Lib/Core/Db.class.php 第 605 行.
SQL: SELECT count(*) as num FROM `comics` WHERE ( `is_del`='0' AND `type`='1' AND `status`='2'  ) LIMIT 1   [ RunTime:0.000314s ]

[ 2017-06-26T16:47:42+08:00 ] 171.212.221.204 /index/export
NOTIC: 建议使用I方法替代_post
NOTIC: 建议使用I方法替代_post
NOTIC: 建议使用I方法替代_post
NOTIC: 建议使用I方法替代_post
NOTIC: 建议使用I方法替代_post
NOTIC: 建议使用I方法替代_post
NOTIC: 建议使用I方法替代_post
NOTIC: 建议使用I方法替代_post

[ 2017-06-26T16:47:55+08:00 ] 171.212.221.204 /index/caijibukaimg
INFO: [ app_begin ] --START--
INFO: ReadHtmlCache Behavior ::run [ RunTime:0.000341s ]
INFO: [ app_begin ] --END-- [ RunTime:0.000392s ]

[ 2017-06-26T16:48:06+08:00 ] 171.212.221.204 /index/checkProgress/0.6176524241119379
INFO: [ app_begin ] --START--
INFO: ReadHtmlCache Behavior ::run [ RunTime:0.000340s ]
INFO: [ app_begin ] --END-- [ RunTime:0.000385s ]
NOTIC: 建议使用I方法替代_post
NOTIC: [8192] mysql_connect(): The mysql extension is deprecated and will be removed in the future: use mysqli or PDO instead /www/web/dt_pxtar_com/public_html/caiji/Lib/Driver/Db/DbMysql.class.php 第 55 行.
SQL: SHOW COLUMNS FROM `comics` [ RunTime:0.000734s ]
NOTIC: [8192] preg_replace(): The /e modifier is deprecated, use preg_replace_callback instead /www/web/dt_pxtar_com/public_html/caiji/Lib/Core/Db.class.php 第 605 行.
SQL: SELECT count(*) as num FROM `comics` WHERE ( `is_del`='0' AND `type`='3' AND `status`='0'  ) LIMIT 1   [ RunTime:0.000420s ]
NOTIC: [8192] preg_replace(): The /e modifier is deprecated, use preg_replace_callback instead /www/web/dt_pxtar_com/public_html/caiji/Lib/Core/Db.class.php 第 605 行.
SQL: SELECT count(*) as num FROM `comics` WHERE ( `is_del`='0' AND `type`='3' AND `status`='1'  ) LIMIT 1   [ RunTime:0.000350s ]
NOTIC: [8192] preg_replace(): The /e modifier is deprecated, use preg_replace_callback instead /www/web/dt_pxtar_com/public_html/caiji/Lib/Core/Db.class.php 第 605 行.
SQL: SELECT count(*) as num FROM `comics` WHERE ( `is_del`='0' AND `type`='3' AND `status`='2'  ) LIMIT 1   [ RunTime:0.000389s ]

[ 2017-06-26T16:48:08+08:00 ] 171.212.221.204 /index/checkProgress/0.5388064213133317
INFO: [ app_begin ] --START--
INFO: ReadHtmlCache Behavior ::run [ RunTime:0.000271s ]
INFO: [ app_begin ] --END-- [ RunTime:0.000306s ]
NOTIC: 建议使用I方法替代_post
NOTIC: [8192] mysql_connect(): The mysql extension is deprecated and will be removed in the future: use mysqli or PDO instead /www/web/dt_pxtar_com/public_html/caiji/Lib/Driver/Db/DbMysql.class.php 第 55 行.
SQL: SHOW COLUMNS FROM `comics` [ RunTime:0.000623s ]
NOTIC: [8192] preg_replace(): The /e modifier is deprecated, use preg_replace_callback instead /www/web/dt_pxtar_com/public_html/caiji/Lib/Core/Db.class.php 第 605 行.
SQL: SELECT count(*) as num FROM `comics` WHERE ( `is_del`='0' AND `type`='3' AND `status`='0'  ) LIMIT 1   [ RunTime:0.000415s ]
NOTIC: [8192] preg_replace(): The /e modifier is deprecated, use preg_replace_callback instead /www/web/dt_pxtar_com/public_html/caiji/Lib/Core/Db.class.php 第 605 行.
SQL: SELECT count(*) as num FROM `comics` WHERE ( `is_del`='0' AND `type`='3' AND `status`='1'  ) LIMIT 1   [ RunTime:0.000334s ]
NOTIC: [8192] preg_replace(): The /e modifier is deprecated, use preg_replace_callback instead /www/web/dt_pxtar_com/public_html/caiji/Lib/Core/Db.class.php 第 605 行.
SQL: SELECT count(*) as num FROM `comics` WHERE ( `is_del`='0' AND `type`='3' AND `status`='2'  ) LIMIT 1   [ RunTime:0.000335s ]

[ 2017-06-26T16:48:10+08:00 ] 171.212.221.204 /index/checkProgress/0.4822686236175575
INFO: [ app_begin ] --START--
INFO: ReadHtmlCache Behavior ::run [ RunTime:0.000301s ]
INFO: [ app_begin ] --END-- [ RunTime:0.000334s ]
NOTIC: 建议使用I方法替代_post
NOTIC: [8192] mysql_connect(): The mysql extension is deprecated and will be removed in the future: use mysqli or PDO instead /www/web/dt_pxtar_com/public_html/caiji/Lib/Driver/Db/DbMysql.class.php 第 55 行.
SQL: SHOW COLUMNS FROM `comics` [ RunTime:0.000772s ]
NOTIC: [8192] preg_replace(): The /e modifier is deprecated, use preg_replace_callback instead /www/web/dt_pxtar_com/public_html/caiji/Lib/Core/Db.class.php 第 605 行.
SQL: SELECT count(*) as num FROM `comics` WHERE ( `is_del`='0' AND `type`='3' AND `status`='0'  ) LIMIT 1   [ RunTime:0.000366s ]
NOTIC: [8192] preg_replace(): The /e modifier is deprecated, use preg_replace_callback instead /www/web/dt_pxtar_com/public_html/caiji/Lib/Core/Db.class.php 第 605 行.
SQL: SELECT count(*) as num FROM `comics` WHERE ( `is_del`='0' AND `type`='3' AND `status`='1'  ) LIMIT 1   [ RunTime:0.000323s ]
NOTIC: [8192] preg_replace(): The /e modifier is deprecated, use preg_replace_callback instead /www/web/dt_pxtar_com/public_html/caiji/Lib/Core/Db.class.php 第 605 行.
SQL: SELECT count(*) as num FROM `comics` WHERE ( `is_del`='0' AND `type`='3' AND `status`='2'  ) LIMIT 1   [ RunTime:0.000343s ]

[ 2017-06-26T16:48:12+08:00 ] 171.212.221.204 /index/checkProgress/0.3942571216980735
INFO: [ app_begin ] --START--
INFO: ReadHtmlCache Behavior ::run [ RunTime:0.000288s ]
INFO: [ app_begin ] --END-- [ RunTime:0.000347s ]
NOTIC: 建议使用I方法替代_post
NOTIC: [8192] mysql_connect(): The mysql extension is deprecated and will be removed in the future: use mysqli or PDO instead /www/web/dt_pxtar_com/public_html/caiji/Lib/Driver/Db/DbMysql.class.php 第 55 行.
SQL: SHOW COLUMNS FROM `comics` [ RunTime:0.000723s ]
NOTIC: [8192] preg_replace(): The /e modifier is deprecated, use preg_replace_callback instead /www/web/dt_pxtar_com/public_html/caiji/Lib/Core/Db.class.php 第 605 行.
SQL: SELECT count(*) as num FROM `comics` WHERE ( `is_del`='0' AND `type`='3' AND `status`='0'  ) LIMIT 1   [ RunTime:0.000358s ]
NOTIC: [8192] preg_replace(): The /e modifier is deprecated, use preg_replace_callback instead /www/web/dt_pxtar_com/public_html/caiji/Lib/Core/Db.class.php 第 605 行.
SQL: SELECT count(*) as num FROM `comics` WHERE ( `is_del`='0' AND `type`='3' AND `status`='1'  ) LIMIT 1   [ RunTime:0.000349s ]
NOTIC: [8192] preg_replace(): The /e modifier is deprecated, use preg_replace_callback instead /www/web/dt_pxtar_com/public_html/caiji/Lib/Core/Db.class.php 第 605 行.
SQL: SELECT count(*) as num FROM `comics` WHERE ( `is_del`='0' AND `type`='3' AND `status`='2'  ) LIMIT 1   [ RunTime:0.000351s ]

[ 2017-06-26T16:48:14+08:00 ] 171.212.221.204 /index/checkProgress/0.025773635451962873
INFO: [ app_begin ] --START--
INFO: ReadHtmlCache Behavior ::run [ RunTime:0.000269s ]
INFO: [ app_begin ] --END-- [ RunTime:0.000303s ]
NOTIC: 建议使用I方法替代_post
NOTIC: [8192] mysql_connect(): The mysql extension is deprecated and will be removed in the future: use mysqli or PDO instead /www/web/dt_pxtar_com/public_html/caiji/Lib/Driver/Db/DbMysql.class.php 第 55 行.
SQL: SHOW COLUMNS FROM `comics` [ RunTime:0.000683s ]
NOTIC: [8192] preg_replace(): The /e modifier is deprecated, use preg_replace_callback instead /www/web/dt_pxtar_com/public_html/caiji/Lib/Core/Db.class.php 第 605 行.
SQL: SELECT count(*) as num FROM `comics` WHERE ( `is_del`='0' AND `type`='3' AND `status`='0'  ) LIMIT 1   [ RunTime:0.000401s ]
NOTIC: [8192] preg_replace(): The /e modifier is deprecated, use preg_replace_callback instead /www/web/dt_pxtar_com/public_html/caiji/Lib/Core/Db.class.php 第 605 行.
SQL: SELECT count(*) as num FROM `comics` WHERE ( `is_del`='0' AND `type`='3' AND `status`='1'  ) LIMIT 1   [ RunTime:0.000327s ]
NOTIC: [8192] preg_replace(): The /e modifier is deprecated, use preg_replace_callback instead /www/web/dt_pxtar_com/public_html/caiji/Lib/Core/Db.class.php 第 605 行.
SQL: SELECT count(*) as num FROM `comics` WHERE ( `is_del`='0' AND `type`='3' AND `status`='2'  ) LIMIT 1   [ RunTime:0.000312s ]

[ 2017-06-26T16:48:16+08:00 ] 171.212.221.204 /index/checkProgress/0.7558809372584945
INFO: [ app_begin ] --START--
INFO: ReadHtmlCache Behavior ::run [ RunTime:0.000283s ]
INFO: [ app_begin ] --END-- [ RunTime:0.000323s ]
NOTIC: 建议使用I方法替代_post
NOTIC: [8192] mysql_connect(): The mysql extension is deprecated and will be removed in the future: use mysqli or PDO instead /www/web/dt_pxtar_com/public_html/caiji/Lib/Driver/Db/DbMysql.class.php 第 55 行.
SQL: SHOW COLUMNS FROM `comics` [ RunTime:0.000670s ]
NOTIC: [8192] preg_replace(): The /e modifier is deprecated, use preg_replace_callback instead /www/web/dt_pxtar_com/public_html/caiji/Lib/Core/Db.class.php 第 605 行.
SQL: SELECT count(*) as num FROM `comics` WHERE ( `is_del`='0' AND `type`='3' AND `status`='0'  ) LIMIT 1   [ RunTime:0.000343s ]
NOTIC: [8192] preg_replace(): The /e modifier is deprecated, use preg_replace_callback instead /www/web/dt_pxtar_com/public_html/caiji/Lib/Core/Db.class.php 第 605 行.
SQL: SELECT count(*) as num FROM `comics` WHERE ( `is_del`='0' AND `type`='3' AND `status`='1'  ) LIMIT 1   [ RunTime:0.000429s ]
NOTIC: [8192] preg_replace(): The /e modifier is deprecated, use preg_replace_callback instead /www/web/dt_pxtar_com/public_html/caiji/Lib/Core/Db.class.php 第 605 行.
SQL: SELECT count(*) as num FROM `comics` WHERE ( `is_del`='0' AND `type`='3' AND `status`='2'  ) LIMIT 1   [ RunTime:0.000303s ]

[ 2017-06-26T16:48:17+08:00 ] 171.212.221.204 /index/caijibuka?0.9884888513745427
INFO: [ app_begin ] --START--
INFO: ReadHtmlCache Behavior ::run [ RunTime:0.000271s ]
INFO: [ app_begin ] --END-- [ RunTime:0.000308s ]
NOTIC: [8192] mysql_connect(): The mysql extension is deprecated and will be removed in the future: use mysqli or PDO instead /www/web/dt_pxtar_com/public_html/caiji/Lib/Driver/Db/DbMysql.class.php 第 55 行.
SQL: SHOW COLUMNS FROM `comics` [ RunTime:0.000703s ]
NOTIC: [8192] preg_replace(): The /e modifier is deprecated, use preg_replace_callback instead /www/web/dt_pxtar_com/public_html/caiji/Lib/Core/Db.class.php 第 605 行.
SQL: SELECT * FROM `comics` WHERE ( `is_del`='0' AND `type`='3'  ) ORDER BY `id` DESC  [ RunTime:0.000389s ]
SQL: UPDATE `comics` SET `status`=0 WHERE ( `is_del`='0' AND `type`='3'  ) [ RunTime:0.000569s ]
NOTIC: 建议使用I方法替代_post
SQL: SHOW COLUMNS FROM `caiji_record` [ RunTime:0.000813s ]
NOTIC: [8192] preg_replace(): The /e modifier is deprecated, use preg_replace_callback instead /www/web/dt_pxtar_com/public_html/caiji/Lib/Core/Db.class.php 第 605 行.
SQL: SELECT * FROM `caiji_record` WHERE ( `comic_id` = 43 ) AND ( `caiji_date` = '2017-06-26' ) LIMIT 1   [ RunTime:0.000456s ]
SQL: UPDATE `caiji_record` SET `result`='{\"date\":\"2017-06-26\",\"time\":\"16:48:05\",\"name\":\"\\u5927\\u9f84\\u5973\",\"attension\":\"23.16\\u4e07\",\"strenghth\":\"2.06\\u4ebf\"}' WHERE ( `comic_id` = 43 ) AND ( `caiji_date` = '2017-06-26' ) [ RunTime:0.000657s ]
SQL: UPDATE `comics` SET `status`=1 WHERE ( `id` = 43 ) [ RunTime:0.000447s ]
NOTIC: [8192] preg_replace(): The /e modifier is deprecated, use preg_replace_callback instead /www/web/dt_pxtar_com/public_html/caiji/Lib/Core/Db.class.php 第 605 行.
SQL: SELECT * FROM `caiji_record` WHERE ( `comic_id` = 40 ) AND ( `caiji_date` = '2017-06-26' ) LIMIT 1   [ RunTime:0.000583s ]
SQL: UPDATE `caiji_record` SET `result`='{\"date\":\"2017-06-26\",\"time\":\"16:48:05\",\"name\":\"\\u7956\\u5148\",\"attension\":\"13.91\\u4e07\",\"strenghth\":\"9888.79\\u4e07\"}' WHERE ( `comic_id` = 40 ) AND ( `caiji_date` = '2017-06-26' ) [ RunTime:0.000635s ]
SQL: UPDATE `comics` SET `status`=1 WHERE ( `id` = 40 ) [ RunTime:0.000500s ]
NOTIC: [8192] preg_replace(): The /e modifier is deprecated, use preg_replace_callback instead /www/web/dt_pxtar_com/public_html/caiji/Lib/Core/Db.class.php 第 605 行.
SQL: SELECT * FROM `caiji_record` WHERE ( `comic_id` = 39 ) AND ( `caiji_date` = '2017-06-26' ) LIMIT 1   [ RunTime:0.000606s ]
SQL: UPDATE `caiji_record` SET `result`='{\"date\":\"2017-06-26\",\"time\":\"16:48:05\",\"name\":\"\\u5e73\\u86cb\",\"attension\":\"35.78\\u4e07\",\"strenghth\":\"3.91\\u4ebf\"}' WHERE ( `comic_id` = 39 ) AND ( `caiji_date` = '2017-06-26' ) [ RunTime:0.000663s ]
SQL: UPDATE `comics` SET `status`=1 WHERE ( `id` = 39 ) [ RunTime:0.000689s ]

[ 2017-06-26T16:48:18+08:00 ] 171.212.221.204 /index/checkProgress/0.7532943488729971
INFO: [ app_begin ] --START--
INFO: ReadHtmlCache Behavior ::run [ RunTime:0.000288s ]
INFO: [ app_begin ] --END-- [ RunTime:0.000327s ]
NOTIC: 建议使用I方法替代_post
NOTIC: [8192] mysql_connect(): The mysql extension is deprecated and will be removed in the future: use mysqli or PDO instead /www/web/dt_pxtar_com/public_html/caiji/Lib/Driver/Db/DbMysql.class.php 第 55 行.
SQL: SHOW COLUMNS FROM `comics` [ RunTime:0.000638s ]
NOTIC: [8192] preg_replace(): The /e modifier is deprecated, use preg_replace_callback instead /www/web/dt_pxtar_com/public_html/caiji/Lib/Core/Db.class.php 第 605 行.
SQL: SELECT count(*) as num FROM `comics` WHERE ( `is_del`='0' AND `type`='3' AND `status`='0'  ) LIMIT 1   [ RunTime:0.000353s ]
NOTIC: [8192] preg_replace(): The /e modifier is deprecated, use preg_replace_callback instead /www/web/dt_pxtar_com/public_html/caiji/Lib/Core/Db.class.php 第 605 行.
SQL: SELECT count(*) as num FROM `comics` WHERE ( `is_del`='0' AND `type`='3' AND `status`='1'  ) LIMIT 1   [ RunTime:0.000458s ]
NOTIC: [8192] preg_replace(): The /e modifier is deprecated, use preg_replace_callback instead /www/web/dt_pxtar_com/public_html/caiji/Lib/Core/Db.class.php 第 605 行.
SQL: SELECT count(*) as num FROM `comics` WHERE ( `is_del`='0' AND `type`='3' AND `status`='2'  ) LIMIT 1   [ RunTime:0.000323s ]

[ 2017-06-26T16:48:25+08:00 ] 171.212.221.204 /index/export
NOTIC: 建议使用I方法替代_post
NOTIC: 建议使用I方法替代_post
NOTIC: 建议使用I方法替代_post
NOTIC: 建议使用I方法替代_post
NOTIC: 建议使用I方法替代_post
NOTIC: 建议使用I方法替代_post
NOTIC: 建议使用I方法替代_post
NOTIC: 建议使用I方法替代_post

