[ 2017-06-10T02:03:56+08:00 ] 127.0.0.1 /index/addComic
INFO: [ app_begin ] --START--
INFO: ReadHtmlCache Behavior ::run [ RunTime:0.001236s ]
INFO: [ app_begin ] --END-- [ RunTime:0.001615s ]
NOTIC: 建议使用I方法替代_post
NOTIC: 建议使用I方法替代_post
NOTIC: 建议使用I方法替代_post
NOTIC: [8192] mysql_connect(): The mysql extension is deprecated and will be removed in the future: use mysqli or PDO instead D:\xampp\htdocs\caiji\Lib\Driver\Db\DbMysql.class.php 第 55 行.
SQL: SHOW COLUMNS FROM `comics` [ RunTime:0.004221s ]
NOTIC: [8] Undefined offset: 3 D:\xampp\htdocs\caiji\Lib\Core\Model.class.php 第 907 行.
SQL: INSERT INTO `comics` (`name`,`url`,`type`,`is_del`,`create_at`,`update_at`) VALUES ('厄运之王','https://manhua.163.com/source/4771945676810120861',2,0,'2017-06-10 02:03:55','2017-06-10 02:03:55') [ RunTime:0.068645s ]

[ 2017-06-10T02:04:30+08:00 ] 127.0.0.1 /index/addComic
INFO: [ app_begin ] --START--
INFO: ReadHtmlCache Behavior ::run [ RunTime:0.000928s ]
INFO: [ app_begin ] --END-- [ RunTime:0.001009s ]
NOTIC: 建议使用I方法替代_post
NOTIC: 建议使用I方法替代_post
NOTIC: 建议使用I方法替代_post
NOTIC: [8192] mysql_connect(): The mysql extension is deprecated and will be removed in the future: use mysqli or PDO instead D:\xampp\htdocs\caiji\Lib\Driver\Db\DbMysql.class.php 第 55 行.
SQL: SHOW COLUMNS FROM `comics` [ RunTime:0.005143s ]
NOTIC: [8] Undefined offset: 3 D:\xampp\htdocs\caiji\Lib\Core\Model.class.php 第 907 行.
SQL: INSERT INTO `comics` (`name`,`url`,`type`,`is_del`,`create_at`,`update_at`) VALUES ('杀手古德','https://manhua.163.com/source/4317076104890059052',2,0,'2017-06-10 02:04:30','2017-06-10 02:04:30') [ RunTime:0.041499s ]

[ 2017-06-10T02:04:43+08:00 ] 127.0.0.1 /index/addComic
INFO: [ app_begin ] --START--
INFO: ReadHtmlCache Behavior ::run [ RunTime:0.001348s ]
INFO: [ app_begin ] --END-- [ RunTime:0.001443s ]
NOTIC: 建议使用I方法替代_post
NOTIC: 建议使用I方法替代_post
NOTIC: 建议使用I方法替代_post
NOTIC: [8192] mysql_connect(): The mysql extension is deprecated and will be removed in the future: use mysqli or PDO instead D:\xampp\htdocs\caiji\Lib\Driver\Db\DbMysql.class.php 第 55 行.
SQL: SHOW COLUMNS FROM `comics` [ RunTime:0.003846s ]
NOTIC: [8] Undefined offset: 3 D:\xampp\htdocs\caiji\Lib\Core\Model.class.php 第 907 行.
SQL: INSERT INTO `comics` (`name`,`url`,`type`,`is_del`,`create_at`,`update_at`) VALUES ('天才医仙','https://manhua.163.com/source/4577380875630090313',2,0,'2017-06-10 02:04:43','2017-06-10 02:04:43') [ RunTime:0.070160s ]

[ 2017-06-10T02:04:56+08:00 ] 127.0.0.1 /index/addComic
INFO: [ app_begin ] --START--
INFO: ReadHtmlCache Behavior ::run [ RunTime:0.000924s ]
INFO: [ app_begin ] --END-- [ RunTime:0.001012s ]
NOTIC: 建议使用I方法替代_post
NOTIC: 建议使用I方法替代_post
NOTIC: 建议使用I方法替代_post
NOTIC: [8192] mysql_connect(): The mysql extension is deprecated and will be removed in the future: use mysqli or PDO instead D:\xampp\htdocs\caiji\Lib\Driver\Db\DbMysql.class.php 第 55 行.
SQL: SHOW COLUMNS FROM `comics` [ RunTime:0.003807s ]
NOTIC: [8] Undefined offset: 3 D:\xampp\htdocs\caiji\Lib\Core\Model.class.php 第 907 行.
SQL: INSERT INTO `comics` (`name`,`url`,`type`,`is_del`,`create_at`,`update_at`) VALUES ('断袖皇上别碰我','https://manhua.163.com/source/4615324882390118047',2,0,'2017-06-10 02:04:56','2017-06-10 02:04:56') [ RunTime:0.023751s ]

[ 2017-06-10T02:05:13+08:00 ] 127.0.0.1 /index/addComic
INFO: [ app_begin ] --START--
INFO: ReadHtmlCache Behavior ::run [ RunTime:0.000890s ]
INFO: [ app_begin ] --END-- [ RunTime:0.000963s ]
NOTIC: 建议使用I方法替代_post
NOTIC: 建议使用I方法替代_post
NOTIC: 建议使用I方法替代_post
NOTIC: [8192] mysql_connect(): The mysql extension is deprecated and will be removed in the future: use mysqli or PDO instead D:\xampp\htdocs\caiji\Lib\Driver\Db\DbMysql.class.php 第 55 行.
SQL: SHOW COLUMNS FROM `comics` [ RunTime:0.004912s ]
NOTIC: [8] Undefined offset: 3 D:\xampp\htdocs\caiji\Lib\Core\Model.class.php 第 907 行.
SQL: INSERT INTO `comics` (`name`,`url`,`type`,`is_del`,`create_at`,`update_at`) VALUES ('斗破苍穹','https://manhua.163.com/source/4708017015090120061',2,0,'2017-06-10 02:05:13','2017-06-10 02:05:13') [ RunTime:0.042356s ]

[ 2017-06-10T02:05:24+08:00 ] 127.0.0.1 /index/addComic
INFO: [ app_begin ] --START--
INFO: ReadHtmlCache Behavior ::run [ RunTime:0.001014s ]
INFO: [ app_begin ] --END-- [ RunTime:0.001100s ]
NOTIC: 建议使用I方法替代_post
NOTIC: 建议使用I方法替代_post
NOTIC: 建议使用I方法替代_post
NOTIC: [8192] mysql_connect(): The mysql extension is deprecated and will be removed in the future: use mysqli or PDO instead D:\xampp\htdocs\caiji\Lib\Driver\Db\DbMysql.class.php 第 55 行.
SQL: SHOW COLUMNS FROM `comics` [ RunTime:0.004537s ]
NOTIC: [8] Undefined offset: 3 D:\xampp\htdocs\caiji\Lib\Core\Model.class.php 第 907 行.
SQL: INSERT INTO `comics` (`name`,`url`,`type`,`is_del`,`create_at`,`update_at`) VALUES ('我才不会被女孩子欺负呢','https://manhua.163.com/source/4316808069910049882',2,0,'2017-06-10 02:05:24','2017-06-10 02:05:24') [ RunTime:0.051755s ]

[ 2017-06-10T02:05:36+08:00 ] 127.0.0.1 /index/addComic
INFO: [ app_begin ] --START--
INFO: ReadHtmlCache Behavior ::run [ RunTime:0.000880s ]
INFO: [ app_begin ] --END-- [ RunTime:0.000956s ]
NOTIC: 建议使用I方法替代_post
NOTIC: 建议使用I方法替代_post
NOTIC: 建议使用I方法替代_post
NOTIC: [8192] mysql_connect(): The mysql extension is deprecated and will be removed in the future: use mysqli or PDO instead D:\xampp\htdocs\caiji\Lib\Driver\Db\DbMysql.class.php 第 55 行.
SQL: SHOW COLUMNS FROM `comics` [ RunTime:0.004338s ]
NOTIC: [8] Undefined offset: 3 D:\xampp\htdocs\caiji\Lib\Core\Model.class.php 第 907 行.
SQL: INSERT INTO `comics` (`name`,`url`,`type`,`is_del`,`create_at`,`update_at`) VALUES ('斗罗大陆II绝世唐门','https://manhua.163.com/source/4604519002090128474',2,0,'2017-06-10 02:05:36','2017-06-10 02:05:36') [ RunTime:0.041421s ]

[ 2017-06-10T02:05:47+08:00 ] 127.0.0.1 /index/addComic
INFO: [ app_begin ] --START--
INFO: ReadHtmlCache Behavior ::run [ RunTime:0.001116s ]
INFO: [ app_begin ] --END-- [ RunTime:0.001205s ]
NOTIC: 建议使用I方法替代_post
NOTIC: 建议使用I方法替代_post
NOTIC: 建议使用I方法替代_post
NOTIC: [8192] mysql_connect(): The mysql extension is deprecated and will be removed in the future: use mysqli or PDO instead D:\xampp\htdocs\caiji\Lib\Driver\Db\DbMysql.class.php 第 55 行.
SQL: SHOW COLUMNS FROM `comics` [ RunTime:0.004225s ]
NOTIC: [8] Undefined offset: 3 D:\xampp\htdocs\caiji\Lib\Core\Model.class.php 第 907 行.
SQL: INSERT INTO `comics` (`name`,`url`,`type`,`is_del`,`create_at`,`update_at`) VALUES ('黑执事','https://manhua.163.com/source/4458002705630123099',2,0,'2017-06-10 02:05:47','2017-06-10 02:05:47') [ RunTime:0.042170s ]

[ 2017-06-10T02:05:58+08:00 ] 127.0.0.1 /index/addComic
INFO: [ app_begin ] --START--
INFO: ReadHtmlCache Behavior ::run [ RunTime:0.000949s ]
INFO: [ app_begin ] --END-- [ RunTime:0.001046s ]
NOTIC: 建议使用I方法替代_post
NOTIC: 建议使用I方法替代_post
NOTIC: 建议使用I方法替代_post
NOTIC: [8192] mysql_connect(): The mysql extension is deprecated and will be removed in the future: use mysqli or PDO instead D:\xampp\htdocs\caiji\Lib\Driver\Db\DbMysql.class.php 第 55 行.
SQL: SHOW COLUMNS FROM `comics` [ RunTime:0.004000s ]
NOTIC: [8] Undefined offset: 3 D:\xampp\htdocs\caiji\Lib\Core\Model.class.php 第 907 行.
SQL: INSERT INTO `comics` (`name`,`url`,`type`,`is_del`,`create_at`,`update_at`) VALUES ('妙手小村医','https://manhua.163.com/source/4706627122660090011',2,0,'2017-06-10 02:05:58','2017-06-10 02:05:58') [ RunTime:0.043015s ]

[ 2017-06-10T02:36:04+08:00 ] 127.0.0.1 /index/caijiwangyi
INFO: [ app_begin ] --START--
INFO: ReadHtmlCache Behavior ::run [ RunTime:0.000960s ]
INFO: [ app_begin ] --END-- [ RunTime:0.001042s ]
NOTIC: [8192] mysql_connect(): The mysql extension is deprecated and will be removed in the future: use mysqli or PDO instead D:\xampp\htdocs\caiji\Lib\Driver\Db\DbMysql.class.php 第 55 行.
SQL: SHOW COLUMNS FROM `comics` [ RunTime:0.004185s ]
NOTIC: [8192] preg_replace(): The /e modifier is deprecated, use preg_replace_callback instead D:\xampp\htdocs\caiji\Lib\Core\Db.class.php 第 605 行.
SQL: SELECT * FROM `comics` WHERE ( `is_del`='0' AND `type`='2'  ) ORDER BY `id` DESC  [ RunTime:0.000762s ]
NOTIC: [2] unlink(./cookie.txt): No such file or directory D:\xampp\htdocs\caiji\Ads\Lib\Model\CaijiModel.class.php 第 106 行.
SQL: SHOW COLUMNS FROM `caiji_record` [ RunTime:0.003843s ]
NOTIC: [8192] preg_replace(): The /e modifier is deprecated, use preg_replace_callback instead D:\xampp\htdocs\caiji\Lib\Core\Db.class.php 第 605 行.
SQL: SELECT * FROM `caiji_record` WHERE ( `comic_id` = 19 ) AND ( `caiji_date` = '2017-06-11' ) LIMIT 1   [ RunTime:0.000539s ]
SQL: INSERT INTO `caiji_record` (`comic_id`,`result`,`caiji_date`) VALUES (19,'{\"date\":\"2017-06-10\",\"name\":\"\\u5999\\u624b\\u5c0f\\u6751\\u533b\",\"populary\":\"5542.2\\u4e07\",\"grumble\":\"6819\",\"commentCount\":1284}','2017-06-11') [ RunTime:0.081871s ]
NOTIC: [2] unlink(./cookie.txt): No such file or directory D:\xampp\htdocs\caiji\Ads\Lib\Model\CaijiModel.class.php 第 106 行.
NOTIC: [8192] preg_replace(): The /e modifier is deprecated, use preg_replace_callback instead D:\xampp\htdocs\caiji\Lib\Core\Db.class.php 第 605 行.
SQL: SELECT * FROM `caiji_record` WHERE ( `comic_id` = 18 ) AND ( `caiji_date` = '2017-06-11' ) LIMIT 1   [ RunTime:0.000661s ]
SQL: INSERT INTO `caiji_record` (`comic_id`,`result`,`caiji_date`) VALUES (18,'{\"date\":\"2017-06-10\",\"name\":\"\\u9ed1\\u6267\\u4e8b\",\"populary\":\"4.97\\u4ebf\",\"grumble\":\"28.7\\u4e07\",\"commentCount\":46337}','2017-06-11') [ RunTime:0.053335s ]
NOTIC: [2] unlink(./cookie.txt): No such file or directory D:\xampp\htdocs\caiji\Ads\Lib\Model\CaijiModel.class.php 第 106 行.
NOTIC: [8192] preg_replace(): The /e modifier is deprecated, use preg_replace_callback instead D:\xampp\htdocs\caiji\Lib\Core\Db.class.php 第 605 行.
SQL: SELECT * FROM `caiji_record` WHERE ( `comic_id` = 17 ) AND ( `caiji_date` = '2017-06-11' ) LIMIT 1   [ RunTime:0.000571s ]
SQL: INSERT INTO `caiji_record` (`comic_id`,`result`,`caiji_date`) VALUES (17,'{\"date\":\"2017-06-10\",\"name\":\"\\u6597\\u7f57\\u5927\\u9646II\\u7edd\\u4e16\\u5510\\u95e8\",\"populary\":\"1.05\\u4ebf\",\"grumble\":\"2.1\\u4e07\",\"commentCount\":2676}','2017-06-11') [ RunTime:0.025155s ]
NOTIC: [2] unlink(./cookie.txt): No such file or directory D:\xampp\htdocs\caiji\Ads\Lib\Model\CaijiModel.class.php 第 106 行.
NOTIC: [8192] preg_replace(): The /e modifier is deprecated, use preg_replace_callback instead D:\xampp\htdocs\caiji\Lib\Core\Db.class.php 第 605 行.
SQL: SELECT * FROM `caiji_record` WHERE ( `comic_id` = 16 ) AND ( `caiji_date` = '2017-06-11' ) LIMIT 1   [ RunTime:0.000540s ]
SQL: INSERT INTO `caiji_record` (`comic_id`,`result`,`caiji_date`) VALUES (16,'{\"date\":\"2017-06-10\",\"name\":\"\\u6211\\u624d\\u4e0d\\u4f1a\\u88ab\\u5973\\u5b69\\u5b50\\u6b3a\\u8d1f\\u5462\",\"populary\":\"7.51\\u4ebf\",\"grumble\":\"10\\u4e07\",\"commentCount\":16211}','2017-06-11') [ RunTime:0.073396s ]
NOTIC: [2] unlink(./cookie.txt): No such file or directory D:\xampp\htdocs\caiji\Ads\Lib\Model\CaijiModel.class.php 第 106 行.
NOTIC: [8192] preg_replace(): The /e modifier is deprecated, use preg_replace_callback instead D:\xampp\htdocs\caiji\Lib\Core\Db.class.php 第 605 行.
SQL: SELECT * FROM `caiji_record` WHERE ( `comic_id` = 15 ) AND ( `caiji_date` = '2017-06-11' ) LIMIT 1   [ RunTime:0.000548s ]
SQL: INSERT INTO `caiji_record` (`comic_id`,`result`,`caiji_date`) VALUES (15,'{\"date\":\"2017-06-10\",\"name\":\"\\u6597\\u7834\\u82cd\\u7a79\",\"populary\":\"2.06\\u4ebf\",\"grumble\":\"2\\u4e07\",\"commentCount\":4893}','2017-06-11') [ RunTime:0.059981s ]
NOTIC: [2] unlink(./cookie.txt): No such file or directory D:\xampp\htdocs\caiji\Ads\Lib\Model\CaijiModel.class.php 第 106 行.
NOTIC: [8192] preg_replace(): The /e modifier is deprecated, use preg_replace_callback instead D:\xampp\htdocs\caiji\Lib\Core\Db.class.php 第 605 行.
SQL: SELECT * FROM `caiji_record` WHERE ( `comic_id` = 14 ) AND ( `caiji_date` = '2017-06-11' ) LIMIT 1   [ RunTime:0.000542s ]
SQL: INSERT INTO `caiji_record` (`comic_id`,`result`,`caiji_date`) VALUES (14,'{\"date\":\"2017-06-10\",\"name\":\"\\u65ad\\u8896\\u7687\\u4e0a\\u522b\\u78b0\\u6211\",\"populary\":\"3.5\\u4ebf\",\"grumble\":\"8.2\\u4e07\",\"commentCount\":20645}','2017-06-11') [ RunTime:0.050557s ]
NOTIC: [2] unlink(./cookie.txt): No such file or directory D:\xampp\htdocs\caiji\Ads\Lib\Model\CaijiModel.class.php 第 106 行.
NOTIC: [8192] preg_replace(): The /e modifier is deprecated, use preg_replace_callback instead D:\xampp\htdocs\caiji\Lib\Core\Db.class.php 第 605 行.
SQL: SELECT * FROM `caiji_record` WHERE ( `comic_id` = 13 ) AND ( `caiji_date` = '2017-06-11' ) LIMIT 1   [ RunTime:0.000605s ]
SQL: INSERT INTO `caiji_record` (`comic_id`,`result`,`caiji_date`) VALUES (13,'{\"date\":\"2017-06-10\",\"name\":\"\\u5929\\u624d\\u533b\\u4ed9\",\"populary\":\"5.54\\u4ebf\",\"grumble\":\"5.1\\u4e07\",\"commentCount\":9649}','2017-06-11') [ RunTime:0.055736s ]
NOTIC: [2] unlink(./cookie.txt): No such file or directory D:\xampp\htdocs\caiji\Ads\Lib\Model\CaijiModel.class.php 第 106 行.
NOTIC: [8192] preg_replace(): The /e modifier is deprecated, use preg_replace_callback instead D:\xampp\htdocs\caiji\Lib\Core\Db.class.php 第 605 行.
SQL: SELECT * FROM `caiji_record` WHERE ( `comic_id` = 12 ) AND ( `caiji_date` = '2017-06-11' ) LIMIT 1   [ RunTime:0.000777s ]
SQL: INSERT INTO `caiji_record` (`comic_id`,`result`,`caiji_date`) VALUES (12,'{\"date\":\"2017-06-10\",\"name\":\"\\u6740\\u624b\\u53e4\\u5fb7\",\"populary\":\"8.74\\u4ebf\",\"grumble\":\"18.9\\u4e07\",\"commentCount\":13576}','2017-06-11') [ RunTime:0.034469s ]
NOTIC: [2] unlink(./cookie.txt): No such file or directory D:\xampp\htdocs\caiji\Ads\Lib\Model\CaijiModel.class.php 第 106 行.
NOTIC: [8192] preg_replace(): The /e modifier is deprecated, use preg_replace_callback instead D:\xampp\htdocs\caiji\Lib\Core\Db.class.php 第 605 行.
SQL: SELECT * FROM `caiji_record` WHERE ( `comic_id` = 11 ) AND ( `caiji_date` = '2017-06-11' ) LIMIT 1   [ RunTime:0.000544s ]
SQL: INSERT INTO `caiji_record` (`comic_id`,`result`,`caiji_date`) VALUES (11,'{\"date\":\"2017-06-10\",\"name\":\"\\u5384\\u8fd0\\u4e4b\\u738b\",\"populary\":\"6637.5\\u4e07\",\"grumble\":\"9928\",\"commentCount\":1837}','2017-06-11') [ RunTime:0.025155s ]

[ 2017-06-10T02:36:58+08:00 ] 127.0.0.1 /index/export
NOTIC: 建议使用I方法替代_post
NOTIC: 建议使用I方法替代_post
NOTIC: 建议使用I方法替代_post
NOTIC: 建议使用I方法替代_post
NOTIC: 建议使用I方法替代_post
NOTIC: 建议使用I方法替代_post
NOTIC: 建议使用I方法替代_post
NOTIC: 建议使用I方法替代_post

[ 2017-06-10T17:27:52+08:00 ] 127.0.0.1 /index/addComic
INFO: [ app_begin ] --START--
INFO: ReadHtmlCache Behavior ::run [ RunTime:0.001313s ]
INFO: [ app_begin ] --END-- [ RunTime:0.001413s ]
NOTIC: 建议使用I方法替代_post
NOTIC: 建议使用I方法替代_post
NOTIC: 建议使用I方法替代_post
NOTIC: [8192] mysql_connect(): The mysql extension is deprecated and will be removed in the future: use mysqli or PDO instead D:\xampp\htdocs\caiji\Lib\Driver\Db\DbMysql.class.php 第 55 行.
SQL: SHOW COLUMNS FROM `comics` [ RunTime:0.015815s ]
NOTIC: [8] Undefined offset: 3 D:\xampp\htdocs\caiji\Lib\Core\Model.class.php 第 907 行.
SQL: INSERT INTO `comics` (`name`,`url`,`type`,`is_del`,`create_at`,`update_at`) VALUES ('卡尔·怀特','http://td-stat.sosobook.cn/mangainfo.php?mid=216842',3,0,'2017-06-10 17:27:51','2017-06-10 17:27:51') [ RunTime:0.110135s ]

[ 2017-06-10T17:28:04+08:00 ] 127.0.0.1 /index/addComic
INFO: [ app_begin ] --START--
INFO: ReadHtmlCache Behavior ::run [ RunTime:0.000678s ]
INFO: [ app_begin ] --END-- [ RunTime:0.000740s ]
NOTIC: 建议使用I方法替代_post
NOTIC: 建议使用I方法替代_post
NOTIC: 建议使用I方法替代_post
NOTIC: [8192] mysql_connect(): The mysql extension is deprecated and will be removed in the future: use mysqli or PDO instead D:\xampp\htdocs\caiji\Lib\Driver\Db\DbMysql.class.php 第 55 行.
SQL: SHOW COLUMNS FROM `comics` [ RunTime:0.003231s ]
NOTIC: [8] Undefined offset: 3 D:\xampp\htdocs\caiji\Lib\Core\Model.class.php 第 907 行.
SQL: INSERT INTO `comics` (`name`,`url`,`type`,`is_del`,`create_at`,`update_at`) VALUES ('重症隔离','http://td-stat.sosobook.cn/mangainfo.php?mid=217205',3,0,'2017-06-10 17:28:04','2017-06-10 17:28:04') [ RunTime:0.042446s ]

[ 2017-06-10T17:28:19+08:00 ] 127.0.0.1 /index/addComic
INFO: [ app_begin ] --START--
INFO: ReadHtmlCache Behavior ::run [ RunTime:0.000681s ]
INFO: [ app_begin ] --END-- [ RunTime:0.000752s ]
NOTIC: 建议使用I方法替代_post
NOTIC: 建议使用I方法替代_post
NOTIC: 建议使用I方法替代_post
NOTIC: [8192] mysql_connect(): The mysql extension is deprecated and will be removed in the future: use mysqli or PDO instead D:\xampp\htdocs\caiji\Lib\Driver\Db\DbMysql.class.php 第 55 行.
SQL: SHOW COLUMNS FROM `comics` [ RunTime:0.003303s ]
NOTIC: [8] Undefined offset: 3 D:\xampp\htdocs\caiji\Lib\Core\Model.class.php 第 907 行.
SQL: INSERT INTO `comics` (`name`,`url`,`type`,`is_del`,`create_at`,`update_at`) VALUES ('幻游仙侠','http://td-stat.sosobook.cn/mangainfo.php?mid=217300',3,0,'2017-06-10 17:28:19','2017-06-10 17:28:19') [ RunTime:0.055581s ]

[ 2017-06-10T17:28:43+08:00 ] 127.0.0.1 /index/addComic
INFO: [ app_begin ] --START--
INFO: ReadHtmlCache Behavior ::run [ RunTime:0.000761s ]
INFO: [ app_begin ] --END-- [ RunTime:0.000830s ]
NOTIC: 建议使用I方法替代_post
NOTIC: 建议使用I方法替代_post
NOTIC: 建议使用I方法替代_post
NOTIC: [8192] mysql_connect(): The mysql extension is deprecated and will be removed in the future: use mysqli or PDO instead D:\xampp\htdocs\caiji\Lib\Driver\Db\DbMysql.class.php 第 55 行.
SQL: SHOW COLUMNS FROM `comics` [ RunTime:0.003467s ]
NOTIC: [8] Undefined offset: 3 D:\xampp\htdocs\caiji\Lib\Core\Model.class.php 第 907 行.
SQL: INSERT INTO `comics` (`name`,`url`,`type`,`is_del`,`create_at`,`update_at`) VALUES ('我的朋友不是人','http://td-stat.sosobook.cn/mangainfo.php?mid=217388',3,0,'2017-06-10 17:28:43','2017-06-10 17:28:43') [ RunTime:0.060962s ]

[ 2017-06-10T17:28:51+08:00 ] 127.0.0.1 /index/addComic
INFO: [ app_begin ] --START--
INFO: ReadHtmlCache Behavior ::run [ RunTime:0.000880s ]
INFO: [ app_begin ] --END-- [ RunTime:0.000953s ]
NOTIC: 建议使用I方法替代_post
NOTIC: 建议使用I方法替代_post
NOTIC: 建议使用I方法替代_post
NOTIC: [8192] mysql_connect(): The mysql extension is deprecated and will be removed in the future: use mysqli or PDO instead D:\xampp\htdocs\caiji\Lib\Driver\Db\DbMysql.class.php 第 55 行.
SQL: SHOW COLUMNS FROM `comics` [ RunTime:0.002990s ]
NOTIC: [8] Undefined offset: 3 D:\xampp\htdocs\caiji\Lib\Core\Model.class.php 第 907 行.
SQL: INSERT INTO `comics` (`name`,`url`,`type`,`is_del`,`create_at`,`update_at`) VALUES ('平蛋的娃娃','http://td-stat.sosobook.cn/mangainfo.php?mid=217438',3,0,'2017-06-10 17:28:51','2017-06-10 17:28:51') [ RunTime:0.023897s ]

[ 2017-06-10T17:29:05+08:00 ] 127.0.0.1 /index/addComic
INFO: [ app_begin ] --START--
INFO: ReadHtmlCache Behavior ::run [ RunTime:0.000670s ]
INFO: [ app_begin ] --END-- [ RunTime:0.000738s ]
NOTIC: 建议使用I方法替代_post
NOTIC: 建议使用I方法替代_post
NOTIC: 建议使用I方法替代_post
NOTIC: [8192] mysql_connect(): The mysql extension is deprecated and will be removed in the future: use mysqli or PDO instead D:\xampp\htdocs\caiji\Lib\Driver\Db\DbMysql.class.php 第 55 行.
SQL: SHOW COLUMNS FROM `comics` [ RunTime:0.003378s ]
NOTIC: [8] Undefined offset: 3 D:\xampp\htdocs\caiji\Lib\Core\Model.class.php 第 907 行.
SQL: INSERT INTO `comics` (`name`,`url`,`type`,`is_del`,`create_at`,`update_at`) VALUES ('TIMO','http://td-stat.sosobook.cn/mangainfo.php?mid=217485',3,0,'2017-06-10 17:29:05','2017-06-10 17:29:05') [ RunTime:0.036808s ]

[ 2017-06-10T17:29:27+08:00 ] 127.0.0.1 /index/addComic
INFO: [ app_begin ] --START--
INFO: ReadHtmlCache Behavior ::run [ RunTime:0.000824s ]
INFO: [ app_begin ] --END-- [ RunTime:0.000911s ]
NOTIC: 建议使用I方法替代_post
NOTIC: 建议使用I方法替代_post
NOTIC: 建议使用I方法替代_post
NOTIC: [8192] mysql_connect(): The mysql extension is deprecated and will be removed in the future: use mysqli or PDO instead D:\xampp\htdocs\caiji\Lib\Driver\Db\DbMysql.class.php 第 55 行.
SQL: SHOW COLUMNS FROM `comics` [ RunTime:0.003351s ]
NOTIC: [8] Undefined offset: 3 D:\xampp\htdocs\caiji\Lib\Core\Model.class.php 第 907 行.
SQL: INSERT INTO `comics` (`name`,`url`,`type`,`is_del`,`create_at`,`update_at`) VALUES ('可触摸的恋人','http://td-stat.sosobook.cn/mangainfo.php?mid=217644',3,0,'2017-06-10 17:29:26','2017-06-10 17:29:26') [ RunTime:0.070647s ]

[ 2017-06-10T17:29:42+08:00 ] 127.0.0.1 /index/addComic
INFO: [ app_begin ] --START--
INFO: ReadHtmlCache Behavior ::run [ RunTime:0.000742s ]
INFO: [ app_begin ] --END-- [ RunTime:0.000813s ]
NOTIC: 建议使用I方法替代_post
NOTIC: 建议使用I方法替代_post
NOTIC: 建议使用I方法替代_post
NOTIC: [8192] mysql_connect(): The mysql extension is deprecated and will be removed in the future: use mysqli or PDO instead D:\xampp\htdocs\caiji\Lib\Driver\Db\DbMysql.class.php 第 55 行.
SQL: SHOW COLUMNS FROM `comics` [ RunTime:0.002746s ]
NOTIC: [8] Undefined offset: 3 D:\xampp\htdocs\caiji\Lib\Core\Model.class.php 第 907 行.
SQL: INSERT INTO `comics` (`name`,`url`,`type`,`is_del`,`create_at`,`update_at`) VALUES ('404区','http://td-stat.sosobook.cn/mangainfo.php?mid=217717',3,0,'2017-06-10 17:29:42','2017-06-10 17:29:42') [ RunTime:0.040644s ]

[ 2017-06-10T17:30:03+08:00 ] 127.0.0.1 /index/addComic
INFO: [ app_begin ] --START--
INFO: ReadHtmlCache Behavior ::run [ RunTime:0.000687s ]
INFO: [ app_begin ] --END-- [ RunTime:0.000754s ]
NOTIC: 建议使用I方法替代_post
NOTIC: 建议使用I方法替代_post
NOTIC: 建议使用I方法替代_post
NOTIC: [8192] mysql_connect(): The mysql extension is deprecated and will be removed in the future: use mysqli or PDO instead D:\xampp\htdocs\caiji\Lib\Driver\Db\DbMysql.class.php 第 55 行.
SQL: SHOW COLUMNS FROM `comics` [ RunTime:0.002892s ]
NOTIC: [8] Undefined offset: 3 D:\xampp\htdocs\caiji\Lib\Core\Model.class.php 第 907 行.
SQL: INSERT INTO `comics` (`name`,`url`,`type`,`is_del`,`create_at`,`update_at`) VALUES ('猫老板','http://td-stat.sosobook.cn/mangainfo.php?mid=217768',3,0,'2017-06-10 17:30:03','2017-06-10 17:30:03') [ RunTime:0.077063s ]

[ 2017-06-10T17:30:17+08:00 ] 127.0.0.1 /index/addComic
INFO: [ app_begin ] --START--
INFO: ReadHtmlCache Behavior ::run [ RunTime:0.000711s ]
INFO: [ app_begin ] --END-- [ RunTime:0.000789s ]
NOTIC: 建议使用I方法替代_post
NOTIC: 建议使用I方法替代_post
NOTIC: 建议使用I方法替代_post
NOTIC: [8192] mysql_connect(): The mysql extension is deprecated and will be removed in the future: use mysqli or PDO instead D:\xampp\htdocs\caiji\Lib\Driver\Db\DbMysql.class.php 第 55 行.
SQL: SHOW COLUMNS FROM `comics` [ RunTime:0.003082s ]
NOTIC: [8] Undefined offset: 3 D:\xampp\htdocs\caiji\Lib\Core\Model.class.php 第 907 行.
SQL: INSERT INTO `comics` (`name`,`url`,`type`,`is_del`,`create_at`,`update_at`) VALUES ('月隐神','http://td-stat.sosobook.cn/mangainfo.php?mid=217783',3,0,'2017-06-10 17:30:17','2017-06-10 17:30:17') [ RunTime:0.040886s ]

[ 2017-06-10T17:30:51+08:00 ] 127.0.0.1 /index/caijibukaimg
INFO: [ app_begin ] --START--
INFO: ReadHtmlCache Behavior ::run [ RunTime:0.000745s ]
INFO: [ app_begin ] --END-- [ RunTime:0.000821s ]

[ 2017-06-10T17:33:01+08:00 ] 127.0.0.1 /index/caijibukaimg
INFO: [ app_begin ] --START--
INFO: ReadHtmlCache Behavior ::run [ RunTime:0.000808s ]
INFO: [ app_begin ] --END-- [ RunTime:0.000884s ]

[ 2017-06-10T17:33:45+08:00 ] 127.0.0.1 /index/caijibukaimg
INFO: [ app_begin ] --START--
INFO: ReadHtmlCache Behavior ::run [ RunTime:0.000892s ]
INFO: [ app_begin ] --END-- [ RunTime:0.000976s ]

[ 2017-06-10T17:34:09+08:00 ] 127.0.0.1 /index/caijibukaimg
INFO: [ app_begin ] --START--
INFO: ReadHtmlCache Behavior ::run [ RunTime:0.000736s ]
INFO: [ app_begin ] --END-- [ RunTime:0.000811s ]

[ 2017-06-10T17:35:20+08:00 ] 127.0.0.1 /index/caijibukaimg
INFO: [ app_begin ] --START--
INFO: ReadHtmlCache Behavior ::run [ RunTime:0.000712s ]
INFO: [ app_begin ] --END-- [ RunTime:0.000783s ]

[ 2017-06-10T17:35:39+08:00 ] 127.0.0.1 /index/caijibukaimg
INFO: [ app_begin ] --START--
INFO: ReadHtmlCache Behavior ::run [ RunTime:0.000807s ]
INFO: [ app_begin ] --END-- [ RunTime:0.000885s ]

[ 2017-06-10T17:36:21+08:00 ] 127.0.0.1 /index/caijibukaimg
INFO: [ app_begin ] --START--
INFO: ReadHtmlCache Behavior ::run [ RunTime:0.000919s ]
INFO: [ app_begin ] --END-- [ RunTime:0.000997s ]

[ 2017-06-10T17:37:39+08:00 ] 127.0.0.1 /index/caijibukaimg
INFO: [ app_begin ] --START--
INFO: ReadHtmlCache Behavior ::run [ RunTime:0.000819s ]
INFO: [ app_begin ] --END-- [ RunTime:0.000896s ]

[ 2017-06-10T17:39:00+08:00 ] 127.0.0.1 /index/caijibukaimg
INFO: [ app_begin ] --START--
INFO: ReadHtmlCache Behavior ::run [ RunTime:0.000708s ]
INFO: [ app_begin ] --END-- [ RunTime:0.000775s ]

[ 2017-06-10T17:39:20+08:00 ] 127.0.0.1 /index/caijibukaimg
INFO: [ app_begin ] --START--
INFO: ReadHtmlCache Behavior ::run [ RunTime:0.000714s ]
INFO: [ app_begin ] --END-- [ RunTime:0.000785s ]

[ 2017-06-10T17:40:25+08:00 ] 127.0.0.1 /index/caijibukaimg
INFO: [ app_begin ] --START--
INFO: ReadHtmlCache Behavior ::run [ RunTime:0.000921s ]
INFO: [ app_begin ] --END-- [ RunTime:0.000999s ]

[ 2017-06-10T17:40:48+08:00 ] 127.0.0.1 /index/caijibukaimg
INFO: [ app_begin ] --START--
INFO: ReadHtmlCache Behavior ::run [ RunTime:0.000807s ]
INFO: [ app_begin ] --END-- [ RunTime:0.000880s ]

[ 2017-06-10T17:41:04+08:00 ] 127.0.0.1 /index/caijibukaimg
INFO: [ app_begin ] --START--
INFO: ReadHtmlCache Behavior ::run [ RunTime:0.000716s ]
INFO: [ app_begin ] --END-- [ RunTime:0.000789s ]

[ 2017-06-10T17:41:23+08:00 ] 127.0.0.1 /index/caijibukaimg
INFO: [ app_begin ] --START--
INFO: ReadHtmlCache Behavior ::run [ RunTime:0.000786s ]
INFO: [ app_begin ] --END-- [ RunTime:0.000871s ]

[ 2017-06-10T17:41:45+08:00 ] 127.0.0.1 /index/caijibukaimg
INFO: [ app_begin ] --START--
INFO: ReadHtmlCache Behavior ::run [ RunTime:0.000703s ]
INFO: [ app_begin ] --END-- [ RunTime:0.000776s ]

[ 2017-06-10T17:42:08+08:00 ] 127.0.0.1 /index/caijibukaimg
INFO: [ app_begin ] --START--
INFO: ReadHtmlCache Behavior ::run [ RunTime:0.000869s ]
INFO: [ app_begin ] --END-- [ RunTime:0.000944s ]

[ 2017-06-10T17:42:21+08:00 ] 127.0.0.1 /index/caijibukaimg
INFO: [ app_begin ] --START--
INFO: ReadHtmlCache Behavior ::run [ RunTime:0.000692s ]
INFO: [ app_begin ] --END-- [ RunTime:0.000759s ]

[ 2017-06-10T17:42:50+08:00 ] 127.0.0.1 /index/caijibukaimg
INFO: [ app_begin ] --START--
INFO: ReadHtmlCache Behavior ::run [ RunTime:0.000764s ]
INFO: [ app_begin ] --END-- [ RunTime:0.000844s ]

[ 2017-06-10T17:43:18+08:00 ] 127.0.0.1 /index/caijibukaimg
INFO: [ app_begin ] --START--
INFO: ReadHtmlCache Behavior ::run [ RunTime:0.000974s ]
INFO: [ app_begin ] --END-- [ RunTime:0.001050s ]

[ 2017-06-10T17:44:58+08:00 ] 127.0.0.1 /index/caijibukaimg
INFO: [ app_begin ] --START--
INFO: ReadHtmlCache Behavior ::run [ RunTime:0.000753s ]
INFO: [ app_begin ] --END-- [ RunTime:0.000827s ]

[ 2017-06-10T17:45:56+08:00 ] 127.0.0.1 /index/caijibukaimg
INFO: [ app_begin ] --START--
INFO: ReadHtmlCache Behavior ::run [ RunTime:0.000726s ]
INFO: [ app_begin ] --END-- [ RunTime:0.000801s ]

[ 2017-06-10T17:46:20+08:00 ] 127.0.0.1 /index/caijibukaimg
INFO: [ app_begin ] --START--
INFO: ReadHtmlCache Behavior ::run [ RunTime:0.000713s ]
INFO: [ app_begin ] --END-- [ RunTime:0.000780s ]

[ 2017-06-10T17:46:44+08:00 ] 127.0.0.1 /index/caijibukaimg
INFO: [ app_begin ] --START--
INFO: ReadHtmlCache Behavior ::run [ RunTime:0.000958s ]
INFO: [ app_begin ] --END-- [ RunTime:0.001041s ]

[ 2017-06-10T17:46:54+08:00 ] 127.0.0.1 /index/caijibukaimg
INFO: [ app_begin ] --START--
INFO: ReadHtmlCache Behavior ::run [ RunTime:0.000725s ]
INFO: [ app_begin ] --END-- [ RunTime:0.000796s ]

[ 2017-06-10T17:47:04+08:00 ] 127.0.0.1 /index/caijibukaimg
INFO: [ app_begin ] --START--
INFO: ReadHtmlCache Behavior ::run [ RunTime:0.000836s ]
INFO: [ app_begin ] --END-- [ RunTime:0.000920s ]

[ 2017-06-10T17:47:22+08:00 ] 127.0.0.1 /index/caijibukaimg
INFO: [ app_begin ] --START--
INFO: ReadHtmlCache Behavior ::run [ RunTime:0.000731s ]
INFO: [ app_begin ] --END-- [ RunTime:0.000803s ]

[ 2017-06-10T17:47:36+08:00 ] 127.0.0.1 /index/caijibukaimg
INFO: [ app_begin ] --START--
INFO: ReadHtmlCache Behavior ::run [ RunTime:0.000732s ]
INFO: [ app_begin ] --END-- [ RunTime:0.000803s ]

[ 2017-06-10T18:06:10+08:00 ] 127.0.0.1 /index/caijibukaimg
INFO: [ app_begin ] --START--
INFO: ReadHtmlCache Behavior ::run [ RunTime:0.000858s ]
INFO: [ app_begin ] --END-- [ RunTime:0.000951s ]

[ 2017-06-10T18:06:37+08:00 ] 127.0.0.1 /index/caijibukaimg
INFO: [ app_begin ] --START--
INFO: ReadHtmlCache Behavior ::run [ RunTime:0.000783s ]
INFO: [ app_begin ] --END-- [ RunTime:0.000855s ]

[ 2017-06-10T18:07:11+08:00 ] 127.0.0.1 /index/caijibukaimg
INFO: [ app_begin ] --START--
INFO: ReadHtmlCache Behavior ::run [ RunTime:0.000806s ]
INFO: [ app_begin ] --END-- [ RunTime:0.000891s ]

[ 2017-06-10T18:13:52+08:00 ] 127.0.0.1 /index/caijibukaimg
INFO: [ app_begin ] --START--
INFO: ReadHtmlCache Behavior ::run [ RunTime:0.000841s ]
INFO: [ app_begin ] --END-- [ RunTime:0.001094s ]

[ 2017-06-10T18:13:55+08:00 ] 127.0.0.1 /index/caijibukaimg
INFO: [ app_begin ] --START--
INFO: ReadHtmlCache Behavior ::run [ RunTime:0.000723s ]
INFO: [ app_begin ] --END-- [ RunTime:0.000796s ]

[ 2017-06-10T18:14:13+08:00 ] 127.0.0.1 /index/caijibukaimg
INFO: [ app_begin ] --START--
INFO: ReadHtmlCache Behavior ::run [ RunTime:0.000753s ]
INFO: [ app_begin ] --END-- [ RunTime:0.000820s ]

[ 2017-06-10T18:14:25+08:00 ] 127.0.0.1 /index/caijibukaimg
INFO: [ app_begin ] --START--
INFO: ReadHtmlCache Behavior ::run [ RunTime:0.000688s ]
INFO: [ app_begin ] --END-- [ RunTime:0.000756s ]

[ 2017-06-10T18:15:42+08:00 ] 127.0.0.1 /index/caijibukaimg
INFO: [ app_begin ] --START--
INFO: ReadHtmlCache Behavior ::run [ RunTime:0.000954s ]
INFO: [ app_begin ] --END-- [ RunTime:0.001036s ]

[ 2017-06-10T18:15:44+08:00 ] 127.0.0.1 /index/caijibukaimg
INFO: [ app_begin ] --START--
INFO: ReadHtmlCache Behavior ::run [ RunTime:0.000704s ]
INFO: [ app_begin ] --END-- [ RunTime:0.000777s ]

[ 2017-06-10T18:15:46+08:00 ] 127.0.0.1 /index/caijibukaimg
INFO: [ app_begin ] --START--
INFO: ReadHtmlCache Behavior ::run [ RunTime:0.000857s ]
INFO: [ app_begin ] --END-- [ RunTime:0.000940s ]

[ 2017-06-10T18:15:48+08:00 ] 127.0.0.1 /index/caijibukaimg
INFO: [ app_begin ] --START--
INFO: ReadHtmlCache Behavior ::run [ RunTime:0.000774s ]
INFO: [ app_begin ] --END-- [ RunTime:0.000848s ]

[ 2017-06-10T18:15:50+08:00 ] 127.0.0.1 /index/caijibukaimg
INFO: [ app_begin ] --START--
INFO: ReadHtmlCache Behavior ::run [ RunTime:0.000868s ]
INFO: [ app_begin ] --END-- [ RunTime:0.000953s ]

[ 2017-06-10T18:16:38+08:00 ] 127.0.0.1 /index/caijibukaimg
INFO: [ app_begin ] --START--
INFO: ReadHtmlCache Behavior ::run [ RunTime:0.000890s ]
INFO: [ app_begin ] --END-- [ RunTime:0.000985s ]

[ 2017-06-10T18:16:39+08:00 ] 127.0.0.1 /index/caijibukaimg
INFO: [ app_begin ] --START--
INFO: ReadHtmlCache Behavior ::run [ RunTime:0.000829s ]
INFO: [ app_begin ] --END-- [ RunTime:0.000928s ]

[ 2017-06-10T18:16:40+08:00 ] 127.0.0.1 /index/caijibukaimg
INFO: [ app_begin ] --START--
INFO: ReadHtmlCache Behavior ::run [ RunTime:0.000820s ]
INFO: [ app_begin ] --END-- [ RunTime:0.000892s ]

[ 2017-06-10T18:16:41+08:00 ] 127.0.0.1 /index/caijibukaimg
INFO: [ app_begin ] --START--
INFO: ReadHtmlCache Behavior ::run [ RunTime:0.001042s ]
INFO: [ app_begin ] --END-- [ RunTime:0.001125s ]

[ 2017-06-10T18:16:42+08:00 ] 127.0.0.1 /index/caijibukaimg
INFO: [ app_begin ] --START--
INFO: ReadHtmlCache Behavior ::run [ RunTime:0.001029s ]
INFO: [ app_begin ] --END-- [ RunTime:0.001113s ]

[ 2017-06-10T18:16:43+08:00 ] 127.0.0.1 /index/caijibukaimg
INFO: [ app_begin ] --START--
INFO: ReadHtmlCache Behavior ::run [ RunTime:0.000728s ]
INFO: [ app_begin ] --END-- [ RunTime:0.000800s ]

[ 2017-06-10T18:16:45+08:00 ] 127.0.0.1 /index/caijibukaimg
INFO: [ app_begin ] --START--
INFO: ReadHtmlCache Behavior ::run [ RunTime:0.000905s ]
INFO: [ app_begin ] --END-- [ RunTime:0.000996s ]

[ 2017-06-10T18:16:47+08:00 ] 127.0.0.1 /index/caijibukaimg
INFO: [ app_begin ] --START--
INFO: ReadHtmlCache Behavior ::run [ RunTime:0.000975s ]
INFO: [ app_begin ] --END-- [ RunTime:0.001068s ]

[ 2017-06-10T18:17:09+08:00 ] 127.0.0.1 /index/caijibukaimg
INFO: [ app_begin ] --START--
INFO: ReadHtmlCache Behavior ::run [ RunTime:0.000752s ]
INFO: [ app_begin ] --END-- [ RunTime:0.000826s ]

[ 2017-06-10T18:17:10+08:00 ] 127.0.0.1 /index/caijibukaimg
INFO: [ app_begin ] --START--
INFO: ReadHtmlCache Behavior ::run [ RunTime:0.000774s ]
INFO: [ app_begin ] --END-- [ RunTime:0.000851s ]

[ 2017-06-10T18:17:12+08:00 ] 127.0.0.1 /index/caijibukaimg
INFO: [ app_begin ] --START--
INFO: ReadHtmlCache Behavior ::run [ RunTime:0.001025s ]
INFO: [ app_begin ] --END-- [ RunTime:0.001162s ]

[ 2017-06-10T18:17:12+08:00 ] 127.0.0.1 /index/caijibukaimg
INFO: [ app_begin ] --START--
INFO: ReadHtmlCache Behavior ::run [ RunTime:0.000708s ]
INFO: [ app_begin ] --END-- [ RunTime:0.000784s ]

[ 2017-06-10T18:17:13+08:00 ] 127.0.0.1 /index/caijibukaimg
INFO: [ app_begin ] --START--
INFO: ReadHtmlCache Behavior ::run [ RunTime:0.000788s ]
INFO: [ app_begin ] --END-- [ RunTime:0.000862s ]

[ 2017-06-10T18:17:15+08:00 ] 127.0.0.1 /index/caijibukaimg
INFO: [ app_begin ] --START--
INFO: ReadHtmlCache Behavior ::run [ RunTime:0.000804s ]
INFO: [ app_begin ] --END-- [ RunTime:0.000890s ]

[ 2017-06-10T18:17:15+08:00 ] 127.0.0.1 /index/caijibukaimg
INFO: [ app_begin ] --START--
INFO: ReadHtmlCache Behavior ::run [ RunTime:0.000826s ]
INFO: [ app_begin ] --END-- [ RunTime:0.000902s ]

[ 2017-06-10T18:17:16+08:00 ] 127.0.0.1 /index/caijibukaimg
INFO: [ app_begin ] --START--
INFO: ReadHtmlCache Behavior ::run [ RunTime:0.000884s ]
INFO: [ app_begin ] --END-- [ RunTime:0.001090s ]

[ 2017-06-10T18:17:17+08:00 ] 127.0.0.1 /index/caijibukaimg
INFO: [ app_begin ] --START--
INFO: ReadHtmlCache Behavior ::run [ RunTime:0.000904s ]
INFO: [ app_begin ] --END-- [ RunTime:0.000983s ]

[ 2017-06-10T18:17:18+08:00 ] 127.0.0.1 /index/caijibukaimg
INFO: [ app_begin ] --START--
INFO: ReadHtmlCache Behavior ::run [ RunTime:0.000763s ]
INFO: [ app_begin ] --END-- [ RunTime:0.000843s ]

[ 2017-06-10T18:17:19+08:00 ] 127.0.0.1 /index/caijibukaimg
INFO: [ app_begin ] --START--
INFO: ReadHtmlCache Behavior ::run [ RunTime:0.000863s ]
INFO: [ app_begin ] --END-- [ RunTime:0.000950s ]

[ 2017-06-10T18:17:19+08:00 ] 127.0.0.1 /index/caijibukaimg
INFO: [ app_begin ] --START--
INFO: ReadHtmlCache Behavior ::run [ RunTime:0.000913s ]
INFO: [ app_begin ] --END-- [ RunTime:0.000998s ]

[ 2017-06-10T18:54:38+08:00 ] 127.0.0.1 /index/caijibukaimg
INFO: [ app_begin ] --START--
INFO: ReadHtmlCache Behavior ::run [ RunTime:0.000876s ]
INFO: [ app_begin ] --END-- [ RunTime:0.000956s ]

[ 2017-06-10T18:54:44+08:00 ] 127.0.0.1 /index/caijibukaVerify
INFO: [ app_begin ] --START--
INFO: ReadHtmlCache Behavior ::run [ RunTime:0.000788s ]
INFO: [ app_begin ] --END-- [ RunTime:0.000862s ]
NOTIC: 建议使用I方法替代_post

[ 2017-06-10T18:54:51+08:00 ] 127.0.0.1 /index/caijibukaimg
INFO: [ app_begin ] --START--
INFO: ReadHtmlCache Behavior ::run [ RunTime:0.000773s ]
INFO: [ app_begin ] --END-- [ RunTime:0.000849s ]

[ 2017-06-10T18:54:56+08:00 ] 127.0.0.1 /index/caijibukaVerify
INFO: [ app_begin ] --START--
INFO: ReadHtmlCache Behavior ::run [ RunTime:0.000815s ]
INFO: [ app_begin ] --END-- [ RunTime:0.000900s ]
NOTIC: 建议使用I方法替代_post

[ 2017-06-10T18:57:35+08:00 ] 127.0.0.1 /index/caijibukaimg
INFO: [ app_begin ] --START--
INFO: ReadHtmlCache Behavior ::run [ RunTime:0.000917s ]
INFO: [ app_begin ] --END-- [ RunTime:0.001001s ]

[ 2017-06-10T18:57:40+08:00 ] 127.0.0.1 /index/caijibukaVerify
INFO: [ app_begin ] --START--
INFO: ReadHtmlCache Behavior ::run [ RunTime:0.000874s ]
INFO: [ app_begin ] --END-- [ RunTime:0.000979s ]
NOTIC: 建议使用I方法替代_post

[ 2017-06-10T18:57:45+08:00 ] 127.0.0.1 /index/caijibukaVerify
INFO: [ app_begin ] --START--
INFO: ReadHtmlCache Behavior ::run [ RunTime:0.000855s ]
INFO: [ app_begin ] --END-- [ RunTime:0.000943s ]
NOTIC: 建议使用I方法替代_post

[ 2017-06-10T18:58:55+08:00 ] 127.0.0.1 /index/caijibukaimg
INFO: [ app_begin ] --START--
INFO: ReadHtmlCache Behavior ::run [ RunTime:0.000897s ]
INFO: [ app_begin ] --END-- [ RunTime:0.001023s ]

[ 2017-06-10T18:59:01+08:00 ] 127.0.0.1 /index/caijibukaVerify
INFO: [ app_begin ] --START--
INFO: ReadHtmlCache Behavior ::run [ RunTime:0.000767s ]
INFO: [ app_begin ] --END-- [ RunTime:0.000845s ]
NOTIC: 建议使用I方法替代_post
NOTIC: [8] Undefined offset: 0 D:\xampp\htdocs\caiji\Ads\Lib\Action\IndexAction.class.php 第 555 行.

[ 2017-06-10T19:00:08+08:00 ] 127.0.0.1 /index/caijibukaimg
INFO: [ app_begin ] --START--
INFO: ReadHtmlCache Behavior ::run [ RunTime:0.000787s ]
INFO: [ app_begin ] --END-- [ RunTime:0.000868s ]

[ 2017-06-10T19:00:13+08:00 ] 127.0.0.1 /index/caijibukaVerify
INFO: [ app_begin ] --START--
INFO: ReadHtmlCache Behavior ::run [ RunTime:0.000900s ]
INFO: [ app_begin ] --END-- [ RunTime:0.000982s ]
NOTIC: 建议使用I方法替代_post
NOTIC: [8] Undefined offset: 0 D:\xampp\htdocs\caiji\Ads\Lib\Action\IndexAction.class.php 第 555 行.
NOTIC: [8] Undefined variable: cookie D:\xampp\htdocs\caiji\Ads\Lib\Action\IndexAction.class.php 第 584 行.
NOTIC: [2] unlink(): Invalid argument D:\xampp\htdocs\caiji\Ads\Lib\Action\IndexAction.class.php 第 584 行.

[ 2017-06-10T19:01:37+08:00 ] 127.0.0.1 /index/caijibukaimg
INFO: [ app_begin ] --START--
INFO: ReadHtmlCache Behavior ::run [ RunTime:0.000848s ]
INFO: [ app_begin ] --END-- [ RunTime:0.000925s ]

[ 2017-06-10T19:01:42+08:00 ] 127.0.0.1 /index/caijibukaVerify
INFO: [ app_begin ] --START--
INFO: ReadHtmlCache Behavior ::run [ RunTime:0.000760s ]
INFO: [ app_begin ] --END-- [ RunTime:0.000840s ]
NOTIC: 建议使用I方法替代_post

[ 2017-06-10T19:02:34+08:00 ] 127.0.0.1 /index/caijibukaVerify
INFO: [ app_begin ] --START--
INFO: ReadHtmlCache Behavior ::run [ RunTime:0.000773s ]
INFO: [ app_begin ] --END-- [ RunTime:0.000843s ]

[ 2017-06-10T19:08:17+08:00 ] 127.0.0.1 /index/caijibukaimg
INFO: [ app_begin ] --START--
INFO: ReadHtmlCache Behavior ::run [ RunTime:0.000833s ]
INFO: [ app_begin ] --END-- [ RunTime:0.000917s ]

[ 2017-06-10T19:08:25+08:00 ] 127.0.0.1 /index/caijibukaVerify
INFO: [ app_begin ] --START--
INFO: ReadHtmlCache Behavior ::run [ RunTime:0.000808s ]
INFO: [ app_begin ] --END-- [ RunTime:0.000888s ]
NOTIC: 建议使用I方法替代_post

[ 2017-06-10T19:09:01+08:00 ] 127.0.0.1 /index/caijibukaimg
INFO: [ app_begin ] --START--
INFO: ReadHtmlCache Behavior ::run [ RunTime:0.000759s ]
INFO: [ app_begin ] --END-- [ RunTime:0.000845s ]

[ 2017-06-10T19:09:15+08:00 ] 127.0.0.1 /index/caijibukaVerify
INFO: [ app_begin ] --START--
INFO: ReadHtmlCache Behavior ::run [ RunTime:0.000987s ]
INFO: [ app_begin ] --END-- [ RunTime:0.001075s ]
NOTIC: 建议使用I方法替代_post
NOTIC: [8] Undefined variable: cookie D:\xampp\htdocs\caiji\Ads\Lib\Action\IndexAction.class.php 第 585 行.
NOTIC: [2] unlink(): Invalid argument D:\xampp\htdocs\caiji\Ads\Lib\Action\IndexAction.class.php 第 585 行.

[ 2017-06-10T21:05:30+08:00 ] 127.0.0.1 /index/caijibukaimg
INFO: [ app_begin ] --START--
INFO: ReadHtmlCache Behavior ::run [ RunTime:0.000941s ]
INFO: [ app_begin ] --END-- [ RunTime:0.001030s ]

[ 2017-06-10T21:51:23+08:00 ] 127.0.0.1 /index/caijibukaimg
INFO: [ app_begin ] --START--
INFO: ReadHtmlCache Behavior ::run [ RunTime:0.000777s ]
INFO: [ app_begin ] --END-- [ RunTime:0.000847s ]

[ 2017-06-10T21:51:35+08:00 ] 127.0.0.1 /index/caijibukaVerify
INFO: [ app_begin ] --START--
INFO: ReadHtmlCache Behavior ::run [ RunTime:0.000697s ]
INFO: [ app_begin ] --END-- [ RunTime:0.000764s ]
NOTIC: 建议使用I方法替代_post

[ 2017-06-10T21:56:13+08:00 ] 127.0.0.1 /index/caijibukaimg
INFO: [ app_begin ] --START--
INFO: ReadHtmlCache Behavior ::run [ RunTime:0.000864s ]
INFO: [ app_begin ] --END-- [ RunTime:0.000943s ]

[ 2017-06-10T21:56:17+08:00 ] 127.0.0.1 /index/caijibukaVerify
INFO: [ app_begin ] --START--
INFO: ReadHtmlCache Behavior ::run [ RunTime:0.000856s ]
INFO: [ app_begin ] --END-- [ RunTime:0.000936s ]
NOTIC: [8192] mysql_connect(): The mysql extension is deprecated and will be removed in the future: use mysqli or PDO instead D:\xampp\htdocs\caiji\Lib\Driver\Db\DbMysql.class.php 第 55 行.
SQL: SHOW COLUMNS FROM `comics` [ RunTime:0.016859s ]
NOTIC: [8192] preg_replace(): The /e modifier is deprecated, use preg_replace_callback instead D:\xampp\htdocs\caiji\Lib\Core\Db.class.php 第 605 行.
SQL: SELECT * FROM `comics` WHERE ( `is_del`='0' AND `type`='1'  ) ORDER BY `id` DESC  [ RunTime:0.000690s ]
NOTIC: 建议使用I方法替代_post

[ 2017-06-10T21:56:38+08:00 ] 127.0.0.1 /index/caijibukaimg
INFO: [ app_begin ] --START--
INFO: ReadHtmlCache Behavior ::run [ RunTime:0.000707s ]
INFO: [ app_begin ] --END-- [ RunTime:0.000772s ]

[ 2017-06-10T21:56:40+08:00 ] 127.0.0.1 /index/caijibukaVerify
INFO: [ app_begin ] --START--
INFO: ReadHtmlCache Behavior ::run [ RunTime:0.000936s ]
INFO: [ app_begin ] --END-- [ RunTime:0.001018s ]
NOTIC: [8192] mysql_connect(): The mysql extension is deprecated and will be removed in the future: use mysqli or PDO instead D:\xampp\htdocs\caiji\Lib\Driver\Db\DbMysql.class.php 第 55 行.
SQL: SHOW COLUMNS FROM `comics` [ RunTime:0.014976s ]
NOTIC: [8192] preg_replace(): The /e modifier is deprecated, use preg_replace_callback instead D:\xampp\htdocs\caiji\Lib\Core\Db.class.php 第 605 行.
SQL: SELECT * FROM `comics` WHERE ( `is_del`='0' AND `type`='1'  ) ORDER BY `id` DESC  [ RunTime:0.000624s ]
NOTIC: 建议使用I方法替代_post

[ 2017-06-10T23:24:34+08:00 ] 127.0.0.1 /index/caijibukaimg
INFO: [ app_begin ] --START--
INFO: ReadHtmlCache Behavior ::run [ RunTime:0.000843s ]
INFO: [ app_begin ] --END-- [ RunTime:0.000922s ]

[ 2017-06-10T23:24:43+08:00 ] 127.0.0.1 /index/caijibukaVerify
INFO: [ app_begin ] --START--
INFO: ReadHtmlCache Behavior ::run [ RunTime:0.000737s ]
INFO: [ app_begin ] --END-- [ RunTime:0.000806s ]
ERR: 非法操作:caijibukaverify

[ 2017-06-10T23:25:29+08:00 ] 127.0.0.1 /index/caijibukaimg
INFO: [ app_begin ] --START--
INFO: ReadHtmlCache Behavior ::run [ RunTime:0.000962s ]
INFO: [ app_begin ] --END-- [ RunTime:0.001044s ]

[ 2017-06-10T23:25:36+08:00 ] 127.0.0.1 /index/caijibuka
INFO: [ app_begin ] --START--
INFO: ReadHtmlCache Behavior ::run [ RunTime:0.000774s ]
INFO: [ app_begin ] --END-- [ RunTime:0.000847s ]
NOTIC: [8192] mysql_connect(): The mysql extension is deprecated and will be removed in the future: use mysqli or PDO instead D:\xampp\htdocs\caiji\Lib\Driver\Db\DbMysql.class.php 第 55 行.
SQL: SHOW COLUMNS FROM `comics` [ RunTime:0.016864s ]
NOTIC: [8192] preg_replace(): The /e modifier is deprecated, use preg_replace_callback instead D:\xampp\htdocs\caiji\Lib\Core\Db.class.php 第 605 行.
SQL: SELECT * FROM `comics` WHERE ( `is_del`='0' AND `type`='1'  ) ORDER BY `id` DESC  [ RunTime:0.000653s ]
NOTIC: 建议使用I方法替代_post

[ 2017-06-10T23:31:26+08:00 ] 127.0.0.1 /index/caijibukaimg
INFO: [ app_begin ] --START--
INFO: ReadHtmlCache Behavior ::run [ RunTime:0.001379s ]
INFO: [ app_begin ] --END-- [ RunTime:0.001467s ]

[ 2017-06-10T23:31:29+08:00 ] 127.0.0.1 /index/caijibuka
INFO: [ app_begin ] --START--
INFO: ReadHtmlCache Behavior ::run [ RunTime:0.001040s ]
INFO: [ app_begin ] --END-- [ RunTime:0.001138s ]
NOTIC: [8192] mysql_connect(): The mysql extension is deprecated and will be removed in the future: use mysqli or PDO instead D:\xampp\htdocs\caiji\Lib\Driver\Db\DbMysql.class.php 第 55 行.
SQL: SHOW COLUMNS FROM `comics` [ RunTime:0.014817s ]
NOTIC: [8192] preg_replace(): The /e modifier is deprecated, use preg_replace_callback instead D:\xampp\htdocs\caiji\Lib\Core\Db.class.php 第 605 行.
SQL: SELECT * FROM `comics` WHERE ( `is_del`='0' AND `type`='3'  ) ORDER BY `id` DESC  [ RunTime:0.000739s ]
NOTIC: 建议使用I方法替代_post

[ 2017-06-10T23:31:40+08:00 ] 127.0.0.1 /index/caijibuka
INFO: [ app_begin ] --START--
INFO: ReadHtmlCache Behavior ::run [ RunTime:0.000705s ]
INFO: [ app_begin ] --END-- [ RunTime:0.000772s ]
NOTIC: [8192] mysql_connect(): The mysql extension is deprecated and will be removed in the future: use mysqli or PDO instead D:\xampp\htdocs\caiji\Lib\Driver\Db\DbMysql.class.php 第 55 行.
SQL: SHOW COLUMNS FROM `comics` [ RunTime:0.015490s ]
NOTIC: [8192] preg_replace(): The /e modifier is deprecated, use preg_replace_callback instead D:\xampp\htdocs\caiji\Lib\Core\Db.class.php 第 605 行.
SQL: SELECT * FROM `comics` WHERE ( `is_del`='0' AND `type`='3'  ) ORDER BY `id` DESC  [ RunTime:0.000644s ]
NOTIC: 建议使用I方法替代_post

[ 2017-06-10T23:31:47+08:00 ] 127.0.0.1 /index/caijibukaimg
INFO: [ app_begin ] --START--
INFO: ReadHtmlCache Behavior ::run [ RunTime:0.000809s ]
INFO: [ app_begin ] --END-- [ RunTime:0.000889s ]

[ 2017-06-10T23:31:51+08:00 ] 127.0.0.1 /index/caijibuka
INFO: [ app_begin ] --START--
INFO: ReadHtmlCache Behavior ::run [ RunTime:0.000848s ]
INFO: [ app_begin ] --END-- [ RunTime:0.000931s ]
NOTIC: [8192] mysql_connect(): The mysql extension is deprecated and will be removed in the future: use mysqli or PDO instead D:\xampp\htdocs\caiji\Lib\Driver\Db\DbMysql.class.php 第 55 行.
SQL: SHOW COLUMNS FROM `comics` [ RunTime:0.016557s ]
NOTIC: [8192] preg_replace(): The /e modifier is deprecated, use preg_replace_callback instead D:\xampp\htdocs\caiji\Lib\Core\Db.class.php 第 605 行.
SQL: SELECT * FROM `comics` WHERE ( `is_del`='0' AND `type`='3'  ) ORDER BY `id` DESC  [ RunTime:0.000654s ]
NOTIC: 建议使用I方法替代_post

[ 2017-06-10T23:31:59+08:00 ] 127.0.0.1 /index/caijibuka
INFO: [ app_begin ] --START--
INFO: ReadHtmlCache Behavior ::run [ RunTime:0.000865s ]
INFO: [ app_begin ] --END-- [ RunTime:0.000947s ]
NOTIC: [8192] mysql_connect(): The mysql extension is deprecated and will be removed in the future: use mysqli or PDO instead D:\xampp\htdocs\caiji\Lib\Driver\Db\DbMysql.class.php 第 55 行.
SQL: SHOW COLUMNS FROM `comics` [ RunTime:0.015843s ]
NOTIC: [8192] preg_replace(): The /e modifier is deprecated, use preg_replace_callback instead D:\xampp\htdocs\caiji\Lib\Core\Db.class.php 第 605 行.
SQL: SELECT * FROM `comics` WHERE ( `is_del`='0' AND `type`='3'  ) ORDER BY `id` DESC  [ RunTime:0.000664s ]
NOTIC: 建议使用I方法替代_post

[ 2017-06-10T23:33:05+08:00 ] 127.0.0.1 /index/caijibuka
INFO: [ app_begin ] --START--
INFO: ReadHtmlCache Behavior ::run [ RunTime:0.001003s ]
INFO: [ app_begin ] --END-- [ RunTime:0.001126s ]
NOTIC: [8192] mysql_connect(): The mysql extension is deprecated and will be removed in the future: use mysqli or PDO instead D:\xampp\htdocs\caiji\Lib\Driver\Db\DbMysql.class.php 第 55 行.
SQL: SHOW COLUMNS FROM `comics` [ RunTime:0.014791s ]
NOTIC: [8192] preg_replace(): The /e modifier is deprecated, use preg_replace_callback instead D:\xampp\htdocs\caiji\Lib\Core\Db.class.php 第 605 行.
SQL: SELECT * FROM `comics` WHERE ( `is_del`='0' AND `type`='3'  ) ORDER BY `id` DESC  [ RunTime:0.000626s ]
NOTIC: 建议使用I方法替代_post

[ 2017-06-10T23:33:12+08:00 ] 127.0.0.1 /index/caijibuka
INFO: [ app_begin ] --START--
INFO: ReadHtmlCache Behavior ::run [ RunTime:0.001157s ]
INFO: [ app_begin ] --END-- [ RunTime:0.001229s ]
NOTIC: [8192] mysql_connect(): The mysql extension is deprecated and will be removed in the future: use mysqli or PDO instead D:\xampp\htdocs\caiji\Lib\Driver\Db\DbMysql.class.php 第 55 行.
SQL: SHOW COLUMNS FROM `comics` [ RunTime:0.015860s ]
NOTIC: [8192] preg_replace(): The /e modifier is deprecated, use preg_replace_callback instead D:\xampp\htdocs\caiji\Lib\Core\Db.class.php 第 605 行.
SQL: SELECT * FROM `comics` WHERE ( `is_del`='0' AND `type`='3'  ) ORDER BY `id` DESC  [ RunTime:0.000626s ]
NOTIC: 建议使用I方法替代_post

[ 2017-06-10T23:33:32+08:00 ] 127.0.0.1 /index/caijibukaimg
INFO: [ app_begin ] --START--
INFO: ReadHtmlCache Behavior ::run [ RunTime:0.000789s ]
INFO: [ app_begin ] --END-- [ RunTime:0.000865s ]

[ 2017-06-10T23:33:39+08:00 ] 127.0.0.1 /index/caijibuka
INFO: [ app_begin ] --START--
INFO: ReadHtmlCache Behavior ::run [ RunTime:0.000683s ]
INFO: [ app_begin ] --END-- [ RunTime:0.000748s ]
NOTIC: [8192] mysql_connect(): The mysql extension is deprecated and will be removed in the future: use mysqli or PDO instead D:\xampp\htdocs\caiji\Lib\Driver\Db\DbMysql.class.php 第 55 行.
SQL: SHOW COLUMNS FROM `comics` [ RunTime:0.022739s ]
NOTIC: [8192] preg_replace(): The /e modifier is deprecated, use preg_replace_callback instead D:\xampp\htdocs\caiji\Lib\Core\Db.class.php 第 605 行.
SQL: SELECT * FROM `comics` WHERE ( `is_del`='0' AND `type`='3'  ) ORDER BY `id` DESC  [ RunTime:0.000808s ]
NOTIC: 建议使用I方法替代_post

[ 2017-06-10T23:34:10+08:00 ] 127.0.0.1 /index/caijibukaimg
INFO: [ app_begin ] --START--
INFO: ReadHtmlCache Behavior ::run [ RunTime:0.001060s ]
INFO: [ app_begin ] --END-- [ RunTime:0.001191s ]

[ 2017-06-10T23:34:45+08:00 ] 127.0.0.1 /index/caijibuka
INFO: [ app_begin ] --START--
INFO: ReadHtmlCache Behavior ::run [ RunTime:0.000790s ]
INFO: [ app_begin ] --END-- [ RunTime:0.000870s ]
NOTIC: [8192] mysql_connect(): The mysql extension is deprecated and will be removed in the future: use mysqli or PDO instead D:\xampp\htdocs\caiji\Lib\Driver\Db\DbMysql.class.php 第 55 行.
SQL: SHOW COLUMNS FROM `comics` [ RunTime:0.020909s ]
NOTIC: [8192] preg_replace(): The /e modifier is deprecated, use preg_replace_callback instead D:\xampp\htdocs\caiji\Lib\Core\Db.class.php 第 605 行.
SQL: SELECT * FROM `comics` WHERE ( `is_del`='0' AND `type`='3'  ) ORDER BY `id` DESC  [ RunTime:0.000671s ]
NOTIC: 建议使用I方法替代_post
SQL: SHOW COLUMNS FROM `caiji_record` [ RunTime:0.015968s ]
NOTIC: [8192] preg_replace(): The /e modifier is deprecated, use preg_replace_callback instead D:\xampp\htdocs\caiji\Lib\Core\Db.class.php 第 605 行.
SQL: SELECT * FROM `caiji_record` WHERE ( `comic_id` = 29 ) AND ( `caiji_date` = '2017-06-11' ) LIMIT 1   [ RunTime:0.015337s ]
SQL: INSERT INTO `caiji_record` (`comic_id`,`result`,`caiji_date`) VALUES (29,'{\"date\":\"2017-06-10\",\"name\":\"\\u6708\\u9690\\u795e\",\"attension\":\"29.89\\u4e07\",\"strenghth\":\"1.58\\u4ebf\"}','2017-06-11') [ RunTime:0.047360s ]
NOTIC: [8192] preg_replace(): The /e modifier is deprecated, use preg_replace_callback instead D:\xampp\htdocs\caiji\Lib\Core\Db.class.php 第 605 行.
SQL: SELECT * FROM `caiji_record` WHERE ( `comic_id` = 28 ) AND ( `caiji_date` = '2017-06-11' ) LIMIT 1   [ RunTime:0.000549s ]
SQL: INSERT INTO `caiji_record` (`comic_id`,`result`,`caiji_date`) VALUES (28,'{\"date\":\"2017-06-10\",\"name\":\"\\u732b\\u8001\\u677f\",\"attension\":\"4.5\\u4e07\",\"strenghth\":\"1510.36\\u4e07\"}','2017-06-11') [ RunTime:0.097775s ]
NOTIC: [8192] preg_replace(): The /e modifier is deprecated, use preg_replace_callback instead D:\xampp\htdocs\caiji\Lib\Core\Db.class.php 第 605 行.
SQL: SELECT * FROM `caiji_record` WHERE ( `comic_id` = 27 ) AND ( `caiji_date` = '2017-06-11' ) LIMIT 1   [ RunTime:0.000617s ]
SQL: INSERT INTO `caiji_record` (`comic_id`,`result`,`caiji_date`) VALUES (27,'{\"date\":\"2017-06-10\",\"name\":\"404\\u533a\",\"attension\":\"3.84\\u4e07\",\"strenghth\":\"976.62\\u4e07\"}','2017-06-11') [ RunTime:0.057489s ]

[ 2017-06-10T23:37:02+08:00 ] 127.0.0.1 /index/caijibukaimg
INFO: [ app_begin ] --START--
INFO: ReadHtmlCache Behavior ::run [ RunTime:0.000815s ]
INFO: [ app_begin ] --END-- [ RunTime:0.000898s ]

[ 2017-06-10T23:39:35+08:00 ] 127.0.0.1 /index/caijibuka
INFO: [ app_begin ] --START--
INFO: ReadHtmlCache Behavior ::run [ RunTime:0.000845s ]
INFO: [ app_begin ] --END-- [ RunTime:0.000929s ]
NOTIC: [8192] mysql_connect(): The mysql extension is deprecated and will be removed in the future: use mysqli or PDO instead D:\xampp\htdocs\caiji\Lib\Driver\Db\DbMysql.class.php 第 55 行.
SQL: SHOW COLUMNS FROM `comics` [ RunTime:0.019426s ]
NOTIC: [8192] preg_replace(): The /e modifier is deprecated, use preg_replace_callback instead D:\xampp\htdocs\caiji\Lib\Core\Db.class.php 第 605 行.
SQL: SELECT * FROM `comics` WHERE ( `is_del`='0' AND `type`='3'  ) ORDER BY `id` DESC  [ RunTime:0.000695s ]
NOTIC: 建议使用I方法替代_post
SQL: SHOW COLUMNS FROM `caiji_record` [ RunTime:0.013564s ]
NOTIC: [8192] preg_replace(): The /e modifier is deprecated, use preg_replace_callback instead D:\xampp\htdocs\caiji\Lib\Core\Db.class.php 第 605 行.
SQL: SELECT * FROM `caiji_record` WHERE ( `comic_id` = 29 ) AND ( `caiji_date` = '2017-06-11' ) LIMIT 1   [ RunTime:0.016608s ]
SQL: UPDATE `caiji_record` SET `result`='{\"date\":\"2017-06-10\",\"name\":\"\\u6708\\u9690\\u795e\",\"attension\":\"29.89\\u4e07\",\"strenghth\":\"1.58\\u4ebf\"}' WHERE ( `comic_id` = 29 ) AND ( `caiji_date` = '2017-06-11' ) [ RunTime:0.055680s ]
NOTIC: [8192] preg_replace(): The /e modifier is deprecated, use preg_replace_callback instead D:\xampp\htdocs\caiji\Lib\Core\Db.class.php 第 605 行.
SQL: SELECT * FROM `caiji_record` WHERE ( `comic_id` = 28 ) AND ( `caiji_date` = '2017-06-11' ) LIMIT 1   [ RunTime:0.000556s ]
SQL: UPDATE `caiji_record` SET `result`='{\"date\":\"2017-06-10\",\"name\":\"\\u732b\\u8001\\u677f\",\"attension\":\"4.5\\u4e07\",\"strenghth\":\"1510.36\\u4e07\"}' WHERE ( `comic_id` = 28 ) AND ( `caiji_date` = '2017-06-11' ) [ RunTime:0.058033s ]
NOTIC: [8192] preg_replace(): The /e modifier is deprecated, use preg_replace_callback instead D:\xampp\htdocs\caiji\Lib\Core\Db.class.php 第 605 行.
SQL: SELECT * FROM `caiji_record` WHERE ( `comic_id` = 27 ) AND ( `caiji_date` = '2017-06-11' ) LIMIT 1   [ RunTime:0.000602s ]
SQL: UPDATE `caiji_record` SET `result`='{\"date\":\"2017-06-10\",\"name\":\"404\\u533a\",\"attension\":\"3.84\\u4e07\",\"strenghth\":\"976.62\\u4e07\"}' WHERE ( `comic_id` = 27 ) AND ( `caiji_date` = '2017-06-11' ) [ RunTime:0.129874s ]
NOTIC: [8192] preg_replace(): The /e modifier is deprecated, use preg_replace_callback instead D:\xampp\htdocs\caiji\Lib\Core\Db.class.php 第 605 行.
SQL: SELECT * FROM `caiji_record` WHERE ( `comic_id` = 26 ) AND ( `caiji_date` = '2017-06-11' ) LIMIT 1   [ RunTime:0.000545s ]
SQL: INSERT INTO `caiji_record` (`comic_id`,`result`,`caiji_date`) VALUES (26,'{\"date\":\"2017-06-10\",\"name\":\"\\u53ef\\u89e6\\u6478\\u7684\\u604b\\u4eba\",\"attension\":\"33.89\\u4e07\",\"strenghth\":\"2.66\\u4ebf\"}','2017-06-11') [ RunTime:0.081915s ]
NOTIC: [8192] preg_replace(): The /e modifier is deprecated, use preg_replace_callback instead D:\xampp\htdocs\caiji\Lib\Core\Db.class.php 第 605 行.
SQL: SELECT * FROM `caiji_record` WHERE ( `comic_id` = 25 ) AND ( `caiji_date` = '2017-06-11' ) LIMIT 1   [ RunTime:0.000550s ]
SQL: INSERT INTO `caiji_record` (`comic_id`,`result`,`caiji_date`) VALUES (25,'{\"date\":\"2017-06-10\",\"name\":\"TIMO\",\"attension\":\"3.56\\u4e07\",\"strenghth\":\"1080.81\\u4e07\"}','2017-06-11') [ RunTime:0.042677s ]
NOTIC: [8192] preg_replace(): The /e modifier is deprecated, use preg_replace_callback instead D:\xampp\htdocs\caiji\Lib\Core\Db.class.php 第 605 行.
SQL: SELECT * FROM `caiji_record` WHERE ( `comic_id` = 24 ) AND ( `caiji_date` = '2017-06-11' ) LIMIT 1   [ RunTime:0.000573s ]
SQL: INSERT INTO `caiji_record` (`comic_id`,`result`,`caiji_date`) VALUES (24,'{\"date\":\"2017-06-10\",\"name\":\"\\u5e73\\u86cb\\u7684\\u5a03\\u5a03\",\"attension\":\"34.8\\u4e07\",\"strenghth\":\"3.8\\u4ebf\"}','2017-06-11') [ RunTime:0.047607s ]
NOTIC: [8192] preg_replace(): The /e modifier is deprecated, use preg_replace_callback instead D:\xampp\htdocs\caiji\Lib\Core\Db.class.php 第 605 行.
SQL: SELECT * FROM `caiji_record` WHERE ( `comic_id` = 23 ) AND ( `caiji_date` = '2017-06-11' ) LIMIT 1   [ RunTime:0.000583s ]
SQL: INSERT INTO `caiji_record` (`comic_id`,`result`,`caiji_date`) VALUES (23,'{\"date\":\"2017-06-10\",\"name\":\"\\u6211\\u7684\\u670b\\u53cb\\u4e0d\\u662f\\u4eba\",\"attension\":\"23.85\\u4e07\",\"strenghth\":\"1.18\\u4ebf\"}','2017-06-11') [ RunTime:0.050554s ]
NOTIC: [8192] preg_replace(): The /e modifier is deprecated, use preg_replace_callback instead D:\xampp\htdocs\caiji\Lib\Core\Db.class.php 第 605 行.
SQL: SELECT * FROM `caiji_record` WHERE ( `comic_id` = 22 ) AND ( `caiji_date` = '2017-06-11' ) LIMIT 1   [ RunTime:0.000544s ]
SQL: INSERT INTO `caiji_record` (`comic_id`,`result`,`caiji_date`) VALUES (22,'{\"date\":\"2017-06-10\",\"name\":\"\\u5e7b\\u6e38\\u4ed9\\u4fa0\",\"attension\":\"6.89\\u4e07\",\"strenghth\":\"1636.56\\u4e07\"}','2017-06-11') [ RunTime:0.059677s ]
NOTIC: [8192] preg_replace(): The /e modifier is deprecated, use preg_replace_callback instead D:\xampp\htdocs\caiji\Lib\Core\Db.class.php 第 605 行.
SQL: SELECT * FROM `caiji_record` WHERE ( `comic_id` = 21 ) AND ( `caiji_date` = '2017-06-11' ) LIMIT 1   [ RunTime:0.000545s ]
SQL: INSERT INTO `caiji_record` (`comic_id`,`result`,`caiji_date`) VALUES (21,'{\"date\":\"2017-06-10\",\"name\":\"\\u91cd\\u75c7\\u9694\\u79bb\",\"attension\":\"12.46\\u4e07\",\"strenghth\":\"3319.37\\u4e07\"}','2017-06-11') [ RunTime:0.052090s ]
NOTIC: [8192] preg_replace(): The /e modifier is deprecated, use preg_replace_callback instead D:\xampp\htdocs\caiji\Lib\Core\Db.class.php 第 605 行.
SQL: SELECT * FROM `caiji_record` WHERE ( `comic_id` = 20 ) AND ( `caiji_date` = '2017-06-11' ) LIMIT 1   [ RunTime:0.000546s ]
SQL: INSERT INTO `caiji_record` (`comic_id`,`result`,`caiji_date`) VALUES (20,'{\"date\":\"2017-06-10\",\"name\":\"\\u5361\\u5c14\\u00b7\\u6000\\u7279\",\"attension\":\"18.33\\u4e07\",\"strenghth\":\"6854.48\\u4e07\"}','2017-06-11') [ RunTime:0.058019s ]
NOTIC: [2] unlink(./cookie.txt): No such file or directory D:\xampp\htdocs\caiji\Ads\Lib\Model\CaijiModel.class.php 第 107 行.

