[ 2017-07-11T09:50:41+08:00 ] 171.212.220.143 /index/login
NOTIC: 建议使用I方法替代_post
NOTIC: 建议使用I方法替代_post

[ 2017-07-11T09:50:49+08:00 ] 171.212.220.143 /index/checkProgress/0.08731356691101011
INFO: [ app_begin ] --START--
INFO: ReadHtmlCache Behavior ::run [ RunTime:0.000246s ]
INFO: [ app_begin ] --END-- [ RunTime:0.000281s ]
NOTIC: 建议使用I方法替代_post
NOTIC: [8192] mysql_connect(): The mysql extension is deprecated and will be removed in the future: use mysqli or PDO instead /www/web/dt_pxtar_com/public_html/caiji/Lib/Driver/Db/DbMysql.class.php 第 55 行.
SQL: SHOW COLUMNS FROM `comics` [ RunTime:0.000706s ]
NOTIC: [8192] preg_replace(): The /e modifier is deprecated, use preg_replace_callback instead /www/web/dt_pxtar_com/public_html/caiji/Lib/Core/Db.class.php 第 605 行.
SQL: SELECT count(*) as num FROM `comics` WHERE ( `is_del`='0' AND `type`='1' AND `status`='0'  ) LIMIT 1   [ RunTime:0.000468s ]
NOTIC: [8192] preg_replace(): The /e modifier is deprecated, use preg_replace_callback instead /www/web/dt_pxtar_com/public_html/caiji/Lib/Core/Db.class.php 第 605 行.
SQL: SELECT count(*) as num FROM `comics` WHERE ( `is_del`='0' AND `type`='1' AND `status`='1'  ) LIMIT 1   [ RunTime:0.000380s ]
NOTIC: [8192] preg_replace(): The /e modifier is deprecated, use preg_replace_callback instead /www/web/dt_pxtar_com/public_html/caiji/Lib/Core/Db.class.php 第 605 行.
SQL: SELECT count(*) as num FROM `comics` WHERE ( `is_del`='0' AND `type`='1' AND `status`='2'  ) LIMIT 1   [ RunTime:0.000331s ]

[ 2017-07-11T09:50:50+08:00 ] 171.212.220.143 /index/checkProgress/0.6224064506669669
INFO: [ app_begin ] --START--
INFO: ReadHtmlCache Behavior ::run [ RunTime:0.000271s ]
INFO: [ app_begin ] --END-- [ RunTime:0.000323s ]
NOTIC: 建议使用I方法替代_post
NOTIC: [8192] mysql_connect(): The mysql extension is deprecated and will be removed in the future: use mysqli or PDO instead /www/web/dt_pxtar_com/public_html/caiji/Lib/Driver/Db/DbMysql.class.php 第 55 行.
SQL: SHOW COLUMNS FROM `comics` [ RunTime:0.000690s ]
NOTIC: [8192] preg_replace(): The /e modifier is deprecated, use preg_replace_callback instead /www/web/dt_pxtar_com/public_html/caiji/Lib/Core/Db.class.php 第 605 行.
SQL: SELECT count(*) as num FROM `comics` WHERE ( `is_del`='0' AND `type`='1' AND `status`='0'  ) LIMIT 1   [ RunTime:0.000367s ]
NOTIC: [8192] preg_replace(): The /e modifier is deprecated, use preg_replace_callback instead /www/web/dt_pxtar_com/public_html/caiji/Lib/Core/Db.class.php 第 605 行.
SQL: SELECT count(*) as num FROM `comics` WHERE ( `is_del`='0' AND `type`='1' AND `status`='1'  ) LIMIT 1   [ RunTime:0.000361s ]
NOTIC: [8192] preg_replace(): The /e modifier is deprecated, use preg_replace_callback instead /www/web/dt_pxtar_com/public_html/caiji/Lib/Core/Db.class.php 第 605 行.
SQL: SELECT count(*) as num FROM `comics` WHERE ( `is_del`='0' AND `type`='1' AND `status`='2'  ) LIMIT 1   [ RunTime:0.000330s ]

[ 2017-07-11T09:50:52+08:00 ] 171.212.220.143 /index/checkProgress/0.241459884766974
INFO: [ app_begin ] --START--
INFO: ReadHtmlCache Behavior ::run [ RunTime:0.000383s ]
INFO: [ app_begin ] --END-- [ RunTime:0.000435s ]
NOTIC: 建议使用I方法替代_post
NOTIC: [8192] mysql_connect(): The mysql extension is deprecated and will be removed in the future: use mysqli or PDO instead /www/web/dt_pxtar_com/public_html/caiji/Lib/Driver/Db/DbMysql.class.php 第 55 行.
SQL: SHOW COLUMNS FROM `comics` [ RunTime:0.000682s ]
NOTIC: [8192] preg_replace(): The /e modifier is deprecated, use preg_replace_callback instead /www/web/dt_pxtar_com/public_html/caiji/Lib/Core/Db.class.php 第 605 行.
SQL: SELECT count(*) as num FROM `comics` WHERE ( `is_del`='0' AND `type`='1' AND `status`='0'  ) LIMIT 1   [ RunTime:0.000447s ]
NOTIC: [8192] preg_replace(): The /e modifier is deprecated, use preg_replace_callback instead /www/web/dt_pxtar_com/public_html/caiji/Lib/Core/Db.class.php 第 605 行.
SQL: SELECT count(*) as num FROM `comics` WHERE ( `is_del`='0' AND `type`='1' AND `status`='1'  ) LIMIT 1   [ RunTime:0.000366s ]
NOTIC: [8192] preg_replace(): The /e modifier is deprecated, use preg_replace_callback instead /www/web/dt_pxtar_com/public_html/caiji/Lib/Core/Db.class.php 第 605 行.
SQL: SELECT count(*) as num FROM `comics` WHERE ( `is_del`='0' AND `type`='1' AND `status`='2'  ) LIMIT 1   [ RunTime:0.000308s ]

[ 2017-07-11T09:50:55+08:00 ] 171.212.220.143 /index/checkProgress/0.4786166705161463
INFO: [ app_begin ] --START--
INFO: ReadHtmlCache Behavior ::run [ RunTime:0.000269s ]
INFO: [ app_begin ] --END-- [ RunTime:0.000307s ]
NOTIC: 建议使用I方法替代_post
NOTIC: [8192] mysql_connect(): The mysql extension is deprecated and will be removed in the future: use mysqli or PDO instead /www/web/dt_pxtar_com/public_html/caiji/Lib/Driver/Db/DbMysql.class.php 第 55 行.
SQL: SHOW COLUMNS FROM `comics` [ RunTime:0.000727s ]
NOTIC: [8192] preg_replace(): The /e modifier is deprecated, use preg_replace_callback instead /www/web/dt_pxtar_com/public_html/caiji/Lib/Core/Db.class.php 第 605 行.
SQL: SELECT count(*) as num FROM `comics` WHERE ( `is_del`='0' AND `type`='1' AND `status`='0'  ) LIMIT 1   [ RunTime:0.000418s ]
NOTIC: [8192] preg_replace(): The /e modifier is deprecated, use preg_replace_callback instead /www/web/dt_pxtar_com/public_html/caiji/Lib/Core/Db.class.php 第 605 行.
SQL: SELECT count(*) as num FROM `comics` WHERE ( `is_del`='0' AND `type`='1' AND `status`='1'  ) LIMIT 1   [ RunTime:0.000372s ]
NOTIC: [8192] preg_replace(): The /e modifier is deprecated, use preg_replace_callback instead /www/web/dt_pxtar_com/public_html/caiji/Lib/Core/Db.class.php 第 605 行.
SQL: SELECT count(*) as num FROM `comics` WHERE ( `is_del`='0' AND `type`='1' AND `status`='2'  ) LIMIT 1   [ RunTime:0.000339s ]

[ 2017-07-11T09:50:57+08:00 ] 171.212.220.143 /index/checkProgress/0.6002639039484963
INFO: [ app_begin ] --START--
INFO: ReadHtmlCache Behavior ::run [ RunTime:0.000324s ]
INFO: [ app_begin ] --END-- [ RunTime:0.000365s ]
NOTIC: 建议使用I方法替代_post
NOTIC: [8192] mysql_connect(): The mysql extension is deprecated and will be removed in the future: use mysqli or PDO instead /www/web/dt_pxtar_com/public_html/caiji/Lib/Driver/Db/DbMysql.class.php 第 55 行.
SQL: SHOW COLUMNS FROM `comics` [ RunTime:0.000671s ]
NOTIC: [8192] preg_replace(): The /e modifier is deprecated, use preg_replace_callback instead /www/web/dt_pxtar_com/public_html/caiji/Lib/Core/Db.class.php 第 605 行.
SQL: SELECT count(*) as num FROM `comics` WHERE ( `is_del`='0' AND `type`='1' AND `status`='0'  ) LIMIT 1   [ RunTime:0.000409s ]
NOTIC: [8192] preg_replace(): The /e modifier is deprecated, use preg_replace_callback instead /www/web/dt_pxtar_com/public_html/caiji/Lib/Core/Db.class.php 第 605 行.
SQL: SELECT count(*) as num FROM `comics` WHERE ( `is_del`='0' AND `type`='1' AND `status`='1'  ) LIMIT 1   [ RunTime:0.000383s ]
NOTIC: [8192] preg_replace(): The /e modifier is deprecated, use preg_replace_callback instead /www/web/dt_pxtar_com/public_html/caiji/Lib/Core/Db.class.php 第 605 行.
SQL: SELECT count(*) as num FROM `comics` WHERE ( `is_del`='0' AND `type`='1' AND `status`='2'  ) LIMIT 1   [ RunTime:0.000296s ]

[ 2017-07-11T09:50:59+08:00 ] 171.212.220.143 /index/checkProgress/0.10783302378843418
INFO: [ app_begin ] --START--
INFO: ReadHtmlCache Behavior ::run [ RunTime:0.000295s ]
INFO: [ app_begin ] --END-- [ RunTime:0.000335s ]
NOTIC: 建议使用I方法替代_post
NOTIC: [8192] mysql_connect(): The mysql extension is deprecated and will be removed in the future: use mysqli or PDO instead /www/web/dt_pxtar_com/public_html/caiji/Lib/Driver/Db/DbMysql.class.php 第 55 行.
SQL: SHOW COLUMNS FROM `comics` [ RunTime:0.000690s ]
NOTIC: [8192] preg_replace(): The /e modifier is deprecated, use preg_replace_callback instead /www/web/dt_pxtar_com/public_html/caiji/Lib/Core/Db.class.php 第 605 行.
SQL: SELECT count(*) as num FROM `comics` WHERE ( `is_del`='0' AND `type`='1' AND `status`='0'  ) LIMIT 1   [ RunTime:0.000336s ]
NOTIC: [8192] preg_replace(): The /e modifier is deprecated, use preg_replace_callback instead /www/web/dt_pxtar_com/public_html/caiji/Lib/Core/Db.class.php 第 605 行.
SQL: SELECT count(*) as num FROM `comics` WHERE ( `is_del`='0' AND `type`='1' AND `status`='1'  ) LIMIT 1   [ RunTime:0.000328s ]
NOTIC: [8192] preg_replace(): The /e modifier is deprecated, use preg_replace_callback instead /www/web/dt_pxtar_com/public_html/caiji/Lib/Core/Db.class.php 第 605 行.
SQL: SELECT count(*) as num FROM `comics` WHERE ( `is_del`='0' AND `type`='1' AND `status`='2'  ) LIMIT 1   [ RunTime:0.000314s ]

[ 2017-07-11T09:51:01+08:00 ] 171.212.220.143 /index/caijiqq
INFO: [ app_begin ] --START--
INFO: ReadHtmlCache Behavior ::run [ RunTime:0.000273s ]
INFO: [ app_begin ] --END-- [ RunTime:0.000308s ]
NOTIC: [8192] mysql_connect(): The mysql extension is deprecated and will be removed in the future: use mysqli or PDO instead /www/web/dt_pxtar_com/public_html/caiji/Lib/Driver/Db/DbMysql.class.php 第 55 行.
SQL: SHOW COLUMNS FROM `comics` [ RunTime:0.000716s ]
NOTIC: [8192] preg_replace(): The /e modifier is deprecated, use preg_replace_callback instead /www/web/dt_pxtar_com/public_html/caiji/Lib/Core/Db.class.php 第 605 行.
SQL: SELECT * FROM `comics` WHERE ( `is_del`='0' AND `type`='1'  ) ORDER BY `id` DESC  [ RunTime:0.000475s ]
SQL: UPDATE `comics` SET `status`=0 WHERE ( `is_del`='0' AND `type`='1'  ) [ RunTime:0.000621s ]
SQL: SHOW COLUMNS FROM `caiji_record` [ RunTime:0.000758s ]
NOTIC: [8192] preg_replace(): The /e modifier is deprecated, use preg_replace_callback instead /www/web/dt_pxtar_com/public_html/caiji/Lib/Core/Db.class.php 第 605 行.
SQL: SELECT * FROM `caiji_record` WHERE ( `comic_id` = 65 ) AND ( `caiji_date` = '2017-07-11' ) LIMIT 1   [ RunTime:0.000504s ]
SQL: INSERT INTO `caiji_record` (`comic_id`,`result`,`caiji_date`,`c_type`) VALUES (65,'{\"date\":\"2017-07-11\",\"time\":\"09:50:47\",\"name\":\"\\u672a\\u6210\\u5e74\",\"attension\":\"151119\",\"popularity\":\"1.1\\u4ebf\",\"monthTicketTotal\":\"266\",\"topic\":\"4179\"}','2017-07-11',1) [ RunTime:0.000522s ]
SQL: UPDATE `comics` SET `status`=1 WHERE ( `id` = 65 ) [ RunTime:0.000444s ]
NOTIC: [8192] preg_replace(): The /e modifier is deprecated, use preg_replace_callback instead /www/web/dt_pxtar_com/public_html/caiji/Lib/Core/Db.class.php 第 605 行.
SQL: SELECT * FROM `caiji_record` WHERE ( `comic_id` = 64 ) AND ( `caiji_date` = '2017-07-11' ) LIMIT 1   [ RunTime:0.000613s ]
SQL: INSERT INTO `caiji_record` (`comic_id`,`result`,`caiji_date`,`c_type`) VALUES (64,'{\"date\":\"2017-07-11\",\"time\":\"09:50:47\",\"name\":\"\\u9a97\\u5c40\",\"attension\":\"520321\",\"popularity\":\"14\\u4ebf\",\"monthTicketTotal\":\"103\",\"topic\":\"20131\"}','2017-07-11',1) [ RunTime:0.000542s ]
SQL: UPDATE `comics` SET `status`=1 WHERE ( `id` = 64 ) [ RunTime:0.000450s ]
NOTIC: [8192] preg_replace(): The /e modifier is deprecated, use preg_replace_callback instead /www/web/dt_pxtar_com/public_html/caiji/Lib/Core/Db.class.php 第 605 行.
SQL: SELECT * FROM `caiji_record` WHERE ( `comic_id` = 63 ) AND ( `caiji_date` = '2017-07-11' ) LIMIT 1   [ RunTime:0.000663s ]
SQL: INSERT INTO `caiji_record` (`comic_id`,`result`,`caiji_date`,`c_type`) VALUES (63,'{\"date\":\"2017-07-11\",\"time\":\"09:50:47\",\"name\":\"\\u4e1e\\u76f8\",\"attension\":\"489273\",\"popularity\":\"6.7\\u4ebf\",\"monthTicketTotal\":\"273\",\"topic\":\"16993\"}','2017-07-11',1) [ RunTime:0.007332s ]
SQL: UPDATE `comics` SET `status`=1 WHERE ( `id` = 63 ) [ RunTime:0.000449s ]
NOTIC: [8192] preg_replace(): The /e modifier is deprecated, use preg_replace_callback instead /www/web/dt_pxtar_com/public_html/caiji/Lib/Core/Db.class.php 第 605 行.
SQL: SELECT * FROM `caiji_record` WHERE ( `comic_id` = 62 ) AND ( `caiji_date` = '2017-07-11' ) LIMIT 1   [ RunTime:0.000668s ]
SQL: INSERT INTO `caiji_record` (`comic_id`,`result`,`caiji_date`,`c_type`) VALUES (62,'{\"date\":\"2017-07-11\",\"time\":\"09:50:47\",\"name\":\"\\u5973\\u738b\\u5927\\u4eba\",\"attension\":\"583168\",\"popularity\":\"10.7\\u4ebf\",\"monthTicketTotal\":\"94\",\"topic\":\"16413\"}','2017-07-11',1) [ RunTime:0.000505s ]
SQL: UPDATE `comics` SET `status`=1 WHERE ( `id` = 62 ) [ RunTime:0.000437s ]
NOTIC: [8192] preg_replace(): The /e modifier is deprecated, use preg_replace_callback instead /www/web/dt_pxtar_com/public_html/caiji/Lib/Core/Db.class.php 第 605 行.
SQL: SELECT * FROM `caiji_record` WHERE ( `comic_id` = 61 ) AND ( `caiji_date` = '2017-07-11' ) LIMIT 1   [ RunTime:0.000585s ]
SQL: INSERT INTO `caiji_record` (`comic_id`,`result`,`caiji_date`,`c_type`) VALUES (61,'{\"date\":\"2017-07-11\",\"time\":\"09:50:47\",\"name\":\"\\u9b54\\u738b\\u604b\\u7231\",\"attension\":\"605861\",\"popularity\":\"13.5\\u4ebf\",\"monthTicketTotal\":\"295\",\"topic\":\"31047\"}','2017-07-11',1) [ RunTime:0.000523s ]
SQL: UPDATE `comics` SET `status`=1 WHERE ( `id` = 61 ) [ RunTime:0.000503s ]
NOTIC: [8192] preg_replace(): The /e modifier is deprecated, use preg_replace_callback instead /www/web/dt_pxtar_com/public_html/caiji/Lib/Core/Db.class.php 第 605 行.
SQL: SELECT * FROM `caiji_record` WHERE ( `comic_id` = 60 ) AND ( `caiji_date` = '2017-07-11' ) LIMIT 1   [ RunTime:0.000660s ]
SQL: INSERT INTO `caiji_record` (`comic_id`,`result`,`caiji_date`,`c_type`) VALUES (60,'{\"date\":\"2017-07-11\",\"time\":\"09:50:47\",\"name\":\"\\u732b\\u5996\",\"attension\":\"1494818\",\"popularity\":\"34.4\\u4ebf\",\"monthTicketTotal\":\"1960\",\"topic\":\"91521\"}','2017-07-11',1) [ RunTime:0.000496s ]
SQL: UPDATE `comics` SET `status`=1 WHERE ( `id` = 60 ) [ RunTime:0.000413s ]
NOTIC: [8192] preg_replace(): The /e modifier is deprecated, use preg_replace_callback instead /www/web/dt_pxtar_com/public_html/caiji/Lib/Core/Db.class.php 第 605 行.
SQL: SELECT * FROM `caiji_record` WHERE ( `comic_id` = 59 ) AND ( `caiji_date` = '2017-07-11' ) LIMIT 1   [ RunTime:0.000618s ]
SQL: INSERT INTO `caiji_record` (`comic_id`,`result`,`caiji_date`,`c_type`) VALUES (59,'{\"date\":\"2017-07-11\",\"time\":\"09:50:47\",\"name\":\"\\u4e11\\u516b\\u602a\",\"attension\":\"59559\",\"popularity\":\"1.3\\u4ebf\",\"monthTicketTotal\":\"13\",\"topic\":\"2653\"}','2017-07-11',1) [ RunTime:0.000492s ]
SQL: UPDATE `comics` SET `status`=1 WHERE ( `id` = 59 ) [ RunTime:0.000516s ]
NOTIC: [8192] preg_replace(): The /e modifier is deprecated, use preg_replace_callback instead /www/web/dt_pxtar_com/public_html/caiji/Lib/Core/Db.class.php 第 605 行.
SQL: SELECT * FROM `caiji_record` WHERE ( `comic_id` = 58 ) AND ( `caiji_date` = '2017-07-11' ) LIMIT 1   [ RunTime:0.000636s ]
SQL: INSERT INTO `caiji_record` (`comic_id`,`result`,`caiji_date`,`c_type`) VALUES (58,'{\"date\":\"2017-07-11\",\"time\":\"09:50:47\",\"name\":\"\\u91cd\\u751f\",\"attension\":\"790414\",\"popularity\":\"20.4\\u4ebf\",\"monthTicketTotal\":\"451\",\"topic\":\"16758\"}','2017-07-11',1) [ RunTime:0.001068s ]
SQL: UPDATE `comics` SET `status`=1 WHERE ( `id` = 58 ) [ RunTime:0.000441s ]
NOTIC: [8192] preg_replace(): The /e modifier is deprecated, use preg_replace_callback instead /www/web/dt_pxtar_com/public_html/caiji/Lib/Core/Db.class.php 第 605 行.
SQL: SELECT * FROM `caiji_record` WHERE ( `comic_id` = 57 ) AND ( `caiji_date` = '2017-07-11' ) LIMIT 1   [ RunTime:0.000711s ]
SQL: INSERT INTO `caiji_record` (`comic_id`,`result`,`caiji_date`,`c_type`) VALUES (57,'{\"date\":\"2017-07-11\",\"time\":\"09:50:47\",\"name\":\"\\u957f\\u751f\\u6bbf\",\"attension\":\"296500\",\"popularity\":\"4\\u4ebf\",\"monthTicketTotal\":\"75\",\"topic\":\"7652\"}','2017-07-11',1) [ RunTime:0.000671s ]
SQL: UPDATE `comics` SET `status`=1 WHERE ( `id` = 57 ) [ RunTime:0.000446s ]
NOTIC: [8192] preg_replace(): The /e modifier is deprecated, use preg_replace_callback instead /www/web/dt_pxtar_com/public_html/caiji/Lib/Core/Db.class.php 第 605 行.
SQL: SELECT * FROM `caiji_record` WHERE ( `comic_id` = 56 ) AND ( `caiji_date` = '2017-07-11' ) LIMIT 1   [ RunTime:0.000671s ]
SQL: INSERT INTO `caiji_record` (`comic_id`,`result`,`caiji_date`,`c_type`) VALUES (56,'{\"date\":\"2017-07-11\",\"time\":\"09:50:47\",\"name\":\"\\u5fc3\\u6cb3\",\"attension\":\"79504\",\"popularity\":\"1.8\\u4ebf\",\"monthTicketTotal\":\"24\",\"topic\":\"2177\"}','2017-07-11',1) [ RunTime:0.000567s ]
SQL: UPDATE `comics` SET `status`=1 WHERE ( `id` = 56 ) [ RunTime:0.000435s ]
NOTIC: [8192] preg_replace(): The /e modifier is deprecated, use preg_replace_callback instead /www/web/dt_pxtar_com/public_html/caiji/Lib/Core/Db.class.php 第 605 行.
SQL: SELECT * FROM `caiji_record` WHERE ( `comic_id` = 55 ) AND ( `caiji_date` = '2017-07-11' ) LIMIT 1   [ RunTime:0.000717s ]
SQL: INSERT INTO `caiji_record` (`comic_id`,`result`,`caiji_date`,`c_type`) VALUES (55,'{\"date\":\"2017-07-11\",\"time\":\"09:50:47\",\"name\":\"\\u96e8\\u5f52\",\"attension\":\"103711\",\"popularity\":\"1.5\\u4ebf\",\"monthTicketTotal\":\"35\",\"topic\":\"3140\"}','2017-07-11',1) [ RunTime:0.000516s ]
SQL: UPDATE `comics` SET `status`=1 WHERE ( `id` = 55 ) [ RunTime:0.000660s ]
NOTIC: [2] unlink(/www/web/dt_pxtar_com/public_html/caiji/Ads/ck.txt): No such file or directory /www/web/dt_pxtar_com/public_html/caiji/Ads/Lib/Model/CaijiModel.class.php 第 111 行.

[ 2017-07-11T09:51:01+08:00 ] 171.212.220.143 /index/checkProgress/0.7387989432120281
INFO: [ app_begin ] --START--
INFO: ReadHtmlCache Behavior ::run [ RunTime:0.000257s ]
INFO: [ app_begin ] --END-- [ RunTime:0.000293s ]
NOTIC: 建议使用I方法替代_post
NOTIC: [8192] mysql_connect(): The mysql extension is deprecated and will be removed in the future: use mysqli or PDO instead /www/web/dt_pxtar_com/public_html/caiji/Lib/Driver/Db/DbMysql.class.php 第 55 行.
SQL: SHOW COLUMNS FROM `comics` [ RunTime:0.000678s ]
NOTIC: [8192] preg_replace(): The /e modifier is deprecated, use preg_replace_callback instead /www/web/dt_pxtar_com/public_html/caiji/Lib/Core/Db.class.php 第 605 行.
SQL: SELECT count(*) as num FROM `comics` WHERE ( `is_del`='0' AND `type`='1' AND `status`='0'  ) LIMIT 1   [ RunTime:0.000374s ]
NOTIC: [8192] preg_replace(): The /e modifier is deprecated, use preg_replace_callback instead /www/web/dt_pxtar_com/public_html/caiji/Lib/Core/Db.class.php 第 605 行.
SQL: SELECT count(*) as num FROM `comics` WHERE ( `is_del`='0' AND `type`='1' AND `status`='1'  ) LIMIT 1   [ RunTime:0.000367s ]
NOTIC: [8192] preg_replace(): The /e modifier is deprecated, use preg_replace_callback instead /www/web/dt_pxtar_com/public_html/caiji/Lib/Core/Db.class.php 第 605 行.
SQL: SELECT count(*) as num FROM `comics` WHERE ( `is_del`='0' AND `type`='1' AND `status`='2'  ) LIMIT 1   [ RunTime:0.000331s ]

[ 2017-07-11T09:51:21+08:00 ] 171.212.220.143 /index/export
NOTIC: 建议使用I方法替代_post
NOTIC: 建议使用I方法替代_post
NOTIC: 建议使用I方法替代_post
NOTIC: 建议使用I方法替代_post
NOTIC: 建议使用I方法替代_post
NOTIC: 建议使用I方法替代_post
NOTIC: 建议使用I方法替代_post
NOTIC: 建议使用I方法替代_post

[ 2017-07-11T09:51:40+08:00 ] 171.212.220.143 /index/caijibukaimg
INFO: [ app_begin ] --START--
INFO: ReadHtmlCache Behavior ::run [ RunTime:0.000245s ]
INFO: [ app_begin ] --END-- [ RunTime:0.000279s ]

[ 2017-07-11T09:51:48+08:00 ] 171.212.220.143 /index/checkProgress/0.498336178250135
INFO: [ app_begin ] --START--
INFO: ReadHtmlCache Behavior ::run [ RunTime:0.000263s ]
INFO: [ app_begin ] --END-- [ RunTime:0.000298s ]
NOTIC: 建议使用I方法替代_post
NOTIC: [8192] mysql_connect(): The mysql extension is deprecated and will be removed in the future: use mysqli or PDO instead /www/web/dt_pxtar_com/public_html/caiji/Lib/Driver/Db/DbMysql.class.php 第 55 行.
SQL: SHOW COLUMNS FROM `comics` [ RunTime:0.000743s ]
NOTIC: [8192] preg_replace(): The /e modifier is deprecated, use preg_replace_callback instead /www/web/dt_pxtar_com/public_html/caiji/Lib/Core/Db.class.php 第 605 行.
SQL: SELECT count(*) as num FROM `comics` WHERE ( `is_del`='0' AND `type`='3' AND `status`='0'  ) LIMIT 1   [ RunTime:0.000384s ]
NOTIC: [8192] preg_replace(): The /e modifier is deprecated, use preg_replace_callback instead /www/web/dt_pxtar_com/public_html/caiji/Lib/Core/Db.class.php 第 605 行.
SQL: SELECT count(*) as num FROM `comics` WHERE ( `is_del`='0' AND `type`='3' AND `status`='1'  ) LIMIT 1   [ RunTime:0.000343s ]
NOTIC: [8192] preg_replace(): The /e modifier is deprecated, use preg_replace_callback instead /www/web/dt_pxtar_com/public_html/caiji/Lib/Core/Db.class.php 第 605 行.
SQL: SELECT count(*) as num FROM `comics` WHERE ( `is_del`='0' AND `type`='3' AND `status`='2'  ) LIMIT 1   [ RunTime:0.000376s ]

[ 2017-07-11T09:51:50+08:00 ] 171.212.220.143 /index/checkProgress/0.6021735044549117
INFO: [ app_begin ] --START--
INFO: ReadHtmlCache Behavior ::run [ RunTime:0.000246s ]
INFO: [ app_begin ] --END-- [ RunTime:0.000281s ]
NOTIC: 建议使用I方法替代_post
NOTIC: [8192] mysql_connect(): The mysql extension is deprecated and will be removed in the future: use mysqli or PDO instead /www/web/dt_pxtar_com/public_html/caiji/Lib/Driver/Db/DbMysql.class.php 第 55 行.
SQL: SHOW COLUMNS FROM `comics` [ RunTime:0.000689s ]
NOTIC: [8192] preg_replace(): The /e modifier is deprecated, use preg_replace_callback instead /www/web/dt_pxtar_com/public_html/caiji/Lib/Core/Db.class.php 第 605 行.
SQL: SELECT count(*) as num FROM `comics` WHERE ( `is_del`='0' AND `type`='3' AND `status`='0'  ) LIMIT 1   [ RunTime:0.000371s ]
NOTIC: [8192] preg_replace(): The /e modifier is deprecated, use preg_replace_callback instead /www/web/dt_pxtar_com/public_html/caiji/Lib/Core/Db.class.php 第 605 行.
SQL: SELECT count(*) as num FROM `comics` WHERE ( `is_del`='0' AND `type`='3' AND `status`='1'  ) LIMIT 1   [ RunTime:0.000323s ]
NOTIC: [8192] preg_replace(): The /e modifier is deprecated, use preg_replace_callback instead /www/web/dt_pxtar_com/public_html/caiji/Lib/Core/Db.class.php 第 605 行.
SQL: SELECT count(*) as num FROM `comics` WHERE ( `is_del`='0' AND `type`='3' AND `status`='2'  ) LIMIT 1   [ RunTime:0.000358s ]

[ 2017-07-11T09:51:52+08:00 ] 171.212.220.143 /index/checkProgress/0.3254559452327994
INFO: [ app_begin ] --START--
INFO: ReadHtmlCache Behavior ::run [ RunTime:0.000290s ]
INFO: [ app_begin ] --END-- [ RunTime:0.000326s ]
NOTIC: 建议使用I方法替代_post
NOTIC: [8192] mysql_connect(): The mysql extension is deprecated and will be removed in the future: use mysqli or PDO instead /www/web/dt_pxtar_com/public_html/caiji/Lib/Driver/Db/DbMysql.class.php 第 55 行.
SQL: SHOW COLUMNS FROM `comics` [ RunTime:0.000694s ]
NOTIC: [8192] preg_replace(): The /e modifier is deprecated, use preg_replace_callback instead /www/web/dt_pxtar_com/public_html/caiji/Lib/Core/Db.class.php 第 605 行.
SQL: SELECT count(*) as num FROM `comics` WHERE ( `is_del`='0' AND `type`='3' AND `status`='0'  ) LIMIT 1   [ RunTime:0.000359s ]
NOTIC: [8192] preg_replace(): The /e modifier is deprecated, use preg_replace_callback instead /www/web/dt_pxtar_com/public_html/caiji/Lib/Core/Db.class.php 第 605 行.
SQL: SELECT count(*) as num FROM `comics` WHERE ( `is_del`='0' AND `type`='3' AND `status`='1'  ) LIMIT 1   [ RunTime:0.000339s ]
NOTIC: [8192] preg_replace(): The /e modifier is deprecated, use preg_replace_callback instead /www/web/dt_pxtar_com/public_html/caiji/Lib/Core/Db.class.php 第 605 行.
SQL: SELECT count(*) as num FROM `comics` WHERE ( `is_del`='0' AND `type`='3' AND `status`='2'  ) LIMIT 1   [ RunTime:0.000424s ]

[ 2017-07-11T09:51:54+08:00 ] 171.212.220.143 /index/checkProgress/0.2350677849013736
INFO: [ app_begin ] --START--
INFO: ReadHtmlCache Behavior ::run [ RunTime:0.000268s ]
INFO: [ app_begin ] --END-- [ RunTime:0.000312s ]
NOTIC: 建议使用I方法替代_post
NOTIC: [8192] mysql_connect(): The mysql extension is deprecated and will be removed in the future: use mysqli or PDO instead /www/web/dt_pxtar_com/public_html/caiji/Lib/Driver/Db/DbMysql.class.php 第 55 行.
SQL: SHOW COLUMNS FROM `comics` [ RunTime:0.000704s ]
NOTIC: [8192] preg_replace(): The /e modifier is deprecated, use preg_replace_callback instead /www/web/dt_pxtar_com/public_html/caiji/Lib/Core/Db.class.php 第 605 行.
SQL: SELECT count(*) as num FROM `comics` WHERE ( `is_del`='0' AND `type`='3' AND `status`='0'  ) LIMIT 1   [ RunTime:0.000430s ]
NOTIC: [8192] preg_replace(): The /e modifier is deprecated, use preg_replace_callback instead /www/web/dt_pxtar_com/public_html/caiji/Lib/Core/Db.class.php 第 605 行.
SQL: SELECT count(*) as num FROM `comics` WHERE ( `is_del`='0' AND `type`='3' AND `status`='1'  ) LIMIT 1   [ RunTime:0.000380s ]
NOTIC: [8192] preg_replace(): The /e modifier is deprecated, use preg_replace_callback instead /www/web/dt_pxtar_com/public_html/caiji/Lib/Core/Db.class.php 第 605 行.
SQL: SELECT count(*) as num FROM `comics` WHERE ( `is_del`='0' AND `type`='3' AND `status`='2'  ) LIMIT 1   [ RunTime:0.000380s ]

[ 2017-07-11T09:51:56+08:00 ] 171.212.220.143 /index/checkProgress/0.6484352017289732
INFO: [ app_begin ] --START--
INFO: ReadHtmlCache Behavior ::run [ RunTime:0.000243s ]
INFO: [ app_begin ] --END-- [ RunTime:0.000280s ]
NOTIC: 建议使用I方法替代_post
NOTIC: [8192] mysql_connect(): The mysql extension is deprecated and will be removed in the future: use mysqli or PDO instead /www/web/dt_pxtar_com/public_html/caiji/Lib/Driver/Db/DbMysql.class.php 第 55 行.
SQL: SHOW COLUMNS FROM `comics` [ RunTime:0.000739s ]
NOTIC: [8192] preg_replace(): The /e modifier is deprecated, use preg_replace_callback instead /www/web/dt_pxtar_com/public_html/caiji/Lib/Core/Db.class.php 第 605 行.
SQL: SELECT count(*) as num FROM `comics` WHERE ( `is_del`='0' AND `type`='3' AND `status`='0'  ) LIMIT 1   [ RunTime:0.000378s ]
NOTIC: [8192] preg_replace(): The /e modifier is deprecated, use preg_replace_callback instead /www/web/dt_pxtar_com/public_html/caiji/Lib/Core/Db.class.php 第 605 行.
SQL: SELECT count(*) as num FROM `comics` WHERE ( `is_del`='0' AND `type`='3' AND `status`='1'  ) LIMIT 1   [ RunTime:0.000324s ]
NOTIC: [8192] preg_replace(): The /e modifier is deprecated, use preg_replace_callback instead /www/web/dt_pxtar_com/public_html/caiji/Lib/Core/Db.class.php 第 605 行.
SQL: SELECT count(*) as num FROM `comics` WHERE ( `is_del`='0' AND `type`='3' AND `status`='2'  ) LIMIT 1   [ RunTime:0.000316s ]

[ 2017-07-11T09:51:58+08:00 ] 171.212.220.143 /index/caijibuka?0.42029462616689406
INFO: [ app_begin ] --START--
INFO: ReadHtmlCache Behavior ::run [ RunTime:0.000301s ]
INFO: [ app_begin ] --END-- [ RunTime:0.000337s ]
NOTIC: [8192] mysql_connect(): The mysql extension is deprecated and will be removed in the future: use mysqli or PDO instead /www/web/dt_pxtar_com/public_html/caiji/Lib/Driver/Db/DbMysql.class.php 第 55 行.
SQL: SHOW COLUMNS FROM `comics` [ RunTime:0.000835s ]
NOTIC: [8192] preg_replace(): The /e modifier is deprecated, use preg_replace_callback instead /www/web/dt_pxtar_com/public_html/caiji/Lib/Core/Db.class.php 第 605 行.
SQL: SELECT * FROM `comics` WHERE ( `is_del`='0' AND `type`='3'  ) ORDER BY `id` DESC  [ RunTime:0.000439s ]
SQL: UPDATE `comics` SET `status`=0 WHERE ( `is_del`='0' AND `type`='3'  ) [ RunTime:0.000530s ]
NOTIC: 建议使用I方法替代_post
SQL: SHOW COLUMNS FROM `caiji_record` [ RunTime:0.000806s ]
NOTIC: [8192] preg_replace(): The /e modifier is deprecated, use preg_replace_callback instead /www/web/dt_pxtar_com/public_html/caiji/Lib/Core/Db.class.php 第 605 行.
SQL: SELECT * FROM `caiji_record` WHERE ( `comic_id` = 43 ) AND ( `caiji_date` = '2017-07-11' ) LIMIT 1   [ RunTime:0.000552s ]
SQL: INSERT INTO `caiji_record` (`comic_id`,`result`,`caiji_date`,`c_type`) VALUES (43,'{\"date\":\"2017-07-11\",\"time\":\"09:51:46\",\"name\":\"\\u5927\\u9f84\\u5973\",\"attension\":\"23.55\\u4e07\",\"strenghth\":\"2.12\\u4ebf\"}','2017-07-11',3) [ RunTime:0.000786s ]
SQL: UPDATE `comics` SET `status`=1 WHERE ( `id` = 43 ) [ RunTime:0.000447s ]
NOTIC: [8192] preg_replace(): The /e modifier is deprecated, use preg_replace_callback instead /www/web/dt_pxtar_com/public_html/caiji/Lib/Core/Db.class.php 第 605 行.
SQL: SELECT * FROM `caiji_record` WHERE ( `comic_id` = 40 ) AND ( `caiji_date` = '2017-07-11' ) LIMIT 1   [ RunTime:0.000676s ]
SQL: INSERT INTO `caiji_record` (`comic_id`,`result`,`caiji_date`,`c_type`) VALUES (40,'{\"date\":\"2017-07-11\",\"time\":\"09:51:46\",\"name\":\"\\u7956\\u5148\",\"attension\":\"14.47\\u4e07\",\"strenghth\":\"1.04\\u4ebf\"}','2017-07-11',3) [ RunTime:0.000538s ]
SQL: UPDATE `comics` SET `status`=1 WHERE ( `id` = 40 ) [ RunTime:0.000452s ]
NOTIC: [8192] preg_replace(): The /e modifier is deprecated, use preg_replace_callback instead /www/web/dt_pxtar_com/public_html/caiji/Lib/Core/Db.class.php 第 605 行.
SQL: SELECT * FROM `caiji_record` WHERE ( `comic_id` = 39 ) AND ( `caiji_date` = '2017-07-11' ) LIMIT 1   [ RunTime:0.000746s ]
SQL: INSERT INTO `caiji_record` (`comic_id`,`result`,`caiji_date`,`c_type`) VALUES (39,'{\"date\":\"2017-07-11\",\"time\":\"09:51:46\",\"name\":\"\\u5e73\\u86cb\",\"attension\":\"36.83\\u4e07\",\"strenghth\":\"4.04\\u4ebf\"}','2017-07-11',3) [ RunTime:0.000524s ]
SQL: UPDATE `comics` SET `status`=1 WHERE ( `id` = 39 ) [ RunTime:0.000450s ]

[ 2017-07-11T09:51:58+08:00 ] 171.212.220.143 /index/checkProgress/0.23614918388438078
INFO: [ app_begin ] --START--
INFO: ReadHtmlCache Behavior ::run [ RunTime:0.000300s ]
INFO: [ app_begin ] --END-- [ RunTime:0.000342s ]
NOTIC: 建议使用I方法替代_post
NOTIC: [8192] mysql_connect(): The mysql extension is deprecated and will be removed in the future: use mysqli or PDO instead /www/web/dt_pxtar_com/public_html/caiji/Lib/Driver/Db/DbMysql.class.php 第 55 行.
SQL: SHOW COLUMNS FROM `comics` [ RunTime:0.000649s ]
NOTIC: [8192] preg_replace(): The /e modifier is deprecated, use preg_replace_callback instead /www/web/dt_pxtar_com/public_html/caiji/Lib/Core/Db.class.php 第 605 行.
SQL: SELECT count(*) as num FROM `comics` WHERE ( `is_del`='0' AND `type`='3' AND `status`='0'  ) LIMIT 1   [ RunTime:0.000350s ]
NOTIC: [8192] preg_replace(): The /e modifier is deprecated, use preg_replace_callback instead /www/web/dt_pxtar_com/public_html/caiji/Lib/Core/Db.class.php 第 605 行.
SQL: SELECT count(*) as num FROM `comics` WHERE ( `is_del`='0' AND `type`='3' AND `status`='1'  ) LIMIT 1   [ RunTime:0.000306s ]
NOTIC: [8192] preg_replace(): The /e modifier is deprecated, use preg_replace_callback instead /www/web/dt_pxtar_com/public_html/caiji/Lib/Core/Db.class.php 第 605 行.
SQL: SELECT count(*) as num FROM `comics` WHERE ( `is_del`='0' AND `type`='3' AND `status`='2'  ) LIMIT 1   [ RunTime:0.000284s ]

[ 2017-07-11T09:54:01+08:00 ] 171.212.220.143 /index/export
NOTIC: 建议使用I方法替代_post
NOTIC: 建议使用I方法替代_post
NOTIC: 建议使用I方法替代_post
NOTIC: 建议使用I方法替代_post
NOTIC: 建议使用I方法替代_post
NOTIC: 建议使用I方法替代_post
NOTIC: 建议使用I方法替代_post
NOTIC: 建议使用I方法替代_post

[ 2017-07-11T16:54:57+08:00 ] 171.212.220.143 /index/login
NOTIC: 建议使用I方法替代_post
NOTIC: 建议使用I方法替代_post

[ 2017-07-11T16:56:19+08:00 ] 171.212.220.143 /index/checkProgress/0.8723491865221977
INFO: [ app_begin ] --START--
INFO: ReadHtmlCache Behavior ::run [ RunTime:0.000345s ]
INFO: [ app_begin ] --END-- [ RunTime:0.000392s ]
NOTIC: 建议使用I方法替代_post
NOTIC: [8192] mysql_connect(): The mysql extension is deprecated and will be removed in the future: use mysqli or PDO instead /www/web/dt_pxtar_com/public_html/caiji/Lib/Driver/Db/DbMysql.class.php 第 55 行.
SQL: SHOW COLUMNS FROM `comics` [ RunTime:0.000643s ]
NOTIC: [8192] preg_replace(): The /e modifier is deprecated, use preg_replace_callback instead /www/web/dt_pxtar_com/public_html/caiji/Lib/Core/Db.class.php 第 605 行.
SQL: SELECT count(*) as num FROM `comics` WHERE ( `is_del`='0' AND `type`='1' AND `status`='0'  ) LIMIT 1   [ RunTime:0.000358s ]
NOTIC: [8192] preg_replace(): The /e modifier is deprecated, use preg_replace_callback instead /www/web/dt_pxtar_com/public_html/caiji/Lib/Core/Db.class.php 第 605 行.
SQL: SELECT count(*) as num FROM `comics` WHERE ( `is_del`='0' AND `type`='1' AND `status`='1'  ) LIMIT 1   [ RunTime:0.000316s ]
NOTIC: [8192] preg_replace(): The /e modifier is deprecated, use preg_replace_callback instead /www/web/dt_pxtar_com/public_html/caiji/Lib/Core/Db.class.php 第 605 行.
SQL: SELECT count(*) as num FROM `comics` WHERE ( `is_del`='0' AND `type`='1' AND `status`='2'  ) LIMIT 1   [ RunTime:0.000304s ]

[ 2017-07-11T16:56:21+08:00 ] 171.212.220.143 /index/checkProgress/0.3067531725449102
INFO: [ app_begin ] --START--
INFO: ReadHtmlCache Behavior ::run [ RunTime:0.000275s ]
INFO: [ app_begin ] --END-- [ RunTime:0.000310s ]
NOTIC: 建议使用I方法替代_post
NOTIC: [8192] mysql_connect(): The mysql extension is deprecated and will be removed in the future: use mysqli or PDO instead /www/web/dt_pxtar_com/public_html/caiji/Lib/Driver/Db/DbMysql.class.php 第 55 行.
SQL: SHOW COLUMNS FROM `comics` [ RunTime:0.000770s ]
NOTIC: [8192] preg_replace(): The /e modifier is deprecated, use preg_replace_callback instead /www/web/dt_pxtar_com/public_html/caiji/Lib/Core/Db.class.php 第 605 行.
SQL: SELECT count(*) as num FROM `comics` WHERE ( `is_del`='0' AND `type`='1' AND `status`='0'  ) LIMIT 1   [ RunTime:0.000445s ]
NOTIC: [8192] preg_replace(): The /e modifier is deprecated, use preg_replace_callback instead /www/web/dt_pxtar_com/public_html/caiji/Lib/Core/Db.class.php 第 605 行.
SQL: SELECT count(*) as num FROM `comics` WHERE ( `is_del`='0' AND `type`='1' AND `status`='1'  ) LIMIT 1   [ RunTime:0.000381s ]
NOTIC: [8192] preg_replace(): The /e modifier is deprecated, use preg_replace_callback instead /www/web/dt_pxtar_com/public_html/caiji/Lib/Core/Db.class.php 第 605 行.
SQL: SELECT count(*) as num FROM `comics` WHERE ( `is_del`='0' AND `type`='1' AND `status`='2'  ) LIMIT 1   [ RunTime:0.000341s ]

[ 2017-07-11T16:56:23+08:00 ] 171.212.220.143 /index/checkProgress/0.2425984433644106
INFO: [ app_begin ] --START--
INFO: ReadHtmlCache Behavior ::run [ RunTime:0.000275s ]
INFO: [ app_begin ] --END-- [ RunTime:0.000310s ]
NOTIC: 建议使用I方法替代_post
NOTIC: [8192] mysql_connect(): The mysql extension is deprecated and will be removed in the future: use mysqli or PDO instead /www/web/dt_pxtar_com/public_html/caiji/Lib/Driver/Db/DbMysql.class.php 第 55 行.
SQL: SHOW COLUMNS FROM `comics` [ RunTime:0.000688s ]
NOTIC: [8192] preg_replace(): The /e modifier is deprecated, use preg_replace_callback instead /www/web/dt_pxtar_com/public_html/caiji/Lib/Core/Db.class.php 第 605 行.
SQL: SELECT count(*) as num FROM `comics` WHERE ( `is_del`='0' AND `type`='1' AND `status`='0'  ) LIMIT 1   [ RunTime:0.000361s ]
NOTIC: [8192] preg_replace(): The /e modifier is deprecated, use preg_replace_callback instead /www/web/dt_pxtar_com/public_html/caiji/Lib/Core/Db.class.php 第 605 行.
SQL: SELECT count(*) as num FROM `comics` WHERE ( `is_del`='0' AND `type`='1' AND `status`='1'  ) LIMIT 1   [ RunTime:0.000321s ]
NOTIC: [8192] preg_replace(): The /e modifier is deprecated, use preg_replace_callback instead /www/web/dt_pxtar_com/public_html/caiji/Lib/Core/Db.class.php 第 605 行.
SQL: SELECT count(*) as num FROM `comics` WHERE ( `is_del`='0' AND `type`='1' AND `status`='2'  ) LIMIT 1   [ RunTime:0.000306s ]

[ 2017-07-11T16:56:25+08:00 ] 171.212.220.143 /index/checkProgress/0.9407539703822705
INFO: [ app_begin ] --START--
INFO: ReadHtmlCache Behavior ::run [ RunTime:0.000313s ]
INFO: [ app_begin ] --END-- [ RunTime:0.000348s ]
NOTIC: 建议使用I方法替代_post
NOTIC: [8192] mysql_connect(): The mysql extension is deprecated and will be removed in the future: use mysqli or PDO instead /www/web/dt_pxtar_com/public_html/caiji/Lib/Driver/Db/DbMysql.class.php 第 55 行.
SQL: SHOW COLUMNS FROM `comics` [ RunTime:0.000654s ]
NOTIC: [8192] preg_replace(): The /e modifier is deprecated, use preg_replace_callback instead /www/web/dt_pxtar_com/public_html/caiji/Lib/Core/Db.class.php 第 605 行.
SQL: SELECT count(*) as num FROM `comics` WHERE ( `is_del`='0' AND `type`='1' AND `status`='0'  ) LIMIT 1   [ RunTime:0.000344s ]
NOTIC: [8192] preg_replace(): The /e modifier is deprecated, use preg_replace_callback instead /www/web/dt_pxtar_com/public_html/caiji/Lib/Core/Db.class.php 第 605 行.
SQL: SELECT count(*) as num FROM `comics` WHERE ( `is_del`='0' AND `type`='1' AND `status`='1'  ) LIMIT 1   [ RunTime:0.000345s ]
NOTIC: [8192] preg_replace(): The /e modifier is deprecated, use preg_replace_callback instead /www/web/dt_pxtar_com/public_html/caiji/Lib/Core/Db.class.php 第 605 行.
SQL: SELECT count(*) as num FROM `comics` WHERE ( `is_del`='0' AND `type`='1' AND `status`='2'  ) LIMIT 1   [ RunTime:0.000319s ]

[ 2017-07-11T16:56:27+08:00 ] 171.212.220.143 /index/checkProgress/0.5382502089315149
INFO: [ app_begin ] --START--
INFO: ReadHtmlCache Behavior ::run [ RunTime:0.000273s ]
INFO: [ app_begin ] --END-- [ RunTime:0.000308s ]
NOTIC: 建议使用I方法替代_post
NOTIC: [8192] mysql_connect(): The mysql extension is deprecated and will be removed in the future: use mysqli or PDO instead /www/web/dt_pxtar_com/public_html/caiji/Lib/Driver/Db/DbMysql.class.php 第 55 行.
SQL: SHOW COLUMNS FROM `comics` [ RunTime:0.000666s ]
NOTIC: [8192] preg_replace(): The /e modifier is deprecated, use preg_replace_callback instead /www/web/dt_pxtar_com/public_html/caiji/Lib/Core/Db.class.php 第 605 行.
SQL: SELECT count(*) as num FROM `comics` WHERE ( `is_del`='0' AND `type`='1' AND `status`='0'  ) LIMIT 1   [ RunTime:0.000375s ]
NOTIC: [8192] preg_replace(): The /e modifier is deprecated, use preg_replace_callback instead /www/web/dt_pxtar_com/public_html/caiji/Lib/Core/Db.class.php 第 605 行.
SQL: SELECT count(*) as num FROM `comics` WHERE ( `is_del`='0' AND `type`='1' AND `status`='1'  ) LIMIT 1   [ RunTime:0.000358s ]
NOTIC: [8192] preg_replace(): The /e modifier is deprecated, use preg_replace_callback instead /www/web/dt_pxtar_com/public_html/caiji/Lib/Core/Db.class.php 第 605 行.
SQL: SELECT count(*) as num FROM `comics` WHERE ( `is_del`='0' AND `type`='1' AND `status`='2'  ) LIMIT 1   [ RunTime:0.000357s ]

[ 2017-07-11T16:56:29+08:00 ] 171.212.220.143 /index/checkProgress/0.5336439400799726
INFO: [ app_begin ] --START--
INFO: ReadHtmlCache Behavior ::run [ RunTime:0.000275s ]
INFO: [ app_begin ] --END-- [ RunTime:0.000313s ]
NOTIC: 建议使用I方法替代_post
NOTIC: [8192] mysql_connect(): The mysql extension is deprecated and will be removed in the future: use mysqli or PDO instead /www/web/dt_pxtar_com/public_html/caiji/Lib/Driver/Db/DbMysql.class.php 第 55 行.
SQL: SHOW COLUMNS FROM `comics` [ RunTime:0.000686s ]
NOTIC: [8192] preg_replace(): The /e modifier is deprecated, use preg_replace_callback instead /www/web/dt_pxtar_com/public_html/caiji/Lib/Core/Db.class.php 第 605 行.
SQL: SELECT count(*) as num FROM `comics` WHERE ( `is_del`='0' AND `type`='1' AND `status`='0'  ) LIMIT 1   [ RunTime:0.000364s ]
NOTIC: [8192] preg_replace(): The /e modifier is deprecated, use preg_replace_callback instead /www/web/dt_pxtar_com/public_html/caiji/Lib/Core/Db.class.php 第 605 行.
SQL: SELECT count(*) as num FROM `comics` WHERE ( `is_del`='0' AND `type`='1' AND `status`='1'  ) LIMIT 1   [ RunTime:0.000324s ]
NOTIC: [8192] preg_replace(): The /e modifier is deprecated, use preg_replace_callback instead /www/web/dt_pxtar_com/public_html/caiji/Lib/Core/Db.class.php 第 605 行.
SQL: SELECT count(*) as num FROM `comics` WHERE ( `is_del`='0' AND `type`='1' AND `status`='2'  ) LIMIT 1   [ RunTime:0.000352s ]

[ 2017-07-11T16:56:30+08:00 ] 171.212.220.143 /index/caijiqq
INFO: [ app_begin ] --START--
INFO: ReadHtmlCache Behavior ::run [ RunTime:0.000270s ]
INFO: [ app_begin ] --END-- [ RunTime:0.000310s ]
NOTIC: [8192] mysql_connect(): The mysql extension is deprecated and will be removed in the future: use mysqli or PDO instead /www/web/dt_pxtar_com/public_html/caiji/Lib/Driver/Db/DbMysql.class.php 第 55 行.
SQL: SHOW COLUMNS FROM `comics` [ RunTime:0.000684s ]
NOTIC: [8192] preg_replace(): The /e modifier is deprecated, use preg_replace_callback instead /www/web/dt_pxtar_com/public_html/caiji/Lib/Core/Db.class.php 第 605 行.
SQL: SELECT * FROM `comics` WHERE ( `is_del`='0' AND `type`='1'  ) ORDER BY `id` DESC  [ RunTime:0.000439s ]
SQL: UPDATE `comics` SET `status`=0 WHERE ( `is_del`='0' AND `type`='1'  ) [ RunTime:0.008476s ]
SQL: SHOW COLUMNS FROM `caiji_record` [ RunTime:0.000785s ]
NOTIC: [8192] preg_replace(): The /e modifier is deprecated, use preg_replace_callback instead /www/web/dt_pxtar_com/public_html/caiji/Lib/Core/Db.class.php 第 605 行.
SQL: SELECT * FROM `caiji_record` WHERE ( `comic_id` = 65 ) AND ( `caiji_date` = '2017-07-11' ) LIMIT 1   [ RunTime:0.000504s ]
SQL: UPDATE `caiji_record` SET `result`='{\"date\":\"2017-07-11\",\"time\":\"16:56:17\",\"name\":\"\\u672a\\u6210\\u5e74\",\"attension\":\"151556\",\"popularity\":\"1.1\\u4ebf\",\"monthTicketTotal\":\"269\",\"topic\":\"4211\"}' WHERE ( `comic_id` = 65 ) AND ( `caiji_date` = '2017-07-11' ) [ RunTime:0.000780s ]
SQL: UPDATE `comics` SET `status`=1 WHERE ( `id` = 65 ) [ RunTime:0.000464s ]
NOTIC: [8192] preg_replace(): The /e modifier is deprecated, use preg_replace_callback instead /www/web/dt_pxtar_com/public_html/caiji/Lib/Core/Db.class.php 第 605 行.
SQL: SELECT * FROM `caiji_record` WHERE ( `comic_id` = 64 ) AND ( `caiji_date` = '2017-07-11' ) LIMIT 1   [ RunTime:0.000652s ]
SQL: UPDATE `caiji_record` SET `result`='{\"date\":\"2017-07-11\",\"time\":\"16:56:17\",\"name\":\"\\u9a97\\u5c40\",\"attension\":\"522148\",\"popularity\":\"14.2\\u4ebf\",\"monthTicketTotal\":\"172\",\"topic\":\"20506\"}' WHERE ( `comic_id` = 64 ) AND ( `caiji_date` = '2017-07-11' ) [ RunTime:0.000713s ]
SQL: UPDATE `comics` SET `status`=1 WHERE ( `id` = 64 ) [ RunTime:0.000430s ]
NOTIC: [8192] preg_replace(): The /e modifier is deprecated, use preg_replace_callback instead /www/web/dt_pxtar_com/public_html/caiji/Lib/Core/Db.class.php 第 605 行.
SQL: SELECT * FROM `caiji_record` WHERE ( `comic_id` = 63 ) AND ( `caiji_date` = '2017-07-11' ) LIMIT 1   [ RunTime:0.000653s ]
SQL: UPDATE `caiji_record` SET `result`='{\"date\":\"2017-07-11\",\"time\":\"16:56:17\",\"name\":\"\\u4e1e\\u76f8\",\"attension\":\"492787\",\"popularity\":\"6.7\\u4ebf\",\"monthTicketTotal\":\"285\",\"topic\":\"17090\"}' WHERE ( `comic_id` = 63 ) AND ( `caiji_date` = '2017-07-11' ) [ RunTime:0.000743s ]
SQL: UPDATE `comics` SET `status`=1 WHERE ( `id` = 63 ) [ RunTime:0.000433s ]
NOTIC: [8192] preg_replace(): The /e modifier is deprecated, use preg_replace_callback instead /www/web/dt_pxtar_com/public_html/caiji/Lib/Core/Db.class.php 第 605 行.
SQL: SELECT * FROM `caiji_record` WHERE ( `comic_id` = 62 ) AND ( `caiji_date` = '2017-07-11' ) LIMIT 1   [ RunTime:0.000664s ]
SQL: UPDATE `caiji_record` SET `result`='{\"date\":\"2017-07-11\",\"time\":\"16:56:17\",\"name\":\"\\u5973\\u738b\\u5927\\u4eba\",\"attension\":\"584630\",\"popularity\":\"10.8\\u4ebf\",\"monthTicketTotal\":\"96\",\"topic\":\"16481\"}' WHERE ( `comic_id` = 62 ) AND ( `caiji_date` = '2017-07-11' ) [ RunTime:0.000963s ]
SQL: UPDATE `comics` SET `status`=1 WHERE ( `id` = 62 ) [ RunTime:0.000436s ]
NOTIC: [8192] preg_replace(): The /e modifier is deprecated, use preg_replace_callback instead /www/web/dt_pxtar_com/public_html/caiji/Lib/Core/Db.class.php 第 605 行.
SQL: SELECT * FROM `caiji_record` WHERE ( `comic_id` = 61 ) AND ( `caiji_date` = '2017-07-11' ) LIMIT 1   [ RunTime:0.000609s ]
SQL: UPDATE `caiji_record` SET `result`='{\"date\":\"2017-07-11\",\"time\":\"16:56:17\",\"name\":\"\\u9b54\\u738b\\u604b\\u7231\",\"attension\":\"606843\",\"popularity\":\"13.6\\u4ebf\",\"monthTicketTotal\":\"301\",\"topic\":\"31130\"}' WHERE ( `comic_id` = 61 ) AND ( `caiji_date` = '2017-07-11' ) [ RunTime:0.000712s ]
SQL: UPDATE `comics` SET `status`=1 WHERE ( `id` = 61 ) [ RunTime:0.000415s ]
NOTIC: [8192] preg_replace(): The /e modifier is deprecated, use preg_replace_callback instead /www/web/dt_pxtar_com/public_html/caiji/Lib/Core/Db.class.php 第 605 行.
SQL: SELECT * FROM `caiji_record` WHERE ( `comic_id` = 60 ) AND ( `caiji_date` = '2017-07-11' ) LIMIT 1   [ RunTime:0.000679s ]
SQL: UPDATE `caiji_record` SET `result`='{\"date\":\"2017-07-11\",\"time\":\"16:56:17\",\"name\":\"\\u732b\\u5996\",\"attension\":\"1502973\",\"popularity\":\"34.7\\u4ebf\",\"monthTicketTotal\":\"2015\",\"topic\":\"92047\"}' WHERE ( `comic_id` = 60 ) AND ( `caiji_date` = '2017-07-11' ) [ RunTime:0.000749s ]
SQL: UPDATE `comics` SET `status`=1 WHERE ( `id` = 60 ) [ RunTime:0.000501s ]
NOTIC: [8192] preg_replace(): The /e modifier is deprecated, use preg_replace_callback instead /www/web/dt_pxtar_com/public_html/caiji/Lib/Core/Db.class.php 第 605 行.
SQL: SELECT * FROM `caiji_record` WHERE ( `comic_id` = 59 ) AND ( `caiji_date` = '2017-07-11' ) LIMIT 1   [ RunTime:0.000705s ]
SQL: UPDATE `caiji_record` SET `result`='{\"date\":\"2017-07-11\",\"time\":\"16:56:17\",\"name\":\"\\u4e11\\u516b\\u602a\",\"attension\":\"59590\",\"popularity\":\"1.3\\u4ebf\",\"monthTicketTotal\":\"13\",\"topic\":\"2660\"}' WHERE ( `comic_id` = 59 ) AND ( `caiji_date` = '2017-07-11' ) [ RunTime:0.000732s ]
SQL: UPDATE `comics` SET `status`=1 WHERE ( `id` = 59 ) [ RunTime:0.000474s ]
NOTIC: [8192] preg_replace(): The /e modifier is deprecated, use preg_replace_callback instead /www/web/dt_pxtar_com/public_html/caiji/Lib/Core/Db.class.php 第 605 行.
SQL: SELECT * FROM `caiji_record` WHERE ( `comic_id` = 58 ) AND ( `caiji_date` = '2017-07-11' ) LIMIT 1   [ RunTime:0.000662s ]
SQL: UPDATE `caiji_record` SET `result`='{\"date\":\"2017-07-11\",\"time\":\"16:56:17\",\"name\":\"\\u91cd\\u751f\",\"attension\":\"793084\",\"popularity\":\"20.5\\u4ebf\",\"monthTicketTotal\":\"458\",\"topic\":\"16877\"}' WHERE ( `comic_id` = 58 ) AND ( `caiji_date` = '2017-07-11' ) [ RunTime:0.000770s ]
SQL: UPDATE `comics` SET `status`=1 WHERE ( `id` = 58 ) [ RunTime:0.000449s ]
NOTIC: [8192] preg_replace(): The /e modifier is deprecated, use preg_replace_callback instead /www/web/dt_pxtar_com/public_html/caiji/Lib/Core/Db.class.php 第 605 行.
SQL: SELECT * FROM `caiji_record` WHERE ( `comic_id` = 57 ) AND ( `caiji_date` = '2017-07-11' ) LIMIT 1   [ RunTime:0.000659s ]
SQL: UPDATE `caiji_record` SET `result`='{\"date\":\"2017-07-11\",\"time\":\"16:56:17\",\"name\":\"\\u957f\\u751f\\u6bbf\",\"attension\":\"296534\",\"popularity\":\"4\\u4ebf\",\"monthTicketTotal\":\"75\",\"topic\":\"7658\"}' WHERE ( `comic_id` = 57 ) AND ( `caiji_date` = '2017-07-11' ) [ RunTime:0.000784s ]
SQL: UPDATE `comics` SET `status`=1 WHERE ( `id` = 57 ) [ RunTime:0.000460s ]
NOTIC: [8192] preg_replace(): The /e modifier is deprecated, use preg_replace_callback instead /www/web/dt_pxtar_com/public_html/caiji/Lib/Core/Db.class.php 第 605 行.
SQL: SELECT * FROM `caiji_record` WHERE ( `comic_id` = 56 ) AND ( `caiji_date` = '2017-07-11' ) LIMIT 1   [ RunTime:0.000726s ]
SQL: UPDATE `caiji_record` SET `result`='{\"date\":\"2017-07-11\",\"time\":\"16:56:17\",\"name\":\"\\u5fc3\\u6cb3\",\"attension\":\"80177\",\"popularity\":\"1.8\\u4ebf\",\"monthTicketTotal\":\"26\",\"topic\":\"2199\"}' WHERE ( `comic_id` = 56 ) AND ( `caiji_date` = '2017-07-11' ) [ RunTime:0.000718s ]
SQL: UPDATE `comics` SET `status`=1 WHERE ( `id` = 56 ) [ RunTime:0.000774s ]
NOTIC: [8192] preg_replace(): The /e modifier is deprecated, use preg_replace_callback instead /www/web/dt_pxtar_com/public_html/caiji/Lib/Core/Db.class.php 第 605 行.
SQL: SELECT * FROM `caiji_record` WHERE ( `comic_id` = 55 ) AND ( `caiji_date` = '2017-07-11' ) LIMIT 1   [ RunTime:0.000664s ]
SQL: UPDATE `caiji_record` SET `result`='{\"date\":\"2017-07-11\",\"time\":\"16:56:17\",\"name\":\"\\u96e8\\u5f52\",\"attension\":\"103747\",\"popularity\":\"1.5\\u4ebf\",\"monthTicketTotal\":\"35\",\"topic\":\"3144\"}' WHERE ( `comic_id` = 55 ) AND ( `caiji_date` = '2017-07-11' ) [ RunTime:0.000740s ]
SQL: UPDATE `comics` SET `status`=1 WHERE ( `id` = 55 ) [ RunTime:0.008719s ]
NOTIC: [2] unlink(/www/web/dt_pxtar_com/public_html/caiji/Ads/ck.txt): No such file or directory /www/web/dt_pxtar_com/public_html/caiji/Ads/Lib/Model/CaijiModel.class.php 第 111 行.

[ 2017-07-11T16:56:31+08:00 ] 171.212.220.143 /index/checkProgress/0.6234664166378092
INFO: [ app_begin ] --START--
INFO: ReadHtmlCache Behavior ::run [ RunTime:0.000286s ]
INFO: [ app_begin ] --END-- [ RunTime:0.000322s ]
NOTIC: 建议使用I方法替代_post
NOTIC: [8192] mysql_connect(): The mysql extension is deprecated and will be removed in the future: use mysqli or PDO instead /www/web/dt_pxtar_com/public_html/caiji/Lib/Driver/Db/DbMysql.class.php 第 55 行.
SQL: SHOW COLUMNS FROM `comics` [ RunTime:0.000705s ]
NOTIC: [8192] preg_replace(): The /e modifier is deprecated, use preg_replace_callback instead /www/web/dt_pxtar_com/public_html/caiji/Lib/Core/Db.class.php 第 605 行.
SQL: SELECT count(*) as num FROM `comics` WHERE ( `is_del`='0' AND `type`='1' AND `status`='0'  ) LIMIT 1   [ RunTime:0.000389s ]
NOTIC: [8192] preg_replace(): The /e modifier is deprecated, use preg_replace_callback instead /www/web/dt_pxtar_com/public_html/caiji/Lib/Core/Db.class.php 第 605 行.
SQL: SELECT count(*) as num FROM `comics` WHERE ( `is_del`='0' AND `type`='1' AND `status`='1'  ) LIMIT 1   [ RunTime:0.000335s ]
NOTIC: [8192] preg_replace(): The /e modifier is deprecated, use preg_replace_callback instead /www/web/dt_pxtar_com/public_html/caiji/Lib/Core/Db.class.php 第 605 行.
SQL: SELECT count(*) as num FROM `comics` WHERE ( `is_del`='0' AND `type`='1' AND `status`='2'  ) LIMIT 1   [ RunTime:0.000351s ]

[ 2017-07-11T16:56:45+08:00 ] 171.212.220.143 /index/export
NOTIC: 建议使用I方法替代_post
NOTIC: 建议使用I方法替代_post
NOTIC: 建议使用I方法替代_post
NOTIC: 建议使用I方法替代_post
NOTIC: 建议使用I方法替代_post
NOTIC: 建议使用I方法替代_post
NOTIC: 建议使用I方法替代_post
NOTIC: 建议使用I方法替代_post

[ 2017-07-11T16:57:20+08:00 ] 171.212.220.143 /index/caijibukaimg
INFO: [ app_begin ] --START--
INFO: ReadHtmlCache Behavior ::run [ RunTime:0.000296s ]
INFO: [ app_begin ] --END-- [ RunTime:0.000347s ]

[ 2017-07-11T16:57:28+08:00 ] 171.212.220.143 /index/checkProgress/0.3122409456444921
INFO: [ app_begin ] --START--
INFO: ReadHtmlCache Behavior ::run [ RunTime:0.000275s ]
INFO: [ app_begin ] --END-- [ RunTime:0.000311s ]
NOTIC: 建议使用I方法替代_post
NOTIC: [8192] mysql_connect(): The mysql extension is deprecated and will be removed in the future: use mysqli or PDO instead /www/web/dt_pxtar_com/public_html/caiji/Lib/Driver/Db/DbMysql.class.php 第 55 行.
SQL: SHOW COLUMNS FROM `comics` [ RunTime:0.000670s ]
NOTIC: [8192] preg_replace(): The /e modifier is deprecated, use preg_replace_callback instead /www/web/dt_pxtar_com/public_html/caiji/Lib/Core/Db.class.php 第 605 行.
SQL: SELECT count(*) as num FROM `comics` WHERE ( `is_del`='0' AND `type`='3' AND `status`='0'  ) LIMIT 1   [ RunTime:0.000364s ]
NOTIC: [8192] preg_replace(): The /e modifier is deprecated, use preg_replace_callback instead /www/web/dt_pxtar_com/public_html/caiji/Lib/Core/Db.class.php 第 605 行.
SQL: SELECT count(*) as num FROM `comics` WHERE ( `is_del`='0' AND `type`='3' AND `status`='1'  ) LIMIT 1   [ RunTime:0.000293s ]
NOTIC: [8192] preg_replace(): The /e modifier is deprecated, use preg_replace_callback instead /www/web/dt_pxtar_com/public_html/caiji/Lib/Core/Db.class.php 第 605 行.
SQL: SELECT count(*) as num FROM `comics` WHERE ( `is_del`='0' AND `type`='3' AND `status`='2'  ) LIMIT 1   [ RunTime:0.000300s ]

[ 2017-07-11T16:57:30+08:00 ] 171.212.220.143 /index/checkProgress/0.6736525353835259
INFO: [ app_begin ] --START--
INFO: ReadHtmlCache Behavior ::run [ RunTime:0.000243s ]
INFO: [ app_begin ] --END-- [ RunTime:0.000278s ]
NOTIC: 建议使用I方法替代_post
NOTIC: [8192] mysql_connect(): The mysql extension is deprecated and will be removed in the future: use mysqli or PDO instead /www/web/dt_pxtar_com/public_html/caiji/Lib/Driver/Db/DbMysql.class.php 第 55 行.
SQL: SHOW COLUMNS FROM `comics` [ RunTime:0.000707s ]
NOTIC: [8192] preg_replace(): The /e modifier is deprecated, use preg_replace_callback instead /www/web/dt_pxtar_com/public_html/caiji/Lib/Core/Db.class.php 第 605 行.
SQL: SELECT count(*) as num FROM `comics` WHERE ( `is_del`='0' AND `type`='3' AND `status`='0'  ) LIMIT 1   [ RunTime:0.000750s ]
NOTIC: [8192] preg_replace(): The /e modifier is deprecated, use preg_replace_callback instead /www/web/dt_pxtar_com/public_html/caiji/Lib/Core/Db.class.php 第 605 行.
SQL: SELECT count(*) as num FROM `comics` WHERE ( `is_del`='0' AND `type`='3' AND `status`='1'  ) LIMIT 1   [ RunTime:0.000308s ]
NOTIC: [8192] preg_replace(): The /e modifier is deprecated, use preg_replace_callback instead /www/web/dt_pxtar_com/public_html/caiji/Lib/Core/Db.class.php 第 605 行.
SQL: SELECT count(*) as num FROM `comics` WHERE ( `is_del`='0' AND `type`='3' AND `status`='2'  ) LIMIT 1   [ RunTime:0.000316s ]

[ 2017-07-11T16:57:32+08:00 ] 171.212.220.143 /index/checkProgress/0.5613675369097206
INFO: [ app_begin ] --START--
INFO: ReadHtmlCache Behavior ::run [ RunTime:0.000298s ]
INFO: [ app_begin ] --END-- [ RunTime:0.000333s ]
NOTIC: 建议使用I方法替代_post
NOTIC: [8192] mysql_connect(): The mysql extension is deprecated and will be removed in the future: use mysqli or PDO instead /www/web/dt_pxtar_com/public_html/caiji/Lib/Driver/Db/DbMysql.class.php 第 55 行.
SQL: SHOW COLUMNS FROM `comics` [ RunTime:0.000753s ]
NOTIC: [8192] preg_replace(): The /e modifier is deprecated, use preg_replace_callback instead /www/web/dt_pxtar_com/public_html/caiji/Lib/Core/Db.class.php 第 605 行.
SQL: SELECT count(*) as num FROM `comics` WHERE ( `is_del`='0' AND `type`='3' AND `status`='0'  ) LIMIT 1   [ RunTime:0.000517s ]
NOTIC: [8192] preg_replace(): The /e modifier is deprecated, use preg_replace_callback instead /www/web/dt_pxtar_com/public_html/caiji/Lib/Core/Db.class.php 第 605 行.
SQL: SELECT count(*) as num FROM `comics` WHERE ( `is_del`='0' AND `type`='3' AND `status`='1'  ) LIMIT 1   [ RunTime:0.000377s ]
NOTIC: [8192] preg_replace(): The /e modifier is deprecated, use preg_replace_callback instead /www/web/dt_pxtar_com/public_html/caiji/Lib/Core/Db.class.php 第 605 行.
SQL: SELECT count(*) as num FROM `comics` WHERE ( `is_del`='0' AND `type`='3' AND `status`='2'  ) LIMIT 1   [ RunTime:0.000325s ]

[ 2017-07-11T16:57:34+08:00 ] 171.212.220.143 /index/checkProgress/0.42863803823291313
INFO: [ app_begin ] --START--
INFO: ReadHtmlCache Behavior ::run [ RunTime:0.000280s ]
INFO: [ app_begin ] --END-- [ RunTime:0.000315s ]
NOTIC: 建议使用I方法替代_post
NOTIC: [8192] mysql_connect(): The mysql extension is deprecated and will be removed in the future: use mysqli or PDO instead /www/web/dt_pxtar_com/public_html/caiji/Lib/Driver/Db/DbMysql.class.php 第 55 行.
SQL: SHOW COLUMNS FROM `comics` [ RunTime:0.000789s ]
NOTIC: [8192] preg_replace(): The /e modifier is deprecated, use preg_replace_callback instead /www/web/dt_pxtar_com/public_html/caiji/Lib/Core/Db.class.php 第 605 行.
SQL: SELECT count(*) as num FROM `comics` WHERE ( `is_del`='0' AND `type`='3' AND `status`='0'  ) LIMIT 1   [ RunTime:0.000370s ]
NOTIC: [8192] preg_replace(): The /e modifier is deprecated, use preg_replace_callback instead /www/web/dt_pxtar_com/public_html/caiji/Lib/Core/Db.class.php 第 605 行.
SQL: SELECT count(*) as num FROM `comics` WHERE ( `is_del`='0' AND `type`='3' AND `status`='1'  ) LIMIT 1   [ RunTime:0.000303s ]
NOTIC: [8192] preg_replace(): The /e modifier is deprecated, use preg_replace_callback instead /www/web/dt_pxtar_com/public_html/caiji/Lib/Core/Db.class.php 第 605 行.
SQL: SELECT count(*) as num FROM `comics` WHERE ( `is_del`='0' AND `type`='3' AND `status`='2'  ) LIMIT 1   [ RunTime:0.000329s ]

[ 2017-07-11T16:57:36+08:00 ] 171.212.220.143 /index/checkProgress/0.45189006005572674
INFO: [ app_begin ] --START--
INFO: ReadHtmlCache Behavior ::run [ RunTime:0.000248s ]
INFO: [ app_begin ] --END-- [ RunTime:0.000289s ]
NOTIC: 建议使用I方法替代_post
NOTIC: [8192] mysql_connect(): The mysql extension is deprecated and will be removed in the future: use mysqli or PDO instead /www/web/dt_pxtar_com/public_html/caiji/Lib/Driver/Db/DbMysql.class.php 第 55 行.
SQL: SHOW COLUMNS FROM `comics` [ RunTime:0.000732s ]
NOTIC: [8192] preg_replace(): The /e modifier is deprecated, use preg_replace_callback instead /www/web/dt_pxtar_com/public_html/caiji/Lib/Core/Db.class.php 第 605 行.
SQL: SELECT count(*) as num FROM `comics` WHERE ( `is_del`='0' AND `type`='3' AND `status`='0'  ) LIMIT 1   [ RunTime:0.000424s ]
NOTIC: [8192] preg_replace(): The /e modifier is deprecated, use preg_replace_callback instead /www/web/dt_pxtar_com/public_html/caiji/Lib/Core/Db.class.php 第 605 行.
SQL: SELECT count(*) as num FROM `comics` WHERE ( `is_del`='0' AND `type`='3' AND `status`='1'  ) LIMIT 1   [ RunTime:0.000332s ]
NOTIC: [8192] preg_replace(): The /e modifier is deprecated, use preg_replace_callback instead /www/web/dt_pxtar_com/public_html/caiji/Lib/Core/Db.class.php 第 605 行.
SQL: SELECT count(*) as num FROM `comics` WHERE ( `is_del`='0' AND `type`='3' AND `status`='2'  ) LIMIT 1   [ RunTime:0.000340s ]

[ 2017-07-11T16:57:36+08:00 ] 171.212.220.143 /index/caijibuka?0.7139589026804827
INFO: [ app_begin ] --START--
INFO: ReadHtmlCache Behavior ::run [ RunTime:0.000294s ]
INFO: [ app_begin ] --END-- [ RunTime:0.000330s ]
NOTIC: [8192] mysql_connect(): The mysql extension is deprecated and will be removed in the future: use mysqli or PDO instead /www/web/dt_pxtar_com/public_html/caiji/Lib/Driver/Db/DbMysql.class.php 第 55 行.
SQL: SHOW COLUMNS FROM `comics` [ RunTime:0.000694s ]
NOTIC: [8192] preg_replace(): The /e modifier is deprecated, use preg_replace_callback instead /www/web/dt_pxtar_com/public_html/caiji/Lib/Core/Db.class.php 第 605 行.
SQL: SELECT * FROM `comics` WHERE ( `is_del`='0' AND `type`='3'  ) ORDER BY `id` DESC  [ RunTime:0.000380s ]
SQL: UPDATE `comics` SET `status`=0 WHERE ( `is_del`='0' AND `type`='3'  ) [ RunTime:0.000503s ]
NOTIC: 建议使用I方法替代_post
SQL: SHOW COLUMNS FROM `caiji_record` [ RunTime:0.000802s ]
NOTIC: [8192] preg_replace(): The /e modifier is deprecated, use preg_replace_callback instead /www/web/dt_pxtar_com/public_html/caiji/Lib/Core/Db.class.php 第 605 行.
SQL: SELECT * FROM `caiji_record` WHERE ( `comic_id` = 43 ) AND ( `caiji_date` = '2017-07-11' ) LIMIT 1   [ RunTime:0.000526s ]
SQL: UPDATE `caiji_record` SET `result`='{\"date\":\"2017-07-11\",\"time\":\"16:57:26\",\"name\":\"\\u5927\\u9f84\\u5973\",\"attension\":\"23.55\\u4e07\",\"strenghth\":\"2.12\\u4ebf\"}' WHERE ( `comic_id` = 43 ) AND ( `caiji_date` = '2017-07-11' ) [ RunTime:0.000765s ]
SQL: UPDATE `comics` SET `status`=1 WHERE ( `id` = 43 ) [ RunTime:0.000459s ]
NOTIC: [8192] preg_replace(): The /e modifier is deprecated, use preg_replace_callback instead /www/web/dt_pxtar_com/public_html/caiji/Lib/Core/Db.class.php 第 605 行.
SQL: SELECT * FROM `caiji_record` WHERE ( `comic_id` = 40 ) AND ( `caiji_date` = '2017-07-11' ) LIMIT 1   [ RunTime:0.000735s ]
SQL: UPDATE `caiji_record` SET `result`='{\"date\":\"2017-07-11\",\"time\":\"16:57:26\",\"name\":\"\\u7956\\u5148\",\"attension\":\"14.47\\u4e07\",\"strenghth\":\"1.04\\u4ebf\"}' WHERE ( `comic_id` = 40 ) AND ( `caiji_date` = '2017-07-11' ) [ RunTime:0.000724s ]
SQL: UPDATE `comics` SET `status`=1 WHERE ( `id` = 40 ) [ RunTime:0.000430s ]
NOTIC: [8192] preg_replace(): The /e modifier is deprecated, use preg_replace_callback instead /www/web/dt_pxtar_com/public_html/caiji/Lib/Core/Db.class.php 第 605 行.
SQL: SELECT * FROM `caiji_record` WHERE ( `comic_id` = 39 ) AND ( `caiji_date` = '2017-07-11' ) LIMIT 1   [ RunTime:0.000772s ]
SQL: UPDATE `caiji_record` SET `result`='{\"date\":\"2017-07-11\",\"time\":\"16:57:26\",\"name\":\"\\u5e73\\u86cb\",\"attension\":\"36.83\\u4e07\",\"strenghth\":\"4.04\\u4ebf\"}' WHERE ( `comic_id` = 39 ) AND ( `caiji_date` = '2017-07-11' ) [ RunTime:0.000703s ]
SQL: UPDATE `comics` SET `status`=1 WHERE ( `id` = 39 ) [ RunTime:0.000434s ]

[ 2017-07-11T16:57:38+08:00 ] 171.212.220.143 /index/checkProgress/0.28769056273174143
INFO: [ app_begin ] --START--
INFO: ReadHtmlCache Behavior ::run [ RunTime:0.000463s ]
INFO: [ app_begin ] --END-- [ RunTime:0.000518s ]
NOTIC: 建议使用I方法替代_post
NOTIC: [8192] mysql_connect(): The mysql extension is deprecated and will be removed in the future: use mysqli or PDO instead /www/web/dt_pxtar_com/public_html/caiji/Lib/Driver/Db/DbMysql.class.php 第 55 行.
SQL: SHOW COLUMNS FROM `comics` [ RunTime:0.000650s ]
NOTIC: [8192] preg_replace(): The /e modifier is deprecated, use preg_replace_callback instead /www/web/dt_pxtar_com/public_html/caiji/Lib/Core/Db.class.php 第 605 行.
SQL: SELECT count(*) as num FROM `comics` WHERE ( `is_del`='0' AND `type`='3' AND `status`='0'  ) LIMIT 1   [ RunTime:0.000383s ]
NOTIC: [8192] preg_replace(): The /e modifier is deprecated, use preg_replace_callback instead /www/web/dt_pxtar_com/public_html/caiji/Lib/Core/Db.class.php 第 605 行.
SQL: SELECT count(*) as num FROM `comics` WHERE ( `is_del`='0' AND `type`='3' AND `status`='1'  ) LIMIT 1   [ RunTime:0.000397s ]
NOTIC: [8192] preg_replace(): The /e modifier is deprecated, use preg_replace_callback instead /www/web/dt_pxtar_com/public_html/caiji/Lib/Core/Db.class.php 第 605 行.
SQL: SELECT count(*) as num FROM `comics` WHERE ( `is_del`='0' AND `type`='3' AND `status`='2'  ) LIMIT 1   [ RunTime:0.000421s ]

[ 2017-07-11T16:57:47+08:00 ] 171.212.220.143 /index/export
NOTIC: 建议使用I方法替代_post
NOTIC: 建议使用I方法替代_post
NOTIC: 建议使用I方法替代_post
NOTIC: 建议使用I方法替代_post
NOTIC: 建议使用I方法替代_post
NOTIC: 建议使用I方法替代_post
NOTIC: 建议使用I方法替代_post
NOTIC: 建议使用I方法替代_post

