[ 2017-05-23T16:48:21+08:00 ] 127.0.0.1 /index/caiji
INFO: [ app_begin ] --START--
INFO: ReadHtmlCache Behavior ::run [ RunTime:0.000000s ]
INFO: [ app_begin ] --END-- [ RunTime:0.000000s ]
NOTIC: 建议使用I方法替代_post
NOTIC: 建议使用I方法替代_post
NOTIC: [2] unlink(D:\xampp\htdocs\caiji\Ads\Lib\Action/cookie_buka.txt): No such file or directory D:\xampp\htdocs\caiji\Ads\Lib\Action\IndexAction.class.php 第 66 行.
NOTIC: [8] Undefined offset: 1 D:\xampp\htdocs\caiji\Ads\Lib\Action\IndexAction.class.php 第 70 行.

[ 2017-05-23T16:48:22+08:00 ] 127.0.0.1 /index/caiji
INFO: [ app_begin ] --START--
INFO: ReadHtmlCache Behavior ::run [ RunTime:0.000000s ]
INFO: [ app_begin ] --END-- [ RunTime:0.000000s ]
NOTIC: 建议使用I方法替代_post
NOTIC: 建议使用I方法替代_post
NOTIC: [2] unlink(D:\xampp\htdocs\caiji\Ads\Lib\Action/cookie_buka.txt): No such file or directory D:\xampp\htdocs\caiji\Ads\Lib\Action\IndexAction.class.php 第 66 行.
NOTIC: [8] Undefined offset: 1 D:\xampp\htdocs\caiji\Ads\Lib\Action\IndexAction.class.php 第 70 行.

[ 2017-05-23T16:48:22+08:00 ] 127.0.0.1 /index/caiji
INFO: [ app_begin ] --START--
INFO: ReadHtmlCache Behavior ::run [ RunTime:0.001000s ]
INFO: [ app_begin ] --END-- [ RunTime:0.001000s ]
NOTIC: 建议使用I方法替代_post
NOTIC: 建议使用I方法替代_post
NOTIC: [2] unlink(D:\xampp\htdocs\caiji\Ads\Lib\Action/cookie_buka.txt): No such file or directory D:\xampp\htdocs\caiji\Ads\Lib\Action\IndexAction.class.php 第 66 行.
NOTIC: [8] Undefined offset: 1 D:\xampp\htdocs\caiji\Ads\Lib\Action\IndexAction.class.php 第 70 行.

[ 2017-05-23T16:48:23+08:00 ] 127.0.0.1 /index/caiji
INFO: [ app_begin ] --START--
INFO: ReadHtmlCache Behavior ::run [ RunTime:0.000000s ]
INFO: [ app_begin ] --END-- [ RunTime:0.000000s ]
NOTIC: 建议使用I方法替代_post
NOTIC: 建议使用I方法替代_post
NOTIC: [2] unlink(D:\xampp\htdocs\caiji\Ads\Lib\Action/cookie_buka.txt): No such file or directory D:\xampp\htdocs\caiji\Ads\Lib\Action\IndexAction.class.php 第 66 行.
NOTIC: [8] Undefined offset: 1 D:\xampp\htdocs\caiji\Ads\Lib\Action\IndexAction.class.php 第 70 行.

[ 2017-05-23T16:48:35+08:00 ] 127.0.0.1 /index/caiji
INFO: [ app_begin ] --START--
INFO: ReadHtmlCache Behavior ::run [ RunTime:0.000000s ]
INFO: [ app_begin ] --END-- [ RunTime:0.000000s ]
NOTIC: 建议使用I方法替代_post
NOTIC: 建议使用I方法替代_post
NOTIC: [2] unlink(D:\xampp\htdocs\caiji\Ads\Lib\Action/cookie_buka.txt): No such file or directory D:\xampp\htdocs\caiji\Ads\Lib\Action\IndexAction.class.php 第 66 行.
NOTIC: [8] Undefined offset: 1 D:\xampp\htdocs\caiji\Ads\Lib\Action\IndexAction.class.php 第 70 行.

[ 2017-05-23T16:48:36+08:00 ] 127.0.0.1 /index/caiji
INFO: [ app_begin ] --START--
INFO: ReadHtmlCache Behavior ::run [ RunTime:0.000000s ]
INFO: [ app_begin ] --END-- [ RunTime:0.000000s ]
NOTIC: 建议使用I方法替代_post
NOTIC: 建议使用I方法替代_post
NOTIC: [2] unlink(D:\xampp\htdocs\caiji\Ads\Lib\Action/cookie_buka.txt): No such file or directory D:\xampp\htdocs\caiji\Ads\Lib\Action\IndexAction.class.php 第 66 行.
NOTIC: [8] Undefined offset: 1 D:\xampp\htdocs\caiji\Ads\Lib\Action\IndexAction.class.php 第 70 行.

[ 2017-05-23T16:48:36+08:00 ] 127.0.0.1 /index/caiji
INFO: [ app_begin ] --START--
INFO: ReadHtmlCache Behavior ::run [ RunTime:0.001000s ]
INFO: [ app_begin ] --END-- [ RunTime:0.001000s ]
NOTIC: 建议使用I方法替代_post
NOTIC: 建议使用I方法替代_post
NOTIC: [2] unlink(D:\xampp\htdocs\caiji\Ads\Lib\Action/cookie_buka.txt): No such file or directory D:\xampp\htdocs\caiji\Ads\Lib\Action\IndexAction.class.php 第 66 行.
NOTIC: [8] Undefined offset: 1 D:\xampp\htdocs\caiji\Ads\Lib\Action\IndexAction.class.php 第 70 行.

[ 2017-05-23T16:48:37+08:00 ] 127.0.0.1 /index/caiji
INFO: [ app_begin ] --START--
INFO: ReadHtmlCache Behavior ::run [ RunTime:0.000000s ]
INFO: [ app_begin ] --END-- [ RunTime:0.000000s ]
NOTIC: 建议使用I方法替代_post
NOTIC: 建议使用I方法替代_post
NOTIC: [2] unlink(D:\xampp\htdocs\caiji\Ads\Lib\Action/cookie_buka.txt): No such file or directory D:\xampp\htdocs\caiji\Ads\Lib\Action\IndexAction.class.php 第 66 行.
NOTIC: [8] Undefined offset: 1 D:\xampp\htdocs\caiji\Ads\Lib\Action\IndexAction.class.php 第 70 行.

[ 2017-05-23T16:48:50+08:00 ] 127.0.0.1 /index/caiji
INFO: [ app_begin ] --START--
INFO: ReadHtmlCache Behavior ::run [ RunTime:0.001000s ]
INFO: [ app_begin ] --END-- [ RunTime:0.001000s ]
NOTIC: 建议使用I方法替代_post
NOTIC: 建议使用I方法替代_post
NOTIC: [2] unlink(D:\xampp\htdocs\caiji\Ads\Lib\Action/cookie_buka.txt): No such file or directory D:\xampp\htdocs\caiji\Ads\Lib\Action\IndexAction.class.php 第 66 行.
NOTIC: [8] Undefined offset: 1 D:\xampp\htdocs\caiji\Ads\Lib\Action\IndexAction.class.php 第 70 行.

[ 2017-05-23T16:48:50+08:00 ] 127.0.0.1 /index/caiji
INFO: [ app_begin ] --START--
INFO: ReadHtmlCache Behavior ::run [ RunTime:0.001000s ]
INFO: [ app_begin ] --END-- [ RunTime:0.001000s ]
NOTIC: 建议使用I方法替代_post
NOTIC: 建议使用I方法替代_post
NOTIC: [2] unlink(D:\xampp\htdocs\caiji\Ads\Lib\Action/cookie_buka.txt): No such file or directory D:\xampp\htdocs\caiji\Ads\Lib\Action\IndexAction.class.php 第 66 行.
NOTIC: [8] Undefined offset: 1 D:\xampp\htdocs\caiji\Ads\Lib\Action\IndexAction.class.php 第 70 行.

[ 2017-05-23T16:48:51+08:00 ] 127.0.0.1 /index/caiji
INFO: [ app_begin ] --START--
INFO: ReadHtmlCache Behavior ::run [ RunTime:0.001000s ]
INFO: [ app_begin ] --END-- [ RunTime:0.001000s ]
NOTIC: 建议使用I方法替代_post
NOTIC: 建议使用I方法替代_post
NOTIC: [2] unlink(D:\xampp\htdocs\caiji\Ads\Lib\Action/cookie_buka.txt): No such file or directory D:\xampp\htdocs\caiji\Ads\Lib\Action\IndexAction.class.php 第 66 行.
NOTIC: [8] Undefined offset: 1 D:\xampp\htdocs\caiji\Ads\Lib\Action\IndexAction.class.php 第 70 行.

[ 2017-05-23T16:48:52+08:00 ] 127.0.0.1 /index/caiji
INFO: [ app_begin ] --START--
INFO: ReadHtmlCache Behavior ::run [ RunTime:0.000000s ]
INFO: [ app_begin ] --END-- [ RunTime:0.000000s ]
NOTIC: 建议使用I方法替代_post
NOTIC: 建议使用I方法替代_post
NOTIC: [2] unlink(D:\xampp\htdocs\caiji\Ads\Lib\Action/cookie_buka.txt): No such file or directory D:\xampp\htdocs\caiji\Ads\Lib\Action\IndexAction.class.php 第 66 行.
NOTIC: [8] Undefined offset: 1 D:\xampp\htdocs\caiji\Ads\Lib\Action\IndexAction.class.php 第 70 行.

[ 2017-05-23T17:44:40+08:00 ] 127.0.0.1 /index/caiji
INFO: [ app_begin ] --START--
INFO: ReadHtmlCache Behavior ::run [ RunTime:0.001000s ]
INFO: [ app_begin ] --END-- [ RunTime:0.001000s ]
NOTIC: 建议使用I方法替代_post
NOTIC: 建议使用I方法替代_post
NOTIC: [2] unlink(D:\xampp\htdocs\caiji\Ads\Lib\Action/cookie_buka.txt): No such file or directory D:\xampp\htdocs\caiji\Ads\Lib\Action\IndexAction.class.php 第 66 行.
NOTIC: [8] Undefined variable: arr D:\xampp\htdocs\caiji\Ads\Lib\Action\IndexAction.class.php 第 70 行.
NOTIC: [8] Undefined variable: arr D:\xampp\htdocs\caiji\Ads\Lib\Action\IndexAction.class.php 第 72 行.

[ 2017-05-23T17:44:53+08:00 ] 127.0.0.1 /index/caiji
INFO: [ app_begin ] --START--
INFO: ReadHtmlCache Behavior ::run [ RunTime:0.001001s ]
INFO: [ app_begin ] --END-- [ RunTime:0.001001s ]
NOTIC: 建议使用I方法替代_post
NOTIC: 建议使用I方法替代_post
NOTIC: [2] unlink(D:\xampp\htdocs\caiji\Ads\Lib\Action/cookie_buka.txt): No such file or directory D:\xampp\htdocs\caiji\Ads\Lib\Action\IndexAction.class.php 第 66 行.
NOTIC: [8] Undefined variable: arr D:\xampp\htdocs\caiji\Ads\Lib\Action\IndexAction.class.php 第 72 行.

[ 2017-05-23T17:45:46+08:00 ] 127.0.0.1 /index/caiji
INFO: [ app_begin ] --START--
INFO: ReadHtmlCache Behavior ::run [ RunTime:0.001000s ]
INFO: [ app_begin ] --END-- [ RunTime:0.001000s ]
NOTIC: 建议使用I方法替代_post
NOTIC: 建议使用I方法替代_post
NOTIC: [2] unlink(D:\xampp\htdocs\caiji\Ads\Lib\Action/cookie_buka.txt): No such file or directory D:\xampp\htdocs\caiji\Ads\Lib\Action\IndexAction.class.php 第 66 行.

