[ 2017-08-15T17:15:43+08:00 ] 182.149.124.84 /index/login
NOTIC: 建议使用I方法替代_post
NOTIC: 建议使用I方法替代_post

[ 2017-08-15T17:16:03+08:00 ] 182.149.124.84 /index/checkProgress/0.7743506589925346
INFO: [ app_begin ] --START--
INFO: ReadHtmlCache Behavior ::run [ RunTime:0.000287s ]
INFO: [ app_begin ] --END-- [ RunTime:0.000331s ]
NOTIC: 建议使用I方法替代_post
NOTIC: [8192] mysql_connect(): The mysql extension is deprecated and will be removed in the future: use mysqli or PDO instead /www/web/dt_pxtar_com/public_html/caiji/Lib/Driver/Db/DbMysql.class.php 第 55 行.
SQL: SHOW COLUMNS FROM `comics` [ RunTime:0.000679s ]
NOTIC: [8192] preg_replace(): The /e modifier is deprecated, use preg_replace_callback instead /www/web/dt_pxtar_com/public_html/caiji/Lib/Core/Db.class.php 第 605 行.
SQL: SELECT count(*) as num FROM `comics` WHERE ( `is_del`='0' AND `type`='1' AND `status`='0'  ) LIMIT 1   [ RunTime:0.000368s ]
NOTIC: [8192] preg_replace(): The /e modifier is deprecated, use preg_replace_callback instead /www/web/dt_pxtar_com/public_html/caiji/Lib/Core/Db.class.php 第 605 行.
SQL: SELECT count(*) as num FROM `comics` WHERE ( `is_del`='0' AND `type`='1' AND `status`='1'  ) LIMIT 1   [ RunTime:0.000338s ]
NOTIC: [8192] preg_replace(): The /e modifier is deprecated, use preg_replace_callback instead /www/web/dt_pxtar_com/public_html/caiji/Lib/Core/Db.class.php 第 605 行.
SQL: SELECT count(*) as num FROM `comics` WHERE ( `is_del`='0' AND `type`='1' AND `status`='2'  ) LIMIT 1   [ RunTime:0.000333s ]

[ 2017-08-15T17:16:05+08:00 ] 182.149.124.84 /index/checkProgress/0.5677495918712516
INFO: [ app_begin ] --START--
INFO: ReadHtmlCache Behavior ::run [ RunTime:0.000264s ]
INFO: [ app_begin ] --END-- [ RunTime:0.000300s ]
NOTIC: 建议使用I方法替代_post
NOTIC: [8192] mysql_connect(): The mysql extension is deprecated and will be removed in the future: use mysqli or PDO instead /www/web/dt_pxtar_com/public_html/caiji/Lib/Driver/Db/DbMysql.class.php 第 55 行.
SQL: SHOW COLUMNS FROM `comics` [ RunTime:0.000696s ]
NOTIC: [8192] preg_replace(): The /e modifier is deprecated, use preg_replace_callback instead /www/web/dt_pxtar_com/public_html/caiji/Lib/Core/Db.class.php 第 605 行.
SQL: SELECT count(*) as num FROM `comics` WHERE ( `is_del`='0' AND `type`='1' AND `status`='0'  ) LIMIT 1   [ RunTime:0.000378s ]
NOTIC: [8192] preg_replace(): The /e modifier is deprecated, use preg_replace_callback instead /www/web/dt_pxtar_com/public_html/caiji/Lib/Core/Db.class.php 第 605 行.
SQL: SELECT count(*) as num FROM `comics` WHERE ( `is_del`='0' AND `type`='1' AND `status`='1'  ) LIMIT 1   [ RunTime:0.000382s ]
NOTIC: [8192] preg_replace(): The /e modifier is deprecated, use preg_replace_callback instead /www/web/dt_pxtar_com/public_html/caiji/Lib/Core/Db.class.php 第 605 行.
SQL: SELECT count(*) as num FROM `comics` WHERE ( `is_del`='0' AND `type`='1' AND `status`='2'  ) LIMIT 1   [ RunTime:0.000350s ]

[ 2017-08-15T17:16:07+08:00 ] 182.149.124.84 /index/checkProgress/0.032325295282929156
INFO: [ app_begin ] --START--
INFO: ReadHtmlCache Behavior ::run [ RunTime:0.000292s ]
INFO: [ app_begin ] --END-- [ RunTime:0.000333s ]
NOTIC: 建议使用I方法替代_post
NOTIC: [8192] mysql_connect(): The mysql extension is deprecated and will be removed in the future: use mysqli or PDO instead /www/web/dt_pxtar_com/public_html/caiji/Lib/Driver/Db/DbMysql.class.php 第 55 行.
SQL: SHOW COLUMNS FROM `comics` [ RunTime:0.000633s ]
NOTIC: [8192] preg_replace(): The /e modifier is deprecated, use preg_replace_callback instead /www/web/dt_pxtar_com/public_html/caiji/Lib/Core/Db.class.php 第 605 行.
SQL: SELECT count(*) as num FROM `comics` WHERE ( `is_del`='0' AND `type`='1' AND `status`='0'  ) LIMIT 1   [ RunTime:0.000324s ]
NOTIC: [8192] preg_replace(): The /e modifier is deprecated, use preg_replace_callback instead /www/web/dt_pxtar_com/public_html/caiji/Lib/Core/Db.class.php 第 605 行.
SQL: SELECT count(*) as num FROM `comics` WHERE ( `is_del`='0' AND `type`='1' AND `status`='1'  ) LIMIT 1   [ RunTime:0.000348s ]
NOTIC: [8192] preg_replace(): The /e modifier is deprecated, use preg_replace_callback instead /www/web/dt_pxtar_com/public_html/caiji/Lib/Core/Db.class.php 第 605 行.
SQL: SELECT count(*) as num FROM `comics` WHERE ( `is_del`='0' AND `type`='1' AND `status`='2'  ) LIMIT 1   [ RunTime:0.000352s ]

[ 2017-08-15T17:16:09+08:00 ] 182.149.124.84 /index/caijiqq
INFO: [ app_begin ] --START--
INFO: ReadHtmlCache Behavior ::run [ RunTime:0.000420s ]
INFO: [ app_begin ] --END-- [ RunTime:0.000477s ]
NOTIC: [8192] mysql_connect(): The mysql extension is deprecated and will be removed in the future: use mysqli or PDO instead /www/web/dt_pxtar_com/public_html/caiji/Lib/Driver/Db/DbMysql.class.php 第 55 行.
SQL: SHOW COLUMNS FROM `comics` [ RunTime:0.000666s ]
NOTIC: [8192] preg_replace(): The /e modifier is deprecated, use preg_replace_callback instead /www/web/dt_pxtar_com/public_html/caiji/Lib/Core/Db.class.php 第 605 行.
SQL: SELECT * FROM `comics` WHERE ( `is_del`='0' AND `type`='1'  ) ORDER BY `id` DESC  [ RunTime:0.000417s ]
SQL: UPDATE `comics` SET `status`=0 WHERE ( `is_del`='0' AND `type`='1'  ) [ RunTime:0.006797s ]
NOTIC: [8] Undefined property: stdClass::$monthTotal /www/web/dt_pxtar_com/public_html/caiji/Ads/Lib/Action/IndexAction.class.php 第 309 行.
SQL: SHOW COLUMNS FROM `caiji_record` [ RunTime:0.000825s ]
NOTIC: [8192] preg_replace(): The /e modifier is deprecated, use preg_replace_callback instead /www/web/dt_pxtar_com/public_html/caiji/Lib/Core/Db.class.php 第 605 行.
SQL: SELECT * FROM `caiji_record` WHERE ( `comic_id` = 70 ) AND ( `caiji_date` = '2017-08-15' ) LIMIT 1   [ RunTime:0.000662s ]
SQL: INSERT INTO `caiji_record` (`comic_id`,`result`,`caiji_date`,`c_type`) VALUES (70,'{\"date\":\"2017-08-15\",\"time\":\"17:16:01\",\"name\":\"\\u6218\\u6597\\u5973\\u795e\",\"attension\":\"75220\",\"popularity\":\"2063.8\\u4e07\",\"monthTicketTotal\":null,\"topic\":\"1195\"}','2017-08-15',1) [ RunTime:0.000529s ]
SQL: UPDATE `comics` SET `status`=1 WHERE ( `id` = 70 ) [ RunTime:0.000439s ]
NOTIC: [8] Undefined property: stdClass::$monthTotal /www/web/dt_pxtar_com/public_html/caiji/Ads/Lib/Action/IndexAction.class.php 第 309 行.
NOTIC: [8192] preg_replace(): The /e modifier is deprecated, use preg_replace_callback instead /www/web/dt_pxtar_com/public_html/caiji/Lib/Core/Db.class.php 第 605 行.
SQL: SELECT * FROM `caiji_record` WHERE ( `comic_id` = 60 ) AND ( `caiji_date` = '2017-08-15' ) LIMIT 1   [ RunTime:0.000750s ]
SQL: INSERT INTO `caiji_record` (`comic_id`,`result`,`caiji_date`,`c_type`) VALUES (60,'{\"date\":\"2017-08-15\",\"time\":\"17:16:01\",\"name\":\"\\u732b\\u5996\",\"attension\":\"1924034\",\"popularity\":\"53.9\\u4ebf\",\"monthTicketTotal\":null,\"topic\":\"143920\"}','2017-08-15',1) [ RunTime:0.000482s ]
SQL: UPDATE `comics` SET `status`=1 WHERE ( `id` = 60 ) [ RunTime:0.000447s ]
NOTIC: [8] Undefined property: stdClass::$monthTotal /www/web/dt_pxtar_com/public_html/caiji/Ads/Lib/Action/IndexAction.class.php 第 309 行.
NOTIC: [8192] preg_replace(): The /e modifier is deprecated, use preg_replace_callback instead /www/web/dt_pxtar_com/public_html/caiji/Lib/Core/Db.class.php 第 605 行.
SQL: SELECT * FROM `caiji_record` WHERE ( `comic_id` = 59 ) AND ( `caiji_date` = '2017-08-15' ) LIMIT 1   [ RunTime:0.000739s ]
SQL: INSERT INTO `caiji_record` (`comic_id`,`result`,`caiji_date`,`c_type`) VALUES (59,'{\"date\":\"2017-08-15\",\"time\":\"17:16:01\",\"name\":\"\\u4e11\\u516b\\u602a\",\"attension\":\"161575\",\"popularity\":\"5\\u4ebf\",\"monthTicketTotal\":null,\"topic\":\"9728\"}','2017-08-15',1) [ RunTime:0.000506s ]
SQL: UPDATE `comics` SET `status`=1 WHERE ( `id` = 59 ) [ RunTime:0.000512s ]
NOTIC: [8] Undefined property: stdClass::$monthTotal /www/web/dt_pxtar_com/public_html/caiji/Ads/Lib/Action/IndexAction.class.php 第 309 行.
NOTIC: [8192] preg_replace(): The /e modifier is deprecated, use preg_replace_callback instead /www/web/dt_pxtar_com/public_html/caiji/Lib/Core/Db.class.php 第 605 行.
SQL: SELECT * FROM `caiji_record` WHERE ( `comic_id` = 58 ) AND ( `caiji_date` = '2017-08-15' ) LIMIT 1   [ RunTime:0.000906s ]
SQL: INSERT INTO `caiji_record` (`comic_id`,`result`,`caiji_date`,`c_type`) VALUES (58,'{\"date\":\"2017-08-15\",\"time\":\"17:16:01\",\"name\":\"\\u91cd\\u751f\",\"attension\":\"979264\",\"popularity\":\"28.8\\u4ebf\",\"monthTicketTotal\":null,\"topic\":\"26219\"}','2017-08-15',1) [ RunTime:0.000492s ]
SQL: UPDATE `comics` SET `status`=1 WHERE ( `id` = 58 ) [ RunTime:0.000884s ]
NOTIC: [8] Undefined property: stdClass::$monthTotal /www/web/dt_pxtar_com/public_html/caiji/Ads/Lib/Action/IndexAction.class.php 第 309 行.
NOTIC: [8192] preg_replace(): The /e modifier is deprecated, use preg_replace_callback instead /www/web/dt_pxtar_com/public_html/caiji/Lib/Core/Db.class.php 第 605 行.
SQL: SELECT * FROM `caiji_record` WHERE ( `comic_id` = 57 ) AND ( `caiji_date` = '2017-08-15' ) LIMIT 1   [ RunTime:0.000813s ]
SQL: INSERT INTO `caiji_record` (`comic_id`,`result`,`caiji_date`,`c_type`) VALUES (57,'{\"date\":\"2017-08-15\",\"time\":\"17:16:01\",\"name\":\"\\u957f\\u751f\\u6bbf\",\"attension\":\"304980\",\"popularity\":\"4.5\\u4ebf\",\"monthTicketTotal\":null,\"topic\":\"8430\"}','2017-08-15',1) [ RunTime:0.000583s ]
SQL: UPDATE `comics` SET `status`=1 WHERE ( `id` = 57 ) [ RunTime:0.001533s ]
NOTIC: [8] Undefined property: stdClass::$monthTotal /www/web/dt_pxtar_com/public_html/caiji/Ads/Lib/Action/IndexAction.class.php 第 309 行.
NOTIC: [8192] preg_replace(): The /e modifier is deprecated, use preg_replace_callback instead /www/web/dt_pxtar_com/public_html/caiji/Lib/Core/Db.class.php 第 605 行.
SQL: SELECT * FROM `caiji_record` WHERE ( `comic_id` = 56 ) AND ( `caiji_date` = '2017-08-15' ) LIMIT 1   [ RunTime:0.000721s ]
SQL: INSERT INTO `caiji_record` (`comic_id`,`result`,`caiji_date`,`c_type`) VALUES (56,'{\"date\":\"2017-08-15\",\"time\":\"17:16:01\",\"name\":\"\\u5fc3\\u6cb3\",\"attension\":\"93663\",\"popularity\":\"2.4\\u4ebf\",\"monthTicketTotal\":null,\"topic\":\"3053\"}','2017-08-15',1) [ RunTime:0.000498s ]
SQL: UPDATE `comics` SET `status`=1 WHERE ( `id` = 56 ) [ RunTime:0.000456s ]
NOTIC: [8] Undefined property: stdClass::$monthTotal /www/web/dt_pxtar_com/public_html/caiji/Ads/Lib/Action/IndexAction.class.php 第 309 行.
NOTIC: [8192] preg_replace(): The /e modifier is deprecated, use preg_replace_callback instead /www/web/dt_pxtar_com/public_html/caiji/Lib/Core/Db.class.php 第 605 行.
SQL: SELECT * FROM `caiji_record` WHERE ( `comic_id` = 55 ) AND ( `caiji_date` = '2017-08-15' ) LIMIT 1   [ RunTime:0.000729s ]
SQL: INSERT INTO `caiji_record` (`comic_id`,`result`,`caiji_date`,`c_type`) VALUES (55,'{\"date\":\"2017-08-15\",\"time\":\"17:16:01\",\"name\":\"\\u96e8\\u5f52\",\"attension\":\"114785\",\"popularity\":\"1.9\\u4ebf\",\"monthTicketTotal\":null,\"topic\":\"3865\"}','2017-08-15',1) [ RunTime:0.000460s ]
SQL: UPDATE `comics` SET `status`=1 WHERE ( `id` = 55 ) [ RunTime:0.000463s ]
NOTIC: [2] unlink(/www/web/dt_pxtar_com/public_html/caiji/Ads/ck.txt): No such file or directory /www/web/dt_pxtar_com/public_html/caiji/Ads/Lib/Model/CaijiModel.class.php 第 111 行.

[ 2017-08-15T17:16:09+08:00 ] 182.149.124.84 /index/checkProgress/0.012980273945539356
INFO: [ app_begin ] --START--
INFO: ReadHtmlCache Behavior ::run [ RunTime:0.000365s ]
INFO: [ app_begin ] --END-- [ RunTime:0.000405s ]
NOTIC: 建议使用I方法替代_post
NOTIC: [8192] mysql_connect(): The mysql extension is deprecated and will be removed in the future: use mysqli or PDO instead /www/web/dt_pxtar_com/public_html/caiji/Lib/Driver/Db/DbMysql.class.php 第 55 行.
SQL: SHOW COLUMNS FROM `comics` [ RunTime:0.000685s ]
NOTIC: [8192] preg_replace(): The /e modifier is deprecated, use preg_replace_callback instead /www/web/dt_pxtar_com/public_html/caiji/Lib/Core/Db.class.php 第 605 行.
SQL: SELECT count(*) as num FROM `comics` WHERE ( `is_del`='0' AND `type`='1' AND `status`='0'  ) LIMIT 1   [ RunTime:0.000391s ]
NOTIC: [8192] preg_replace(): The /e modifier is deprecated, use preg_replace_callback instead /www/web/dt_pxtar_com/public_html/caiji/Lib/Core/Db.class.php 第 605 行.
SQL: SELECT count(*) as num FROM `comics` WHERE ( `is_del`='0' AND `type`='1' AND `status`='1'  ) LIMIT 1   [ RunTime:0.000709s ]
NOTIC: [8192] preg_replace(): The /e modifier is deprecated, use preg_replace_callback instead /www/web/dt_pxtar_com/public_html/caiji/Lib/Core/Db.class.php 第 605 行.
SQL: SELECT count(*) as num FROM `comics` WHERE ( `is_del`='0' AND `type`='1' AND `status`='2'  ) LIMIT 1   [ RunTime:0.000312s ]

[ 2017-08-15T17:16:18+08:00 ] 182.149.124.84 /index/export
NOTIC: 建议使用I方法替代_post
NOTIC: 建议使用I方法替代_post
NOTIC: 建议使用I方法替代_post
NOTIC: 建议使用I方法替代_post
NOTIC: 建议使用I方法替代_post
NOTIC: 建议使用I方法替代_post
NOTIC: 建议使用I方法替代_post
NOTIC: 建议使用I方法替代_post

[ 2017-08-15T17:16:34+08:00 ] 182.149.124.84 /index/caijibukaimg
INFO: [ app_begin ] --START--
INFO: ReadHtmlCache Behavior ::run [ RunTime:0.000400s ]
INFO: [ app_begin ] --END-- [ RunTime:0.000451s ]

[ 2017-08-15T17:16:41+08:00 ] 182.149.124.84 /index/checkProgress/0.0557505195814092
INFO: [ app_begin ] --START--
INFO: ReadHtmlCache Behavior ::run [ RunTime:0.000249s ]
INFO: [ app_begin ] --END-- [ RunTime:0.000284s ]
NOTIC: 建议使用I方法替代_post
NOTIC: [8192] mysql_connect(): The mysql extension is deprecated and will be removed in the future: use mysqli or PDO instead /www/web/dt_pxtar_com/public_html/caiji/Lib/Driver/Db/DbMysql.class.php 第 55 行.
SQL: SHOW COLUMNS FROM `comics` [ RunTime:0.000642s ]
NOTIC: [8192] preg_replace(): The /e modifier is deprecated, use preg_replace_callback instead /www/web/dt_pxtar_com/public_html/caiji/Lib/Core/Db.class.php 第 605 行.
SQL: SELECT count(*) as num FROM `comics` WHERE ( `is_del`='0' AND `type`='3' AND `status`='0'  ) LIMIT 1   [ RunTime:0.000324s ]
NOTIC: [8192] preg_replace(): The /e modifier is deprecated, use preg_replace_callback instead /www/web/dt_pxtar_com/public_html/caiji/Lib/Core/Db.class.php 第 605 行.
SQL: SELECT count(*) as num FROM `comics` WHERE ( `is_del`='0' AND `type`='3' AND `status`='1'  ) LIMIT 1   [ RunTime:0.000282s ]
NOTIC: [8192] preg_replace(): The /e modifier is deprecated, use preg_replace_callback instead /www/web/dt_pxtar_com/public_html/caiji/Lib/Core/Db.class.php 第 605 行.
SQL: SELECT count(*) as num FROM `comics` WHERE ( `is_del`='0' AND `type`='3' AND `status`='2'  ) LIMIT 1   [ RunTime:0.000287s ]

[ 2017-08-15T17:16:43+08:00 ] 182.149.124.84 /index/checkProgress/0.856009341821516
INFO: [ app_begin ] --START--
INFO: ReadHtmlCache Behavior ::run [ RunTime:0.000270s ]
INFO: [ app_begin ] --END-- [ RunTime:0.000304s ]
NOTIC: 建议使用I方法替代_post
NOTIC: [8192] mysql_connect(): The mysql extension is deprecated and will be removed in the future: use mysqli or PDO instead /www/web/dt_pxtar_com/public_html/caiji/Lib/Driver/Db/DbMysql.class.php 第 55 行.
SQL: SHOW COLUMNS FROM `comics` [ RunTime:0.000785s ]
NOTIC: [8192] preg_replace(): The /e modifier is deprecated, use preg_replace_callback instead /www/web/dt_pxtar_com/public_html/caiji/Lib/Core/Db.class.php 第 605 行.
SQL: SELECT count(*) as num FROM `comics` WHERE ( `is_del`='0' AND `type`='3' AND `status`='0'  ) LIMIT 1   [ RunTime:0.000418s ]
NOTIC: [8192] preg_replace(): The /e modifier is deprecated, use preg_replace_callback instead /www/web/dt_pxtar_com/public_html/caiji/Lib/Core/Db.class.php 第 605 行.
SQL: SELECT count(*) as num FROM `comics` WHERE ( `is_del`='0' AND `type`='3' AND `status`='1'  ) LIMIT 1   [ RunTime:0.000319s ]
NOTIC: [8192] preg_replace(): The /e modifier is deprecated, use preg_replace_callback instead /www/web/dt_pxtar_com/public_html/caiji/Lib/Core/Db.class.php 第 605 行.
SQL: SELECT count(*) as num FROM `comics` WHERE ( `is_del`='0' AND `type`='3' AND `status`='2'  ) LIMIT 1   [ RunTime:0.000300s ]

[ 2017-08-15T17:16:45+08:00 ] 182.149.124.84 /index/checkProgress/0.40016577825345667
INFO: [ app_begin ] --START--
INFO: ReadHtmlCache Behavior ::run [ RunTime:0.000252s ]
INFO: [ app_begin ] --END-- [ RunTime:0.000288s ]
NOTIC: 建议使用I方法替代_post
NOTIC: [8192] mysql_connect(): The mysql extension is deprecated and will be removed in the future: use mysqli or PDO instead /www/web/dt_pxtar_com/public_html/caiji/Lib/Driver/Db/DbMysql.class.php 第 55 行.
SQL: SHOW COLUMNS FROM `comics` [ RunTime:0.000683s ]
NOTIC: [8192] preg_replace(): The /e modifier is deprecated, use preg_replace_callback instead /www/web/dt_pxtar_com/public_html/caiji/Lib/Core/Db.class.php 第 605 行.
SQL: SELECT count(*) as num FROM `comics` WHERE ( `is_del`='0' AND `type`='3' AND `status`='0'  ) LIMIT 1   [ RunTime:0.000380s ]
NOTIC: [8192] preg_replace(): The /e modifier is deprecated, use preg_replace_callback instead /www/web/dt_pxtar_com/public_html/caiji/Lib/Core/Db.class.php 第 605 行.
SQL: SELECT count(*) as num FROM `comics` WHERE ( `is_del`='0' AND `type`='3' AND `status`='1'  ) LIMIT 1   [ RunTime:0.000383s ]
NOTIC: [8192] preg_replace(): The /e modifier is deprecated, use preg_replace_callback instead /www/web/dt_pxtar_com/public_html/caiji/Lib/Core/Db.class.php 第 605 行.
SQL: SELECT count(*) as num FROM `comics` WHERE ( `is_del`='0' AND `type`='3' AND `status`='2'  ) LIMIT 1   [ RunTime:0.000290s ]

[ 2017-08-15T17:16:47+08:00 ] 182.149.124.84 /index/checkProgress/0.15426903838698425
INFO: [ app_begin ] --START--
INFO: ReadHtmlCache Behavior ::run [ RunTime:0.000301s ]
INFO: [ app_begin ] --END-- [ RunTime:0.000345s ]
NOTIC: 建议使用I方法替代_post
NOTIC: [8192] mysql_connect(): The mysql extension is deprecated and will be removed in the future: use mysqli or PDO instead /www/web/dt_pxtar_com/public_html/caiji/Lib/Driver/Db/DbMysql.class.php 第 55 行.
SQL: SHOW COLUMNS FROM `comics` [ RunTime:0.000706s ]
NOTIC: [8192] preg_replace(): The /e modifier is deprecated, use preg_replace_callback instead /www/web/dt_pxtar_com/public_html/caiji/Lib/Core/Db.class.php 第 605 行.
SQL: SELECT count(*) as num FROM `comics` WHERE ( `is_del`='0' AND `type`='3' AND `status`='0'  ) LIMIT 1   [ RunTime:0.000392s ]
NOTIC: [8192] preg_replace(): The /e modifier is deprecated, use preg_replace_callback instead /www/web/dt_pxtar_com/public_html/caiji/Lib/Core/Db.class.php 第 605 行.
SQL: SELECT count(*) as num FROM `comics` WHERE ( `is_del`='0' AND `type`='3' AND `status`='1'  ) LIMIT 1   [ RunTime:0.000362s ]
NOTIC: [8192] preg_replace(): The /e modifier is deprecated, use preg_replace_callback instead /www/web/dt_pxtar_com/public_html/caiji/Lib/Core/Db.class.php 第 605 行.
SQL: SELECT count(*) as num FROM `comics` WHERE ( `is_del`='0' AND `type`='3' AND `status`='2'  ) LIMIT 1   [ RunTime:0.000345s ]

[ 2017-08-15T17:16:49+08:00 ] 182.149.124.84 /index/checkProgress/0.31738632467007966
INFO: [ app_begin ] --START--
INFO: ReadHtmlCache Behavior ::run [ RunTime:0.000323s ]
INFO: [ app_begin ] --END-- [ RunTime:0.000364s ]
NOTIC: 建议使用I方法替代_post
NOTIC: [8192] mysql_connect(): The mysql extension is deprecated and will be removed in the future: use mysqli or PDO instead /www/web/dt_pxtar_com/public_html/caiji/Lib/Driver/Db/DbMysql.class.php 第 55 行.
SQL: SHOW COLUMNS FROM `comics` [ RunTime:0.000722s ]
NOTIC: [8192] preg_replace(): The /e modifier is deprecated, use preg_replace_callback instead /www/web/dt_pxtar_com/public_html/caiji/Lib/Core/Db.class.php 第 605 行.
SQL: SELECT count(*) as num FROM `comics` WHERE ( `is_del`='0' AND `type`='3' AND `status`='0'  ) LIMIT 1   [ RunTime:0.000349s ]
NOTIC: [8192] preg_replace(): The /e modifier is deprecated, use preg_replace_callback instead /www/web/dt_pxtar_com/public_html/caiji/Lib/Core/Db.class.php 第 605 行.
SQL: SELECT count(*) as num FROM `comics` WHERE ( `is_del`='0' AND `type`='3' AND `status`='1'  ) LIMIT 1   [ RunTime:0.000554s ]
NOTIC: [8192] preg_replace(): The /e modifier is deprecated, use preg_replace_callback instead /www/web/dt_pxtar_com/public_html/caiji/Lib/Core/Db.class.php 第 605 行.
SQL: SELECT count(*) as num FROM `comics` WHERE ( `is_del`='0' AND `type`='3' AND `status`='2'  ) LIMIT 1   [ RunTime:0.000323s ]

[ 2017-08-15T17:16:51+08:00 ] 182.149.124.84 /index/caijibuka?0.37233278952870075
INFO: [ app_begin ] --START--
INFO: ReadHtmlCache Behavior ::run [ RunTime:0.000265s ]
INFO: [ app_begin ] --END-- [ RunTime:0.000312s ]
NOTIC: [8192] mysql_connect(): The mysql extension is deprecated and will be removed in the future: use mysqli or PDO instead /www/web/dt_pxtar_com/public_html/caiji/Lib/Driver/Db/DbMysql.class.php 第 55 行.
SQL: SHOW COLUMNS FROM `comics` [ RunTime:0.000666s ]
NOTIC: [8192] preg_replace(): The /e modifier is deprecated, use preg_replace_callback instead /www/web/dt_pxtar_com/public_html/caiji/Lib/Core/Db.class.php 第 605 行.
SQL: SELECT * FROM `comics` WHERE ( `is_del`='0' AND `type`='3'  ) ORDER BY `id` DESC  [ RunTime:0.000504s ]
SQL: UPDATE `comics` SET `status`=0 WHERE ( `is_del`='0' AND `type`='3'  ) [ RunTime:0.000560s ]
NOTIC: 建议使用I方法替代_post
SQL: SHOW COLUMNS FROM `caiji_record` [ RunTime:0.000758s ]
NOTIC: [8192] preg_replace(): The /e modifier is deprecated, use preg_replace_callback instead /www/web/dt_pxtar_com/public_html/caiji/Lib/Core/Db.class.php 第 605 行.
SQL: SELECT * FROM `caiji_record` WHERE ( `comic_id` = 69 ) AND ( `caiji_date` = '2017-08-15' ) LIMIT 1   [ RunTime:0.000648s ]
SQL: INSERT INTO `caiji_record` (`comic_id`,`result`,`caiji_date`,`c_type`) VALUES (69,'{\"date\":\"2017-08-15\",\"time\":\"17:16:40\",\"name\":\"\\u7956\\u5148\",\"attension\":\"16.16\\u4e07\",\"strenghth\":\"1.21\\u4ebf\"}','2017-08-15',3) [ RunTime:0.000498s ]
SQL: UPDATE `comics` SET `status`=1 WHERE ( `id` = 69 ) [ RunTime:0.000661s ]
NOTIC: [8192] preg_replace(): The /e modifier is deprecated, use preg_replace_callback instead /www/web/dt_pxtar_com/public_html/caiji/Lib/Core/Db.class.php 第 605 行.
SQL: SELECT * FROM `caiji_record` WHERE ( `comic_id` = 68 ) AND ( `caiji_date` = '2017-08-15' ) LIMIT 1   [ RunTime:0.000743s ]
SQL: INSERT INTO `caiji_record` (`comic_id`,`result`,`caiji_date`,`c_type`) VALUES (68,'{\"date\":\"2017-08-15\",\"time\":\"17:16:40\",\"name\":\"\\u5927\\u9f84\\u5973\",\"attension\":\"24.57\\u4e07\",\"strenghth\":\"2.28\\u4ebf\"}','2017-08-15',3) [ RunTime:0.000539s ]
SQL: UPDATE `comics` SET `status`=1 WHERE ( `id` = 68 ) [ RunTime:0.000427s ]
NOTIC: [8192] preg_replace(): The /e modifier is deprecated, use preg_replace_callback instead /www/web/dt_pxtar_com/public_html/caiji/Lib/Core/Db.class.php 第 605 行.
SQL: SELECT * FROM `caiji_record` WHERE ( `comic_id` = 67 ) AND ( `caiji_date` = '2017-08-15' ) LIMIT 1   [ RunTime:0.000749s ]
SQL: INSERT INTO `caiji_record` (`comic_id`,`result`,`caiji_date`,`c_type`) VALUES (67,'{\"date\":\"2017-08-15\",\"time\":\"17:16:40\",\"name\":\"\\u5e73\\u86cb\",\"attension\":\"39\\u4e07\",\"strenghth\":\"4.32\\u4ebf\"}','2017-08-15',3) [ RunTime:0.000532s ]
SQL: UPDATE `comics` SET `status`=1 WHERE ( `id` = 67 ) [ RunTime:0.000474s ]

[ 2017-08-15T17:16:51+08:00 ] 182.149.124.84 /index/checkProgress/0.23805311802044993
INFO: [ app_begin ] --START--
INFO: ReadHtmlCache Behavior ::run [ RunTime:0.000243s ]
INFO: [ app_begin ] --END-- [ RunTime:0.000277s ]
NOTIC: 建议使用I方法替代_post
NOTIC: [8192] mysql_connect(): The mysql extension is deprecated and will be removed in the future: use mysqli or PDO instead /www/web/dt_pxtar_com/public_html/caiji/Lib/Driver/Db/DbMysql.class.php 第 55 行.
SQL: SHOW COLUMNS FROM `comics` [ RunTime:0.000639s ]
NOTIC: [8192] preg_replace(): The /e modifier is deprecated, use preg_replace_callback instead /www/web/dt_pxtar_com/public_html/caiji/Lib/Core/Db.class.php 第 605 行.
SQL: SELECT count(*) as num FROM `comics` WHERE ( `is_del`='0' AND `type`='3' AND `status`='0'  ) LIMIT 1   [ RunTime:0.000315s ]
NOTIC: [8192] preg_replace(): The /e modifier is deprecated, use preg_replace_callback instead /www/web/dt_pxtar_com/public_html/caiji/Lib/Core/Db.class.php 第 605 行.
SQL: SELECT count(*) as num FROM `comics` WHERE ( `is_del`='0' AND `type`='3' AND `status`='1'  ) LIMIT 1   [ RunTime:0.000324s ]
NOTIC: [8192] preg_replace(): The /e modifier is deprecated, use preg_replace_callback instead /www/web/dt_pxtar_com/public_html/caiji/Lib/Core/Db.class.php 第 605 行.
SQL: SELECT count(*) as num FROM `comics` WHERE ( `is_del`='0' AND `type`='3' AND `status`='2'  ) LIMIT 1   [ RunTime:0.000342s ]

[ 2017-08-15T17:17:27+08:00 ] 182.149.124.84 /index/export
NOTIC: 建议使用I方法替代_post
NOTIC: 建议使用I方法替代_post
NOTIC: 建议使用I方法替代_post
NOTIC: 建议使用I方法替代_post
NOTIC: 建议使用I方法替代_post
NOTIC: 建议使用I方法替代_post
NOTIC: 建议使用I方法替代_post
NOTIC: 建议使用I方法替代_post

