[ 2017-05-31T00:20:21+08:00 ] 127.0.0.1 /index/caijibukaimg
INFO: [ app_begin ] --START--
INFO: ReadHtmlCache Behavior ::run [ RunTime:0.000688s ]
INFO: [ app_begin ] --END-- [ RunTime:0.000757s ]

[ 2017-05-31T00:24:57+08:00 ] 127.0.0.1 /index/caijibukaimg
INFO: [ app_begin ] --START--
INFO: ReadHtmlCache Behavior ::run [ RunTime:0.000784s ]
INFO: [ app_begin ] --END-- [ RunTime:0.000857s ]

[ 2017-05-31T00:25:06+08:00 ] 127.0.0.1 /index/caijibukaimg
INFO: [ app_begin ] --START--
INFO: ReadHtmlCache Behavior ::run [ RunTime:0.000783s ]
INFO: [ app_begin ] --END-- [ RunTime:0.000855s ]

[ 2017-05-31T00:25:51+08:00 ] 127.0.0.1 /index/caijibukaimg
INFO: [ app_begin ] --START--
INFO: ReadHtmlCache Behavior ::run [ RunTime:0.000671s ]
INFO: [ app_begin ] --END-- [ RunTime:0.000740s ]

[ 2017-05-31T00:26:28+08:00 ] 127.0.0.1 /index/caijibukaimg
INFO: [ app_begin ] --START--
INFO: ReadHtmlCache Behavior ::run [ RunTime:0.000987s ]
INFO: [ app_begin ] --END-- [ RunTime:0.001074s ]

[ 2017-05-31T00:26:46+08:00 ] 127.0.0.1 /index/caijibukaimg
INFO: [ app_begin ] --START--
INFO: ReadHtmlCache Behavior ::run [ RunTime:0.000788s ]
INFO: [ app_begin ] --END-- [ RunTime:0.000858s ]

[ 2017-05-31T00:29:53+08:00 ] 127.0.0.1 /index/caijibukaimg
INFO: [ app_begin ] --START--
INFO: ReadHtmlCache Behavior ::run [ RunTime:0.000818s ]
INFO: [ app_begin ] --END-- [ RunTime:0.000893s ]

[ 2017-05-31T00:29:55+08:00 ] 127.0.0.1 /index/caijibukaimg
INFO: [ app_begin ] --START--
INFO: ReadHtmlCache Behavior ::run [ RunTime:0.000751s ]
INFO: [ app_begin ] --END-- [ RunTime:0.000824s ]

[ 2017-05-31T00:29:55+08:00 ] 127.0.0.1 /index/caijibukaimg
INFO: [ app_begin ] --START--
INFO: ReadHtmlCache Behavior ::run [ RunTime:0.000791s ]
INFO: [ app_begin ] --END-- [ RunTime:0.000865s ]

[ 2017-05-31T00:29:56+08:00 ] 127.0.0.1 /index/caijibukaimg
INFO: [ app_begin ] --START--
INFO: ReadHtmlCache Behavior ::run [ RunTime:0.000705s ]
INFO: [ app_begin ] --END-- [ RunTime:0.000775s ]

[ 2017-05-31T00:29:56+08:00 ] 127.0.0.1 /index/caijibukaimg
INFO: [ app_begin ] --START--
INFO: ReadHtmlCache Behavior ::run [ RunTime:0.000678s ]
INFO: [ app_begin ] --END-- [ RunTime:0.000746s ]

[ 2017-05-31T00:33:09+08:00 ] 127.0.0.1 /index/caijibukaimg
INFO: [ app_begin ] --START--
INFO: ReadHtmlCache Behavior ::run [ RunTime:0.000701s ]
INFO: [ app_begin ] --END-- [ RunTime:0.000767s ]

[ 2017-05-31T00:36:09+08:00 ] 127.0.0.1 /index/caijibukaimg
INFO: [ app_begin ] --START--
INFO: ReadHtmlCache Behavior ::run [ RunTime:0.000928s ]
INFO: [ app_begin ] --END-- [ RunTime:0.001013s ]

[ 2017-05-31T10:21:24+08:00 ] 127.0.0.1 /index/caijiqq
INFO: [ app_begin ] --START--
INFO: ReadHtmlCache Behavior ::run [ RunTime:0.001000s ]
INFO: [ app_begin ] --END-- [ RunTime:0.001000s ]
NOTIC: 建议使用I方法替代_post
NOTIC: 建议使用I方法替代_post
NOTIC: [2] unlink(D:\xampp\htdocs\caiji\Ads\Lib\Action/cookie_buka.txt): No such file or directory D:\xampp\htdocs\caiji\Ads\Lib\Action\IndexAction.class.php 第 143 行.
NOTIC: [8] Trying to get property of non-object D:\xampp\htdocs\caiji\Ads\Lib\Action\IndexAction.class.php 第 145 行.
NOTIC: [8] Trying to get property of non-object D:\xampp\htdocs\caiji\Ads\Lib\Action\IndexAction.class.php 第 145 行.

[ 2017-05-31T10:21:38+08:00 ] 127.0.0.1 /index/caijibukaimg
INFO: [ app_begin ] --START--
INFO: ReadHtmlCache Behavior ::run [ RunTime:0.001000s ]
INFO: [ app_begin ] --END-- [ RunTime:0.001000s ]

[ 2017-05-31T10:24:41+08:00 ] 127.0.0.1 /index/caijibukaimg
INFO: [ app_begin ] --START--
INFO: ReadHtmlCache Behavior ::run [ RunTime:0.000000s ]
INFO: [ app_begin ] --END-- [ RunTime:0.000000s ]

[ 2017-05-31T10:26:20+08:00 ] 127.0.0.1 /index/caijibukaimg
INFO: [ app_begin ] --START--
INFO: ReadHtmlCache Behavior ::run [ RunTime:0.000000s ]
INFO: [ app_begin ] --END-- [ RunTime:0.001000s ]

[ 2017-05-31T10:32:52+08:00 ] 127.0.0.1 /index/caijibukaimg
INFO: [ app_begin ] --START--
INFO: ReadHtmlCache Behavior ::run [ RunTime:0.001000s ]
INFO: [ app_begin ] --END-- [ RunTime:0.001000s ]

[ 2017-05-31T11:32:09+08:00 ] 127.0.0.1 /index/caijibukaimg
INFO: [ app_begin ] --START--
INFO: ReadHtmlCache Behavior ::run [ RunTime:0.001000s ]
INFO: [ app_begin ] --END-- [ RunTime:0.001000s ]

[ 2017-05-31T11:32:27+08:00 ] 127.0.0.1 /index/caijibukaimg
INFO: [ app_begin ] --START--
INFO: ReadHtmlCache Behavior ::run [ RunTime:0.001000s ]
INFO: [ app_begin ] --END-- [ RunTime:0.001000s ]

[ 2017-05-31T11:32:49+08:00 ] 127.0.0.1 /index/caijibukaimg
INFO: [ app_begin ] --START--
INFO: ReadHtmlCache Behavior ::run [ RunTime:0.000000s ]
INFO: [ app_begin ] --END-- [ RunTime:0.000000s ]

[ 2017-05-31T11:33:33+08:00 ] 127.0.0.1 /index/caijibukaimg
INFO: [ app_begin ] --START--
INFO: ReadHtmlCache Behavior ::run [ RunTime:0.001000s ]
INFO: [ app_begin ] --END-- [ RunTime:0.001000s ]

[ 2017-05-31T18:12:50+08:00 ] 127.0.0.1 /index/caijiwangyi
INFO: [ app_begin ] --START--
INFO: ReadHtmlCache Behavior ::run [ RunTime:0.000000s ]
INFO: [ app_begin ] --END-- [ RunTime:0.000000s ]
NOTIC: 建议使用I方法替代_post
NOTIC: 建议使用I方法替代_post

[ 2017-05-31T18:14:08+08:00 ] 127.0.0.1 /index/caijiwangyi
INFO: [ app_begin ] --START--
INFO: ReadHtmlCache Behavior ::run [ RunTime:0.001000s ]
INFO: [ app_begin ] --END-- [ RunTime:0.001000s ]
NOTIC: 建议使用I方法替代_post
NOTIC: 建议使用I方法替代_post
NOTIC: [8] Undefined variable: cookie D:\xampp\htdocs\caiji\Ads\Lib\Action\IndexAction.class.php 第 327 行.

[ 2017-05-31T18:14:32+08:00 ] 127.0.0.1 /index/caijiwangyi
INFO: [ app_begin ] --START--
INFO: ReadHtmlCache Behavior ::run [ RunTime:0.001000s ]
INFO: [ app_begin ] --END-- [ RunTime:0.001000s ]
NOTIC: 建议使用I方法替代_post
NOTIC: 建议使用I方法替代_post
NOTIC: [8] Undefined variable: cookie D:\xampp\htdocs\caiji\Ads\Lib\Action\IndexAction.class.php 第 327 行.
NOTIC: [8] Undefined variable: cookie D:\xampp\htdocs\caiji\Ads\Lib\Action\IndexAction.class.php 第 340 行.
NOTIC: [8] Trying to get property of non-object D:\xampp\htdocs\caiji\Ads\Lib\Action\IndexAction.class.php 第 342 行.
NOTIC: [8] Undefined variable: cookie D:\xampp\htdocs\caiji\Ads\Lib\Action\IndexAction.class.php 第 349 行.
NOTIC: [2] unlink(): Invalid argument D:\xampp\htdocs\caiji\Ads\Lib\Action\IndexAction.class.php 第 349 行.

[ 2017-05-31T18:20:43+08:00 ] 127.0.0.1 /index/caijiwangyi
INFO: [ app_begin ] --START--
INFO: ReadHtmlCache Behavior ::run [ RunTime:0.001000s ]
INFO: [ app_begin ] --END-- [ RunTime:0.001000s ]
NOTIC: 建议使用I方法替代_post
NOTIC: 建议使用I方法替代_post
NOTIC: [8] Undefined variable: cookie D:\xampp\htdocs\caiji\Ads\Lib\Action\IndexAction.class.php 第 327 行.
NOTIC: [8] Undefined variable: cookie D:\xampp\htdocs\caiji\Ads\Lib\Action\IndexAction.class.php 第 340 行.
NOTIC: [8] Trying to get property of non-object D:\xampp\htdocs\caiji\Ads\Lib\Action\IndexAction.class.php 第 342 行.
NOTIC: [8] Undefined variable: cookie D:\xampp\htdocs\caiji\Ads\Lib\Action\IndexAction.class.php 第 349 行.
NOTIC: [2] unlink(): Invalid argument D:\xampp\htdocs\caiji\Ads\Lib\Action\IndexAction.class.php 第 349 行.

[ 2017-05-31T18:21:24+08:00 ] 127.0.0.1 /index/caijiwangyi
INFO: [ app_begin ] --START--
INFO: ReadHtmlCache Behavior ::run [ RunTime:0.000000s ]
INFO: [ app_begin ] --END-- [ RunTime:0.000000s ]
NOTIC: 建议使用I方法替代_post
NOTIC: 建议使用I方法替代_post

[ 2017-05-31T18:21:48+08:00 ] 127.0.0.1 /index/caijiwangyi
INFO: [ app_begin ] --START--
INFO: ReadHtmlCache Behavior ::run [ RunTime:0.000000s ]
INFO: [ app_begin ] --END-- [ RunTime:0.000000s ]
NOTIC: 建议使用I方法替代_post
NOTIC: 建议使用I方法替代_post
NOTIC: [8] Undefined variable: cookie D:\xampp\htdocs\caiji\Ads\Lib\Action\IndexAction.class.php 第 327 行.

[ 2017-05-31T18:26:13+08:00 ] 127.0.0.1 /index/caijiwangyi
INFO: [ app_begin ] --START--
INFO: ReadHtmlCache Behavior ::run [ RunTime:0.001000s ]
INFO: [ app_begin ] --END-- [ RunTime:0.001000s ]
NOTIC: 建议使用I方法替代_post
NOTIC: 建议使用I方法替代_post

[ 2017-05-31T18:26:24+08:00 ] 127.0.0.1 /index/caijiwangyi
INFO: [ app_begin ] --START--
INFO: ReadHtmlCache Behavior ::run [ RunTime:0.001000s ]
INFO: [ app_begin ] --END-- [ RunTime:0.001000s ]
NOTIC: 建议使用I方法替代_post
NOTIC: 建议使用I方法替代_post
NOTIC: [2] unlink(./cookie.txt): No such file or directory D:\xampp\htdocs\caiji\Ads\Lib\Model\CaijiModel.class.php 第 102 行.

[ 2017-05-31T18:26:31+08:00 ] 127.0.0.1 /index/caijiwangyi
INFO: [ app_begin ] --START--
INFO: ReadHtmlCache Behavior ::run [ RunTime:0.001000s ]
INFO: [ app_begin ] --END-- [ RunTime:0.001000s ]
NOTIC: 建议使用I方法替代_post
NOTIC: 建议使用I方法替代_post
NOTIC: [2] unlink(./cookie.txt): No such file or directory D:\xampp\htdocs\caiji\Ads\Lib\Model\CaijiModel.class.php 第 102 行.

[ 2017-05-31T18:26:40+08:00 ] 127.0.0.1 /index/export
INFO: [ app_begin ] --START--
INFO: ReadHtmlCache Behavior ::run [ RunTime:0.000000s ]
INFO: [ app_begin ] --END-- [ RunTime:0.000000s ]
NOTIC: 建议使用I方法替代_post
NOTIC: 建议使用I方法替代_post
NOTIC: 建议使用I方法替代_post
NOTIC: 建议使用I方法替代_post
NOTIC: 建议使用I方法替代_post
NOTIC: 建议使用I方法替代_post
NOTIC: [8] Undefined variable: typ D:\xampp\htdocs\caiji\Ads\Lib\Action\IndexAction.class.php 第 44 行.
NOTIC: [8] Undefined variable: typ D:\xampp\htdocs\caiji\Ads\Lib\Action\IndexAction.class.php 第 46 行.
NOTIC: [8] Undefined variable: file D:\xampp\htdocs\caiji\Ads\Lib\Action\IndexAction.class.php 第 50 行.
NOTIC: [2] include(): Filename cannot be empty D:\xampp\htdocs\caiji\Ads\Lib\Action\IndexAction.class.php 第 50 行.
NOTIC: [2] include(): Failed opening '' for inclusion (include_path='.;D:\xampp\php\PEAR;D:\xampp\htdocs\caiji/Extend/Vendor/') D:\xampp\htdocs\caiji\Ads\Lib\Action\IndexAction.class.php 第 50 行.
NOTIC: [2] Invalid argument supplied for foreach() D:\xampp\htdocs\caiji\Ads\Lib\Action\IndexAction.class.php 第 53 行.

[ 2017-05-31T18:26:46+08:00 ] 127.0.0.1 /index/export
INFO: [ app_begin ] --START--
INFO: ReadHtmlCache Behavior ::run [ RunTime:0.001000s ]
INFO: [ app_begin ] --END-- [ RunTime:0.001000s ]
NOTIC: 建议使用I方法替代_post
NOTIC: 建议使用I方法替代_post
NOTIC: 建议使用I方法替代_post
NOTIC: 建议使用I方法替代_post
NOTIC: 建议使用I方法替代_post
NOTIC: 建议使用I方法替代_post
NOTIC: [8] Undefined variable: typ D:\xampp\htdocs\caiji\Ads\Lib\Action\IndexAction.class.php 第 44 行.
NOTIC: [8] Undefined variable: typ D:\xampp\htdocs\caiji\Ads\Lib\Action\IndexAction.class.php 第 46 行.
NOTIC: [8] Undefined variable: file D:\xampp\htdocs\caiji\Ads\Lib\Action\IndexAction.class.php 第 50 行.
NOTIC: [2] include(): Filename cannot be empty D:\xampp\htdocs\caiji\Ads\Lib\Action\IndexAction.class.php 第 50 行.
NOTIC: [2] include(): Failed opening '' for inclusion (include_path='.;D:\xampp\php\PEAR;D:\xampp\htdocs\caiji/Extend/Vendor/') D:\xampp\htdocs\caiji\Ads\Lib\Action\IndexAction.class.php 第 50 行.
NOTIC: [2] Invalid argument supplied for foreach() D:\xampp\htdocs\caiji\Ads\Lib\Action\IndexAction.class.php 第 53 行.

[ 2017-05-31T18:31:45+08:00 ] 127.0.0.1 /index/export
INFO: [ app_begin ] --START--
INFO: ReadHtmlCache Behavior ::run [ RunTime:0.001000s ]
INFO: [ app_begin ] --END-- [ RunTime:0.001000s ]
NOTIC: 建议使用I方法替代_post
NOTIC: 建议使用I方法替代_post
NOTIC: [8] Undefined variable: typ D:\xampp\htdocs\caiji\Ads\Lib\Action\IndexAction.class.php 第 39 行.
NOTIC: [8] Undefined variable: typ D:\xampp\htdocs\caiji\Ads\Lib\Action\IndexAction.class.php 第 44 行.
NOTIC: [8] Undefined variable: tableheader D:\xampp\htdocs\caiji\Ads\Lib\Action\IndexAction.class.php 第 53 行.
NOTIC: 建议使用I方法替代_post
NOTIC: 建议使用I方法替代_post
NOTIC: 建议使用I方法替代_post
NOTIC: 建议使用I方法替代_post
NOTIC: [8] Undefined variable: file D:\xampp\htdocs\caiji\Ads\Lib\Action\IndexAction.class.php 第 61 行.
NOTIC: [2] include(): Filename cannot be empty D:\xampp\htdocs\caiji\Ads\Lib\Action\IndexAction.class.php 第 61 行.
NOTIC: [2] include(): Failed opening '' for inclusion (include_path='.;D:\xampp\php\PEAR;D:\xampp\htdocs\caiji/Extend/Vendor/') D:\xampp\htdocs\caiji\Ads\Lib\Action\IndexAction.class.php 第 61 行.
NOTIC: [2] Invalid argument supplied for foreach() D:\xampp\htdocs\caiji\Ads\Lib\Action\IndexAction.class.php 第 64 行.
NOTIC: [8] Undefined variable: name D:\xampp\htdocs\caiji\Ads\Lib\Action\IndexAction.class.php 第 89 行.

[ 2017-05-31T18:32:15+08:00 ] 127.0.0.1 /index/export
INFO: [ app_begin ] --START--
INFO: ReadHtmlCache Behavior ::run [ RunTime:0.001000s ]
INFO: [ app_begin ] --END-- [ RunTime:0.001000s ]

[ 2017-05-31T18:33:51+08:00 ] 127.0.0.1 /index/caijiwangyi
INFO: [ app_begin ] --START--
INFO: ReadHtmlCache Behavior ::run [ RunTime:0.002001s ]
INFO: [ app_begin ] --END-- [ RunTime:0.002001s ]
NOTIC: 建议使用I方法替代_post
NOTIC: 建议使用I方法替代_post
NOTIC: [2] unlink(./cookie.txt): No such file or directory D:\xampp\htdocs\caiji\Ads\Lib\Model\CaijiModel.class.php 第 102 行.
NOTIC: [2] array_merge(): Argument #1 is not an array D:\xampp\htdocs\caiji\Ads\Lib\Action\IndexAction.class.php 第 378 行.
NOTIC: [2] ksort() expects parameter 1 to be array, null given D:\xampp\htdocs\caiji\Ads\Lib\Action\IndexAction.class.php 第 381 行.

[ 2017-05-31T18:34:39+08:00 ] 127.0.0.1 /index/caijiwangyi
INFO: [ app_begin ] --START--
INFO: ReadHtmlCache Behavior ::run [ RunTime:0.001001s ]
INFO: [ app_begin ] --END-- [ RunTime:0.002001s ]
NOTIC: 建议使用I方法替代_post
NOTIC: 建议使用I方法替代_post
NOTIC: [2] unlink(./cookie.txt): No such file or directory D:\xampp\htdocs\caiji\Ads\Lib\Model\CaijiModel.class.php 第 102 行.

[ 2017-05-31T18:35:06+08:00 ] 127.0.0.1 /index/caijiwangyi
INFO: [ app_begin ] --START--
INFO: ReadHtmlCache Behavior ::run [ RunTime:0.000000s ]
INFO: [ app_begin ] --END-- [ RunTime:0.002000s ]
NOTIC: 建议使用I方法替代_post
NOTIC: 建议使用I方法替代_post
NOTIC: [2] unlink(./cookie.txt): No such file or directory D:\xampp\htdocs\caiji\Ads\Lib\Model\CaijiModel.class.php 第 102 行.

[ 2017-05-31T18:35:17+08:00 ] 127.0.0.1 /index/export
INFO: [ app_begin ] --START--
INFO: ReadHtmlCache Behavior ::run [ RunTime:0.001000s ]
INFO: [ app_begin ] --END-- [ RunTime:0.001000s ]
NOTIC: 建议使用I方法替代_post
NOTIC: 建议使用I方法替代_post
NOTIC: [8] Undefined variable: typ D:\xampp\htdocs\caiji\Ads\Lib\Action\IndexAction.class.php 第 39 行.
NOTIC: [8] Undefined variable: typ D:\xampp\htdocs\caiji\Ads\Lib\Action\IndexAction.class.php 第 44 行.
NOTIC: [8] Undefined variable: tableheader D:\xampp\htdocs\caiji\Ads\Lib\Action\IndexAction.class.php 第 53 行.
NOTIC: 建议使用I方法替代_post
NOTIC: 建议使用I方法替代_post
NOTIC: 建议使用I方法替代_post
NOTIC: 建议使用I方法替代_post
NOTIC: [8] Undefined variable: file D:\xampp\htdocs\caiji\Ads\Lib\Action\IndexAction.class.php 第 61 行.
NOTIC: [2] include(): Filename cannot be empty D:\xampp\htdocs\caiji\Ads\Lib\Action\IndexAction.class.php 第 61 行.
NOTIC: [2] include(): Failed opening '' for inclusion (include_path='.;D:\xampp\php\PEAR;D:\xampp\htdocs\caiji/Extend/Vendor/') D:\xampp\htdocs\caiji\Ads\Lib\Action\IndexAction.class.php 第 61 行.
NOTIC: [2] Invalid argument supplied for foreach() D:\xampp\htdocs\caiji\Ads\Lib\Action\IndexAction.class.php 第 64 行.
NOTIC: [8] Undefined variable: name D:\xampp\htdocs\caiji\Ads\Lib\Action\IndexAction.class.php 第 89 行.

[ 2017-05-31T18:37:10+08:00 ] 127.0.0.1 /index/export
INFO: [ app_begin ] --START--
INFO: ReadHtmlCache Behavior ::run [ RunTime:0.001000s ]
INFO: [ app_begin ] --END-- [ RunTime:0.001000s ]
NOTIC: 建议使用I方法替代_post
NOTIC: 建议使用I方法替代_post
NOTIC: 建议使用I方法替代_post
NOTIC: 建议使用I方法替代_post
NOTIC: 建议使用I方法替代_post
NOTIC: 建议使用I方法替代_post

[ 2017-05-31T18:37:27+08:00 ] 127.0.0.1 /index/export
NOTIC: 建议使用I方法替代_post
NOTIC: 建议使用I方法替代_post
NOTIC: 建议使用I方法替代_post

[ 2017-05-31T18:38:22+08:00 ] 127.0.0.1 /index/export
INFO: [ app_begin ] --START--
INFO: ReadHtmlCache Behavior ::run [ RunTime:0.000000s ]
INFO: [ app_begin ] --END-- [ RunTime:0.000000s ]
NOTIC: 建议使用I方法替代_post
NOTIC: 建议使用I方法替代_post
NOTIC: 建议使用I方法替代_post
NOTIC: 建议使用I方法替代_post
NOTIC: 建议使用I方法替代_post
NOTIC: 建议使用I方法替代_post

[ 2017-05-31T18:38:42+08:00 ] 127.0.0.1 /index/export
INFO: [ app_begin ] --START--
INFO: ReadHtmlCache Behavior ::run [ RunTime:0.001000s ]
INFO: [ app_begin ] --END-- [ RunTime:0.001000s ]
NOTIC: 建议使用I方法替代_post
NOTIC: 建议使用I方法替代_post
NOTIC: 建议使用I方法替代_post
NOTIC: 建议使用I方法替代_post
NOTIC: 建议使用I方法替代_post
NOTIC: 建议使用I方法替代_post

[ 2017-05-31T23:02:39+08:00 ] 127.0.0.1 /index/caijiwangyi
INFO: [ app_begin ] --START--
INFO: ReadHtmlCache Behavior ::run [ RunTime:0.000742s ]
INFO: [ app_begin ] --END-- [ RunTime:0.000820s ]
NOTIC: 建议使用I方法替代_post
NOTIC: 建议使用I方法替代_post
NOTIC: [2] unlink(./cookie.txt): No such file or directory D:\xampp\htdocs\caiji\Ads\Lib\Model\CaijiModel.class.php 第 102 行.
NOTIC: [2] array_merge(): Argument #1 is not an array D:\xampp\htdocs\caiji\Ads\Lib\Action\IndexAction.class.php 第 376 行.
NOTIC: [2] ksort() expects parameter 1 to be array, null given D:\xampp\htdocs\caiji\Ads\Lib\Action\IndexAction.class.php 第 379 行.

